#
# There is insufficient memory for the Java Runtime Environment to continue.
# Native memory allocation (malloc) failed to allocate 1253296 bytes for Chunk::new
# Possible reasons:
#   The system is out of physical RAM or swap space
#   The process is running with CompressedOops enabled, and the Java Heap may be blocking the growth of the native heap
# Possible solutions:
#   Reduce memory load on the system
#   Increase physical memory or swap space
#   Check if swap backing store is full
#   Decrease Java heap size (-Xmx/-Xms)
#   Decrease number of Java threads
#   Decrease Java thread stack sizes (-Xss)
#   Set larger code cache with -XX:ReservedCodeCacheSize=
#   JVM is running with Unscaled Compressed Oops mode in which the Java heap is
#     placed in the first 4GB address space. The Java Heap base address is the
#     maximum limit for the native heap growth. Please use -XX:HeapBaseMinAddress
#     to set the Java Heap base and to place the Java Heap above 4GB virtual address.
# This output file may be truncated or incomplete.
#
#  Out of Memory Error (arena.cpp:189), pid=11316, tid=3336
#
# JRE version: OpenJDK Runtime Environment (17.0.7) (build 17.0.7+0-b2043.56-10550314)
# Java VM: OpenJDK 64-Bit Server VM (17.0.7+0-b2043.56-10550314, mixed mode, tiered, compressed oops, compressed class ptrs, g1 gc, windows-amd64)
# No core dump will be written. Minidumps are not enabled by default on client versions of Windows
#

---------------  S U M M A R Y ------------

Command Line: --add-opens=java.base/java.util=ALL-UNNAMED --add-opens=java.base/java.lang=ALL-UNNAMED --add-opens=java.base/java.lang.invoke=ALL-UNNAMED --add-opens=java.prefs/java.util.prefs=ALL-UNNAMED --add-opens=java.base/java.nio.charset=ALL-UNNAMED --add-opens=java.base/java.net=ALL-UNNAMED --add-opens=java.base/java.util.concurrent.atomic=ALL-UNNAMED -Xmx2048m -Dfile.encoding=UTF-8 -Duser.country=US -Duser.language=en -Duser.variant -javaagent:C:\Users\HP\.gradle\wrapper\dists\gradle-8.2-bin\bbg7u40eoinfdyxsxr3z4i7ta\gradle-8.2\lib\agents\gradle-instrumentation-agent-8.2.jar org.gradle.launcher.daemon.bootstrap.GradleDaemon 8.2

Host: Intel(R) Core(TM) i5-1035G1 CPU @ 1.00GHz, 8 cores, 7G,  Windows 11 , 64 bit Build 22621 (10.0.22621.2506)
Time: Tue Jan 23 22:54:25 2024 Pakistan Standard Time elapsed time: 5.688071 seconds (0d 0h 0m 5s)

---------------  T H R E A D  ---------------

Current thread (0x00000190d7b97de0):  JavaThread "C2 CompilerThread0" daemon [_thread_in_native, id=3336, stack(0x0000004c6eb00000,0x0000004c6ec00000)]


Current CompileTask:
C2:   5688 2990   !   4       java.net.URL::<init> (543 bytes)

Stack: [0x0000004c6eb00000,0x0000004c6ec00000]
Native frames: (J=compiled Java code, j=interpreted, Vv=VM code, C=native code)
V  [jvm.dll+0x683bfa]
V  [jvm.dll+0x8430a4]
V  [jvm.dll+0x8449be]
V  [jvm.dll+0x845023]
V  [jvm.dll+0x24ad2f]
V  [jvm.dll+0xac25c]
V  [jvm.dll+0xac82c]
V  [jvm.dll+0x36a132]
V  [jvm.dll+0x334821]
V  [jvm.dll+0x333cca]
V  [jvm.dll+0x21d251]
V  [jvm.dll+0x21c671]
V  [jvm.dll+0x1a605d]
V  [jvm.dll+0x22c148]
V  [jvm.dll+0x22a209]
V  [jvm.dll+0x7f858c]
V  [jvm.dll+0x7f2aea]
V  [jvm.dll+0x682a35]
C  [ucrtbase.dll+0x29363]
C  [KERNEL32.DLL+0x1257d]
C  [ntdll.dll+0x5aa58]


---------------  P R O C E S S  ---------------

Threads class SMR info:
_java_thread_list=0x00000190dee143b0, length=42, elements={
0x00000190bbc02bc0, 0x00000190d79f5d30, 0x00000190d79f68e0, 0x00000190d7b91e70,
0x00000190d7b92830, 0x00000190d7b95990, 0x00000190d7b96550, 0x00000190d7b97de0,
0x00000190d7b9ad90, 0x00000190d7b9c6a0, 0x00000190d7992230, 0x00000190d7ecffd0,
0x00000190dd7115f0, 0x00000190ddc2cae0, 0x00000190dd74a690, 0x00000190de2c7820,
0x00000190de188a10, 0x00000190dcd00a30, 0x00000190dcd00f00, 0x00000190dd787220,
0x00000190dd788090, 0x00000190dd787bc0, 0x00000190dd788560, 0x00000190dd786d50,
0x00000190dd7876f0, 0x00000190dedbbe70, 0x00000190dedb4620, 0x00000190dedb4af0,
0x00000190dedbb9a0, 0x00000190dedbab30, 0x00000190dedbb000, 0x00000190dedb84b0,
0x00000190dedba660, 0x00000190dedb5e30, 0x00000190dedb97f0, 0x00000190dedb7b10,
0x00000190dedbb4d0, 0x00000190dedb4fc0, 0x00000190dedb7fe0, 0x00000190dedb9cc0,
0x00000190dff053e0, 0x00000190dedb8980
}

Java Threads: ( => current thread )
  0x00000190bbc02bc0 JavaThread "main" [_thread_blocked, id=13180, stack(0x0000004c6de00000,0x0000004c6df00000)]
  0x00000190d79f5d30 JavaThread "Reference Handler" daemon [_thread_blocked, id=9296, stack(0x0000004c6e500000,0x0000004c6e600000)]
  0x00000190d79f68e0 JavaThread "Finalizer" daemon [_thread_blocked, id=14168, stack(0x0000004c6e600000,0x0000004c6e700000)]
  0x00000190d7b91e70 JavaThread "Signal Dispatcher" daemon [_thread_blocked, id=17960, stack(0x0000004c6e700000,0x0000004c6e800000)]
  0x00000190d7b92830 JavaThread "Attach Listener" daemon [_thread_blocked, id=17376, stack(0x0000004c6e800000,0x0000004c6e900000)]
  0x00000190d7b95990 JavaThread "Service Thread" daemon [_thread_blocked, id=9804, stack(0x0000004c6e900000,0x0000004c6ea00000)]
  0x00000190d7b96550 JavaThread "Monitor Deflation Thread" daemon [_thread_blocked, id=1864, stack(0x0000004c6ea00000,0x0000004c6eb00000)]
=>0x00000190d7b97de0 JavaThread "C2 CompilerThread0" daemon [_thread_in_native, id=3336, stack(0x0000004c6eb00000,0x0000004c6ec00000)]
  0x00000190d7b9ad90 JavaThread "C1 CompilerThread0" daemon [_thread_blocked, id=18004, stack(0x0000004c6ec00000,0x0000004c6ed00000)]
  0x00000190d7b9c6a0 JavaThread "Sweeper thread" daemon [_thread_blocked, id=572, stack(0x0000004c6ed00000,0x0000004c6ee00000)]
  0x00000190d7992230 JavaThread "Common-Cleaner" daemon [_thread_blocked, id=4396, stack(0x0000004c6ee00000,0x0000004c6ef00000)]
  0x00000190d7ecffd0 JavaThread "Notification Thread" daemon [_thread_blocked, id=5416, stack(0x0000004c6ef00000,0x0000004c6f000000)]
  0x00000190dd7115f0 JavaThread "Daemon health stats" [_thread_blocked, id=12676, stack(0x0000004c6f600000,0x0000004c6f700000)]
  0x00000190ddc2cae0 JavaThread "Incoming local TCP Connector on port 51166" [_thread_in_native, id=4148, stack(0x0000004c6f700000,0x0000004c6f800000)]
  0x00000190dd74a690 JavaThread "Daemon periodic checks" [_thread_blocked, id=14108, stack(0x0000004c6f800000,0x0000004c6f900000)]
  0x00000190de2c7820 JavaThread "Daemon" [_thread_blocked, id=3412, stack(0x0000004c6f900000,0x0000004c6fa00000)]
  0x00000190de188a10 JavaThread "Handler for socket connection from /127.0.0.1:51166 to /127.0.0.1:51167" [_thread_in_native, id=4976, stack(0x0000004c6fa00000,0x0000004c6fb00000)]
  0x00000190dcd00a30 JavaThread "Cancel handler" [_thread_blocked, id=11412, stack(0x0000004c6fb00000,0x0000004c6fc00000)]
  0x00000190dcd00f00 JavaThread "Daemon worker" [_thread_in_Java, id=14548, stack(0x0000004c6fc00000,0x0000004c6fd00000)]
  0x00000190dd787220 JavaThread "Asynchronous log dispatcher for DefaultDaemonConnection: socket connection from /127.0.0.1:51166 to /127.0.0.1:51167" [_thread_blocked, id=6532, stack(0x0000004c6fd00000,0x0000004c6fe00000)]
  0x00000190dd788090 JavaThread "Stdin handler" [_thread_blocked, id=8840, stack(0x0000004c6fe00000,0x0000004c6ff00000)]
  0x00000190dd787bc0 JavaThread "Daemon client event forwarder" [_thread_blocked, id=17828, stack(0x0000004c6ff00000,0x0000004c70000000)]
  0x00000190dd788560 JavaThread "Cache worker for journal cache (C:\Users\HP\.gradle\caches\journal-1)" [_thread_blocked, id=3584, stack(0x0000004c70400000,0x0000004c70500000)]
  0x00000190dd786d50 JavaThread "File lock request listener" [_thread_in_native, id=2384, stack(0x0000004c70500000,0x0000004c70600000)]
  0x00000190dd7876f0 JavaThread "Cache worker for file hash cache (C:\Users\HP\.gradle\caches\8.2\fileHashes)" [_thread_blocked, id=17512, stack(0x0000004c70600000,0x0000004c70700000)]
  0x00000190dedbbe70 JavaThread "File watcher server" daemon [_thread_in_native, id=5996, stack(0x0000004c70700000,0x0000004c70800000)]
  0x00000190dedb4620 JavaThread "File watcher consumer" daemon [_thread_blocked, id=9964, stack(0x0000004c70800000,0x0000004c70900000)]
  0x00000190dedb4af0 JavaThread "jar transforms" [_thread_blocked, id=1872, stack(0x0000004c70900000,0x0000004c70a00000)]
  0x00000190dedbb9a0 JavaThread "jar transforms Thread 2" [_thread_blocked, id=11360, stack(0x0000004c70a00000,0x0000004c70b00000)]
  0x00000190dedbab30 JavaThread "jar transforms Thread 3" [_thread_blocked, id=5980, stack(0x0000004c70b00000,0x0000004c70c00000)]
  0x00000190dedbb000 JavaThread "jar transforms Thread 4" [_thread_blocked, id=14944, stack(0x0000004c70c00000,0x0000004c70d00000)]
  0x00000190dedb84b0 JavaThread "jar transforms Thread 5" [_thread_blocked, id=2796, stack(0x0000004c70d00000,0x0000004c70e00000)]
  0x00000190dedba660 JavaThread "jar transforms Thread 6" [_thread_blocked, id=18048, stack(0x0000004c70e00000,0x0000004c70f00000)]
  0x00000190dedb5e30 JavaThread "jar transforms Thread 7" [_thread_blocked, id=10080, stack(0x0000004c70f00000,0x0000004c71000000)]
  0x00000190dedb97f0 JavaThread "jar transforms Thread 8" [_thread_blocked, id=4404, stack(0x0000004c71000000,0x0000004c71100000)]
  0x00000190dedb7b10 JavaThread "Cache worker for checksums cache (C:\Users\HP\AndroidStudioProjects\QuranMentor\.gradle\8.2\checksums)" [_thread_blocked, id=16236, stack(0x0000004c71100000,0x0000004c71200000)]
  0x00000190dedbb4d0 JavaThread "Cache worker for cache directory md-rule (C:\Users\HP\.gradle\caches\8.2\md-rule)" [_thread_blocked, id=452, stack(0x0000004c71200000,0x0000004c71300000)]
  0x00000190dedb4fc0 JavaThread "Cache worker for file content cache (C:\Users\HP\.gradle\caches\8.2\fileContent)" [_thread_blocked, id=15844, stack(0x0000004c71300000,0x0000004c71400000)]
  0x00000190dedb7fe0 JavaThread "Cache worker for file hash cache (C:\Users\HP\AndroidStudioProjects\QuranMentor\.gradle\8.2\fileHashes)" [_thread_blocked, id=16608, stack(0x0000004c71400000,0x0000004c71500000)]
  0x00000190dedb9cc0 JavaThread "Cache worker for cache directory md-supplier (C:\Users\HP\.gradle\caches\8.2\md-supplier)" [_thread_blocked, id=11596, stack(0x0000004c6f500000,0x0000004c6f600000)]
  0x00000190dff053e0 JavaThread "C2 CompilerThread1" daemon [_thread_blocked, id=6716, stack(0x0000004c71500000,0x0000004c71600000)]
  0x00000190dedb8980 JavaThread "Cache worker for execution history cache (C:\Users\HP\.gradle\caches\8.2\executionHistory)" [_thread_blocked, id=6884, stack(0x0000004c71600000,0x0000004c71700000)]

Other Threads:
  0x00000190d7b63a30 VMThread "VM Thread" [stack: 0x0000004c6e400000,0x0000004c6e500000] [id=2372]
  0x00000190bbc91a80 WatcherThread [stack: 0x0000004c6f000000,0x0000004c6f100000] [id=15316]
  0x00000190bbc5f5e0 GCTaskThread "GC Thread#0" [stack: 0x0000004c6df00000,0x0000004c6e000000] [id=12504]
  0x00000190dc978ae0 GCTaskThread "GC Thread#1" [stack: 0x0000004c6f200000,0x0000004c6f300000] [id=2212]
  0x00000190dc826780 GCTaskThread "GC Thread#2" [stack: 0x0000004c6f300000,0x0000004c6f400000] [id=18264]
  0x00000190dc556cb0 GCTaskThread "GC Thread#3" [stack: 0x0000004c6f400000,0x0000004c6f500000] [id=3920]
  0x00000190dcb4c890 GCTaskThread "GC Thread#4" [stack: 0x0000004c6f100000,0x0000004c6f200000] [id=11300]
  0x00000190dccbd450 GCTaskThread "GC Thread#5" [stack: 0x0000004c70000000,0x0000004c70100000] [id=3532]
  0x00000190dcd02300 GCTaskThread "GC Thread#6" [stack: 0x0000004c70100000,0x0000004c70200000] [id=8204]
  0x00000190de11e820 GCTaskThread "GC Thread#7" [stack: 0x0000004c70200000,0x0000004c70300000] [id=10264]
  0x00000190bbc70520 ConcurrentGCThread "G1 Main Marker" [stack: 0x0000004c6e000000,0x0000004c6e100000] [id=5076]
  0x00000190bbc70f30 ConcurrentGCThread "G1 Conc#0" [stack: 0x0000004c6e100000,0x0000004c6e200000] [id=12224]
  0x00000190dd8c27c0 ConcurrentGCThread "G1 Conc#1" [stack: 0x0000004c70300000,0x0000004c70400000] [id=17792]
  0x00000190d78620d0 ConcurrentGCThread "G1 Refine#0" [stack: 0x0000004c6e200000,0x0000004c6e300000] [id=16312]
  0x00000190d7864b00 ConcurrentGCThread "G1 Service" [stack: 0x0000004c6e300000,0x0000004c6e400000] [id=15976]

Threads with active compile tasks:
C2 CompilerThread0     5709 2990   !   4       java.net.URL::<init> (543 bytes)

VM state: not at safepoint (normal execution)

VM Mutex/Monitor currently owned by a thread: None

Heap address: 0x0000000080000000, size: 2048 MB, Compressed Oops mode: 32-bit

CDS archive(s) not mapped
Compressed class space mapped at: 0x0000000100000000-0x0000000140000000, reserved size: 1073741824
Narrow klass base: 0x0000000000000000, Narrow klass shift: 3, Narrow klass range: 0x140000000

GC Precious Log:
 CPUs: 8 total, 8 available
 Memory: 7973M
 Large Page Support: Disabled
 NUMA Support: Disabled
 Compressed Oops: Enabled (32-bit)
 Heap Region Size: 1M
 Heap Min Capacity: 8M
 Heap Initial Capacity: 126M
 Heap Max Capacity: 2G
 Pre-touch: Disabled
 Parallel Workers: 8
 Concurrent Workers: 2
 Concurrent Refinement Workers: 8
 Periodic GC: Disabled

Heap:
 garbage-first heap   total 108544K, used 53139K [0x0000000080000000, 0x0000000100000000)
  region size 1024K, 9 young (9216K), 4 survivors (4096K)
 Metaspace       used 34248K, committed 34688K, reserved 1114112K
  class space    used 4747K, committed 4928K, reserved 1048576K

Heap Regions: E=young(eden), S=young(survivor), O=old, HS=humongous(starts), HC=humongous(continues), CS=collection set, F=free, OA=open archive, CA=closed archive, TAMS=top-at-mark-start (previous, next)
|   0|0x0000000080000000, 0x0000000080100000, 0x0000000080100000|100%|HS|  |TAMS 0x0000000080100000, 0x0000000080100000| Complete 
|   1|0x0000000080100000, 0x0000000080200000, 0x0000000080200000|100%|HC|  |TAMS 0x0000000080200000, 0x0000000080200000| Complete 
|   2|0x0000000080200000, 0x0000000080300000, 0x0000000080300000|100%|HC|  |TAMS 0x0000000080300000, 0x0000000080300000| Complete 
|   3|0x0000000080300000, 0x0000000080400000, 0x0000000080400000|100%|HC|  |TAMS 0x0000000080400000, 0x0000000080400000| Complete 
|   4|0x0000000080400000, 0x0000000080500000, 0x0000000080500000|100%| O|  |TAMS 0x0000000080500000, 0x0000000080500000| Untracked 
|   5|0x0000000080500000, 0x0000000080600000, 0x0000000080600000|100%| O|  |TAMS 0x0000000080600000, 0x0000000080600000| Untracked 
|   6|0x0000000080600000, 0x0000000080700000, 0x0000000080700000|100%| O|  |TAMS 0x0000000080700000, 0x0000000080700000| Untracked 
|   7|0x0000000080700000, 0x0000000080800000, 0x0000000080800000|100%| O|  |TAMS 0x0000000080800000, 0x0000000080800000| Untracked 
|   8|0x0000000080800000, 0x0000000080900000, 0x0000000080900000|100%| O|  |TAMS 0x0000000080800000, 0x0000000080900000| Untracked 
|   9|0x0000000080900000, 0x0000000080a00000, 0x0000000080a00000|100%| O|  |TAMS 0x0000000080a00000, 0x0000000080a00000| Untracked 
|  10|0x0000000080a00000, 0x0000000080b00000, 0x0000000080b00000|100%| O|  |TAMS 0x0000000080b00000, 0x0000000080b00000| Untracked 
|  11|0x0000000080b00000, 0x0000000080c00000, 0x0000000080c00000|100%| O|  |TAMS 0x0000000080b00000, 0x0000000080c00000| Untracked 
|  12|0x0000000080c00000, 0x0000000080d00000, 0x0000000080d00000|100%| O|  |TAMS 0x0000000080c00000, 0x0000000080d00000| Untracked 
|  13|0x0000000080d00000, 0x0000000080e00000, 0x0000000080e00000|100%| O|  |TAMS 0x0000000080d00000, 0x0000000080e00000| Untracked 
|  14|0x0000000080e00000, 0x0000000080f00000, 0x0000000080f00000|100%| O|  |TAMS 0x0000000080e00000, 0x0000000080f00000| Untracked 
|  15|0x0000000080f00000, 0x0000000081000000, 0x0000000081000000|100%| O|  |TAMS 0x0000000080f00000, 0x0000000081000000| Untracked 
|  16|0x0000000081000000, 0x0000000081100000, 0x0000000081100000|100%| O|  |TAMS 0x0000000081000000, 0x0000000081100000| Untracked 
|  17|0x0000000081100000, 0x0000000081200000, 0x0000000081200000|100%| O|  |TAMS 0x0000000081100000, 0x0000000081200000| Untracked 
|  18|0x0000000081200000, 0x0000000081300000, 0x0000000081300000|100%| O|  |TAMS 0x0000000081200000, 0x0000000081300000| Untracked 
|  19|0x0000000081300000, 0x0000000081400000, 0x0000000081400000|100%| O|  |TAMS 0x0000000081300000, 0x0000000081400000| Untracked 
|  20|0x0000000081400000, 0x0000000081500000, 0x0000000081500000|100%| O|  |TAMS 0x0000000081400000, 0x0000000081500000| Untracked 
|  21|0x0000000081500000, 0x0000000081600000, 0x0000000081600000|100%|HS|  |TAMS 0x0000000081500000, 0x0000000081600000| Complete 
|  22|0x0000000081600000, 0x0000000081700000, 0x0000000081700000|100%|HC|  |TAMS 0x0000000081600000, 0x0000000081700000| Complete 
|  23|0x0000000081700000, 0x0000000081800000, 0x0000000081800000|100%|HS|  |TAMS 0x0000000081700000, 0x0000000081800000| Complete 
|  24|0x0000000081800000, 0x0000000081900000, 0x0000000081900000|100%|HC|  |TAMS 0x0000000081800000, 0x0000000081900000| Complete 
|  25|0x0000000081900000, 0x0000000081a00000, 0x0000000081a00000|100%|HC|  |TAMS 0x0000000081900000, 0x0000000081a00000| Complete 
|  26|0x0000000081a00000, 0x0000000081b00000, 0x0000000081b00000|100%|HS|  |TAMS 0x0000000081a00000, 0x0000000081b00000| Complete 
|  27|0x0000000081b00000, 0x0000000081c00000, 0x0000000081c00000|100%|HC|  |TAMS 0x0000000081b00000, 0x0000000081c00000| Complete 
|  28|0x0000000081c00000, 0x0000000081d00000, 0x0000000081d00000|100%| O|  |TAMS 0x0000000081c00000, 0x0000000081d00000| Untracked 
|  29|0x0000000081d00000, 0x0000000081de4c00, 0x0000000081e00000| 89%| O|  |TAMS 0x0000000081d00000, 0x0000000081de4c00| Untracked 
|  30|0x0000000081e00000, 0x0000000081f00000, 0x0000000081f00000|100%|HS|  |TAMS 0x0000000081e00000, 0x0000000081f00000| Complete 
|  31|0x0000000081f00000, 0x0000000082000000, 0x0000000082000000|100%|HC|  |TAMS 0x0000000081f00000, 0x0000000082000000| Complete 
|  32|0x0000000082000000, 0x0000000082100000, 0x0000000082100000|100%|HC|  |TAMS 0x0000000082000000, 0x0000000082100000| Complete 
|  33|0x0000000082100000, 0x0000000082200000, 0x0000000082200000|100%|HC|  |TAMS 0x0000000082100000, 0x0000000082200000| Complete 
|  34|0x0000000082200000, 0x0000000082300000, 0x0000000082300000|100%|HC|  |TAMS 0x0000000082200000, 0x0000000082300000| Complete 
|  35|0x0000000082300000, 0x0000000082400000, 0x0000000082400000|100%|HC|  |TAMS 0x0000000082300000, 0x0000000082400000| Complete 
|  36|0x0000000082400000, 0x0000000082500000, 0x0000000082500000|100%|HC|  |TAMS 0x0000000082400000, 0x0000000082500000| Complete 
|  37|0x0000000082500000, 0x0000000082600000, 0x0000000082600000|100%|HC|  |TAMS 0x0000000082500000, 0x0000000082600000| Complete 
|  38|0x0000000082600000, 0x0000000082700000, 0x0000000082700000|100%|HC|  |TAMS 0x0000000082600000, 0x0000000082700000| Complete 
|  39|0x0000000082700000, 0x0000000082800000, 0x0000000082800000|100%|HC|  |TAMS 0x0000000082700000, 0x0000000082800000| Complete 
|  40|0x0000000082800000, 0x0000000082900000, 0x0000000082900000|100%|HC|  |TAMS 0x0000000082800000, 0x0000000082900000| Complete 
|  41|0x0000000082900000, 0x0000000082a00000, 0x0000000082a00000|100%|HC|  |TAMS 0x0000000082900000, 0x0000000082a00000| Complete 
|  42|0x0000000082a00000, 0x0000000082b00000, 0x0000000082b00000|100%|HS|  |TAMS 0x0000000082a00000, 0x0000000082a00000| Complete 
|  43|0x0000000082b00000, 0x0000000082c00000, 0x0000000082c00000|100%|HC|  |TAMS 0x0000000082b00000, 0x0000000082b00000| Complete 
|  44|0x0000000082c00000, 0x0000000082c00000, 0x0000000082d00000|  0%| F|  |TAMS 0x0000000082c00000, 0x0000000082c00000| Untracked 
|  45|0x0000000082d00000, 0x0000000082d00000, 0x0000000082e00000|  0%| F|  |TAMS 0x0000000082d00000, 0x0000000082d00000| Untracked 
|  46|0x0000000082e00000, 0x0000000082e00000, 0x0000000082f00000|  0%| F|  |TAMS 0x0000000082e00000, 0x0000000082e00000| Untracked 
|  47|0x0000000082f00000, 0x0000000082f00000, 0x0000000083000000|  0%| F|  |TAMS 0x0000000082f00000, 0x0000000082f00000| Untracked 
|  48|0x0000000083000000, 0x0000000083000000, 0x0000000083100000|  0%| F|  |TAMS 0x0000000083000000, 0x0000000083000000| Untracked 
|  49|0x0000000083100000, 0x0000000083100000, 0x0000000083200000|  0%| F|  |TAMS 0x0000000083100000, 0x0000000083100000| Untracked 
|  50|0x0000000083200000, 0x0000000083200000, 0x0000000083300000|  0%| F|  |TAMS 0x0000000083200000, 0x0000000083200000| Untracked 
|  51|0x0000000083300000, 0x0000000083300000, 0x0000000083400000|  0%| F|  |TAMS 0x0000000083300000, 0x0000000083300000| Untracked 
|  52|0x0000000083400000, 0x0000000083400000, 0x0000000083500000|  0%| F|  |TAMS 0x0000000083400000, 0x0000000083400000| Untracked 
|  53|0x0000000083500000, 0x0000000083500000, 0x0000000083600000|  0%| F|  |TAMS 0x0000000083500000, 0x0000000083500000| Untracked 
|  54|0x0000000083600000, 0x0000000083600000, 0x0000000083700000|  0%| F|  |TAMS 0x0000000083600000, 0x0000000083600000| Untracked 
|  55|0x0000000083700000, 0x0000000083700000, 0x0000000083800000|  0%| F|  |TAMS 0x0000000083700000, 0x0000000083700000| Untracked 
|  56|0x0000000083800000, 0x0000000083800000, 0x0000000083900000|  0%| F|  |TAMS 0x0000000083800000, 0x0000000083800000| Untracked 
|  57|0x0000000083900000, 0x0000000083900000, 0x0000000083a00000|  0%| F|  |TAMS 0x0000000083900000, 0x0000000083900000| Untracked 
|  58|0x0000000083a00000, 0x0000000083a00000, 0x0000000083b00000|  0%| F|  |TAMS 0x0000000083a00000, 0x0000000083a00000| Untracked 
|  59|0x0000000083b00000, 0x0000000083b00000, 0x0000000083c00000|  0%| F|  |TAMS 0x0000000083b00000, 0x0000000083b00000| Untracked 
|  60|0x0000000083c00000, 0x0000000083c00000, 0x0000000083d00000|  0%| F|  |TAMS 0x0000000083c00000, 0x0000000083c00000| Untracked 
|  61|0x0000000083d00000, 0x0000000083d00000, 0x0000000083e00000|  0%| F|  |TAMS 0x0000000083d00000, 0x0000000083d00000| Untracked 
|  62|0x0000000083e00000, 0x0000000083e00000, 0x0000000083f00000|  0%| F|  |TAMS 0x0000000083e00000, 0x0000000083e00000| Untracked 
|  63|0x0000000083f00000, 0x0000000083f00000, 0x0000000084000000|  0%| F|  |TAMS 0x0000000083f00000, 0x0000000083f00000| Untracked 
|  64|0x0000000084000000, 0x0000000084000000, 0x0000000084100000|  0%| F|  |TAMS 0x0000000084000000, 0x0000000084000000| Untracked 
|  65|0x0000000084100000, 0x0000000084100000, 0x0000000084200000|  0%| F|  |TAMS 0x0000000084100000, 0x0000000084100000| Untracked 
|  66|0x0000000084200000, 0x0000000084200000, 0x0000000084300000|  0%| F|  |TAMS 0x0000000084200000, 0x0000000084200000| Untracked 
|  67|0x0000000084300000, 0x0000000084300000, 0x0000000084400000|  0%| F|  |TAMS 0x0000000084300000, 0x0000000084300000| Untracked 
|  68|0x0000000084400000, 0x0000000084500000, 0x0000000084500000|100%| S|CS|TAMS 0x0000000084400000, 0x0000000084400000| Complete 
|  69|0x0000000084500000, 0x0000000084600000, 0x0000000084600000|100%| S|CS|TAMS 0x0000000084500000, 0x0000000084500000| Complete 
|  70|0x0000000084600000, 0x0000000084700000, 0x0000000084700000|100%| S|CS|TAMS 0x0000000084600000, 0x0000000084600000| Complete 
|  71|0x0000000084700000, 0x0000000084800000, 0x0000000084800000|100%| S|CS|TAMS 0x0000000084700000, 0x0000000084700000| Complete 
|  72|0x0000000084800000, 0x0000000084800000, 0x0000000084900000|  0%| F|  |TAMS 0x0000000084800000, 0x0000000084800000| Untracked 
|  73|0x0000000084900000, 0x0000000084900000, 0x0000000084a00000|  0%| F|  |TAMS 0x0000000084900000, 0x0000000084900000| Untracked 
|  74|0x0000000084a00000, 0x0000000084a00000, 0x0000000084b00000|  0%| F|  |TAMS 0x0000000084a00000, 0x0000000084a00000| Untracked 
|  75|0x0000000084b00000, 0x0000000084b00000, 0x0000000084c00000|  0%| F|  |TAMS 0x0000000084b00000, 0x0000000084b00000| Untracked 
|  76|0x0000000084c00000, 0x0000000084c00000, 0x0000000084d00000|  0%| F|  |TAMS 0x0000000084c00000, 0x0000000084c00000| Untracked 
|  77|0x0000000084d00000, 0x0000000084d00000, 0x0000000084e00000|  0%| F|  |TAMS 0x0000000084d00000, 0x0000000084d00000| Untracked 
|  78|0x0000000084e00000, 0x0000000084e00000, 0x0000000084f00000|  0%| F|  |TAMS 0x0000000084e00000, 0x0000000084e00000| Untracked 
|  79|0x0000000084f00000, 0x0000000084f00000, 0x0000000085000000|  0%| F|  |TAMS 0x0000000084f00000, 0x0000000084f00000| Untracked 
|  80|0x0000000085000000, 0x0000000085000000, 0x0000000085100000|  0%| F|  |TAMS 0x0000000085000000, 0x0000000085000000| Untracked 
|  81|0x0000000085100000, 0x0000000085100000, 0x0000000085200000|  0%| F|  |TAMS 0x0000000085100000, 0x0000000085100000| Untracked 
|  82|0x0000000085200000, 0x0000000085200000, 0x0000000085300000|  0%| F|  |TAMS 0x0000000085200000, 0x0000000085200000| Untracked 
|  83|0x0000000085300000, 0x0000000085300000, 0x0000000085400000|  0%| F|  |TAMS 0x0000000085300000, 0x0000000085300000| Untracked 
|  84|0x0000000085400000, 0x0000000085400000, 0x0000000085500000|  0%| F|  |TAMS 0x0000000085400000, 0x0000000085400000| Untracked 
|  85|0x0000000085500000, 0x0000000085500000, 0x0000000085600000|  0%| F|  |TAMS 0x0000000085500000, 0x0000000085500000| Untracked 
|  86|0x0000000085600000, 0x0000000085600000, 0x0000000085700000|  0%| F|  |TAMS 0x0000000085600000, 0x0000000085600000| Untracked 
|  87|0x0000000085700000, 0x0000000085700000, 0x0000000085800000|  0%| F|  |TAMS 0x0000000085700000, 0x0000000085700000| Untracked 
|  88|0x0000000085800000, 0x0000000085800000, 0x0000000085900000|  0%| F|  |TAMS 0x0000000085800000, 0x0000000085800000| Untracked 
|  89|0x0000000085900000, 0x0000000085900000, 0x0000000085a00000|  0%| F|  |TAMS 0x0000000085900000, 0x0000000085900000| Untracked 
|  90|0x0000000085a00000, 0x0000000085a00000, 0x0000000085b00000|  0%| F|  |TAMS 0x0000000085a00000, 0x0000000085a00000| Untracked 
|  91|0x0000000085b00000, 0x0000000085b00000, 0x0000000085c00000|  0%| F|  |TAMS 0x0000000085b00000, 0x0000000085b00000| Untracked 
|  92|0x0000000085c00000, 0x0000000085c00000, 0x0000000085d00000|  0%| F|  |TAMS 0x0000000085c00000, 0x0000000085c00000| Untracked 
|  93|0x0000000085d00000, 0x0000000085d00000, 0x0000000085e00000|  0%| F|  |TAMS 0x0000000085d00000, 0x0000000085d00000| Untracked 
|  94|0x0000000085e00000, 0x0000000085e00000, 0x0000000085f00000|  0%| F|  |TAMS 0x0000000085e00000, 0x0000000085e00000| Untracked 
|  95|0x0000000085f00000, 0x0000000085f00000, 0x0000000086000000|  0%| F|  |TAMS 0x0000000085f00000, 0x0000000085f00000| Untracked 
|  96|0x0000000086000000, 0x0000000086000000, 0x0000000086100000|  0%| F|  |TAMS 0x0000000086000000, 0x0000000086000000| Untracked 
|  97|0x0000000086100000, 0x0000000086100000, 0x0000000086200000|  0%| F|  |TAMS 0x0000000086100000, 0x0000000086100000| Untracked 
|  98|0x0000000086200000, 0x0000000086200000, 0x0000000086300000|  0%| F|  |TAMS 0x0000000086200000, 0x0000000086200000| Untracked 
|  99|0x0000000086300000, 0x0000000086300000, 0x0000000086400000|  0%| F|  |TAMS 0x0000000086300000, 0x0000000086300000| Untracked 
| 100|0x0000000086400000, 0x0000000086400000, 0x0000000086500000|  0%| F|  |TAMS 0x0000000086400000, 0x0000000086400000| Untracked 
| 101|0x0000000086500000, 0x0000000086580800, 0x0000000086600000| 50%| E|  |TAMS 0x0000000086500000, 0x0000000086500000| Complete 
| 102|0x0000000086600000, 0x0000000086700000, 0x0000000086700000|100%| E|CS|TAMS 0x0000000086600000, 0x0000000086600000| Complete 
| 103|0x0000000086700000, 0x0000000086800000, 0x0000000086800000|100%| E|CS|TAMS 0x0000000086700000, 0x0000000086700000| Complete 
| 104|0x0000000086800000, 0x0000000086900000, 0x0000000086900000|100%| E|CS|TAMS 0x0000000086800000, 0x0000000086800000| Complete 
| 125|0x0000000087d00000, 0x0000000087e00000, 0x0000000087e00000|100%| E|CS|TAMS 0x0000000087d00000, 0x0000000087d00000| Complete 

Card table byte_map: [0x00000190d0710000,0x00000190d0b10000] _byte_map_base: 0x00000190d0310000

Marking Bits (Prev, Next): (CMBitMap*) 0x00000190bbc5fc30, (CMBitMap*) 0x00000190bbc5fbf0
 Prev Bits: [0x00000190d2f10000, 0x00000190d4f10000)
 Next Bits: [0x00000190d0f10000, 0x00000190d2f10000)

Polling page: 0x00000190bbcc0000

Metaspace:

Usage:
  Non-class:     28.83 MB used.
      Class:      4.64 MB used.
       Both:     33.47 MB used.

Virtual space:
  Non-class space:       64.00 MB reserved,      29.06 MB ( 45%) committed,  1 nodes.
      Class space:        1.00 GB reserved,       4.81 MB ( <1%) committed,  1 nodes.
             Both:        1.06 GB reserved,      33.88 MB (  3%) committed. 

Chunk freelists:
   Non-Class:  2.04 MB
       Class:  11.08 MB
        Both:  13.12 MB

MaxMetaspaceSize: unlimited
CompressedClassSpaceSize: 1.00 GB
Initial GC threshold: 21.00 MB
Current GC threshold: 35.25 MB
CDS: off
MetaspaceReclaimPolicy: balanced
 - commit_granule_bytes: 65536.
 - commit_granule_words: 8192.
 - virtual_space_node_default_size: 8388608.
 - enlarge_chunks_in_place: 1.
 - new_chunks_are_fully_committed: 0.
 - uncommit_free_chunks: 1.
 - use_allocation_guard: 0.
 - handle_deallocations: 1.


Internal statistics:

num_allocs_failed_limit: 3.
num_arena_births: 360.
num_arena_deaths: 0.
num_vsnodes_births: 2.
num_vsnodes_deaths: 0.
num_space_committed: 542.
num_space_uncommitted: 0.
num_chunks_returned_to_freelist: 3.
num_chunks_taken_from_freelist: 1386.
num_chunk_merges: 3.
num_chunk_splits: 874.
num_chunks_enlarged: 584.
num_inconsistent_stats: 0.

CodeHeap 'non-profiled nmethods': size=120000Kb used=1726Kb max_used=1726Kb free=118273Kb
 bounds [0x00000190c8370000, 0x00000190c85e0000, 0x00000190cf8a0000]
CodeHeap 'profiled nmethods': size=120000Kb used=6364Kb max_used=6364Kb free=113635Kb
 bounds [0x00000190c08a0000, 0x00000190c0ee0000, 0x00000190c7dd0000]
CodeHeap 'non-nmethods': size=5760Kb used=1247Kb max_used=1305Kb free=4512Kb
 bounds [0x00000190c7dd0000, 0x00000190c8040000, 0x00000190c8370000]
 total_blobs=3590 nmethods=3046 adapters=456
 compilation: enabled
              stopped_count=0, restarted_count=0
 full_count=0

Compilation events (20 events):
Event: 5.627 Thread 0x00000190d7b9ad90 nmethod 3038 0x00000190c0ed2090 code [0x00000190c0ed22e0, 0x00000190c0ed2968]
Event: 5.627 Thread 0x00000190d7b9ad90 3039       3       jdk.internal.org.objectweb.asm.ClassReader::readInt (52 bytes)
Event: 5.627 Thread 0x00000190d7b9ad90 nmethod 3039 0x00000190c0ed2c90 code [0x00000190c0ed2e20, 0x00000190c0ed2ff8]
Event: 5.627 Thread 0x00000190d7b9ad90 3036       3       org.objectweb.asm.Handler::putExceptionTable (63 bytes)
Event: 5.628 Thread 0x00000190d7b9ad90 nmethod 3036 0x00000190c0ed3110 code [0x00000190c0ed3320, 0x00000190c0ed3788]
Event: 5.628 Thread 0x00000190d7b9ad90 3037       3       com.google.common.collect.Maps::newLinkedHashMap (8 bytes)
Event: 5.628 Thread 0x00000190d7b9ad90 nmethod 3037 0x00000190c0ed3a90 code [0x00000190c0ed3c40, 0x00000190c0ed3f18]
Event: 5.631 Thread 0x00000190d7b9ad90 3040       3       java.lang.invoke.MethodHandle::asType (28 bytes)
Event: 5.632 Thread 0x00000190d7b9ad90 nmethod 3040 0x00000190c0ed4090 code [0x00000190c0ed4260, 0x00000190c0ed45c8]
Event: 5.644 Thread 0x00000190d7b9ad90 3041       3       com.google.common.collect.ObjectArrays::checkElementNotNull (36 bytes)
Event: 5.645 Thread 0x00000190d7b9ad90 nmethod 3041 0x00000190c0ed4690 code [0x00000190c0ed48c0, 0x00000190c0ed4ef8]
Event: 5.658 Thread 0x00000190d7b9ad90 3043       3       com.google.common.base.Preconditions::checkArgument (28 bytes)
Event: 5.659 Thread 0x00000190d7b9ad90 nmethod 3043 0x00000190c0ed5190 code [0x00000190c0ed5380, 0x00000190c0ed5978]
Event: 5.659 Thread 0x00000190d7b9ad90 3044       3       java.util.Arrays::fill (21 bytes)
Event: 5.659 Thread 0x00000190dff053e0 2995       4       java.util.HashMap::putVal (300 bytes)
Event: 5.659 Thread 0x00000190d7b9ad90 nmethod 3044 0x00000190c0ed5b90 code [0x00000190c0ed5d20, 0x00000190c0ed5ed8]
Event: 5.659 Thread 0x00000190d7b9ad90 3045       3       com.google.common.io.BaseEncoding$Alphabet::encode (7 bytes)
Event: 5.660 Thread 0x00000190d7b9ad90 nmethod 3045 0x00000190c0ed6010 code [0x00000190c0ed61a0, 0x00000190c0ed62d8]
Event: 5.675 Thread 0x00000190dff053e0 nmethod 2995 0x00000190c851d310 code [0x00000190c851d4e0, 0x00000190c851dcc8]
Event: 5.675 Thread 0x00000190dff053e0 2994       4       java.util.HashMap::put (13 bytes)

GC Heap History (18 events):
Event: 0.918 GC heap before
{Heap before GC invocations=0 (full 0):
 garbage-first heap   total 129024K, used 26624K [0x0000000080000000, 0x0000000100000000)
  region size 1024K, 23 young (23552K), 0 survivors (0K)
 Metaspace       used 10464K, committed 10688K, reserved 1114112K
  class space    used 1088K, committed 1216K, reserved 1048576K
}
Event: 0.925 GC heap after
{Heap after GC invocations=1 (full 0):
 garbage-first heap   total 129024K, used 10682K [0x0000000080000000, 0x0000000100000000)
  region size 1024K, 3 young (3072K), 3 survivors (3072K)
 Metaspace       used 10464K, committed 10688K, reserved 1114112K
  class space    used 1088K, committed 1216K, reserved 1048576K
}
Event: 1.914 GC heap before
{Heap before GC invocations=1 (full 0):
 garbage-first heap   total 129024K, used 39354K [0x0000000080000000, 0x0000000100000000)
  region size 1024K, 31 young (31744K), 3 survivors (3072K)
 Metaspace       used 11455K, committed 11648K, reserved 1114112K
  class space    used 1193K, committed 1280K, reserved 1048576K
}
Event: 1.919 GC heap after
{Heap after GC invocations=2 (full 0):
 garbage-first heap   total 129024K, used 13108K [0x0000000080000000, 0x0000000100000000)
  region size 1024K, 3 young (3072K), 3 survivors (3072K)
 Metaspace       used 11455K, committed 11648K, reserved 1114112K
  class space    used 1193K, committed 1280K, reserved 1048576K
}
Event: 3.118 GC heap before
{Heap before GC invocations=2 (full 0):
 garbage-first heap   total 129024K, used 54068K [0x0000000080000000, 0x0000000100000000)
  region size 1024K, 45 young (46080K), 3 survivors (3072K)
 Metaspace       used 21318K, committed 21504K, reserved 1114112K
  class space    used 2567K, committed 2688K, reserved 1048576K
}
Event: 3.125 GC heap after
{Heap after GC invocations=3 (full 0):
 garbage-first heap   total 129024K, used 18420K [0x0000000080000000, 0x0000000100000000)
  region size 1024K, 8 young (8192K), 8 survivors (8192K)
 Metaspace       used 21318K, committed 21504K, reserved 1114112K
  class space    used 2567K, committed 2688K, reserved 1048576K
}
Event: 3.849 GC heap before
{Heap before GC invocations=4 (full 0):
 garbage-first heap   total 68608K, used 50164K [0x0000000080000000, 0x0000000100000000)
  region size 1024K, 40 young (40960K), 8 survivors (8192K)
 Metaspace       used 26050K, committed 26368K, reserved 1114112K
  class space    used 3404K, committed 3584K, reserved 1048576K
}
Event: 3.858 GC heap after
{Heap after GC invocations=5 (full 0):
 garbage-first heap   total 68608K, used 20333K [0x0000000080000000, 0x0000000100000000)
  region size 1024K, 3 young (3072K), 3 survivors (3072K)
 Metaspace       used 26050K, committed 26368K, reserved 1114112K
  class space    used 3404K, committed 3584K, reserved 1048576K
}
Event: 3.878 GC heap before
{Heap before GC invocations=5 (full 0):
 garbage-first heap   total 68608K, used 21357K [0x0000000080000000, 0x0000000100000000)
  region size 1024K, 4 young (4096K), 3 survivors (3072K)
 Metaspace       used 26224K, committed 26496K, reserved 1114112K
  class space    used 3430K, committed 3584K, reserved 1048576K
}
Event: 3.881 GC heap after
{Heap after GC invocations=6 (full 0):
 garbage-first heap   total 68608K, used 20586K [0x0000000080000000, 0x0000000100000000)
  region size 1024K, 1 young (1024K), 1 survivors (1024K)
 Metaspace       used 26224K, committed 26496K, reserved 1114112K
  class space    used 3430K, committed 3584K, reserved 1048576K
}
Event: 4.571 GC heap before
{Heap before GC invocations=6 (full 0):
 garbage-first heap   total 68608K, used 54378K [0x0000000080000000, 0x0000000100000000)
  region size 1024K, 28 young (28672K), 1 survivors (1024K)
 Metaspace       used 29802K, committed 30144K, reserved 1114112K
  class space    used 4047K, committed 4224K, reserved 1048576K
}
Event: 4.575 GC heap after
{Heap after GC invocations=7 (full 0):
 garbage-first heap   total 68608K, used 30714K [0x0000000080000000, 0x0000000100000000)
  region size 1024K, 4 young (4096K), 4 survivors (4096K)
 Metaspace       used 29802K, committed 30144K, reserved 1114112K
  class space    used 4047K, committed 4224K, reserved 1048576K
}
Event: 4.609 GC heap before
{Heap before GC invocations=7 (full 0):
 garbage-first heap   total 68608K, used 31738K [0x0000000080000000, 0x0000000100000000)
  region size 1024K, 6 young (6144K), 4 survivors (4096K)
 Metaspace       used 29902K, committed 30272K, reserved 1114112K
  class space    used 4065K, committed 4224K, reserved 1048576K
}
Event: 4.611 GC heap after
{Heap after GC invocations=8 (full 0):
 garbage-first heap   total 68608K, used 31875K [0x0000000080000000, 0x0000000100000000)
  region size 1024K, 2 young (2048K), 2 survivors (2048K)
 Metaspace       used 29902K, committed 30272K, reserved 1114112K
  class space    used 4065K, committed 4224K, reserved 1048576K
}
Event: 4.629 GC heap before
{Heap before GC invocations=8 (full 0):
 garbage-first heap   total 68608K, used 44163K [0x0000000080000000, 0x0000000100000000)
  region size 1024K, 3 young (3072K), 2 survivors (2048K)
 Metaspace       used 29902K, committed 30272K, reserved 1114112K
  class space    used 4065K, committed 4224K, reserved 1048576K
}
Event: 4.630 GC heap after
{Heap after GC invocations=9 (full 0):
 garbage-first heap   total 108544K, used 43982K [0x0000000080000000, 0x0000000100000000)
  region size 1024K, 2 young (2048K), 2 survivors (2048K)
 Metaspace       used 29902K, committed 30272K, reserved 1114112K
  class space    used 4065K, committed 4224K, reserved 1048576K
}
Event: 5.608 GC heap before
{Heap before GC invocations=9 (full 0):
 garbage-first heap   total 108544K, used 77774K [0x0000000080000000, 0x0000000100000000)
  region size 1024K, 34 young (34816K), 2 survivors (2048K)
 Metaspace       used 33718K, committed 34048K, reserved 1114112K
  class space    used 4667K, committed 4864K, reserved 1048576K
}
Event: 5.611 GC heap after
{Heap after GC invocations=10 (full 0):
 garbage-first heap   total 108544K, used 49043K [0x0000000080000000, 0x0000000100000000)
  region size 1024K, 4 young (4096K), 4 survivors (4096K)
 Metaspace       used 33718K, committed 34048K, reserved 1114112K
  class space    used 4667K, committed 4864K, reserved 1048576K
}

Dll operation events (3 events):
Event: 0.013 Loaded shared library C:\Program Files\Android\Android Studio1\jbr\bin\java.dll
Event: 0.185 Loaded shared library C:\Program Files\Android\Android Studio1\jbr\bin\zip.dll
Event: 0.547 Loaded shared library C:\Program Files\Android\Android Studio1\jbr\bin\verify.dll

Deoptimization events (20 events):
Event: 4.518 Thread 0x00000190dcd00f00 Uncommon trap: trap_request=0xffffff45 fr.pc=0x00000190c84b9578 relative=0x0000000000005d18
Event: 4.518 Thread 0x00000190dcd00f00 Uncommon trap: reason=unstable_if action=reinterpret pc=0x00000190c84b9578 method=java.net.URLClassLoader.getAndVerifyPackage(Ljava/lang/String;Ljava/util/jar/Manifest;Ljava/net/URL;)Ljava/lang/Package; @ 62 c2
Event: 4.518 Thread 0x00000190dcd00f00 DEOPT PACKING pc=0x00000190c84b9578 sp=0x0000004c6fcfb600
Event: 4.518 Thread 0x00000190dcd00f00 DEOPT UNPACKING pc=0x00000190c7e2a1a3 sp=0x0000004c6fcfb4b0 mode 2
Event: 4.536 Thread 0x00000190dcd00f00 DEOPT PACKING pc=0x00000190c096bdbd sp=0x0000004c6fcfb020
Event: 4.536 Thread 0x00000190dcd00f00 DEOPT UNPACKING pc=0x00000190c7e2ace3 sp=0x0000004c6fcfa4a8 mode 0
Event: 4.540 Thread 0x00000190dcd00f00 Uncommon trap: trap_request=0xffffff45 fr.pc=0x00000190c84d2f1c relative=0x0000000000005dbc
Event: 4.540 Thread 0x00000190dcd00f00 Uncommon trap: reason=unstable_if action=reinterpret pc=0x00000190c84d2f1c method=java.net.URLClassLoader.getAndVerifyPackage(Ljava/lang/String;Ljava/util/jar/Manifest;Ljava/net/URL;)Ljava/lang/Package; @ 62 c2
Event: 4.540 Thread 0x00000190dcd00f00 DEOPT PACKING pc=0x00000190c84d2f1c sp=0x0000004c6fcfa090
Event: 4.540 Thread 0x00000190dcd00f00 DEOPT UNPACKING pc=0x00000190c7e2a1a3 sp=0x0000004c6fcf9fa8 mode 2
Event: 4.681 Thread 0x00000190dcd00f00 DEOPT PACKING pc=0x00000190c0ddd7e9 sp=0x0000004c6fcf9010
Event: 4.681 Thread 0x00000190dcd00f00 DEOPT UNPACKING pc=0x00000190c7e2ace3 sp=0x0000004c6fcf8590 mode 0
Event: 4.835 Thread 0x00000190dcd00f00 Uncommon trap: trap_request=0xffffff45 fr.pc=0x00000190c8410c64 relative=0x00000000000005c4
Event: 4.835 Thread 0x00000190dcd00f00 Uncommon trap: reason=unstable_if action=reinterpret pc=0x00000190c8410c64 method=java.util.Properties$LineReader.readLine()I @ 95 c2
Event: 4.835 Thread 0x00000190dcd00f00 DEOPT PACKING pc=0x00000190c8410c64 sp=0x0000004c6fcfaad0
Event: 4.835 Thread 0x00000190dcd00f00 DEOPT UNPACKING pc=0x00000190c7e2a1a3 sp=0x0000004c6fcfaa80 mode 2
Event: 5.344 Thread 0x00000190dcd00f00 Uncommon trap: trap_request=0xffffff45 fr.pc=0x00000190c83c8d78 relative=0x00000000000005b8
Event: 5.344 Thread 0x00000190dcd00f00 Uncommon trap: reason=unstable_if action=reinterpret pc=0x00000190c83c8d78 method=java.util.HashMap.hash(Ljava/lang/Object;)I @ 1 c2
Event: 5.344 Thread 0x00000190dcd00f00 DEOPT PACKING pc=0x00000190c83c8d78 sp=0x0000004c6fcf7510
Event: 5.344 Thread 0x00000190dcd00f00 DEOPT UNPACKING pc=0x00000190c7e2a1a3 sp=0x0000004c6fcf73b8 mode 2

Classes unloaded (0 events):
No events

Classes redefined (0 events):
No events

Internal exceptions (20 events):
Event: 4.738 Thread 0x00000190dcd00f00 Exception <a 'java/lang/NoSuchMethodError'{0x000000008659b100}: static Lorg/gradle/tooling/internal/consumer/versioning/VersionDetails;.<clinit>()V> (0x000000008659b100) 
thrown [s\src\hotspot\share\prims\jni.cpp, line 1108]
Event: 4.738 Thread 0x00000190dcd00f00 Exception <a 'java/lang/NoSuchMethodError'{0x000000008659daa8}: static Lorg/gradle/tooling/internal/consumer/versioning/VersionDetails$R26VersionDetails;.<clinit>()V> (0x000000008659daa8) 
thrown [s\src\hotspot\share\prims\jni.cpp, line 1108]
Event: 4.738 Thread 0x00000190dcd00f00 Exception <a 'java/lang/NoSuchMethodError'{0x000000008659f020}: static Lorg/gradle/tooling/internal/consumer/versioning/VersionDetails$R28VersionDetails;.<clinit>()V> (0x000000008659f020) 
thrown [s\src\hotspot\share\prims\jni.cpp, line 1108]
Event: 4.738 Thread 0x00000190dcd00f00 Exception <a 'java/lang/NoSuchMethodError'{0x00000000865a0528}: static Lorg/gradle/tooling/internal/consumer/versioning/VersionDetails$R35VersionDetails;.<clinit>()V> (0x00000000865a0528) 
thrown [s\src\hotspot\share\prims\jni.cpp, line 1108]
Event: 4.739 Thread 0x00000190dcd00f00 Exception <a 'java/lang/NoSuchMethodError'{0x00000000865a1bf8}: static Lorg/gradle/tooling/internal/consumer/versioning/VersionDetails$R44VersionDetails;.<clinit>()V> (0x00000000865a1bf8) 
thrown [s\src\hotspot\share\prims\jni.cpp, line 1108]
Event: 4.739 Thread 0x00000190dcd00f00 Exception <a 'java/lang/NoSuchMethodError'{0x00000000865a3200}: static Lorg/gradle/tooling/internal/consumer/versioning/VersionDetails$R48VersionDetails;.<clinit>()V> (0x00000000865a3200) 
thrown [s\src\hotspot\share\prims\jni.cpp, line 1108]
Event: 4.739 Thread 0x00000190dcd00f00 Exception <a 'java/lang/NoSuchMethodError'{0x00000000865a4400}: static Lorg/gradle/tooling/internal/consumer/versioning/VersionDetails$R51VersionDetails;.<clinit>()V> (0x00000000865a4400) 
thrown [s\src\hotspot\share\prims\jni.cpp, line 1108]
Event: 4.773 Thread 0x00000190dcd00f00 Exception <a 'java/lang/NoSuchMethodError'{0x00000000864c0960}: 'java.lang.Object java.lang.invoke.DirectMethodHandle$Holder.newInvokeSpecial(java.lang.Object, java.lang.Object, int)'> (0x00000000864c0960) 
thrown [s\src\hotspot\share\interpreter\linkResolver.cpp, line 771]
Event: 5.043 Thread 0x00000190dcd00f00 Exception <a 'java/lang/NoSuchMethodError'{0x00000000858cb550}: 'java.lang.Object java.lang.invoke.DirectMethodHandle$Holder.invokeSpecialIFC(java.lang.Object, java.lang.Object, java.lang.Object, java.lang.Object)'> (0x00000000858cb550) 
thrown [s\src\hotspot\share\interpreter\linkResolver.cpp, line 771]
Event: 5.344 Thread 0x00000190dcd00f00 Implicit null exception at 0x00000190c83c880c to 0x00000190c83c8d58
Event: 5.436 Thread 0x00000190dcd00f00 Exception <a 'java/lang/NoSuchMethodError'{0x0000000084e22590}: 'java.lang.Object java.lang.invoke.DirectMethodHandle$Holder.invokeSpecial(java.lang.Object, java.lang.Object, java.lang.Object, java.lang.Object, java.lang.Object, java.lang.Object, java.lang.Object, java.lang.Object, java.lang.Object, java.lang.Object, java.lang.Object, java.lang.Object, java.lang.Object)'> (0x0000000084e22590) 
thrown [s\src\hotspot\share\interpreter\linkResolver.cpp, line 771]
Event: 5.438 Thread 0x00000190dcd00f00 Exception <a 'java/lang/NoSuchMethodError'{0x0000000084e33ef8}: 'java.lang.Object java.lang.invoke.DirectMethodHandle$Holder.newInvokeSpecial(java.lang.Object, java.lang.Object, java.lang.Object, java.lang.Object, java.lang.Object, java.lang.Object, java.lang.Object, java.lang.Object, java.lang.Object, java.lang.Object, java.lang.Object)'> (0x0000000084e33ef8) 
thrown [s\src\hotspot\share\interpreter\linkResolver.cpp, line 771]
Event: 5.439 Thread 0x00000190dcd00f00 Exception <a 'java/lang/NoSuchMethodError'{0x0000000084e39a30}: 'java.lang.Object java.lang.invoke.DirectMethodHandle$Holder.invokeSpecial(java.lang.Object, java.lang.Object, java.lang.Object, java.lang.Object, java.lang.Object, java.lang.Object, java.lang.Object, java.lang.Object, java.lang.Object, java.lang.Object, java.lang.Object, java.lang.Object)'> (0x0000000084e39a30) 
thrown [s\src\hotspot\share\interpreter\linkResolver.cpp, line 771]
Event: 5.439 Thread 0x00000190dcd00f00 Exception <a 'java/lang/NoSuchMethodError'{0x0000000084e3f0c8}: 'java.lang.Object java.lang.invoke.Invokers$Holder.linkToTargetMethod(java.lang.Object, java.lang.Object, java.lang.Object, java.lang.Object, java.lang.Object, java.lang.Object, java.lang.Object, java.lang.Object, java.lang.Object, java.lang.Object, java.lang.Object)'> (0x0000000084e3f0c8) 
thrown [s\src\hotspot\share\interpreter\linkResolver.cpp, line 771]
Event: 5.449 Thread 0x00000190dcd00f00 Exception <a 'java/lang/NoSuchMethodError'{0x0000000084e91e60}: 'java.lang.Object java.lang.invoke.DirectMethodHandle$Holder.invokeSpecial(java.lang.Object, java.lang.Object, java.lang.Object, java.lang.Object, java.lang.Object, java.lang.Object, java.lang.Object, java.lang.Object, java.lang.Object, java.lang.Object, java.lang.Object, java.lang.Object, java.lang.Object, java.lang.Object)'> (0x0000000084e91e60) 
thrown [s\src\hotspot\share\interpreter\linkResolver.cpp, line 771]
Event: 5.451 Thread 0x00000190dcd00f00 Exception <a 'java/lang/NoSuchMethodError'{0x0000000084ea44b8}: 'java.lang.Object java.lang.invoke.DirectMethodHandle$Holder.newInvokeSpecial(java.lang.Object, java.lang.Object, java.lang.Object, java.lang.Object, java.lang.Object, java.lang.Object, java.lang.Object, java.lang.Object, java.lang.Object, java.lang.Object, java.lang.Object, java.lang.Object)'> (0x0000000084ea44b8) 
thrown [s\src\hotspot\share\interpreter\linkResolver.cpp, line 771]
Event: 5.452 Thread 0x00000190dcd00f00 Exception <a 'java/lang/NoSuchMethodError'{0x0000000084ea9e50}: 'java.lang.Object java.lang.invoke.Invokers$Holder.linkToTargetMethod(java.lang.Object, java.lang.Object, java.lang.Object, java.lang.Object, java.lang.Object, java.lang.Object, java.lang.Object, java.lang.Object, java.lang.Object, java.lang.Object, java.lang.Object, java.lang.Object)'> (0x0000000084ea9e50) 
thrown [s\src\hotspot\share\interpreter\linkResolver.cpp, line 771]
Event: 5.462 Thread 0x00000190dcd00f00 Exception <a 'java/lang/NoSuchMethodError'{0x0000000084ee4ee0}: 'java.lang.Object java.lang.invoke.DirectMethodHandle$Holder.newInvokeSpecial(java.lang.Object, java.lang.Object, java.lang.Object, java.lang.Object, java.lang.Object, java.lang.Object, java.lang.Object, java.lang.Object, java.lang.Object, java.lang.Object)'> (0x0000000084ee4ee0) 
thrown [s\src\hotspot\share\interpreter\linkResolver.cpp, line 771]
Event: 5.464 Thread 0x00000190dcd00f00 Exception <a 'java/lang/NoSuchMethodError'{0x0000000084ee9dc8}: 'java.lang.Object java.lang.invoke.Invokers$Holder.linkToTargetMethod(java.lang.Object, java.lang.Object, java.lang.Object, java.lang.Object, java.lang.Object, java.lang.Object, java.lang.Object, java.lang.Object, java.lang.Object, java.lang.Object)'> (0x0000000084ee9dc8) 
thrown [s\src\hotspot\share\interpreter\linkResolver.cpp, line 771]
Event: 5.480 Thread 0x00000190dcd00f00 Exception <a 'java/lang/NoSuchMethodError'{0x0000000084c44a58}: 'java.lang.Object java.lang.invoke.DirectMethodHandle$Holder.invokeStaticInit(java.lang.Object, java.lang.Object, java.lang.Object, java.lang.Object)'> (0x0000000084c44a58) 
thrown [s\src\hotspot\share\interpreter\linkResolver.cpp, line 771]

VM Operations (20 events):
Event: 3.878 Executing VM operation: G1CollectForAllocation
Event: 3.881 Executing VM operation: G1CollectForAllocation done
Event: 4.408 Executing VM operation: HandshakeAllThreads
Event: 4.408 Executing VM operation: HandshakeAllThreads done
Event: 4.570 Executing VM operation: G1CollectForAllocation
Event: 4.575 Executing VM operation: G1CollectForAllocation done
Event: 4.608 Executing VM operation: G1TryInitiateConcMark
Event: 4.611 Executing VM operation: G1TryInitiateConcMark done
Event: 4.629 Executing VM operation: G1TryInitiateConcMark
Event: 4.630 Executing VM operation: G1TryInitiateConcMark done
Event: 4.655 Executing VM operation: HandshakeAllThreads
Event: 4.655 Executing VM operation: HandshakeAllThreads done
Event: 4.770 Executing VM operation: HandshakeAllThreads
Event: 4.770 Executing VM operation: HandshakeAllThreads done
Event: 4.840 Executing VM operation: HandshakeAllThreads
Event: 4.840 Executing VM operation: HandshakeAllThreads done
Event: 5.353 Executing VM operation: HandshakeAllThreads
Event: 5.353 Executing VM operation: HandshakeAllThreads done
Event: 5.608 Executing VM operation: G1CollectForAllocation
Event: 5.611 Executing VM operation: G1CollectForAllocation done

Events (20 events):
Event: 4.769 loading class java/util/concurrent/Executors$DelegatedExecutorService
Event: 4.769 loading class java/util/concurrent/Executors$DelegatedExecutorService done
Event: 4.769 loading class java/util/concurrent/Executors$FinalizableDelegatedExecutorService done
Event: 5.034 Thread 0x00000190dedb7b10 Thread added: 0x00000190dedb7b10
Event: 5.092 Thread 0x00000190dedbb4d0 Thread added: 0x00000190dedbb4d0
Event: 5.137 Thread 0x00000190dedb4fc0 Thread added: 0x00000190dedb4fc0
Event: 5.356 loading class java/lang/Class$EnclosingMethodInfo
Event: 5.356 loading class java/lang/Class$EnclosingMethodInfo done
Event: 5.361 loading class sun/reflect/generics/tree/IntSignature
Event: 5.361 loading class sun/reflect/generics/tree/IntSignature done
Event: 5.361 loading class sun/reflect/generics/tree/ArrayTypeSignature
Event: 5.362 loading class sun/reflect/generics/tree/ArrayTypeSignature done
Event: 5.369 loading class java/lang/SafeVarargs
Event: 5.369 loading class java/lang/SafeVarargs done
Event: 5.379 loading class java/util/regex/Pattern$GroupCurly
Event: 5.379 loading class java/util/regex/Pattern$GroupCurly done
Event: 5.471 Thread 0x00000190dedb7fe0 Thread added: 0x00000190dedb7fe0
Event: 5.506 Thread 0x00000190dd202850 Thread exited: 0x00000190dd202850
Event: 5.508 Thread 0x00000190dedb9cc0 Thread added: 0x00000190dedb9cc0
Event: 5.659 Thread 0x00000190dff053e0 Thread added: 0x00000190dff053e0


Dynamic libraries:
0x00007ff78d7d0000 - 0x00007ff78d7da000 	C:\Program Files\Android\Android Studio1\jbr\bin\java.exe
0x00007ffed7a50000 - 0x00007ffed7c67000 	C:\WINDOWS\SYSTEM32\ntdll.dll
0x00007ffed66c0000 - 0x00007ffed6784000 	C:\WINDOWS\System32\KERNEL32.DLL
0x00007ffed5180000 - 0x00007ffed5526000 	C:\WINDOWS\System32\KERNELBASE.dll
0x00007ffed5560000 - 0x00007ffed5671000 	C:\WINDOWS\System32\ucrtbase.dll
0x00007ffeb59d0000 - 0x00007ffeb59e7000 	C:\Program Files\Android\Android Studio1\jbr\bin\jli.dll
0x00007ffed0320000 - 0x00007ffed033b000 	C:\Program Files\Android\Android Studio1\jbr\bin\VCRUNTIME140.dll
0x00007ffed5920000 - 0x00007ffed5ace000 	C:\WINDOWS\System32\USER32.dll
0x00007ffed4d90000 - 0x00007ffed4db6000 	C:\WINDOWS\System32\win32u.dll
0x00007ffeb78e0000 - 0x00007ffeb7b73000 	C:\WINDOWS\WinSxS\amd64_microsoft.windows.common-controls_6595b64144ccf1df_6.0.22621.2506_none_270c5ae97388e100\COMCTL32.dll
0x00007ffed57a0000 - 0x00007ffed57c9000 	C:\WINDOWS\System32\GDI32.dll
0x00007ffed5680000 - 0x00007ffed5798000 	C:\WINDOWS\System32\gdi32full.dll
0x00007ffed7070000 - 0x00007ffed7117000 	C:\WINDOWS\System32\msvcrt.dll
0x00007ffed50e0000 - 0x00007ffed517a000 	C:\WINDOWS\System32\msvcp_win.dll
0x00007ffed78a0000 - 0x00007ffed78d1000 	C:\WINDOWS\System32\IMM32.DLL
0x00007ffed0290000 - 0x00007ffed029c000 	C:\Program Files\Android\Android Studio1\jbr\bin\vcruntime140_1.dll
0x00007ffeb6950000 - 0x00007ffeb69dd000 	C:\Program Files\Android\Android Studio1\jbr\bin\msvcp140.dll
0x00007ffe8bce0000 - 0x00007ffe8c960000 	C:\Program Files\Android\Android Studio1\jbr\bin\server\jvm.dll
0x00007ffed7200000 - 0x00007ffed72b3000 	C:\WINDOWS\System32\ADVAPI32.dll
0x00007ffed7960000 - 0x00007ffed7a08000 	C:\WINDOWS\System32\sechost.dll
0x00007ffed5530000 - 0x00007ffed5558000 	C:\WINDOWS\System32\bcrypt.dll
0x00007ffed65a0000 - 0x00007ffed66b7000 	C:\WINDOWS\System32\RPCRT4.dll
0x00007ffece8b0000 - 0x00007ffece8ba000 	C:\WINDOWS\SYSTEM32\VERSION.dll
0x00007ffece160000 - 0x00007ffece194000 	C:\WINDOWS\SYSTEM32\WINMM.dll
0x00007ffe6d2d0000 - 0x00007ffe6d2d9000 	C:\WINDOWS\SYSTEM32\WSOCK32.dll
0x00007ffed58a0000 - 0x00007ffed5911000 	C:\WINDOWS\System32\WS2_32.dll
0x00007ffed3d80000 - 0x00007ffed3d98000 	C:\WINDOWS\SYSTEM32\kernel.appcore.dll
0x00007ffed02b0000 - 0x00007ffed02ba000 	C:\Program Files\Android\Android Studio1\jbr\bin\jimage.dll
0x00007ffec7870000 - 0x00007ffec7aa3000 	C:\WINDOWS\SYSTEM32\DBGHELP.DLL
0x00007ffed6110000 - 0x00007ffed6499000 	C:\WINDOWS\System32\combase.dll
0x00007ffed7120000 - 0x00007ffed71f7000 	C:\WINDOWS\System32\OLEAUT32.dll
0x00007ffeb00d0000 - 0x00007ffeb0102000 	C:\WINDOWS\SYSTEM32\dbgcore.DLL
0x00007ffed4f30000 - 0x00007ffed4faa000 	C:\WINDOWS\System32\bcryptPrimitives.dll
0x00007ffeb6330000 - 0x00007ffeb633e000 	C:\Program Files\Android\Android Studio1\jbr\bin\instrument.dll
0x00007ffebbba0000 - 0x00007ffebbbc5000 	C:\Program Files\Android\Android Studio1\jbr\bin\java.dll
0x00007ffeb6570000 - 0x00007ffeb6588000 	C:\Program Files\Android\Android Studio1\jbr\bin\zip.dll
0x00007ffed6810000 - 0x00007ffed706a000 	C:\WINDOWS\System32\SHELL32.dll
0x00007ffed2c90000 - 0x00007ffed3586000 	C:\WINDOWS\SYSTEM32\windows.storage.dll
0x00007ffed2b50000 - 0x00007ffed2c8e000 	C:\WINDOWS\SYSTEM32\wintypes.dll
0x00007ffed75c0000 - 0x00007ffed76b3000 	C:\WINDOWS\System32\SHCORE.dll
0x00007ffed64a0000 - 0x00007ffed64fe000 	C:\WINDOWS\System32\shlwapi.dll
0x00007ffed4cc0000 - 0x00007ffed4ce6000 	C:\WINDOWS\SYSTEM32\profapi.dll
0x00007ffeb6310000 - 0x00007ffeb6329000 	C:\Program Files\Android\Android Studio1\jbr\bin\net.dll
0x00007ffece6b0000 - 0x00007ffece7e7000 	C:\WINDOWS\SYSTEM32\WINHTTP.dll
0x00007ffed4200000 - 0x00007ffed4269000 	C:\WINDOWS\system32\mswsock.dll
0x00007ffeb5df0000 - 0x00007ffeb5e06000 	C:\Program Files\Android\Android Studio1\jbr\bin\nio.dll
0x00007ffeb7870000 - 0x00007ffeb7880000 	C:\Program Files\Android\Android Studio1\jbr\bin\verify.dll
0x00007ffebc030000 - 0x00007ffebc057000 	C:\Users\HP\.gradle\native\68d5fa5c4cc2d200863cafc0d521ce42e7d3e7ee720ec0a83991735586a16f82\windows-amd64\native-platform.dll
0x00007ffeb4450000 - 0x00007ffeb4594000 	C:\Users\HP\.gradle\native\e376f236ea51e6404a007f0833ffe2c6e607c4080706a723a18a27aeea778392\windows-amd64\native-platform-file-events.dll
0x00007ffeb7040000 - 0x00007ffeb7049000 	C:\Program Files\Android\Android Studio1\jbr\bin\management.dll
0x00007ffeb6340000 - 0x00007ffeb634b000 	C:\Program Files\Android\Android Studio1\jbr\bin\management_ext.dll
0x00007ffed76c0000 - 0x00007ffed76c8000 	C:\WINDOWS\System32\PSAPI.DLL
0x00007ffed4470000 - 0x00007ffed448b000 	C:\WINDOWS\SYSTEM32\CRYPTSP.dll
0x00007ffed3ce0000 - 0x00007ffed3d15000 	C:\WINDOWS\system32\rsaenh.dll
0x00007ffed4310000 - 0x00007ffed433c000 	C:\WINDOWS\SYSTEM32\USERENV.dll
0x00007ffed4490000 - 0x00007ffed449c000 	C:\WINDOWS\SYSTEM32\CRYPTBASE.dll
0x00007ffed37f0000 - 0x00007ffed381d000 	C:\WINDOWS\SYSTEM32\IPHLPAPI.DLL
0x00007ffed6800000 - 0x00007ffed6809000 	C:\WINDOWS\System32\NSI.dll
0x00007ffece680000 - 0x00007ffece699000 	C:\WINDOWS\SYSTEM32\dhcpcsvc6.DLL
0x00007ffece4f0000 - 0x00007ffece50f000 	C:\WINDOWS\SYSTEM32\dhcpcsvc.DLL
0x00007ffed3860000 - 0x00007ffed3959000 	C:\WINDOWS\SYSTEM32\DNSAPI.dll
0x00007ffebbc30000 - 0x00007ffebbc38000 	C:\WINDOWS\system32\wshunix.dll

dbghelp: loaded successfully - version: 4.0.5 - missing functions: none
symbol engine: initialized successfully - sym options: 0x614 - pdb path: .;C:\Program Files\Android\Android Studio1\jbr\bin;C:\WINDOWS\SYSTEM32;C:\WINDOWS\WinSxS\amd64_microsoft.windows.common-controls_6595b64144ccf1df_6.0.22621.2506_none_270c5ae97388e100;C:\Program Files\Android\Android Studio1\jbr\bin\server;C:\Users\HP\.gradle\native\68d5fa5c4cc2d200863cafc0d521ce42e7d3e7ee720ec0a83991735586a16f82\windows-amd64;C:\Users\HP\.gradle\native\e376f236ea51e6404a007f0833ffe2c6e607c4080706a723a18a27aeea778392\windows-amd64

VM Arguments:
jvm_args: --add-opens=java.base/java.util=ALL-UNNAMED --add-opens=java.base/java.lang=ALL-UNNAMED --add-opens=java.base/java.lang.invoke=ALL-UNNAMED --add-opens=java.prefs/java.util.prefs=ALL-UNNAMED --add-opens=java.base/java.nio.charset=ALL-UNNAMED --add-opens=java.base/java.net=ALL-UNNAMED --add-opens=java.base/java.util.concurrent.atomic=ALL-UNNAMED -Xmx2048m -Dfile.encoding=UTF-8 -Duser.country=US -Duser.language=en -Duser.variant -javaagent:C:\Users\HP\.gradle\wrapper\dists\gradle-8.2-bin\bbg7u40eoinfdyxsxr3z4i7ta\gradle-8.2\lib\agents\gradle-instrumentation-agent-8.2.jar 
java_command: org.gradle.launcher.daemon.bootstrap.GradleDaemon 8.2
java_class_path (initial): C:\Users\HP\.gradle\wrapper\dists\gradle-8.2-bin\bbg7u40eoinfdyxsxr3z4i7ta\gradle-8.2\lib\gradle-launcher-8.2.jar
Launcher Type: SUN_STANDARD

[Global flags]
     intx CICompilerCount                          = 4                                         {product} {ergonomic}
     uint ConcGCThreads                            = 2                                         {product} {ergonomic}
     uint G1ConcRefinementThreads                  = 8                                         {product} {ergonomic}
   size_t G1HeapRegionSize                         = 1048576                                   {product} {ergonomic}
    uintx GCDrainStackTargetSize                   = 64                                        {product} {ergonomic}
   size_t InitialHeapSize                          = 132120576                                 {product} {ergonomic}
   size_t MarkStackSize                            = 4194304                                   {product} {ergonomic}
   size_t MaxHeapSize                              = 2147483648                                {product} {command line}
   size_t MaxNewSize                               = 1287651328                                {product} {ergonomic}
   size_t MinHeapDeltaBytes                        = 1048576                                   {product} {ergonomic}
   size_t MinHeapSize                              = 8388608                                   {product} {ergonomic}
    uintx NonNMethodCodeHeapSize                   = 5839372                                {pd product} {ergonomic}
    uintx NonProfiledCodeHeapSize                  = 122909434                              {pd product} {ergonomic}
    uintx ProfiledCodeHeapSize                     = 122909434                              {pd product} {ergonomic}
    uintx ReservedCodeCacheSize                    = 251658240                              {pd product} {ergonomic}
     bool SegmentedCodeCache                       = true                                      {product} {ergonomic}
   size_t SoftMaxHeapSize                          = 2147483648                             {manageable} {ergonomic}
     bool UseCompressedClassPointers               = true                           {product lp64_product} {ergonomic}
     bool UseCompressedOops                        = true                           {product lp64_product} {ergonomic}
     bool UseG1GC                                  = true                                      {product} {ergonomic}
     bool UseLargePagesIndividualAllocation        = false                                  {pd product} {ergonomic}

Logging:
Log output configuration:
 #0: stdout all=warning uptime,level,tags
 #1: stderr all=off uptime,level,tags

Environment Variables:
PATH=C:\Program Files\Common Files\Oracle\Java\javapath;C:\WINDOWS\system32;C:\WINDOWS;C:\WINDOWS\System32\Wbem;C:\WINDOWS\System32\WindowsPowerShell\v1.0\;C:\WINDOWS\System32\OpenSSH\;C:\Program Files\Java\jdk-21\bin;C:\Program Files\Git\cmd;C:\Program Files (x86)\Microsoft Visual Studio\Common\Tools\WinNT;C:\Program Files (x86)\Microsoft Visual Studio\Common\MSDev98\Bin;C:\Program Files (x86)\Microsoft Visual Studio\Common\Tools;C:\Program Files (x86)\Microsoft Visual Studio\VC98\bin;C:\Users\HP\AppData\Local\Microsoft\WindowsApps;C:\Users\HP\AppData\Local\Programs\Microsoft VS Code\bin;C:\Program Files\Java\jdk-21\bin;
USERNAME=HP
OS=Windows_NT
PROCESSOR_IDENTIFIER=Intel64 Family 6 Model 126 Stepping 5, GenuineIntel
TMP=C:\Users\HP\AppData\Local\Temp
TEMP=C:\Users\HP\AppData\Local\Temp


JNI global refs:
JNI global refs: 25, weak refs: 0

JNI global refs memory usage: 843, weak refs: 841

OOME stack traces (most recent first):
Classloader memory used:
Loader bootstrap                                                                       : 1919K
Loader org.gradle.internal.classloader.VisitableURLClassLoader                         : 1855K
Loader org.gradle.initialization.MixInLegacyTypesClassLoader                           : 405K
Loader org.gradle.internal.classloader.VisitableURLClassLoader                         : 52200B
Loader jdk.internal.loader.ClassLoaders$AppClassLoader                                 : 28352B
Loader jdk.internal.reflect.DelegatingClassLoader                                      : 21138B
Loader jdk.internal.loader.ClassLoaders$PlatformClassLoader                            : 14828B

Classes loaded by more than one classloader:
Class org.gradle.api.GradleException                                                  : loaded 3 times (x 80B)
Class org.gradle.util.GradleVersion                                                   : loaded 2 times (x 81B)
Class org.gradle.internal.classpath.ClassPath                                         : loaded 2 times (x 68B)
Class org.gradle.api.internal.classpath.DefaultModuleRegistry                         : loaded 2 times (x 84B)
Class org.gradle.api.Action                                                           : loaded 2 times (x 68B)
Class org.gradle.api.internal.DefaultClassPathProvider                                : loaded 2 times (x 74B)
Class org.gradle.internal.installation.GradleInstallation$1                           : loaded 2 times (x 73B)
Class org.gradle.internal.exceptions.DefaultMultiCauseException                       : loaded 2 times (x 85B)
Class org.gradle.internal.time.MonotonicClock                                         : loaded 2 times (x 75B)
Class org.gradle.internal.classloader.FilteringClassLoader                            : loaded 2 times (x 102B)
Class org.gradle.internal.classpath.DefaultClassPath$ImmutableUniqueList$Builder      : loaded 2 times (x 73B)
Class org.gradle.internal.classloader.ClassLoaderVisitor                              : loaded 2 times (x 74B)
Class org.gradle.internal.time.DefaultCountdownTimer                                  : loaded 2 times (x 86B)
Class org.gradle.internal.service.DefaultServiceLocator                               : loaded 2 times (x 81B)
Class org.gradle.internal.service.UnknownServiceException                             : loaded 2 times (x 81B)
Class org.gradle.internal.classloader.DefaultClassLoaderFactory                       : loaded 2 times (x 80B)
Class org.gradle.internal.classloader.VisitableURLClassLoader$Spec                    : loaded 2 times (x 72B)
Class org.gradle.tooling.model.ProjectModel                                           : loaded 2 times (x 68B)
Class org.gradle.internal.installation.GradleInstallation                             : loaded 2 times (x 73B)
Class org.gradle.api.internal.classpath.ModuleRegistry                                : loaded 2 times (x 68B)
Class org.gradle.api.internal.ClassPathProvider                                       : loaded 2 times (x 68B)
Class org.gradle.internal.classloader.ClasspathUtil$1                                 : loaded 2 times (x 74B)
Class org.gradle.internal.classloader.ClassLoaderFactory                              : loaded 2 times (x 68B)
Class org.gradle.api.internal.classpath.ManifestUtil                                  : loaded 2 times (x 69B)
Class org.gradle.api.specs.Spec                                                       : loaded 2 times (x 68B)
Class org.gradle.internal.IoActions                                                   : loaded 2 times (x 69B)
Class org.gradle.api.internal.classpath.EffectiveClassPath                            : loaded 2 times (x 88B)
Class org.gradle.internal.installation.CurrentGradleInstallation                      : loaded 2 times (x 71B)
Class org.gradle.internal.agents.InstrumentingClassLoader                             : loaded 2 times (x 68B)
Class org.gradle.internal.installation.CurrentGradleInstallationLocator               : loaded 2 times (x 69B)
Class org.gradle.api.internal.classpath.Module                                        : loaded 2 times (x 68B)
Class org.gradle.internal.service.CachingServiceLocator                               : loaded 2 times (x 80B)
Class org.gradle.internal.time.Timer                                                  : loaded 2 times (x 68B)
Class org.gradle.internal.classpath.DefaultClassPath                                  : loaded 2 times (x 88B)
Class org.gradle.internal.time.Time                                                   : loaded 2 times (x 69B)
Class org.gradle.internal.time.TimeSource$1                                           : loaded 2 times (x 75B)
Class org.gradle.internal.classloader.SystemClassLoaderSpec                           : loaded 2 times (x 69B)
Class kotlin.Function                                                                 : loaded 2 times (x 68B)
Class org.gradle.api.UncheckedIOException                                             : loaded 2 times (x 80B)
Class org.gradle.internal.time.CountdownTimer                                         : loaded 2 times (x 68B)
Class org.gradle.internal.time.Clock                                                  : loaded 2 times (x 68B)
Class org.gradle.internal.classloader.ClasspathUtil                                   : loaded 2 times (x 69B)
Class org.gradle.api.internal.DefaultClassPathRegistry                                : loaded 2 times (x 74B)
Class org.gradle.api.internal.classpath.DefaultModuleRegistry$DefaultModule           : loaded 2 times (x 84B)
Class org.gradle.internal.time.TimeSource                                             : loaded 2 times (x 68B)
Class org.gradle.api.internal.classpath.UnknownModuleException                        : loaded 2 times (x 80B)
Class org.gradle.internal.service.ServiceLookupException                              : loaded 2 times (x 80B)
Class org.gradle.cache.GlobalCache                                                    : loaded 2 times (x 68B)
Class [Lorg.gradle.api.internal.ClassPathProvider;                                    : loaded 2 times (x 67B)
Class org.gradle.internal.operations.MultipleBuildOperationFailures                   : loaded 2 times (x 85B)
Class org.gradle.util.internal.GUtil                                                  : loaded 2 times (x 69B)
Class org.gradle.internal.classloader.ClassLoaderSpec                                 : loaded 2 times (x 69B)
Class org.gradle.internal.classloader.VisitableURLClassLoader                         : loaded 2 times (x 114B)
Class org.gradle.internal.Cast                                                        : loaded 2 times (x 69B)
Class org.gradle.api.internal.ClassPathRegistry                                       : loaded 2 times (x 68B)
Class org.gradle.internal.classloader.VisitableURLClassLoader$InstrumentingVisitableURLClassLoader: loaded 2 times (x 120B)
Class org.gradle.internal.classloader.ClassLoaderHierarchy                            : loaded 2 times (x 68B)
Class org.gradle.internal.exceptions.MultiCauseException                              : loaded 2 times (x 68B)
Class org.gradle.internal.InternalTransformer                                         : loaded 2 times (x 68B)
Class org.gradle.internal.service.ServiceLocator                                      : loaded 2 times (x 68B)
Class org.gradle.internal.classpath.DefaultClassPath$ImmutableUniqueList              : loaded 2 times (x 159B)
Class org.gradle.internal.time.DefaultTimer                                           : loaded 2 times (x 78B)
Class org.gradle.internal.classpath.TransformedClassPath                              : loaded 2 times (x 94B)


---------------  S Y S T E M  ---------------

OS:
 Windows 11 , 64 bit Build 22621 (10.0.22621.2506)
OS uptime: 0 days 2:20 hours
Hyper-V role detected

CPU: total 8 (initial active 8) (4 cores per cpu, 2 threads per core) family 6 model 126 stepping 5 microcode 0xa6, cx8, cmov, fxsr, ht, mmx, 3dnowpref, sse, sse2, sse3, ssse3, sse4.1, sse4.2, popcnt, lzcnt, tsc, tscinvbit, avx, avx2, aes, erms, clmul, bmi1, bmi2, adx, avx512f, avx512dq, avx512cd, avx512bw, avx512vl, sha, fma, vzeroupper, avx512_vpopcntdq, avx512_vpclmulqdq, avx512_vaes, avx512_vnni, clflush, clflushopt, avx512_vbmi2, avx512_vbmi, hv

Memory: 4k page, system-wide physical 7973M (415M free)
TotalPageFile size 10021M (AvailPageFile size 1M)
current process WorkingSet (physical memory assigned to process): 237M, peak: 237M
current process commit charge ("private bytes"): 286M, peak: 293M

vm_info: OpenJDK 64-Bit Server VM (17.0.7+0-b2043.56-10550314) for windows-amd64 JRE (17.0.7+0-b2043.56-10550314), built on Jul 24 2023 18:27:45 by "androidbuild" with MS VC++ 16.10 / 16.11 (VS2019)

END.
