#
# There is insufficient memory for the Java Runtime Environment to continue.
# Native memory allocation (malloc) failed to allocate 650576 bytes for Chunk::new
# Possible reasons:
#   The system is out of physical RAM or swap space
#   The process is running with CompressedOops enabled, and the Java Heap may be blocking the growth of the native heap
# Possible solutions:
#   Reduce memory load on the system
#   Increase physical memory or swap space
#   Check if swap backing store is full
#   Decrease Java heap size (-Xmx/-Xms)
#   Decrease number of Java threads
#   Decrease Java thread stack sizes (-Xss)
#   Set larger code cache with -XX:ReservedCodeCacheSize=
#   JVM is running with Unscaled Compressed Oops mode in which the Java heap is
#     placed in the first 4GB address space. The Java Heap base address is the
#     maximum limit for the native heap growth. Please use -XX:HeapBaseMinAddress
#     to set the Java Heap base and to place the Java Heap above 4GB virtual address.
# This output file may be truncated or incomplete.
#
#  Out of Memory Error (arena.cpp:191), pid=9124, tid=14200
#
# JRE version: OpenJDK Runtime Environment (17.0.9) (build 17.0.9+0--11185874)
# Java VM: OpenJDK 64-Bit Server VM (17.0.9+0--11185874, mixed mode, tiered, compressed oops, compressed class ptrs, g1 gc, windows-amd64)
# No core dump will be written. Minidumps are not enabled by default on client versions of Windows
#

---------------  S U M M A R Y ------------

Command Line: --add-opens=java.base/java.util=ALL-UNNAMED --add-opens=java.base/java.lang=ALL-UNNAMED --add-opens=java.base/java.lang.invoke=ALL-UNNAMED --add-opens=java.prefs/java.util.prefs=ALL-UNNAMED --add-opens=java.base/java.nio.charset=ALL-UNNAMED --add-opens=java.base/java.net=ALL-UNNAMED --add-opens=java.base/java.util.concurrent.atomic=ALL-UNNAMED -Xmx2048m -Dfile.encoding=UTF-8 -Duser.country=US -Duser.language=en -Duser.variant -javaagent:C:\Users\HP\.gradle\wrapper\dists\gradle-8.4-bin\1w5dpkrfk8irigvoxmyhowfim\gradle-8.4\lib\agents\gradle-instrumentation-agent-8.4.jar org.gradle.launcher.daemon.bootstrap.GradleDaemon 8.4

Host: Intel(R) Core(TM) i5-1035G1 CPU @ 1.00GHz, 8 cores, 7G,  Windows 11 , 64 bit Build 22621 (10.0.22621.3374)
Time: Thu Apr 25 20:41:41 2024 Pakistan Standard Time elapsed time: 4.535436 seconds (0d 0h 0m 4s)

---------------  T H R E A D  ---------------

Current thread (0x000001c58fafd660):  JavaThread "C2 CompilerThread0" daemon [_thread_in_native, id=14200, stack(0x0000007c54500000,0x0000007c54600000)]


Current CompileTask:
C2:   4535 2235   !   4       java.net.URLClassLoader::findClass (47 bytes)

Stack: [0x0000007c54500000,0x0000007c54600000]
Native frames: (J=compiled Java code, j=interpreted, Vv=VM code, C=native code)
V  [jvm.dll+0x6886e9]
V  [jvm.dll+0x841e4a]
V  [jvm.dll+0x843a8e]
V  [jvm.dll+0x8440f3]
V  [jvm.dll+0x24c14f]
V  [jvm.dll+0xac44c]
V  [jvm.dll+0xaca9c]
V  [jvm.dll+0x2b376f]
V  [jvm.dll+0x590767]
V  [jvm.dll+0x226762]
V  [jvm.dll+0x21f48d]
V  [jvm.dll+0x21d0c1]
V  [jvm.dll+0x1a674d]
V  [jvm.dll+0x22d088]
V  [jvm.dll+0x22b1c0]
V  [jvm.dll+0x7f62f7]
V  [jvm.dll+0x7f06aa]
V  [jvm.dll+0x687565]
C  [ucrtbase.dll+0x29333]
C  [KERNEL32.DLL+0x1257d]
C  [ntdll.dll+0x5aa48]


---------------  P R O C E S S  ---------------

Threads class SMR info:
_java_thread_list=0x000001c59672ae60, length=25, elements={
0x000001c5f5aae670, 0x000001c58f971990, 0x000001c58f972550, 0x000001c58fae6990,
0x000001c58faf6380, 0x000001c58faf7e70, 0x000001c58fafacf0, 0x000001c58fafd660,
0x000001c58fb29590, 0x000001c58fb33400, 0x000001c58fafb200, 0x000001c58faf8e90,
0x000001c58faf93a0, 0x000001c58fafb710, 0x000001c58fafbc20, 0x000001c58fafa2d0,
0x000001c58fafc640, 0x000001c58faf9dc0, 0x000001c58fafa7e0, 0x000001c595d875c0,
0x000001c595d8a350, 0x000001c595d89930, 0x000001c595d8b280, 0x000001c595d8bca0,
0x000001c595d89e40
}

Java Threads: ( => current thread )
  0x000001c5f5aae670 JavaThread "main" [_thread_blocked, id=16144, stack(0x0000007c53800000,0x0000007c53900000)]
  0x000001c58f971990 JavaThread "Reference Handler" daemon [_thread_blocked, id=2020, stack(0x0000007c53f00000,0x0000007c54000000)]
  0x000001c58f972550 JavaThread "Finalizer" daemon [_thread_blocked, id=5180, stack(0x0000007c54000000,0x0000007c54100000)]
  0x000001c58fae6990 JavaThread "Signal Dispatcher" daemon [_thread_blocked, id=6652, stack(0x0000007c54100000,0x0000007c54200000)]
  0x000001c58faf6380 JavaThread "Attach Listener" daemon [_thread_blocked, id=4692, stack(0x0000007c54200000,0x0000007c54300000)]
  0x000001c58faf7e70 JavaThread "Service Thread" daemon [_thread_blocked, id=7784, stack(0x0000007c54300000,0x0000007c54400000)]
  0x000001c58fafacf0 JavaThread "Monitor Deflation Thread" daemon [_thread_blocked, id=1816, stack(0x0000007c54400000,0x0000007c54500000)]
=>0x000001c58fafd660 JavaThread "C2 CompilerThread0" daemon [_thread_in_native, id=14200, stack(0x0000007c54500000,0x0000007c54600000)]
  0x000001c58fb29590 JavaThread "C1 CompilerThread0" daemon [_thread_in_native, id=15476, stack(0x0000007c54600000,0x0000007c54700000)]
  0x000001c58fb33400 JavaThread "Sweeper thread" daemon [_thread_blocked, id=11332, stack(0x0000007c54700000,0x0000007c54800000)]
  0x000001c58fafb200 JavaThread "Common-Cleaner" daemon [_thread_blocked, id=16308, stack(0x0000007c54800000,0x0000007c54900000)]
  0x000001c58faf8e90 JavaThread "Notification Thread" daemon [_thread_blocked, id=10400, stack(0x0000007c54900000,0x0000007c54a00000)]
  0x000001c58faf93a0 JavaThread "Daemon health stats" [_thread_blocked, id=4576, stack(0x0000007c55000000,0x0000007c55100000)]
  0x000001c58fafb710 JavaThread "Incoming local TCP Connector on port 50704" [_thread_in_native, id=3432, stack(0x0000007c55100000,0x0000007c55200000)]
  0x000001c58fafbc20 JavaThread "Daemon periodic checks" [_thread_blocked, id=15920, stack(0x0000007c55200000,0x0000007c55300000)]
  0x000001c58fafa2d0 JavaThread "Daemon" [_thread_blocked, id=4712, stack(0x0000007c55300000,0x0000007c55400000)]
  0x000001c58fafc640 JavaThread "Handler for socket connection from /127.0.0.1:50704 to /127.0.0.1:50705" [_thread_in_native, id=14372, stack(0x0000007c55400000,0x0000007c55500000)]
  0x000001c58faf9dc0 JavaThread "Cancel handler" [_thread_blocked, id=7652, stack(0x0000007c55500000,0x0000007c55600000)]
  0x000001c58fafa7e0 JavaThread "Daemon worker" [_thread_in_vm, id=14456, stack(0x0000007c55600000,0x0000007c55700000)]
  0x000001c595d875c0 JavaThread "Asynchronous log dispatcher for DefaultDaemonConnection: socket connection from /127.0.0.1:50704 to /127.0.0.1:50705" [_thread_blocked, id=8472, stack(0x0000007c54b00000,0x0000007c54c00000)]
  0x000001c595d8a350 JavaThread "Stdin handler" [_thread_blocked, id=8400, stack(0x0000007c55700000,0x0000007c55800000)]
  0x000001c595d89930 JavaThread "Daemon client event forwarder" [_thread_blocked, id=8404, stack(0x0000007c55800000,0x0000007c55900000)]
  0x000001c595d8b280 JavaThread "Cache worker for journal cache (C:\Users\HP\.gradle\caches\journal-1)" [_thread_blocked, id=3376, stack(0x0000007c55d00000,0x0000007c55e00000)]
  0x000001c595d8bca0 JavaThread "File lock request listener" [_thread_in_native, id=12764, stack(0x0000007c55e00000,0x0000007c55f00000)]
  0x000001c595d89e40 JavaThread "Cache worker for file hash cache (C:\Users\HP\.gradle\caches\8.4\fileHashes)" [_thread_blocked, id=8112, stack(0x0000007c55f00000,0x0000007c56000000)]

Other Threads:
  0x000001c58f96f440 VMThread "VM Thread" [stack: 0x0000007c53e00000,0x0000007c53f00000] [id=14528]
  0x000001c58fd9c830 WatcherThread [stack: 0x0000007c54a00000,0x0000007c54b00000] [id=3412]
  0x000001c5f5b07870 GCTaskThread "GC Thread#0" [stack: 0x0000007c53900000,0x0000007c53a00000] [id=3520]
  0x000001c59407f0a0 GCTaskThread "GC Thread#1" [stack: 0x0000007c54c00000,0x0000007c54d00000] [id=14056]
  0x000001c594c18050 GCTaskThread "GC Thread#2" [stack: 0x0000007c54d00000,0x0000007c54e00000] [id=4012]
  0x000001c594ef4d30 GCTaskThread "GC Thread#3" [stack: 0x0000007c54e00000,0x0000007c54f00000] [id=15952]
  0x000001c594be5510 GCTaskThread "GC Thread#4" [stack: 0x0000007c54f00000,0x0000007c55000000] [id=13128]
  0x000001c596121f40 GCTaskThread "GC Thread#5" [stack: 0x0000007c55900000,0x0000007c55a00000] [id=14672]
  0x000001c596122d00 GCTaskThread "GC Thread#6" [stack: 0x0000007c55a00000,0x0000007c55b00000] [id=1368]
  0x000001c5961219c0 GCTaskThread "GC Thread#7" [stack: 0x0000007c55b00000,0x0000007c55c00000] [id=7928]
  0x000001c5f5b187c0 ConcurrentGCThread "G1 Main Marker" [stack: 0x0000007c53a00000,0x0000007c53b00000] [id=8636]
  0x000001c5f5b191e0 ConcurrentGCThread "G1 Conc#0" [stack: 0x0000007c53b00000,0x0000007c53c00000] [id=11228]
  0x000001c596121180 ConcurrentGCThread "G1 Conc#1" [stack: 0x0000007c55c00000,0x0000007c55d00000] [id=14868]
  0x000001c5f5b5df70 ConcurrentGCThread "G1 Refine#0" [stack: 0x0000007c53c00000,0x0000007c53d00000] [id=6716]
  0x000001c5f5b5e9a0 ConcurrentGCThread "G1 Service" [stack: 0x0000007c53d00000,0x0000007c53e00000] [id=8452]

Threads with active compile tasks:
C2 CompilerThread0     4569 2235   !   4       java.net.URLClassLoader::findClass (47 bytes)

VM state: not at safepoint (normal execution)

VM Mutex/Monitor currently owned by a thread: None

Heap address: 0x0000000080000000, size: 2048 MB, Compressed Oops mode: 32-bit

CDS archive(s) not mapped
Compressed class space mapped at: 0x0000000100000000-0x0000000140000000, reserved size: 1073741824
Narrow klass base: 0x0000000000000000, Narrow klass shift: 3, Narrow klass range: 0x140000000

GC Precious Log:
 CPUs: 8 total, 8 available
 Memory: 7973M
 Large Page Support: Disabled
 NUMA Support: Disabled
 Compressed Oops: Enabled (32-bit)
 Heap Region Size: 1M
 Heap Min Capacity: 8M
 Heap Initial Capacity: 126M
 Heap Max Capacity: 2G
 Pre-touch: Disabled
 Parallel Workers: 8
 Concurrent Workers: 2
 Concurrent Refinement Workers: 8
 Periodic GC: Disabled

Heap:
 garbage-first heap   total 71680K, used 27961K [0x0000000080000000, 0x0000000100000000)
  region size 1024K, 10 young (10240K), 2 survivors (2048K)
 Metaspace       used 27514K, committed 27840K, reserved 1114112K
  class space    used 3590K, committed 3712K, reserved 1048576K

Heap Regions: E=young(eden), S=young(survivor), O=old, HS=humongous(starts), HC=humongous(continues), CS=collection set, F=free, OA=open archive, CA=closed archive, TAMS=top-at-mark-start (previous, next)
|   0|0x0000000080000000, 0x0000000080100000, 0x0000000080100000|100%|HS|  |TAMS 0x0000000080100000, 0x0000000080000000| Complete 
|   1|0x0000000080100000, 0x0000000080200000, 0x0000000080200000|100%|HC|  |TAMS 0x0000000080200000, 0x0000000080100000| Complete 
|   2|0x0000000080200000, 0x0000000080300000, 0x0000000080300000|100%|HC|  |TAMS 0x0000000080300000, 0x0000000080200000| Complete 
|   3|0x0000000080300000, 0x0000000080400000, 0x0000000080400000|100%|HC|  |TAMS 0x0000000080400000, 0x0000000080300000| Complete 
|   4|0x0000000080400000, 0x0000000080500000, 0x0000000080500000|100%| O|  |TAMS 0x0000000080500000, 0x0000000080400000| Untracked 
|   5|0x0000000080500000, 0x0000000080600000, 0x0000000080600000|100%| O|  |TAMS 0x0000000080600000, 0x0000000080500000| Untracked 
|   6|0x0000000080600000, 0x0000000080700000, 0x0000000080700000|100%| O|  |TAMS 0x0000000080700000, 0x0000000080600000| Untracked 
|   7|0x0000000080700000, 0x0000000080800000, 0x0000000080800000|100%| O|  |TAMS 0x0000000080800000, 0x0000000080700000| Untracked 
|   8|0x0000000080800000, 0x0000000080900000, 0x0000000080900000|100%| O|  |TAMS 0x0000000080900000, 0x0000000080800000| Untracked 
|   9|0x0000000080900000, 0x0000000080a00000, 0x0000000080a00000|100%| O|  |TAMS 0x0000000080a00000, 0x0000000080900000| Untracked 
|  10|0x0000000080a00000, 0x0000000080a73a00, 0x0000000080b00000| 45%| O|  |TAMS 0x0000000080a73a00, 0x0000000080a00000| Untracked 
|  11|0x0000000080b00000, 0x0000000080c00000, 0x0000000080c00000|100%| O|  |TAMS 0x0000000080b00000, 0x0000000080b00000| Untracked 
|  12|0x0000000080c00000, 0x0000000080d00000, 0x0000000080d00000|100%| O|  |TAMS 0x0000000080c00000, 0x0000000080c00000| Untracked 
|  13|0x0000000080d00000, 0x0000000080e00000, 0x0000000080e00000|100%| O|  |TAMS 0x0000000080d00000, 0x0000000080d00000| Untracked 
|  14|0x0000000080e00000, 0x0000000080f00000, 0x0000000080f00000|100%| O|  |TAMS 0x0000000080e00000, 0x0000000080e00000| Untracked 
|  15|0x0000000080f00000, 0x0000000081000000, 0x0000000081000000|100%| O|  |TAMS 0x0000000080f00000, 0x0000000080f00000| Untracked 
|  16|0x0000000081000000, 0x0000000081100000, 0x0000000081100000|100%| O|  |TAMS 0x0000000081000000, 0x0000000081000000| Untracked 
|  17|0x0000000081100000, 0x0000000081200000, 0x0000000081200000|100%| O|  |TAMS 0x0000000081100000, 0x0000000081100000| Untracked 
|  18|0x0000000081200000, 0x00000000812dac00, 0x0000000081300000| 85%| O|  |TAMS 0x0000000081200000, 0x0000000081200000| Untracked 
|  19|0x0000000081300000, 0x0000000081300000, 0x0000000081400000|  0%| F|  |TAMS 0x0000000081300000, 0x0000000081300000| Untracked 
|  20|0x0000000081400000, 0x0000000081400000, 0x0000000081500000|  0%| F|  |TAMS 0x0000000081400000, 0x0000000081400000| Untracked 
|  21|0x0000000081500000, 0x0000000081500000, 0x0000000081600000|  0%| F|  |TAMS 0x0000000081500000, 0x0000000081500000| Untracked 
|  22|0x0000000081600000, 0x0000000081600000, 0x0000000081700000|  0%| F|  |TAMS 0x0000000081600000, 0x0000000081600000| Untracked 
|  23|0x0000000081700000, 0x0000000081700000, 0x0000000081800000|  0%| F|  |TAMS 0x0000000081700000, 0x0000000081700000| Untracked 
|  24|0x0000000081800000, 0x0000000081800000, 0x0000000081900000|  0%| F|  |TAMS 0x0000000081800000, 0x0000000081800000| Untracked 
|  25|0x0000000081900000, 0x0000000081900000, 0x0000000081a00000|  0%| F|  |TAMS 0x0000000081900000, 0x0000000081900000| Untracked 
|  26|0x0000000081a00000, 0x0000000081b00000, 0x0000000081b00000|100%| S|CS|TAMS 0x0000000081a00000, 0x0000000081a00000| Complete 
|  27|0x0000000081b00000, 0x0000000081c00000, 0x0000000081c00000|100%| S|CS|TAMS 0x0000000081b00000, 0x0000000081b00000| Complete 
|  28|0x0000000081c00000, 0x0000000081c00000, 0x0000000081d00000|  0%| F|  |TAMS 0x0000000081c00000, 0x0000000081c00000| Untracked 
|  29|0x0000000081d00000, 0x0000000081d00000, 0x0000000081e00000|  0%| F|  |TAMS 0x0000000081d00000, 0x0000000081d00000| Untracked 
|  30|0x0000000081e00000, 0x0000000081e00000, 0x0000000081f00000|  0%| F|  |TAMS 0x0000000081e00000, 0x0000000081e00000| Untracked 
|  31|0x0000000081f00000, 0x0000000081f00000, 0x0000000082000000|  0%| F|  |TAMS 0x0000000081f00000, 0x0000000081f00000| Untracked 
|  32|0x0000000082000000, 0x0000000082000000, 0x0000000082100000|  0%| F|  |TAMS 0x0000000082000000, 0x0000000082000000| Untracked 
|  33|0x0000000082100000, 0x0000000082100000, 0x0000000082200000|  0%| F|  |TAMS 0x0000000082100000, 0x0000000082100000| Untracked 
|  34|0x0000000082200000, 0x0000000082200000, 0x0000000082300000|  0%| F|  |TAMS 0x0000000082200000, 0x0000000082200000| Untracked 
|  35|0x0000000082300000, 0x0000000082300000, 0x0000000082400000|  0%| F|  |TAMS 0x0000000082300000, 0x0000000082300000| Untracked 
|  36|0x0000000082400000, 0x0000000082400000, 0x0000000082500000|  0%| F|  |TAMS 0x0000000082400000, 0x0000000082400000| Untracked 
|  37|0x0000000082500000, 0x0000000082500000, 0x0000000082600000|  0%| F|  |TAMS 0x0000000082500000, 0x0000000082500000| Untracked 
|  38|0x0000000082600000, 0x0000000082600000, 0x0000000082700000|  0%| F|  |TAMS 0x0000000082600000, 0x0000000082600000| Untracked 
|  39|0x0000000082700000, 0x0000000082700000, 0x0000000082800000|  0%| F|  |TAMS 0x0000000082700000, 0x0000000082700000| Untracked 
|  40|0x0000000082800000, 0x0000000082800000, 0x0000000082900000|  0%| F|  |TAMS 0x0000000082800000, 0x0000000082800000| Untracked 
|  41|0x0000000082900000, 0x0000000082900000, 0x0000000082a00000|  0%| F|  |TAMS 0x0000000082900000, 0x0000000082900000| Untracked 
|  42|0x0000000082a00000, 0x0000000082a00000, 0x0000000082b00000|  0%| F|  |TAMS 0x0000000082a00000, 0x0000000082a00000| Untracked 
|  43|0x0000000082b00000, 0x0000000082b00000, 0x0000000082c00000|  0%| F|  |TAMS 0x0000000082b00000, 0x0000000082b00000| Untracked 
|  44|0x0000000082c00000, 0x0000000082c00000, 0x0000000082d00000|  0%| F|  |TAMS 0x0000000082c00000, 0x0000000082c00000| Untracked 
|  45|0x0000000082d00000, 0x0000000082d00000, 0x0000000082e00000|  0%| F|  |TAMS 0x0000000082d00000, 0x0000000082d00000| Untracked 
|  46|0x0000000082e00000, 0x0000000082e00000, 0x0000000082f00000|  0%| F|  |TAMS 0x0000000082e00000, 0x0000000082e00000| Untracked 
|  47|0x0000000082f00000, 0x0000000082f00000, 0x0000000083000000|  0%| F|  |TAMS 0x0000000082f00000, 0x0000000082f00000| Untracked 
|  48|0x0000000083000000, 0x0000000083000000, 0x0000000083100000|  0%| F|  |TAMS 0x0000000083000000, 0x0000000083000000| Untracked 
|  49|0x0000000083100000, 0x0000000083100000, 0x0000000083200000|  0%| F|  |TAMS 0x0000000083100000, 0x0000000083100000| Untracked 
|  50|0x0000000083200000, 0x0000000083200000, 0x0000000083300000|  0%| F|  |TAMS 0x0000000083200000, 0x0000000083200000| Untracked 
|  51|0x0000000083300000, 0x0000000083300000, 0x0000000083400000|  0%| F|  |TAMS 0x0000000083300000, 0x0000000083300000| Untracked 
|  52|0x0000000083400000, 0x0000000083400000, 0x0000000083500000|  0%| F|  |TAMS 0x0000000083400000, 0x0000000083400000| Untracked 
|  53|0x0000000083500000, 0x0000000083500000, 0x0000000083600000|  0%| F|  |TAMS 0x0000000083500000, 0x0000000083500000| Untracked 
|  54|0x0000000083600000, 0x0000000083600000, 0x0000000083700000|  0%| F|  |TAMS 0x0000000083600000, 0x0000000083600000| Untracked 
|  55|0x0000000083700000, 0x0000000083700000, 0x0000000083800000|  0%| F|  |TAMS 0x0000000083700000, 0x0000000083700000| Untracked 
|  56|0x0000000083800000, 0x0000000083800000, 0x0000000083900000|  0%| F|  |TAMS 0x0000000083800000, 0x0000000083800000| Untracked 
|  57|0x0000000083900000, 0x0000000083900000, 0x0000000083a00000|  0%| F|  |TAMS 0x0000000083900000, 0x0000000083900000| Untracked 
|  58|0x0000000083a00000, 0x0000000083a00000, 0x0000000083b00000|  0%| F|  |TAMS 0x0000000083a00000, 0x0000000083a00000| Untracked 
|  59|0x0000000083b00000, 0x0000000083b00000, 0x0000000083c00000|  0%| F|  |TAMS 0x0000000083b00000, 0x0000000083b00000| Untracked 
|  70|0x0000000084600000, 0x0000000084600000, 0x0000000084700000|  0%| F|  |TAMS 0x0000000084600000, 0x0000000084600000| Untracked 
|  71|0x0000000084700000, 0x0000000084700000, 0x0000000084800000|  0%| F|  |TAMS 0x0000000084700000, 0x0000000084700000| Untracked 
|  72|0x0000000084800000, 0x00000000848981c8, 0x0000000084900000| 59%| E|  |TAMS 0x0000000084800000, 0x0000000084800000| Complete 
|  73|0x0000000084900000, 0x0000000084a00000, 0x0000000084a00000|100%| E|CS|TAMS 0x0000000084900000, 0x0000000084900000| Complete 
|  74|0x0000000084a00000, 0x0000000084b00000, 0x0000000084b00000|100%| E|CS|TAMS 0x0000000084a00000, 0x0000000084a00000| Complete 
|  75|0x0000000084b00000, 0x0000000084c00000, 0x0000000084c00000|100%| E|CS|TAMS 0x0000000084b00000, 0x0000000084b00000| Complete 
|  76|0x0000000084c00000, 0x0000000084d00000, 0x0000000084d00000|100%| E|CS|TAMS 0x0000000084c00000, 0x0000000084c00000| Complete 
|  77|0x0000000084d00000, 0x0000000084e00000, 0x0000000084e00000|100%| E|CS|TAMS 0x0000000084d00000, 0x0000000084d00000| Complete 
|  78|0x0000000084e00000, 0x0000000084f00000, 0x0000000084f00000|100%| E|CS|TAMS 0x0000000084e00000, 0x0000000084e00000| Complete 
| 125|0x0000000087d00000, 0x0000000087e00000, 0x0000000087e00000|100%| E|CS|TAMS 0x0000000087d00000, 0x0000000087d00000| Complete 

Card table byte_map: [0x000001c5f96b0000,0x000001c5f9ab0000] _byte_map_base: 0x000001c5f92b0000

Marking Bits (Prev, Next): (CMBitMap*) 0x000001c5f5b07ed0, (CMBitMap*) 0x000001c5f5b07e90
 Prev Bits: [0x000001c5fbeb0000, 0x000001c5fdeb0000)
 Next Bits: [0x000001c5f9eb0000, 0x000001c5fbeb0000)

Polling page: 0x000001c5f39c0000

Metaspace:

Usage:
  Non-class:     23.37 MB used.
      Class:      3.51 MB used.
       Both:     26.88 MB used.

Virtual space:
  Non-class space:       64.00 MB reserved,      23.56 MB ( 37%) committed,  1 nodes.
      Class space:        1.00 GB reserved,       3.62 MB ( <1%) committed,  1 nodes.
             Both:        1.06 GB reserved,      27.19 MB (  2%) committed. 

Chunk freelists:
   Non-Class:  7.61 MB
       Class:  12.34 MB
        Both:  19.95 MB

MaxMetaspaceSize: unlimited
CompressedClassSpaceSize: 1.00 GB
Initial GC threshold: 21.00 MB
Current GC threshold: 35.25 MB
CDS: off
MetaspaceReclaimPolicy: balanced
 - commit_granule_bytes: 65536.
 - commit_granule_words: 8192.
 - virtual_space_node_default_size: 8388608.
 - enlarge_chunks_in_place: 1.
 - new_chunks_are_fully_committed: 0.
 - uncommit_free_chunks: 1.
 - use_allocation_guard: 0.
 - handle_deallocations: 1.


Internal statistics:

num_allocs_failed_limit: 3.
num_arena_births: 218.
num_arena_deaths: 0.
num_vsnodes_births: 2.
num_vsnodes_deaths: 0.
num_space_committed: 435.
num_space_uncommitted: 0.
num_chunks_returned_to_freelist: 3.
num_chunks_taken_from_freelist: 860.
num_chunk_merges: 3.
num_chunk_splits: 565.
num_chunks_enlarged: 413.
num_inconsistent_stats: 0.

CodeHeap 'non-profiled nmethods': size=120000Kb used=1189Kb max_used=1189Kb free=118810Kb
 bounds [0x000001c587ad0000, 0x000001c587d40000, 0x000001c58f000000]
CodeHeap 'profiled nmethods': size=120000Kb used=4767Kb max_used=4767Kb free=115232Kb
 bounds [0x000001c580000000, 0x000001c5804b0000, 0x000001c587530000]
CodeHeap 'non-nmethods': size=5760Kb used=1239Kb max_used=1291Kb free=4520Kb
 bounds [0x000001c587530000, 0x000001c5877a0000, 0x000001c587ad0000]
 total_blobs=2904 nmethods=2363 adapters=453
 compilation: enabled
              stopped_count=0, restarted_count=0
 full_count=0

Compilation events (20 events):
Event: 4.409 Thread 0x000001c58fb29590 2316       3       java.util.concurrent.locks.ReentrantLock$NonfairSync::initialTryLock (58 bytes)
Event: 4.409 Thread 0x000001c58fb29590 nmethod 2316 0x000001c580491b10 code [0x000001c580491ce0, 0x000001c5804920f8]
Event: 4.439 Thread 0x000001c58fb29590 2317       3       java.lang.Class::copyConstructors (38 bytes)
Event: 4.440 Thread 0x000001c58fb29590 nmethod 2317 0x000001c580492210 code [0x000001c580492480, 0x000001c580492f98]
Event: 4.451 Thread 0x000001c58fafd660 nmethod 2234 0x000001c587be8610 code [0x000001c587be8d60, 0x000001c587bf22e8]
Event: 4.452 Thread 0x000001c58fafd660 2236       4       java.util.concurrent.ConcurrentHashMap::get (162 bytes)
Event: 4.458 Thread 0x000001c58fafd660 nmethod 2236 0x000001c587bf7590 code [0x000001c587bf7720, 0x000001c587bf79f8]
Event: 4.458 Thread 0x000001c58fafd660 2259       4       jdk.internal.reflect.ByteVectorImpl::add (38 bytes)
Event: 4.460 Thread 0x000001c58fafd660 nmethod 2259 0x000001c587bf7c90 code [0x000001c587bf7e20, 0x000001c587bf7f28]
Event: 4.460 Thread 0x000001c58fafd660 2235   !   4       java.net.URLClassLoader::findClass (47 bytes)
Event: 4.476 Thread 0x000001c58fb29590 2320       3       java.lang.reflect.Constructor::copy (72 bytes)
Event: 4.477 Thread 0x000001c58fb29590 nmethod 2320 0x000001c580493410 code [0x000001c5804935e0, 0x000001c580493998]
Event: 4.477 Thread 0x000001c58fb29590 2321       3       java.lang.reflect.Constructor::<init> (50 bytes)
Event: 4.477 Thread 0x000001c58fb29590 nmethod 2321 0x000001c580493a90 code [0x000001c580493c60, 0x000001c5804940d8]
Event: 4.483 Thread 0x000001c58fb29590 2322       3       jdk.internal.loader.BuiltinClassLoader::loadClassOrNull (7 bytes)
Event: 4.483 Thread 0x000001c58fb29590 nmethod 2322 0x000001c580494210 code [0x000001c5804943c0, 0x000001c580494588]
Event: 4.521 Thread 0x000001c58fb29590 2323       3       java.lang.Class::privateGetDeclaredConstructors (79 bytes)
Event: 4.521 Thread 0x000001c58fb29590 nmethod 2323 0x000001c580494610 code [0x000001c580494800, 0x000001c580494d48]
Event: 4.529 Thread 0x000001c58fb29590 2324       3       java.util.stream.ReferencePipeline$2$1::accept (27 bytes)
Event: 4.529 Thread 0x000001c58fb29590 nmethod 2324 0x000001c580494f10 code [0x000001c5804950c0, 0x000001c580495398]

GC Heap History (8 events):
Event: 1.398 GC heap before
{Heap before GC invocations=0 (full 0):
 garbage-first heap   total 129024K, used 26624K [0x0000000080000000, 0x0000000100000000)
  region size 1024K, 23 young (23552K), 0 survivors (0K)
 Metaspace       used 10504K, committed 10624K, reserved 1114112K
  class space    used 1091K, committed 1152K, reserved 1048576K
}
Event: 1.405 GC heap after
{Heap after GC invocations=1 (full 0):
 garbage-first heap   total 129024K, used 10782K [0x0000000080000000, 0x0000000100000000)
  region size 1024K, 3 young (3072K), 3 survivors (3072K)
 Metaspace       used 10504K, committed 10624K, reserved 1114112K
  class space    used 1091K, committed 1152K, reserved 1048576K
}
Event: 2.013 GC heap before
{Heap before GC invocations=1 (full 0):
 garbage-first heap   total 129024K, used 38430K [0x0000000080000000, 0x0000000100000000)
  region size 1024K, 30 young (30720K), 3 survivors (3072K)
 Metaspace       used 11471K, committed 11648K, reserved 1114112K
  class space    used 1198K, committed 1280K, reserved 1048576K
}
Event: 2.018 GC heap after
{Heap after GC invocations=2 (full 0):
 garbage-first heap   total 129024K, used 12377K [0x0000000080000000, 0x0000000100000000)
  region size 1024K, 2 young (2048K), 2 survivors (2048K)
 Metaspace       used 11471K, committed 11648K, reserved 1114112K
  class space    used 1198K, committed 1280K, reserved 1048576K
}
Event: 3.324 GC heap before
{Heap before GC invocations=2 (full 0):
 garbage-first heap   total 129024K, used 58457K [0x0000000080000000, 0x0000000100000000)
  region size 1024K, 47 young (48128K), 2 survivors (2048K)
 Metaspace       used 21337K, committed 21504K, reserved 1114112K
  class space    used 2522K, committed 2624K, reserved 1048576K
}
Event: 3.332 GC heap after
{Heap after GC invocations=3 (full 0):
 garbage-first heap   total 129024K, used 19306K [0x0000000080000000, 0x0000000100000000)
  region size 1024K, 9 young (9216K), 9 survivors (9216K)
 Metaspace       used 21337K, committed 21504K, reserved 1114112K
  class space    used 2522K, committed 2624K, reserved 1048576K
}
Event: 4.366 GC heap before
{Heap before GC invocations=4 (full 0):
 garbage-first heap   total 71680K, used 53098K [0x0000000080000000, 0x0000000100000000)
  region size 1024K, 42 young (43008K), 9 survivors (9216K)
 Metaspace       used 26598K, committed 26816K, reserved 1114112K
  class space    used 3430K, committed 3520K, reserved 1048576K
}
Event: 4.375 GC heap after
{Heap after GC invocations=5 (full 0):
 garbage-first heap   total 71680K, used 20793K [0x0000000080000000, 0x0000000100000000)
  region size 1024K, 2 young (2048K), 2 survivors (2048K)
 Metaspace       used 26598K, committed 26816K, reserved 1114112K
  class space    used 3430K, committed 3520K, reserved 1048576K
}

Dll operation events (3 events):
Event: 0.017 Loaded shared library C:\Program Files\Android\Android Studio1\jbr\bin\java.dll
Event: 0.289 Loaded shared library C:\Program Files\Android\Android Studio1\jbr\bin\zip.dll
Event: 0.886 Loaded shared library C:\Program Files\Android\Android Studio1\jbr\bin\verify.dll

Deoptimization events (20 events):
Event: 3.306 Thread 0x000001c58fafa7e0 Uncommon trap: trap_request=0xffffff45 fr.pc=0x000001c587ba2660 relative=0x0000000000000240
Event: 3.306 Thread 0x000001c58fafa7e0 Uncommon trap: reason=unstable_if action=reinterpret pc=0x000001c587ba2660 method=java.util.concurrent.ConcurrentHashMap.get(Ljava/lang/Object;)Ljava/lang/Object; @ 76 c2
Event: 3.306 Thread 0x000001c58fafa7e0 DEOPT PACKING pc=0x000001c587ba2660 sp=0x0000007c556fb4c0
Event: 3.306 Thread 0x000001c58fafa7e0 DEOPT UNPACKING pc=0x000001c58758a1a3 sp=0x0000007c556fb438 mode 2
Event: 3.422 Thread 0x000001c58fafa7e0 Uncommon trap: trap_request=0xffffff45 fr.pc=0x000001c587b98cb8 relative=0x0000000000000198
Event: 3.422 Thread 0x000001c58fafa7e0 Uncommon trap: reason=unstable_if action=reinterpret pc=0x000001c587b98cb8 method=java.util.WeakHashMap.expungeStaleEntries()V @ 9 c2
Event: 3.422 Thread 0x000001c58fafa7e0 DEOPT PACKING pc=0x000001c587b98cb8 sp=0x0000007c556fad90
Event: 3.423 Thread 0x000001c58fafa7e0 DEOPT UNPACKING pc=0x000001c58758a1a3 sp=0x0000007c556fad28 mode 2
Event: 3.748 Thread 0x000001c58fafa7e0 Uncommon trap: trap_request=0xffffff45 fr.pc=0x000001c587aed238 relative=0x0000000000000198
Event: 3.748 Thread 0x000001c58fafa7e0 Uncommon trap: reason=unstable_if action=reinterpret pc=0x000001c587aed238 method=java.util.regex.Matcher.reset()Ljava/util/regex/Matcher; @ 47 c2
Event: 3.748 Thread 0x000001c58fafa7e0 DEOPT PACKING pc=0x000001c587aed238 sp=0x0000007c556faa90
Event: 3.748 Thread 0x000001c58fafa7e0 DEOPT UNPACKING pc=0x000001c58758a1a3 sp=0x0000007c556faa20 mode 2
Event: 3.799 Thread 0x000001c58fafa7e0 Uncommon trap: trap_request=0xffffff45 fr.pc=0x000001c587af0b94 relative=0x0000000000000b94
Event: 3.799 Thread 0x000001c58fafa7e0 Uncommon trap: reason=unstable_if action=reinterpret pc=0x000001c587af0b94 method=java.io.WinNTFileSystem.resolve(Ljava/lang/String;Ljava/lang/String;)Ljava/lang/String; @ 19 c2
Event: 3.799 Thread 0x000001c58fafa7e0 DEOPT PACKING pc=0x000001c587af0b94 sp=0x0000007c556fcab0
Event: 3.799 Thread 0x000001c58fafa7e0 DEOPT UNPACKING pc=0x000001c58758a1a3 sp=0x0000007c556fca58 mode 2
Event: 3.802 Thread 0x000001c58fafa7e0 Uncommon trap: trap_request=0xffffff45 fr.pc=0x000001c587b4599c relative=0x00000000000005fc
Event: 3.802 Thread 0x000001c58fafa7e0 Uncommon trap: reason=unstable_if action=reinterpret pc=0x000001c587b4599c method=java.io.File.getName()Ljava/lang/String; @ 16 c2
Event: 3.802 Thread 0x000001c58fafa7e0 DEOPT PACKING pc=0x000001c587b4599c sp=0x0000007c556fca50
Event: 3.802 Thread 0x000001c58fafa7e0 DEOPT UNPACKING pc=0x000001c58758a1a3 sp=0x0000007c556fca20 mode 2

Classes unloaded (0 events):
No events

Classes redefined (0 events):
No events

Internal exceptions (20 events):
Event: 3.265 Thread 0x000001c58fafa7e0 Exception <a 'java/lang/NoSuchMethodError'{0x0000000085279468}: 'void java.lang.invoke.DirectMethodHandle$Holder.invokeStatic(java.lang.Object, java.lang.Object)'> (0x0000000085279468) 
thrown [s\src\hotspot\share\interpreter\linkResolver.cpp, line 771]
Event: 3.378 Thread 0x000001c58fafa7e0 Exception <a 'java/lang/NoSuchMethodError'{0x0000000083a32168}: 'java.lang.Object java.lang.invoke.DirectMethodHandle$Holder.newInvokeSpecial(java.lang.Object, java.lang.Object, java.lang.Object, java.lang.Object, java.lang.Object, java.lang.Object)'> (0x0000000083a32168) 
thrown [s\src\hotspot\share\interpreter\linkResolver.cpp, line 771]
Event: 3.382 Thread 0x000001c58fafa7e0 Exception <a 'java/lang/NoSuchMethodError'{0x0000000083a4a300}: 'void java.lang.invoke.DirectMethodHandle$Holder.invokeSpecial(java.lang.Object, java.lang.Object, java.lang.Object, java.lang.Object, java.lang.Object)'> (0x0000000083a4a300) 
thrown [s\src\hotspot\share\interpreter\linkResolver.cpp, line 771]
Event: 3.384 Thread 0x000001c58fafa7e0 Exception <a 'java/lang/NoSuchMethodError'{0x0000000083a5e188}: 'void java.lang.invoke.DirectMethodHandle$Holder.invokeStaticInit(java.lang.Object, java.lang.Object)'> (0x0000000083a5e188) 
thrown [s\src\hotspot\share\interpreter\linkResolver.cpp, line 771]
Event: 3.428 Thread 0x000001c58fafa7e0 Exception <a 'java/lang/NoSuchMethodError'{0x00000000839656e8}: 'java.lang.Object java.lang.invoke.DirectMethodHandle$Holder.newInvokeSpecial(java.lang.Object, java.lang.Object, java.lang.Object, int, java.lang.Object, java.lang.Object)'> (0x00000000839656e8) 
thrown [s\src\hotspot\share\interpreter\linkResolver.cpp, line 771]
Event: 3.484 Thread 0x000001c58fafa7e0 Exception <a 'java/lang/NoSuchMethodError'{0x0000000083724b78}: 'void java.lang.invoke.DelegatingMethodHandle$Holder.reinvoke_L(java.lang.Object, java.lang.Object, java.lang.Object, java.lang.Object, java.lang.Object, java.lang.Object, java.lang.Object, java.lang.Object, java.lang.Object, java.lang.Object)'> (0x0000000083724b78) 
thrown [s\src\hotspot\share\interpreter\linkResolver.cpp, line 771]
Event: 3.485 Thread 0x000001c58fafa7e0 Exception <a 'java/lang/NoSuchMethodError'{0x000000008372d128}: 'java.lang.Object java.lang.invoke.DirectMethodHandle$Holder.invokeSpecial(java.lang.Object, java.lang.Object, java.lang.Object, java.lang.Object, java.lang.Object, java.lang.Object, java.lang.Object, java.lang.Object, java.lang.Object, java.lang.Object)'> (0x000000008372d128) 
thrown [s\src\hotspot\share\interpreter\linkResolver.cpp, line 771]
Event: 3.486 Thread 0x000001c58fafa7e0 Exception <a 'java/lang/NoSuchMethodError'{0x00000000837319f8}: 'java.lang.Object java.lang.invoke.Invokers$Holder.invoker(java.lang.Object, java.lang.Object, java.lang.Object, java.lang.Object, java.lang.Object, java.lang.Object, java.lang.Object, java.lang.Object, java.lang.Object, java.lang.Object)'> (0x00000000837319f8) 
thrown [s\src\hotspot\share\interpreter\linkResolver.cpp, line 771]
Event: 3.487 Thread 0x000001c58fafa7e0 Exception <a 'java/lang/NoSuchMethodError'{0x0000000083737600}: 'java.lang.Object java.lang.invoke.DirectMethodHandle$Holder.invokeSpecial(java.lang.Object, java.lang.Object, java.lang.Object, java.lang.Object, java.lang.Object, java.lang.Object, java.lang.Object, java.lang.Object, java.lang.Object, java.lang.Object, java.lang.Object)'> (0x0000000083737600) 
thrown [s\src\hotspot\share\interpreter\linkResolver.cpp, line 771]
Event: 3.697 Thread 0x000001c58fafa7e0 Exception <a 'java/lang/NoSuchMethodError'{0x0000000083144b50}: 'void java.lang.invoke.DirectMethodHandle$Holder.invokeStaticInit(java.lang.Object)'> (0x0000000083144b50) 
thrown [s\src\hotspot\share\interpreter\linkResolver.cpp, line 771]
Event: 3.722 Thread 0x000001c58fafa7e0 Exception <a 'java/lang/NoSuchMethodError'{0x00000000831f5328}: 'java.lang.Object java.lang.invoke.DirectMethodHandle$Holder.newInvokeSpecial(java.lang.Object, java.lang.Object, java.lang.Object, int)'> (0x00000000831f5328) 
thrown [s\src\hotspot\share\interpreter\linkResolver.cpp, line 771]
Event: 3.722 Thread 0x000001c58fafa7e0 Exception <a 'java/lang/NoSuchMethodError'{0x00000000831f9c58}: 'java.lang.Object java.lang.invoke.DirectMethodHandle$Holder.invokeSpecial(java.lang.Object, java.lang.Object, java.lang.Object, java.lang.Object, int)'> (0x00000000831f9c58) 
thrown [s\src\hotspot\share\interpreter\linkResolver.cpp, line 771]
Event: 3.722 Thread 0x000001c58fafa7e0 Exception <a 'java/lang/NoSuchMethodError'{0x00000000831fdd70}: 'java.lang.Object java.lang.invoke.Invokers$Holder.linkToTargetMethod(java.lang.Object, java.lang.Object, int, java.lang.Object)'> (0x00000000831fdd70) 
thrown [s\src\hotspot\share\interpreter\linkResolver.cpp, line 771]
Event: 4.185 Thread 0x000001c58fafa7e0 Exception <a 'java/lang/NoSuchMethodError'{0x0000000082157b40}: 'int java.lang.invoke.DirectMethodHandle$Holder.invokeSpecialIFC(java.lang.Object, java.lang.Object, java.lang.Object, java.lang.Object)'> (0x0000000082157b40) 
thrown [s\src\hotspot\share\interpreter\linkResolver.cpp, line 771]
Event: 4.187 Thread 0x000001c58fafa7e0 Exception <a 'java/lang/NoSuchMethodError'{0x0000000082166e40}: 'java.lang.Object java.lang.invoke.DirectMethodHandle$Holder.invokeInterface(java.lang.Object, java.lang.Object, java.lang.Object)'> (0x0000000082166e40) 
thrown [s\src\hotspot\share\interpreter\linkResolver.cpp, line 771]
Event: 4.188 Thread 0x000001c58fafa7e0 Exception <a 'java/lang/IncompatibleClassChangeError'{0x000000008216ad00}: Found class java.lang.Object, but interface was expected> (0x000000008216ad00) 
thrown [s\src\hotspot\share\interpreter\linkResolver.cpp, line 838]
Event: 4.263 Thread 0x000001c58fafa7e0 Exception <a 'java/lang/NoSuchMethodError'{0x0000000081fa0e48}: 'int java.lang.invoke.DirectMethodHandle$Holder.invokeStatic(java.lang.Object, java.lang.Object, java.lang.Object, java.lang.Object)'> (0x0000000081fa0e48) 
thrown [s\src\hotspot\share\interpreter\linkResolver.cpp, line 771]
Event: 4.264 Thread 0x000001c58fafa7e0 Exception <a 'java/lang/NoSuchMethodError'{0x0000000081fa4a70}: 'java.lang.Object java.lang.invoke.Invokers$Holder.invokeExact_MT(java.lang.Object, java.lang.Object, java.lang.Object, java.lang.Object, java.lang.Object, java.lang.Object)'> (0x0000000081fa4a70) 
thrown [s\src\hotspot\share\interpreter\linkResolver.cpp, line 771]
Event: 4.388 Thread 0x000001c58fafa7e0 Exception <a 'java/lang/NoSuchMethodError'{0x0000000087d8e7e0}: 'java.lang.Object java.lang.invoke.DirectMethodHandle$Holder.invokeSpecial(java.lang.Object, java.lang.Object, java.lang.Object, java.lang.Object, java.lang.Object, java.lang.Object, java.lang.Object, java.lang.Object, java.lang.Object)'> (0x0000000087d8e7e0) 
thrown [s\src\hotspot\share\interpreter\linkResolver.cpp, line 771]
Event: 4.530 Thread 0x000001c58fafa7e0 Exception <a 'java/lang/NoSuchMethodError'{0x00000000849134f8}: 'java.lang.Object java.lang.invoke.DirectMethodHandle$Holder.invokeVirtual(java.lang.Object, java.lang.Object, java.lang.Object, java.lang.Object)'> (0x00000000849134f8) 
thrown [s\src\hotspot\share\interpreter\linkResolver.cpp, line 771]

VM Operations (20 events):
Event: 2.888 Executing VM operation: HandshakeAllThreads
Event: 2.888 Executing VM operation: HandshakeAllThreads done
Event: 2.962 Executing VM operation: HandshakeAllThreads
Event: 2.962 Executing VM operation: HandshakeAllThreads done
Event: 3.300 Executing VM operation: ICBufferFull
Event: 3.300 Executing VM operation: ICBufferFull done
Event: 3.324 Executing VM operation: CollectForMetadataAllocation
Event: 3.332 Executing VM operation: CollectForMetadataAllocation done
Event: 3.338 Executing VM operation: G1PauseRemark
Event: 3.340 Executing VM operation: G1PauseRemark done
Event: 3.341 Executing VM operation: G1PauseCleanup
Event: 3.346 Executing VM operation: G1PauseCleanup done
Event: 3.447 Executing VM operation: HandshakeAllThreads
Event: 3.447 Executing VM operation: HandshakeAllThreads done
Event: 3.842 Executing VM operation: HandshakeAllThreads
Event: 3.842 Executing VM operation: HandshakeAllThreads done
Event: 3.843 Executing VM operation: HandshakeAllThreads
Event: 3.843 Executing VM operation: HandshakeAllThreads done
Event: 4.366 Executing VM operation: G1CollectForAllocation
Event: 4.375 Executing VM operation: G1CollectForAllocation done

Events (20 events):
Event: 4.236 loading class java/io/ObjectInputStream
Event: 4.238 loading class java/io/ObjectInput
Event: 4.238 loading class java/io/ObjectInput done
Event: 4.238 loading class java/io/ObjectStreamConstants
Event: 4.238 loading class java/io/ObjectStreamConstants done
Event: 4.238 loading class java/io/ObjectInputStream done
Event: 4.240 loading class java/io/ObjectOutputStream
Event: 4.240 loading class java/io/ObjectOutput
Event: 4.241 loading class java/io/ObjectOutput done
Event: 4.241 loading class java/io/ObjectOutputStream done
Event: 4.472 loading class javax/xml/parsers/ParserConfigurationException
Event: 4.472 loading class javax/xml/parsers/ParserConfigurationException done
Event: 4.472 loading class org/xml/sax/SAXException
Event: 4.473 loading class org/xml/sax/SAXException done
Event: 4.473 loading class javax/xml/xpath/XPathExpressionException
Event: 4.473 loading class javax/xml/xpath/XPathException
Event: 4.474 loading class javax/xml/xpath/XPathException done
Event: 4.474 loading class javax/xml/xpath/XPathExpressionException done
Event: 4.474 loading class org/xml/sax/ErrorHandler
Event: 4.474 loading class org/xml/sax/ErrorHandler done


Dynamic libraries:
0x00007ff6ec320000 - 0x00007ff6ec32a000 	C:\Program Files\Android\Android Studio1\jbr\bin\java.exe
0x00007ffefced0000 - 0x00007ffefd0e6000 	C:\WINDOWS\SYSTEM32\ntdll.dll
0x00007ffefba90000 - 0x00007ffefbb54000 	C:\WINDOWS\System32\KERNEL32.DLL
0x00007ffefa4a0000 - 0x00007ffefa847000 	C:\WINDOWS\System32\KERNELBASE.dll
0x00007ffefaae0000 - 0x00007ffefabf1000 	C:\WINDOWS\System32\ucrtbase.dll
0x00007ffeded80000 - 0x00007ffeded9b000 	C:\Program Files\Android\Android Studio1\jbr\bin\VCRUNTIME140.dll
0x00007ffebffd0000 - 0x00007ffebffe7000 	C:\Program Files\Android\Android Studio1\jbr\bin\jli.dll
0x00007ffefb310000 - 0x00007ffefb4be000 	C:\WINDOWS\System32\USER32.dll
0x00007ffefa440000 - 0x00007ffefa466000 	C:\WINDOWS\System32\win32u.dll
0x00007ffefcd60000 - 0x00007ffefcd89000 	C:\WINDOWS\System32\GDI32.dll
0x00007ffefa850000 - 0x00007ffefa969000 	C:\WINDOWS\System32\gdi32full.dll
0x00007ffefa270000 - 0x00007ffefa30a000 	C:\WINDOWS\System32\msvcp_win.dll
0x00007ffede860000 - 0x00007ffedeaf3000 	C:\WINDOWS\WinSxS\amd64_microsoft.windows.common-controls_6595b64144ccf1df_6.0.22621.3235_none_270f74e173860f98\COMCTL32.dll
0x00007ffefb9e0000 - 0x00007ffefba87000 	C:\WINDOWS\System32\msvcrt.dll
0x00007ffefaf80000 - 0x00007ffefafb1000 	C:\WINDOWS\System32\IMM32.DLL
0x00007ffef1880000 - 0x00007ffef188c000 	C:\Program Files\Android\Android Studio1\jbr\bin\vcruntime140_1.dll
0x00007ffebe360000 - 0x00007ffebe3ed000 	C:\Program Files\Android\Android Studio1\jbr\bin\msvcp140.dll
0x00007ffe6b9c0000 - 0x00007ffe6c643000 	C:\Program Files\Android\Android Studio1\jbr\bin\server\jvm.dll
0x00007ffefadc0000 - 0x00007ffefae72000 	C:\WINDOWS\System32\ADVAPI32.dll
0x00007ffefb180000 - 0x00007ffefb228000 	C:\WINDOWS\System32\sechost.dll
0x00007ffefa470000 - 0x00007ffefa498000 	C:\WINDOWS\System32\bcrypt.dll
0x00007ffefb050000 - 0x00007ffefb165000 	C:\WINDOWS\System32\RPCRT4.dll
0x00007ffefa0c0000 - 0x00007ffefa10d000 	C:\WINDOWS\SYSTEM32\POWRPROF.dll
0x00007ffeef000000 - 0x00007ffeef034000 	C:\WINDOWS\SYSTEM32\WINMM.dll
0x00007ffe8a8f0000 - 0x00007ffe8a8f9000 	C:\WINDOWS\SYSTEM32\WSOCK32.dll
0x00007ffefae90000 - 0x00007ffefaf01000 	C:\WINDOWS\System32\WS2_32.dll
0x00007ffeeeff0000 - 0x00007ffeeeffa000 	C:\WINDOWS\SYSTEM32\VERSION.dll
0x00007ffefa0a0000 - 0x00007ffefa0b3000 	C:\WINDOWS\SYSTEM32\UMPDC.dll
0x00007ffef9230000 - 0x00007ffef9248000 	C:\WINDOWS\SYSTEM32\kernel.appcore.dll
0x00007ffedba60000 - 0x00007ffedba6a000 	C:\Program Files\Android\Android Studio1\jbr\bin\jimage.dll
0x00007ffef3b60000 - 0x00007ffef3d93000 	C:\WINDOWS\SYSTEM32\DBGHELP.DLL
0x00007ffefb5d0000 - 0x00007ffefb958000 	C:\WINDOWS\System32\combase.dll
0x00007ffefb230000 - 0x00007ffefb307000 	C:\WINDOWS\System32\OLEAUT32.dll
0x00007ffed9360000 - 0x00007ffed9392000 	C:\WINDOWS\SYSTEM32\dbgcore.DLL
0x00007ffefa1f0000 - 0x00007ffefa269000 	C:\WINDOWS\System32\bcryptPrimitives.dll
0x00007ffec8210000 - 0x00007ffec821e000 	C:\Program Files\Android\Android Studio1\jbr\bin\instrument.dll
0x00007ffed6520000 - 0x00007ffed6545000 	C:\Program Files\Android\Android Studio1\jbr\bin\java.dll
0x00007ffec64c0000 - 0x00007ffec64d8000 	C:\Program Files\Android\Android Studio1\jbr\bin\zip.dll
0x00007ffefbe30000 - 0x00007ffefc68c000 	C:\WINDOWS\System32\SHELL32.dll
0x00007ffef8150000 - 0x00007ffef8a49000 	C:\WINDOWS\SYSTEM32\windows.storage.dll
0x00007ffef8010000 - 0x00007ffef814e000 	C:\WINDOWS\SYSTEM32\wintypes.dll
0x00007ffefbd30000 - 0x00007ffefbe23000 	C:\WINDOWS\System32\SHCORE.dll
0x00007ffefafd0000 - 0x00007ffefb02e000 	C:\WINDOWS\System32\shlwapi.dll
0x00007ffefa120000 - 0x00007ffefa141000 	C:\WINDOWS\SYSTEM32\profapi.dll
0x00007ffec00e0000 - 0x00007ffec00f9000 	C:\Program Files\Android\Android Studio1\jbr\bin\net.dll
0x00007ffef0b40000 - 0x00007ffef0c76000 	C:\WINDOWS\SYSTEM32\WINHTTP.dll
0x00007ffef96a0000 - 0x00007ffef9709000 	C:\WINDOWS\system32\mswsock.dll
0x00007ffec00c0000 - 0x00007ffec00d6000 	C:\Program Files\Android\Android Studio1\jbr\bin\nio.dll
0x00007ffed6510000 - 0x00007ffed6520000 	C:\Program Files\Android\Android Studio1\jbr\bin\verify.dll
0x00007ffef1d00000 - 0x00007ffef1d27000 	C:\Users\HP\.gradle\native\c067742578af261105cb4f569cf0c3c89f3d7b1fecec35dd04571415982c5e48\windows-amd64\native-platform.dll
0x00007ffeb8990000 - 0x00007ffeb8ad4000 	C:\Users\HP\.gradle\native\38dada09dfb8b06ba9b0570ebf7e218e3eb74d4ef43ca46872605cf95ebc2f47\windows-amd64\native-platform-file-events.dll
0x00007ffedba50000 - 0x00007ffedba59000 	C:\Program Files\Android\Android Studio1\jbr\bin\management.dll
0x00007ffedb8b0000 - 0x00007ffedb8bb000 	C:\Program Files\Android\Android Studio1\jbr\bin\management_ext.dll
0x00007ffefc840000 - 0x00007ffefc848000 	C:\WINDOWS\System32\PSAPI.DLL
0x00007ffef9900000 - 0x00007ffef991b000 	C:\WINDOWS\SYSTEM32\CRYPTSP.dll
0x00007ffef9190000 - 0x00007ffef91c5000 	C:\WINDOWS\system32\rsaenh.dll
0x00007ffef97a0000 - 0x00007ffef97c8000 	C:\WINDOWS\SYSTEM32\USERENV.dll
0x00007ffef9920000 - 0x00007ffef992c000 	C:\WINDOWS\SYSTEM32\CRYPTBASE.dll
0x00007ffef8cb0000 - 0x00007ffef8cdd000 	C:\WINDOWS\SYSTEM32\IPHLPAPI.DLL
0x00007ffefb170000 - 0x00007ffefb179000 	C:\WINDOWS\System32\NSI.dll
0x00007ffef0d10000 - 0x00007ffef0d29000 	C:\WINDOWS\SYSTEM32\dhcpcsvc6.DLL
0x00007ffef0510000 - 0x00007ffef052f000 	C:\WINDOWS\SYSTEM32\dhcpcsvc.DLL
0x00007ffef8d20000 - 0x00007ffef8e19000 	C:\WINDOWS\SYSTEM32\DNSAPI.dll
0x00007ffec1690000 - 0x00007ffec1698000 	C:\WINDOWS\system32\wshunix.dll

dbghelp: loaded successfully - version: 4.0.5 - missing functions: none
symbol engine: initialized successfully - sym options: 0x614 - pdb path: .;C:\Program Files\Android\Android Studio1\jbr\bin;C:\WINDOWS\SYSTEM32;C:\WINDOWS\WinSxS\amd64_microsoft.windows.common-controls_6595b64144ccf1df_6.0.22621.3235_none_270f74e173860f98;C:\Program Files\Android\Android Studio1\jbr\bin\server;C:\Users\HP\.gradle\native\c067742578af261105cb4f569cf0c3c89f3d7b1fecec35dd04571415982c5e48\windows-amd64;C:\Users\HP\.gradle\native\38dada09dfb8b06ba9b0570ebf7e218e3eb74d4ef43ca46872605cf95ebc2f47\windows-amd64

VM Arguments:
jvm_args: --add-opens=java.base/java.util=ALL-UNNAMED --add-opens=java.base/java.lang=ALL-UNNAMED --add-opens=java.base/java.lang.invoke=ALL-UNNAMED --add-opens=java.prefs/java.util.prefs=ALL-UNNAMED --add-opens=java.base/java.nio.charset=ALL-UNNAMED --add-opens=java.base/java.net=ALL-UNNAMED --add-opens=java.base/java.util.concurrent.atomic=ALL-UNNAMED -Xmx2048m -Dfile.encoding=UTF-8 -Duser.country=US -Duser.language=en -Duser.variant -javaagent:C:\Users\HP\.gradle\wrapper\dists\gradle-8.4-bin\1w5dpkrfk8irigvoxmyhowfim\gradle-8.4\lib\agents\gradle-instrumentation-agent-8.4.jar 
java_command: org.gradle.launcher.daemon.bootstrap.GradleDaemon 8.4
java_class_path (initial): C:\Users\HP\.gradle\wrapper\dists\gradle-8.4-bin\1w5dpkrfk8irigvoxmyhowfim\gradle-8.4\lib\gradle-launcher-8.4.jar
Launcher Type: SUN_STANDARD

[Global flags]
     intx CICompilerCount                          = 4                                         {product} {ergonomic}
     uint ConcGCThreads                            = 2                                         {product} {ergonomic}
     uint G1ConcRefinementThreads                  = 8                                         {product} {ergonomic}
   size_t G1HeapRegionSize                         = 1048576                                   {product} {ergonomic}
    uintx GCDrainStackTargetSize                   = 64                                        {product} {ergonomic}
   size_t InitialHeapSize                          = 132120576                                 {product} {ergonomic}
   size_t MarkStackSize                            = 4194304                                   {product} {ergonomic}
   size_t MaxHeapSize                              = 2147483648                                {product} {command line}
   size_t MaxNewSize                               = 1287651328                                {product} {ergonomic}
   size_t MinHeapDeltaBytes                        = 1048576                                   {product} {ergonomic}
   size_t MinHeapSize                              = 8388608                                   {product} {ergonomic}
    uintx NonNMethodCodeHeapSize                   = 5839372                                {pd product} {ergonomic}
    uintx NonProfiledCodeHeapSize                  = 122909434                              {pd product} {ergonomic}
    uintx ProfiledCodeHeapSize                     = 122909434                              {pd product} {ergonomic}
    uintx ReservedCodeCacheSize                    = 251658240                              {pd product} {ergonomic}
     bool SegmentedCodeCache                       = true                                      {product} {ergonomic}
   size_t SoftMaxHeapSize                          = 2147483648                             {manageable} {ergonomic}
     bool UseCompressedClassPointers               = true                           {product lp64_product} {ergonomic}
     bool UseCompressedOops                        = true                           {product lp64_product} {ergonomic}
     bool UseG1GC                                  = true                                      {product} {ergonomic}
     bool UseLargePagesIndividualAllocation        = false                                  {pd product} {ergonomic}

Logging:
Log output configuration:
 #0: stdout all=warning uptime,level,tags
 #1: stderr all=off uptime,level,tags

Environment Variables:
PATH=C:\Program Files\Common Files\Oracle\Java\javapath;C:\WINDOWS\system32;C:\WINDOWS;C:\WINDOWS\System32\Wbem;C:\WINDOWS\System32\WindowsPowerShell\v1.0\;C:\WINDOWS\System32\OpenSSH\;C:\Program Files\Java\jdk-21\bin;C:\Program Files\Git\cmd;C:\Program Files (x86)\Microsoft Visual Studio\Common\Tools\WinNT;C:\Program Files (x86)\Microsoft Visual Studio\Common\MSDev98\Bin;C:\Program Files (x86)\Microsoft Visual Studio\Common\Tools;C:\Program Files (x86)\Microsoft Visual Studio\VC98\bin;C:\Users\HP\AppData\Local\Microsoft\WindowsApps;C:\Users\HP\AppData\Local\Programs\Microsoft VS Code\bin;C:\Program Files\Java\jdk-21\bin;
USERNAME=HP
OS=Windows_NT
PROCESSOR_IDENTIFIER=Intel64 Family 6 Model 126 Stepping 5, GenuineIntel
TMP=C:\Users\HP\AppData\Local\Temp
TEMP=C:\Users\HP\AppData\Local\Temp



Periodic native trim disabled

JNI global refs:
JNI global refs: 24, weak refs: 3

JNI global refs memory usage: 843, weak refs: 841

OOME stack traces (most recent first):
Classloader memory used:
Loader bootstrap                                                                       : 1888K
Loader org.gradle.internal.classloader.VisitableURLClassLoader                         : 1328K
Loader org.gradle.initialization.MixInLegacyTypesClassLoader                           : 181K
Loader jdk.internal.loader.ClassLoaders$AppClassLoader                                 : 28453B
Loader jdk.internal.loader.ClassLoaders$PlatformClassLoader                            : 14828B
Loader jdk.internal.reflect.DelegatingClassLoader                                      : 2670B

Classes loaded by more than one classloader:
Class org.gradle.internal.installation.GradleInstallation                             : loaded 2 times (x 73B)
Class org.gradle.internal.classpath.ClassPath                                         : loaded 2 times (x 68B)
Class org.gradle.api.internal.classpath.DefaultModuleRegistry                         : loaded 2 times (x 84B)
Class org.gradle.api.Action                                                           : loaded 2 times (x 68B)
Class org.gradle.api.internal.DefaultClassPathProvider                                : loaded 2 times (x 74B)
Class org.gradle.internal.installation.GradleInstallation$1                           : loaded 2 times (x 73B)
Class org.gradle.internal.classloader.FilteringClassLoader                            : loaded 2 times (x 103B)
Class org.gradle.internal.classpath.DefaultClassPath$ImmutableUniqueList$Builder      : loaded 2 times (x 73B)
Class org.gradle.internal.classloader.ClassLoaderVisitor                              : loaded 2 times (x 74B)
Class org.gradle.internal.service.DefaultServiceLocator                               : loaded 2 times (x 81B)
Class org.gradle.internal.service.UnknownServiceException                             : loaded 2 times (x 81B)
Class org.gradle.internal.classloader.VisitableURLClassLoader$Spec                    : loaded 2 times (x 72B)
Class org.gradle.api.GradleException                                                  : loaded 2 times (x 80B)
Class org.gradle.api.internal.classpath.ModuleRegistry                                : loaded 2 times (x 68B)
Class org.gradle.api.internal.ClassPathProvider                                       : loaded 2 times (x 68B)
Class org.gradle.internal.classloader.ClasspathUtil$1                                 : loaded 2 times (x 74B)
Class org.gradle.internal.classloader.ClassLoaderFactory                              : loaded 2 times (x 68B)
Class org.gradle.api.internal.classpath.ManifestUtil                                  : loaded 2 times (x 69B)
Class org.gradle.api.specs.Spec                                                       : loaded 2 times (x 68B)
Class org.gradle.internal.IoActions                                                   : loaded 2 times (x 69B)
Class org.gradle.api.internal.classpath.EffectiveClassPath                            : loaded 2 times (x 88B)
Class org.gradle.internal.installation.CurrentGradleInstallation                      : loaded 2 times (x 71B)
Class org.gradle.internal.agents.InstrumentingClassLoader                             : loaded 2 times (x 68B)
Class org.gradle.internal.installation.CurrentGradleInstallationLocator               : loaded 2 times (x 69B)
Class org.gradle.api.internal.classpath.Module                                        : loaded 2 times (x 68B)
Class org.gradle.internal.service.CachingServiceLocator                               : loaded 2 times (x 80B)
Class org.gradle.internal.classpath.DefaultClassPath                                  : loaded 2 times (x 88B)
Class org.gradle.internal.classloader.SystemClassLoaderSpec                           : loaded 2 times (x 69B)
Class org.gradle.api.UncheckedIOException                                             : loaded 2 times (x 80B)
Class org.gradle.internal.classloader.ClasspathUtil                                   : loaded 2 times (x 69B)
Class org.gradle.api.internal.DefaultClassPathRegistry                                : loaded 2 times (x 74B)
Class org.gradle.api.internal.classpath.DefaultModuleRegistry$DefaultModule           : loaded 2 times (x 84B)
Class org.gradle.api.internal.classpath.UnknownModuleException                        : loaded 2 times (x 80B)
Class org.gradle.internal.service.ServiceLookupException                              : loaded 2 times (x 80B)
Class org.gradle.cache.GlobalCache                                                    : loaded 2 times (x 68B)
Class [Lorg.gradle.api.internal.ClassPathProvider;                                    : loaded 2 times (x 67B)
Class org.gradle.util.internal.GUtil                                                  : loaded 2 times (x 69B)
Class org.gradle.internal.classloader.ClassLoaderSpec                                 : loaded 2 times (x 69B)
Class org.gradle.internal.classloader.VisitableURLClassLoader                         : loaded 2 times (x 115B)
Class org.gradle.internal.Cast                                                        : loaded 2 times (x 69B)
Class org.gradle.api.internal.ClassPathRegistry                                       : loaded 2 times (x 68B)
Class org.gradle.internal.classloader.VisitableURLClassLoader$InstrumentingVisitableURLClassLoader: loaded 2 times (x 121B)
Class org.gradle.internal.classloader.ClassLoaderHierarchy                            : loaded 2 times (x 68B)
Class org.gradle.internal.InternalTransformer                                         : loaded 2 times (x 68B)
Class org.gradle.internal.service.ServiceLocator                                      : loaded 2 times (x 68B)
Class org.gradle.internal.classpath.DefaultClassPath$ImmutableUniqueList              : loaded 2 times (x 159B)
Class org.gradle.internal.classpath.TransformedClassPath                              : loaded 2 times (x 94B)


---------------  S Y S T E M  ---------------

OS:
 Windows 11 , 64 bit Build 22621 (10.0.22621.3374)
OS uptime: 0 days 0:14 hours

CPU: total 8 (initial active 8) (4 cores per cpu, 2 threads per core) family 6 model 126 stepping 5 microcode 0xa6, cx8, cmov, fxsr, ht, mmx, 3dnowpref, sse, sse2, sse3, ssse3, sse4.1, sse4.2, popcnt, lzcnt, tsc, tscinvbit, avx, avx2, aes, erms, clmul, bmi1, bmi2, adx, avx512f, avx512dq, avx512cd, avx512bw, avx512vl, sha, fma, vzeroupper, avx512_vpopcntdq, avx512_vpclmulqdq, avx512_vaes, avx512_vnni, clflush, clflushopt, avx512_vbmi2, avx512_vbmi
Processor Information for all 8 processors :
  Max Mhz: 1190, Current Mhz: 991, Mhz Limit: 987

Memory: 4k page, system-wide physical 7973M (81M free)
TotalPageFile size 10021M (AvailPageFile size 4M)
current process WorkingSet (physical memory assigned to process): 167M, peak: 170M
current process commit charge ("private bytes"): 212M, peak: 262M

vm_info: OpenJDK 64-Bit Server VM (17.0.9+0--11185874) for windows-amd64 JRE (17.0.9+0--11185874), built on Dec  6 2023 18:57:44 by "androidbuild" with MS VC++ 16.10 / 16.11 (VS2019)

END.
