#
# There is insufficient memory for the Java Runtime Environment to continue.
# Native memory allocation (mmap) failed to map 140509184 bytes for G1 virtual space
# Possible reasons:
#   The system is out of physical RAM or swap space
#   The process is running with CompressedOops enabled, and the Java Heap may be blocking the growth of the native heap
# Possible solutions:
#   Reduce memory load on the system
#   Increase physical memory or swap space
#   Check if swap backing store is full
#   Decrease Java heap size (-Xmx/-Xms)
#   Decrease number of Java threads
#   Decrease Java thread stack sizes (-Xss)
#   Set larger code cache with -XX:ReservedCodeCacheSize=
#   JVM is running with Unscaled Compressed Oops mode in which the Java heap is
#     placed in the first 4GB address space. The Java Heap base address is the
#     maximum limit for the native heap growth. Please use -XX:HeapBaseMinAddress
#     to set the Java Heap base and to place the Java Heap above 4GB virtual address.
# This output file may be truncated or incomplete.
#
#  Out of Memory Error (os_windows.cpp:3825), pid=3776, tid=8664
#
# JRE version: OpenJDK Runtime Environment (17.0.10) (build 17.0.10+0--11609105)
# Java VM: OpenJDK 64-Bit Server VM (17.0.10+0--11609105, mixed mode, tiered, compressed oops, compressed class ptrs, g1 gc, windows-amd64)
# No core dump will be written. Minidumps are not enabled by default on client versions of Windows
#

---------------  S U M M A R Y ------------

Command Line: --add-opens=java.base/java.util=ALL-UNNAMED --add-opens=java.base/java.lang=ALL-UNNAMED --add-opens=java.base/java.lang.invoke=ALL-UNNAMED --add-opens=java.prefs/java.util.prefs=ALL-UNNAMED --add-opens=java.base/java.nio.charset=ALL-UNNAMED --add-opens=java.base/java.net=ALL-UNNAMED --add-opens=java.base/java.util.concurrent.atomic=ALL-UNNAMED -Xmx2048m -Dfile.encoding=UTF-8 -Duser.country=US -Duser.language=en -Duser.variant -javaagent:C:\Users\HP\.gradle\wrapper\dists\gradle-8.7-bin\bhs2wmbdwecv87pi65oeuq5iu\gradle-8.7\lib\agents\gradle-instrumentation-agent-8.7.jar org.gradle.launcher.daemon.bootstrap.GradleDaemon 8.7

Host: Intel(R) Core(TM) i5-1035G1 CPU @ 1.00GHz, 8 cores, 7G,  Windows 11 , 64 bit Build 22621 (10.0.22621.3672)
Time: Thu Jul  4 10:08:50 2024 Pakistan Standard Time elapsed time: 8.356170 seconds (0d 0h 0m 8s)

---------------  T H R E A D  ---------------

Current thread (0x000002eb1f7ad830):  VMThread "VM Thread" [stack: 0x000000f3a6e00000,0x000000f3a6f00000] [id=8664]

Stack: [0x000000f3a6e00000,0x000000f3a6f00000]
Native frames: (J=compiled Java code, j=interpreted, Vv=VM code, C=native code)
V  [jvm.dll+0x688de9]
V  [jvm.dll+0x8423da]
V  [jvm.dll+0x84401e]
V  [jvm.dll+0x844683]
V  [jvm.dll+0x24be0f]
V  [jvm.dll+0x685bb9]
V  [jvm.dll+0x67a46a]
V  [jvm.dll+0x30cbab]
V  [jvm.dll+0x314056]
V  [jvm.dll+0x363dce]
V  [jvm.dll+0x363fff]
V  [jvm.dll+0x2e2978]
V  [jvm.dll+0x2e0b54]
V  [jvm.dll+0x2e015c]
V  [jvm.dll+0x32502b]
V  [jvm.dll+0x848d7b]
V  [jvm.dll+0x849ac1]
V  [jvm.dll+0x849fdd]
V  [jvm.dll+0x84a3b4]
V  [jvm.dll+0x84a480]
V  [jvm.dll+0x7f0c7a]
V  [jvm.dll+0x687c65]
C  [ucrtbase.dll+0x29333]
C  [KERNEL32.DLL+0x1257d]
C  [ntdll.dll+0x5af28]

VM_Operation (0x000000f3a87f44d0): G1CollectForAllocation, mode: safepoint, requested by thread 0x000002eb26324930


---------------  P R O C E S S  ---------------

Threads class SMR info:
_java_thread_list=0x000002eb252b96f0, length=65, elements={
0x000002eb03cbc1e0, 0x000002eb1f7ae2e0, 0x000002eb1fc2a040, 0x000002eb1fc6d3b0,
0x000002eb1fc6df70, 0x000002eb1fc6ea30, 0x000002eb1fc71400, 0x000002eb1fc73100,
0x000002eb1fc73bb0, 0x000002eb1fc7fac0, 0x000002eb1fd80370, 0x000002eb1ff262c0,
0x000002eb1ffef3b0, 0x000002eb25978310, 0x000002eb258025b0, 0x000002eb2697f440,
0x000002eb25dd85b0, 0x000002eb2560f710, 0x000002eb26324040, 0x000002eb26324930,
0x000002eb25cd7550, 0x000002eb25cd98c0, 0x000002eb25cd93b0, 0x000002eb25cd7040,
0x000002eb25cd8ea0, 0x000002eb25cd6110, 0x000002eb25cd7a60, 0x000002eb25cd6620,
0x000002eb25cd6b30, 0x000002eb25cd8480, 0x000002eb25cd8990, 0x000002eb27692c70,
0x000002eb276945c0, 0x000002eb27693180, 0x000002eb27693ba0, 0x000002eb27697350,
0x000002eb276996c0, 0x000002eb276991b0, 0x000002eb27693690, 0x000002eb27694ad0,
0x000002eb27696930, 0x000002eb27696420, 0x000002eb276954f0, 0x000002eb276940b0,
0x000002eb27696e40, 0x000002eb27694fe0, 0x000002eb27697860, 0x000002eb27699bd0,
0x000002eb27697d70, 0x000002eb27698280, 0x000002eb27695a00, 0x000002eb27698790,
0x000002eb27698ca0, 0x000002eb2769a0e0, 0x000002eb284eaf30, 0x000002eb284ee6e0,
0x000002eb284e81a0, 0x000002eb284e8bc0, 0x000002eb284eb440, 0x000002eb284ea510,
0x000002eb284e7780, 0x000002eb284eebf0, 0x000002eb284ebe60, 0x000002eb284e9af0,
0x000002eb284ef100
}

Java Threads: ( => current thread )
  0x000002eb03cbc1e0 JavaThread "main" [_thread_blocked, id=3972, stack(0x000000f3a6800000,0x000000f3a6900000)]
  0x000002eb1f7ae2e0 JavaThread "Reference Handler" daemon [_thread_blocked, id=6348, stack(0x000000f3a6f00000,0x000000f3a7000000)]
  0x000002eb1fc2a040 JavaThread "Finalizer" daemon [_thread_blocked, id=4780, stack(0x000000f3a7000000,0x000000f3a7100000)]
  0x000002eb1fc6d3b0 JavaThread "Signal Dispatcher" daemon [_thread_blocked, id=13600, stack(0x000000f3a7100000,0x000000f3a7200000)]
  0x000002eb1fc6df70 JavaThread "Attach Listener" daemon [_thread_blocked, id=12140, stack(0x000000f3a7200000,0x000000f3a7300000)]
  0x000002eb1fc6ea30 JavaThread "Service Thread" daemon [_thread_blocked, id=6320, stack(0x000000f3a7300000,0x000000f3a7400000)]
  0x000002eb1fc71400 JavaThread "Monitor Deflation Thread" daemon [_thread_blocked, id=1928, stack(0x000000f3a7400000,0x000000f3a7500000)]
  0x000002eb1fc73100 JavaThread "C2 CompilerThread0" daemon [_thread_blocked, id=5932, stack(0x000000f3a7500000,0x000000f3a7600000)]
  0x000002eb1fc73bb0 JavaThread "C1 CompilerThread0" daemon [_thread_blocked, id=12116, stack(0x000000f3a7600000,0x000000f3a7700000)]
  0x000002eb1fc7fac0 JavaThread "Sweeper thread" daemon [_thread_blocked, id=4740, stack(0x000000f3a7700000,0x000000f3a7800000)]
  0x000002eb1fd80370 JavaThread "Common-Cleaner" daemon [_thread_blocked, id=6948, stack(0x000000f3a7800000,0x000000f3a7900000)]
  0x000002eb1ff262c0 JavaThread "Notification Thread" daemon [_thread_blocked, id=6880, stack(0x000000f3a7900000,0x000000f3a7a00000)]
  0x000002eb1ffef3b0 JavaThread "C2 CompilerThread1" daemon [_thread_blocked, id=10840, stack(0x000000f3a7b00000,0x000000f3a7c00000)]
  0x000002eb25978310 JavaThread "Daemon health stats" [_thread_blocked, id=12976, stack(0x000000f3a8100000,0x000000f3a8200000)]
  0x000002eb258025b0 JavaThread "Incoming local TCP Connector on port 50842" [_thread_in_native, id=3492, stack(0x000000f3a8200000,0x000000f3a8300000)]
  0x000002eb2697f440 JavaThread "Daemon periodic checks" [_thread_blocked, id=3216, stack(0x000000f3a8300000,0x000000f3a8400000)]
  0x000002eb25dd85b0 JavaThread "Daemon" [_thread_blocked, id=7060, stack(0x000000f3a8400000,0x000000f3a8500000)]
  0x000002eb2560f710 JavaThread "Handler for socket connection from /127.0.0.1:50842 to /127.0.0.1:50843" [_thread_in_native, id=10968, stack(0x000000f3a8500000,0x000000f3a8600000)]
  0x000002eb26324040 JavaThread "Cancel handler" [_thread_blocked, id=3408, stack(0x000000f3a8600000,0x000000f3a8700000)]
  0x000002eb26324930 JavaThread "Daemon worker" [_thread_blocked, id=8432, stack(0x000000f3a8700000,0x000000f3a8800000)]
  0x000002eb25cd7550 JavaThread "Asynchronous log dispatcher for DefaultDaemonConnection: socket connection from /127.0.0.1:50842 to /127.0.0.1:50843" [_thread_blocked, id=1680, stack(0x000000f3a8800000,0x000000f3a8900000)]
  0x000002eb25cd98c0 JavaThread "Stdin handler" [_thread_blocked, id=2864, stack(0x000000f3a8900000,0x000000f3a8a00000)]
  0x000002eb25cd93b0 JavaThread "Daemon client event forwarder" [_thread_blocked, id=13672, stack(0x000000f3a8a00000,0x000000f3a8b00000)]
  0x000002eb25cd7040 JavaThread "Cache worker for journal cache (C:\Users\HP\.gradle\caches\journal-1)" [_thread_blocked, id=14624, stack(0x000000f3a7c00000,0x000000f3a7d00000)]
  0x000002eb25cd8ea0 JavaThread "File lock request listener" [_thread_in_native, id=10904, stack(0x000000f3a8f00000,0x000000f3a9000000)]
  0x000002eb25cd6110 JavaThread "Cache worker for file hash cache (C:\Users\HP\.gradle\caches\8.7\fileHashes)" [_thread_blocked, id=14404, stack(0x000000f3a9000000,0x000000f3a9100000)]
  0x000002eb25cd7a60 JavaThread "Cache worker for file hash cache (C:\Users\HP\AndroidStudioProjects\QuranMentor\.gradle\8.7\fileHashes)" [_thread_blocked, id=6028, stack(0x000000f3a9100000,0x000000f3a9200000)]
  0x000002eb25cd6620 JavaThread "File watcher server" daemon [_thread_in_native, id=13776, stack(0x000000f3a9200000,0x000000f3a9300000)]
  0x000002eb25cd6b30 JavaThread "File watcher consumer" daemon [_thread_blocked, id=14920, stack(0x000000f3a9300000,0x000000f3a9400000)]
  0x000002eb25cd8480 JavaThread "jar transforms" [_thread_blocked, id=14256, stack(0x000000f3a9400000,0x000000f3a9500000)]
  0x000002eb25cd8990 JavaThread "jar transforms Thread 2" [_thread_blocked, id=2764, stack(0x000000f3a9500000,0x000000f3a9600000)]
  0x000002eb27692c70 JavaThread "jar transforms Thread 3" [_thread_blocked, id=13184, stack(0x000000f3a9600000,0x000000f3a9700000)]
  0x000002eb276945c0 JavaThread "jar transforms Thread 4" [_thread_blocked, id=6004, stack(0x000000f3a9700000,0x000000f3a9800000)]
  0x000002eb27693180 JavaThread "jar transforms Thread 5" [_thread_blocked, id=10440, stack(0x000000f3a9800000,0x000000f3a9900000)]
  0x000002eb27693ba0 JavaThread "jar transforms Thread 6" [_thread_blocked, id=11144, stack(0x000000f3a9900000,0x000000f3a9a00000)]
  0x000002eb27697350 JavaThread "jar transforms Thread 7" [_thread_blocked, id=4192, stack(0x000000f3a9a00000,0x000000f3a9b00000)]
  0x000002eb276996c0 JavaThread "jar transforms Thread 8" [_thread_blocked, id=14456, stack(0x000000f3a9b00000,0x000000f3a9c00000)]
  0x000002eb276991b0 JavaThread "Cache worker for checksums cache (C:\Users\HP\AndroidStudioProjects\QuranMentor\.gradle\8.7\checksums)" [_thread_blocked, id=14060, stack(0x000000f3a9e00000,0x000000f3a9f00000)]
  0x000002eb27693690 JavaThread "Cache worker for cache directory md-supplier (C:\Users\HP\.gradle\caches\8.7\md-supplier)" [_thread_blocked, id=14212, stack(0x000000f3a9f00000,0x000000f3aa000000)]
  0x000002eb27694ad0 JavaThread "Cache worker for cache directory md-rule (C:\Users\HP\.gradle\caches\8.7\md-rule)" [_thread_blocked, id=10556, stack(0x000000f3aa000000,0x000000f3aa100000)]
  0x000002eb27696930 JavaThread "Cache worker for file content cache (C:\Users\HP\.gradle\caches\8.7\fileContent)" [_thread_blocked, id=3168, stack(0x000000f3aa100000,0x000000f3aa200000)]
  0x000002eb27696420 JavaThread "Unconstrained build operations" [_thread_blocked, id=8676, stack(0x000000f3aa200000,0x000000f3aa300000)]
  0x000002eb276954f0 JavaThread "Unconstrained build operations Thread 2" [_thread_blocked, id=1072, stack(0x000000f3aa300000,0x000000f3aa400000)]
  0x000002eb276940b0 JavaThread "Unconstrained build operations Thread 3" [_thread_blocked, id=8892, stack(0x000000f3aa400000,0x000000f3aa500000)]
  0x000002eb27696e40 JavaThread "Unconstrained build operations Thread 4" [_thread_blocked, id=2720, stack(0x000000f3aa500000,0x000000f3aa600000)]
  0x000002eb27694fe0 JavaThread "Unconstrained build operations Thread 5" [_thread_blocked, id=2324, stack(0x000000f3aa600000,0x000000f3aa700000)]
  0x000002eb27697860 JavaThread "Unconstrained build operations Thread 6" [_thread_blocked, id=12184, stack(0x000000f3aa700000,0x000000f3aa800000)]
  0x000002eb27699bd0 JavaThread "Unconstrained build operations Thread 7" [_thread_blocked, id=6740, stack(0x000000f3aa800000,0x000000f3aa900000)]
  0x000002eb27697d70 JavaThread "Unconstrained build operations Thread 8" [_thread_blocked, id=12540, stack(0x000000f3aa900000,0x000000f3aaa00000)]
  0x000002eb27698280 JavaThread "Unconstrained build operations Thread 9" [_thread_blocked, id=14176, stack(0x000000f3aaa00000,0x000000f3aab00000)]
  0x000002eb27695a00 JavaThread "Cache worker for Build Output Cleanup Cache (C:\Users\HP\AndroidStudioProjects\QuranMentor\.gradle\buildOutputCleanup)" [_thread_blocked, id=13484, stack(0x000000f3aab00000,0x000000f3aac00000)]
  0x000002eb27698790 JavaThread "Unconstrained build operations Thread 10" [_thread_blocked, id=13488, stack(0x000000f3aac00000,0x000000f3aad00000)]
  0x000002eb27698ca0 JavaThread "Unconstrained build operations Thread 11" [_thread_blocked, id=12652, stack(0x000000f3aad00000,0x000000f3aae00000)]
  0x000002eb2769a0e0 JavaThread "Unconstrained build operations Thread 12" [_thread_blocked, id=2304, stack(0x000000f3aae00000,0x000000f3aaf00000)]
  0x000002eb284eaf30 JavaThread "Unconstrained build operations Thread 13" [_thread_blocked, id=8820, stack(0x000000f3aaf00000,0x000000f3ab000000)]
  0x000002eb284ee6e0 JavaThread "Unconstrained build operations Thread 14" [_thread_blocked, id=14044, stack(0x000000f3ab000000,0x000000f3ab100000)]
  0x000002eb284e81a0 JavaThread "Unconstrained build operations Thread 15" [_thread_blocked, id=13056, stack(0x000000f3ab100000,0x000000f3ab200000)]
  0x000002eb284e8bc0 JavaThread "Unconstrained build operations Thread 16" [_thread_blocked, id=10872, stack(0x000000f3ab200000,0x000000f3ab300000)]
  0x000002eb284eb440 JavaThread "Unconstrained build operations Thread 17" [_thread_blocked, id=15340, stack(0x000000f3ab300000,0x000000f3ab400000)]
  0x000002eb284ea510 JavaThread "Unconstrained build operations Thread 18" [_thread_blocked, id=8480, stack(0x000000f3ab400000,0x000000f3ab500000)]
  0x000002eb284e7780 JavaThread "Unconstrained build operations Thread 19" [_thread_blocked, id=6820, stack(0x000000f3ab500000,0x000000f3ab600000)]
  0x000002eb284eebf0 JavaThread "Unconstrained build operations Thread 20" [_thread_blocked, id=14620, stack(0x000000f3ab600000,0x000000f3ab700000)]
  0x000002eb284ebe60 JavaThread "Unconstrained build operations Thread 21" [_thread_blocked, id=13992, stack(0x000000f3ab700000,0x000000f3ab800000)]
  0x000002eb284e9af0 JavaThread "Unconstrained build operations Thread 22" [_thread_blocked, id=6416, stack(0x000000f3ab800000,0x000000f3ab900000)]
  0x000002eb284ef100 JavaThread "Unconstrained build operations Thread 23" [_thread_blocked, id=11016, stack(0x000000f3ab900000,0x000000f3aba00000)]

Other Threads:
=>0x000002eb1f7ad830 VMThread "VM Thread" [stack: 0x000000f3a6e00000,0x000000f3a6f00000] [id=8664]
  0x000002eb03cbd060 WatcherThread [stack: 0x000000f3a7a00000,0x000000f3a7b00000] [id=15068]
  0x000002eb03d18df0 GCTaskThread "GC Thread#0" [stack: 0x000000f3a6900000,0x000000f3a6a00000] [id=14988]
  0x000002eb250f0200 GCTaskThread "GC Thread#1" [stack: 0x000000f3a7d00000,0x000000f3a7e00000] [id=1248]
  0x000002eb247f4a80 GCTaskThread "GC Thread#2" [stack: 0x000000f3a7e00000,0x000000f3a7f00000] [id=11080]
  0x000002eb245e0450 GCTaskThread "GC Thread#3" [stack: 0x000000f3a7f00000,0x000000f3a8000000] [id=2028]
  0x000002eb249f70f0 GCTaskThread "GC Thread#4" [stack: 0x000000f3a8000000,0x000000f3a8100000] [id=3884]
  0x000002eb25cda4e0 GCTaskThread "GC Thread#5" [stack: 0x000000f3a8b00000,0x000000f3a8c00000] [id=10616]
  0x000002eb25fe91d0 GCTaskThread "GC Thread#6" [stack: 0x000000f3a8c00000,0x000000f3a8d00000] [id=15304]
  0x000002eb255a0680 GCTaskThread "GC Thread#7" [stack: 0x000000f3a8d00000,0x000000f3a8e00000] [id=2972]
  0x000002eb03d29d40 ConcurrentGCThread "G1 Main Marker" [stack: 0x000000f3a6a00000,0x000000f3a6b00000] [id=7052]
  0x000002eb03d2af00 ConcurrentGCThread "G1 Conc#0" [stack: 0x000000f3a6b00000,0x000000f3a6c00000] [id=2492]
  0x000002eb255a0940 ConcurrentGCThread "G1 Conc#1" [stack: 0x000000f3a8e00000,0x000000f3a8f00000] [id=1060]
  0x000002eb03d6e6a0 ConcurrentGCThread "G1 Refine#0" [stack: 0x000000f3a6c00000,0x000000f3a6d00000] [id=10952]
  0x000002eb261f54f0 ConcurrentGCThread "G1 Refine#1" [stack: 0x000000f3a9c00000,0x000000f3a9d00000] [id=13928]
  0x000002eb261f4350 ConcurrentGCThread "G1 Refine#2" [stack: 0x000000f3a9d00000,0x000000f3a9e00000] [id=3144]
  0x000002eb1f626230 ConcurrentGCThread "G1 Service" [stack: 0x000000f3a6d00000,0x000000f3a6e00000] [id=9160]

Threads with active compile tasks:

VM state: at safepoint (normal execution)

VM Mutex/Monitor currently owned by a thread:  ([mutex/lock_event])
[0x000002eb03cb7a00] Threads_lock - owner thread: 0x000002eb1f7ad830
[0x000002eb03cb7cd0] Heap_lock - owner thread: 0x000002eb26324930

Heap address: 0x0000000080000000, size: 2048 MB, Compressed Oops mode: 32-bit

CDS archive(s) not mapped
Compressed class space mapped at: 0x0000000100000000-0x0000000140000000, reserved size: 1073741824
Narrow klass base: 0x0000000000000000, Narrow klass shift: 3, Narrow klass range: 0x140000000

GC Precious Log:
 CPUs: 8 total, 8 available
 Memory: 7973M
 Large Page Support: Disabled
 NUMA Support: Disabled
 Compressed Oops: Enabled (32-bit)
 Heap Region Size: 1M
 Heap Min Capacity: 8M
 Heap Initial Capacity: 126M
 Heap Max Capacity: 2G
 Pre-touch: Disabled
 Parallel Workers: 8
 Concurrent Workers: 2
 Concurrent Refinement Workers: 8
 Periodic GC: Disabled

Heap:
 garbage-first heap   total 137216K, used 79773K [0x0000000080000000, 0x0000000100000000)
  region size 1024K, 2 young (2048K), 2 survivors (2048K)
 Metaspace       used 64430K, committed 65024K, reserved 1114112K
  class space    used 9202K, committed 9472K, reserved 1048576K

Heap Regions: E=young(eden), S=young(survivor), O=old, HS=humongous(starts), HC=humongous(continues), CS=collection set, F=free, OA=open archive, CA=closed archive, TAMS=top-at-mark-start (previous, next)
|   0|0x0000000080000000, 0x0000000080100000, 0x0000000080100000|100%|HS|  |TAMS 0x0000000080100000, 0x0000000080000000| Complete 
|   1|0x0000000080100000, 0x0000000080200000, 0x0000000080200000|100%|HC|  |TAMS 0x0000000080200000, 0x0000000080100000| Complete 
|   2|0x0000000080200000, 0x0000000080300000, 0x0000000080300000|100%|HC|  |TAMS 0x0000000080300000, 0x0000000080200000| Complete 
|   3|0x0000000080300000, 0x0000000080400000, 0x0000000080400000|100%|HC|  |TAMS 0x0000000080400000, 0x0000000080300000| Complete 
|   4|0x0000000080400000, 0x0000000080500000, 0x0000000080500000|100%| O|  |TAMS 0x0000000080500000, 0x0000000080400000| Untracked 
|   5|0x0000000080500000, 0x0000000080600000, 0x0000000080600000|100%| O|  |TAMS 0x0000000080600000, 0x0000000080500000| Untracked 
|   6|0x0000000080600000, 0x0000000080700000, 0x0000000080700000|100%| O|  |TAMS 0x0000000080700000, 0x0000000080600000| Untracked 
|   7|0x0000000080700000, 0x0000000080800000, 0x0000000080800000|100%| O|  |TAMS 0x0000000080800000, 0x0000000080700000| Untracked 
|   8|0x0000000080800000, 0x0000000080900000, 0x0000000080900000|100%| O|  |TAMS 0x0000000080900000, 0x0000000080800000| Untracked 
|   9|0x0000000080900000, 0x0000000080a00000, 0x0000000080a00000|100%| O|  |TAMS 0x0000000080a00000, 0x0000000080900000| Untracked 
|  10|0x0000000080a00000, 0x0000000080adc200, 0x0000000080b00000| 85%| O|  |TAMS 0x0000000080adc200, 0x0000000080a00000| Untracked 
|  11|0x0000000080b00000, 0x0000000080c00000, 0x0000000080c00000|100%| O|  |TAMS 0x0000000080c00000, 0x0000000080b00000| Untracked 
|  12|0x0000000080c00000, 0x0000000080d00000, 0x0000000080d00000|100%| O|  |TAMS 0x0000000080d00000, 0x0000000080c00000| Untracked 
|  13|0x0000000080d00000, 0x0000000080e00000, 0x0000000080e00000|100%| O|  |TAMS 0x0000000080e00000, 0x0000000080d00000| Untracked 
|  14|0x0000000080e00000, 0x0000000080f00000, 0x0000000080f00000|100%| O|  |TAMS 0x0000000080f00000, 0x0000000080e00000| Untracked 
|  15|0x0000000080f00000, 0x0000000081000000, 0x0000000081000000|100%| O|  |TAMS 0x0000000081000000, 0x0000000080f00000| Untracked 
|  16|0x0000000081000000, 0x0000000081100000, 0x0000000081100000|100%| O|  |TAMS 0x0000000081100000, 0x0000000081000000| Untracked 
|  17|0x0000000081100000, 0x0000000081200000, 0x0000000081200000|100%| O|  |TAMS 0x0000000081200000, 0x0000000081100000| Untracked 
|  18|0x0000000081200000, 0x0000000081300000, 0x0000000081300000|100%| O|  |TAMS 0x0000000081300000, 0x0000000081200000| Untracked 
|  19|0x0000000081300000, 0x0000000081400000, 0x0000000081400000|100%| O|  |TAMS 0x0000000081400000, 0x0000000081300000| Untracked 
|  20|0x0000000081400000, 0x0000000081500000, 0x0000000081500000|100%|HS|  |TAMS 0x0000000081500000, 0x0000000081400000| Complete 
|  21|0x0000000081500000, 0x0000000081600000, 0x0000000081600000|100%|HC|  |TAMS 0x0000000081600000, 0x0000000081500000| Complete 
|  22|0x0000000081600000, 0x0000000081700000, 0x0000000081700000|100%|HC|  |TAMS 0x0000000081700000, 0x0000000081600000| Complete 
|  23|0x0000000081700000, 0x0000000081800000, 0x0000000081800000|100%|HC|  |TAMS 0x0000000081800000, 0x0000000081700000| Complete 
|  24|0x0000000081800000, 0x0000000081900000, 0x0000000081900000|100%|HC|  |TAMS 0x0000000081900000, 0x0000000081800000| Complete 
|  25|0x0000000081900000, 0x0000000081a00000, 0x0000000081a00000|100%|HS|  |TAMS 0x0000000081a00000, 0x0000000081900000| Complete 
|  26|0x0000000081a00000, 0x0000000081b00000, 0x0000000081b00000|100%|HC|  |TAMS 0x0000000081b00000, 0x0000000081a00000| Complete 
|  27|0x0000000081b00000, 0x0000000081c00000, 0x0000000081c00000|100%|HC|  |TAMS 0x0000000081c00000, 0x0000000081b00000| Complete 
|  28|0x0000000081c00000, 0x0000000081d00000, 0x0000000081d00000|100%|HS|  |TAMS 0x0000000081d00000, 0x0000000081c00000| Complete 
|  29|0x0000000081d00000, 0x0000000081e00000, 0x0000000081e00000|100%|HC|  |TAMS 0x0000000081e00000, 0x0000000081d00000| Complete 
|  30|0x0000000081e00000, 0x0000000081f00000, 0x0000000081f00000|100%|HC|  |TAMS 0x0000000081f00000, 0x0000000081e00000| Complete 
|  31|0x0000000081f00000, 0x0000000082000000, 0x0000000082000000|100%| O|  |TAMS 0x0000000082000000, 0x0000000081f00000| Untracked 
|  32|0x0000000082000000, 0x0000000082100000, 0x0000000082100000|100%| O|  |TAMS 0x0000000082100000, 0x0000000082000000| Untracked 
|  33|0x0000000082100000, 0x0000000082200000, 0x0000000082200000|100%| O|  |TAMS 0x0000000082200000, 0x0000000082100000| Untracked 
|  34|0x0000000082200000, 0x0000000082300000, 0x0000000082300000|100%| O|  |TAMS 0x0000000082300000, 0x0000000082200000| Untracked 
|  35|0x0000000082300000, 0x0000000082400000, 0x0000000082400000|100%|HS|  |TAMS 0x0000000082400000, 0x0000000082300000| Complete 
|  36|0x0000000082400000, 0x0000000082400000, 0x0000000082500000|  0%| F|  |TAMS 0x0000000082400000, 0x0000000082400000| Untracked 
|  37|0x0000000082500000, 0x0000000082600000, 0x0000000082600000|100%| O|  |TAMS 0x0000000082600000, 0x0000000082500000| Untracked 
|  38|0x0000000082600000, 0x0000000082700000, 0x0000000082700000|100%| O|  |TAMS 0x0000000082700000, 0x0000000082600000| Untracked 
|  39|0x0000000082700000, 0x0000000082800000, 0x0000000082800000|100%| O|  |TAMS 0x0000000082800000, 0x0000000082700000| Untracked 
|  40|0x0000000082800000, 0x0000000082900000, 0x0000000082900000|100%| O|  |TAMS 0x0000000082900000, 0x0000000082800000| Untracked 
|  41|0x0000000082900000, 0x0000000082a00000, 0x0000000082a00000|100%| O|  |TAMS 0x0000000082a00000, 0x0000000082900000| Untracked 
|  42|0x0000000082a00000, 0x0000000082b00000, 0x0000000082b00000|100%| O|  |TAMS 0x0000000082a00000, 0x0000000082a00000| Untracked 
|  43|0x0000000082b00000, 0x0000000082c00000, 0x0000000082c00000|100%| O|  |TAMS 0x0000000082c00000, 0x0000000082b00000| Untracked 
|  44|0x0000000082c00000, 0x0000000082d00000, 0x0000000082d00000|100%| O|  |TAMS 0x0000000082d00000, 0x0000000082c00000| Untracked 
|  45|0x0000000082d00000, 0x0000000082e00000, 0x0000000082e00000|100%| O|  |TAMS 0x0000000082e00000, 0x0000000082d00000| Untracked 
|  46|0x0000000082e00000, 0x0000000082f00000, 0x0000000082f00000|100%| O|  |TAMS 0x0000000082f00000, 0x0000000082e00000| Untracked 
|  47|0x0000000082f00000, 0x0000000083000000, 0x0000000083000000|100%| O|  |TAMS 0x0000000083000000, 0x0000000082f00000| Untracked 
|  48|0x0000000083000000, 0x0000000083100000, 0x0000000083100000|100%| O|  |TAMS 0x0000000083100000, 0x0000000083000000| Untracked 
|  49|0x0000000083100000, 0x0000000083200000, 0x0000000083200000|100%|HS|  |TAMS 0x0000000083200000, 0x0000000083100000| Complete 
|  50|0x0000000083200000, 0x0000000083300000, 0x0000000083300000|100%|HC|  |TAMS 0x0000000083300000, 0x0000000083200000| Complete 
|  51|0x0000000083300000, 0x0000000083400000, 0x0000000083400000|100%|HC|  |TAMS 0x0000000083400000, 0x0000000083300000| Complete 
|  52|0x0000000083400000, 0x0000000083500000, 0x0000000083500000|100%| O|  |TAMS 0x0000000083500000, 0x0000000083400000| Untracked 
|  53|0x0000000083500000, 0x0000000083600000, 0x0000000083600000|100%| O|  |TAMS 0x0000000083600000, 0x0000000083500000| Untracked 
|  54|0x0000000083600000, 0x0000000083700000, 0x0000000083700000|100%|HS|  |TAMS 0x0000000083700000, 0x0000000083600000| Complete 
|  55|0x0000000083700000, 0x0000000083800000, 0x0000000083800000|100%|HC|  |TAMS 0x0000000083800000, 0x0000000083700000| Complete 
|  56|0x0000000083800000, 0x0000000083900000, 0x0000000083900000|100%|HC|  |TAMS 0x0000000083900000, 0x0000000083800000| Complete 
|  57|0x0000000083900000, 0x0000000083a00000, 0x0000000083a00000|100%|HC|  |TAMS 0x0000000083a00000, 0x0000000083900000| Complete 
|  58|0x0000000083a00000, 0x0000000083b00000, 0x0000000083b00000|100%|HC|  |TAMS 0x0000000083b00000, 0x0000000083a00000| Complete 
|  59|0x0000000083b00000, 0x0000000083c00000, 0x0000000083c00000|100%|HS|  |TAMS 0x0000000083c00000, 0x0000000083b00000| Complete 
|  60|0x0000000083c00000, 0x0000000083d00000, 0x0000000083d00000|100%|HC|  |TAMS 0x0000000083d00000, 0x0000000083c00000| Complete 
|  61|0x0000000083d00000, 0x0000000083e00000, 0x0000000083e00000|100%|HC|  |TAMS 0x0000000083e00000, 0x0000000083d00000| Complete 
|  62|0x0000000083e00000, 0x0000000083f00000, 0x0000000083f00000|100%|HC|  |TAMS 0x0000000083f00000, 0x0000000083e00000| Complete 
|  63|0x0000000083f00000, 0x0000000084000000, 0x0000000084000000|100%|HC|  |TAMS 0x0000000084000000, 0x0000000083f00000| Complete 
|  64|0x0000000084000000, 0x0000000084100000, 0x0000000084100000|100%| O|  |TAMS 0x0000000084100000, 0x0000000084000000| Untracked 
|  65|0x0000000084100000, 0x0000000084200000, 0x0000000084200000|100%| O|  |TAMS 0x0000000084200000, 0x0000000084100000| Untracked 
|  66|0x0000000084200000, 0x0000000084300000, 0x0000000084300000|100%| O|  |TAMS 0x0000000084300000, 0x0000000084200000| Untracked 
|  67|0x0000000084300000, 0x0000000084400000, 0x0000000084400000|100%| O|  |TAMS 0x0000000084400000, 0x0000000084300000| Untracked 
|  68|0x0000000084400000, 0x0000000084500000, 0x0000000084500000|100%| O|  |TAMS 0x0000000084500000, 0x0000000084400000| Untracked 
|  69|0x0000000084500000, 0x0000000084600000, 0x0000000084600000|100%| O|  |TAMS 0x0000000084600000, 0x0000000084500000| Untracked 
|  70|0x0000000084600000, 0x0000000084700000, 0x0000000084700000|100%| O|  |TAMS 0x0000000084700000, 0x0000000084600000| Untracked 
|  71|0x0000000084700000, 0x0000000084800000, 0x0000000084800000|100%| O|  |TAMS 0x0000000084772800, 0x0000000084700000| Untracked 
|  72|0x0000000084800000, 0x0000000084900000, 0x0000000084900000|100%| O|  |TAMS 0x0000000084800000, 0x0000000084800000| Untracked 
|  73|0x0000000084900000, 0x0000000084a00000, 0x0000000084a00000|100%| O|  |TAMS 0x0000000084900000, 0x0000000084900000| Untracked 
|  74|0x0000000084a00000, 0x0000000084b00000, 0x0000000084b00000|100%| O|  |TAMS 0x0000000084a00000, 0x0000000084a00000| Untracked 
|  75|0x0000000084b00000, 0x0000000084c00000, 0x0000000084c00000|100%| O|  |TAMS 0x0000000084b00000, 0x0000000084b00000| Untracked 
|  76|0x0000000084c00000, 0x0000000084d00000, 0x0000000084d00000|100%| O|  |TAMS 0x0000000084c00000, 0x0000000084c00000| Untracked 
|  77|0x0000000084d00000, 0x0000000084d7c200, 0x0000000084e00000| 48%| O|  |TAMS 0x0000000084d00000, 0x0000000084d00000| Untracked 
|  78|0x0000000084e00000, 0x0000000084e00000, 0x0000000084f00000|  0%| F|  |TAMS 0x0000000084e00000, 0x0000000084e00000| Untracked 
|  79|0x0000000084f00000, 0x0000000084f00000, 0x0000000085000000|  0%| F|  |TAMS 0x0000000084f00000, 0x0000000084f00000| Untracked 
|  80|0x0000000085000000, 0x0000000085000000, 0x0000000085100000|  0%| F|  |TAMS 0x0000000085000000, 0x0000000085000000| Untracked 
|  81|0x0000000085100000, 0x0000000085100000, 0x0000000085200000|  0%| F|  |TAMS 0x0000000085100000, 0x0000000085100000| Untracked 
|  82|0x0000000085200000, 0x0000000085200000, 0x0000000085300000|  0%| F|  |TAMS 0x0000000085200000, 0x0000000085200000| Untracked 
|  83|0x0000000085300000, 0x0000000085300000, 0x0000000085400000|  0%| F|  |TAMS 0x0000000085300000, 0x0000000085300000| Untracked 
|  84|0x0000000085400000, 0x0000000085400000, 0x0000000085500000|  0%| F|  |TAMS 0x0000000085400000, 0x0000000085400000| Untracked 
|  85|0x0000000085500000, 0x0000000085500000, 0x0000000085600000|  0%| F|  |TAMS 0x0000000085500000, 0x0000000085500000| Untracked 
|  86|0x0000000085600000, 0x0000000085600000, 0x0000000085700000|  0%| F|  |TAMS 0x0000000085600000, 0x0000000085600000| Untracked 
|  87|0x0000000085700000, 0x0000000085700000, 0x0000000085800000|  0%| F|  |TAMS 0x0000000085700000, 0x0000000085700000| Untracked 
|  88|0x0000000085800000, 0x0000000085800000, 0x0000000085900000|  0%| F|  |TAMS 0x0000000085800000, 0x0000000085800000| Untracked 
|  89|0x0000000085900000, 0x0000000085900000, 0x0000000085a00000|  0%| F|  |TAMS 0x0000000085900000, 0x0000000085900000| Untracked 
|  90|0x0000000085a00000, 0x0000000085a00000, 0x0000000085b00000|  0%| F|  |TAMS 0x0000000085a00000, 0x0000000085a00000| Untracked 
|  91|0x0000000085b00000, 0x0000000085b00000, 0x0000000085c00000|  0%| F|  |TAMS 0x0000000085b00000, 0x0000000085b00000| Untracked 
|  92|0x0000000085c00000, 0x0000000085c00000, 0x0000000085d00000|  0%| F|  |TAMS 0x0000000085c00000, 0x0000000085c00000| Untracked 
|  93|0x0000000085d00000, 0x0000000085d00000, 0x0000000085e00000|  0%| F|  |TAMS 0x0000000085d00000, 0x0000000085d00000| Untracked 
|  94|0x0000000085e00000, 0x0000000085e00000, 0x0000000085f00000|  0%| F|  |TAMS 0x0000000085e00000, 0x0000000085e00000| Untracked 
|  95|0x0000000085f00000, 0x0000000085f00000, 0x0000000086000000|  0%| F|  |TAMS 0x0000000085f00000, 0x0000000085f00000| Untracked 
|  96|0x0000000086000000, 0x0000000086000000, 0x0000000086100000|  0%| F|  |TAMS 0x0000000086000000, 0x0000000086000000| Untracked 
|  97|0x0000000086100000, 0x0000000086100000, 0x0000000086200000|  0%| F|  |TAMS 0x0000000086100000, 0x0000000086100000| Untracked 
|  98|0x0000000086200000, 0x0000000086200000, 0x0000000086300000|  0%| F|  |TAMS 0x0000000086200000, 0x0000000086200000| Untracked 
|  99|0x0000000086300000, 0x0000000086300000, 0x0000000086400000|  0%| F|  |TAMS 0x0000000086300000, 0x0000000086300000| Untracked 
| 100|0x0000000086400000, 0x0000000086400000, 0x0000000086500000|  0%| F|  |TAMS 0x0000000086400000, 0x0000000086400000| Untracked 
| 101|0x0000000086500000, 0x000000008658f2d0, 0x0000000086600000| 55%| S|CS|TAMS 0x0000000086500000, 0x0000000086500000| Complete 
| 102|0x0000000086600000, 0x0000000086700000, 0x0000000086700000|100%| S|CS|TAMS 0x0000000086600000, 0x0000000086600000| Complete 
| 103|0x0000000086700000, 0x0000000086700000, 0x0000000086800000|  0%| F|  |TAMS 0x0000000086700000, 0x0000000086700000| Untracked 
| 104|0x0000000086800000, 0x0000000086800000, 0x0000000086900000|  0%| F|  |TAMS 0x0000000086800000, 0x0000000086800000| Untracked 
| 105|0x0000000086900000, 0x0000000086900000, 0x0000000086a00000|  0%| F|  |TAMS 0x0000000086900000, 0x0000000086900000| Untracked 
| 106|0x0000000086a00000, 0x0000000086a00000, 0x0000000086b00000|  0%| F|  |TAMS 0x0000000086a00000, 0x0000000086a00000| Untracked 
| 107|0x0000000086b00000, 0x0000000086b00000, 0x0000000086c00000|  0%| F|  |TAMS 0x0000000086b00000, 0x0000000086b00000| Untracked 
| 108|0x0000000086c00000, 0x0000000086c00000, 0x0000000086d00000|  0%| F|  |TAMS 0x0000000086c00000, 0x0000000086c00000| Untracked 
| 109|0x0000000086d00000, 0x0000000086d00000, 0x0000000086e00000|  0%| F|  |TAMS 0x0000000086d00000, 0x0000000086d00000| Untracked 
| 110|0x0000000086e00000, 0x0000000086e00000, 0x0000000086f00000|  0%| F|  |TAMS 0x0000000086e00000, 0x0000000086e00000| Untracked 
| 111|0x0000000086f00000, 0x0000000086f00000, 0x0000000087000000|  0%| F|  |TAMS 0x0000000086f00000, 0x0000000086f00000| Untracked 
| 112|0x0000000087000000, 0x0000000087000000, 0x0000000087100000|  0%| F|  |TAMS 0x0000000087000000, 0x0000000087000000| Untracked 
| 113|0x0000000087100000, 0x0000000087100000, 0x0000000087200000|  0%| F|  |TAMS 0x0000000087100000, 0x0000000087100000| Untracked 
| 114|0x0000000087200000, 0x0000000087200000, 0x0000000087300000|  0%| F|  |TAMS 0x0000000087200000, 0x0000000087200000| Untracked 
| 115|0x0000000087300000, 0x0000000087300000, 0x0000000087400000|  0%| F|  |TAMS 0x0000000087300000, 0x0000000087300000| Untracked 
| 116|0x0000000087400000, 0x0000000087400000, 0x0000000087500000|  0%| F|  |TAMS 0x0000000087400000, 0x0000000087400000| Untracked 
| 117|0x0000000087500000, 0x0000000087500000, 0x0000000087600000|  0%| F|  |TAMS 0x0000000087500000, 0x0000000087500000| Untracked 
| 118|0x0000000087600000, 0x0000000087600000, 0x0000000087700000|  0%| F|  |TAMS 0x0000000087600000, 0x0000000087600000| Untracked 
| 119|0x0000000087700000, 0x0000000087700000, 0x0000000087800000|  0%| F|  |TAMS 0x0000000087700000, 0x0000000087700000| Untracked 
| 120|0x0000000087800000, 0x0000000087800000, 0x0000000087900000|  0%| F|  |TAMS 0x0000000087800000, 0x0000000087800000| Untracked 
| 121|0x0000000087900000, 0x0000000087900000, 0x0000000087a00000|  0%| F|  |TAMS 0x0000000087900000, 0x0000000087900000| Untracked 
| 122|0x0000000087a00000, 0x0000000087a00000, 0x0000000087b00000|  0%| F|  |TAMS 0x0000000087a00000, 0x0000000087a00000| Untracked 
| 123|0x0000000087b00000, 0x0000000087b00000, 0x0000000087c00000|  0%| F|  |TAMS 0x0000000087b00000, 0x0000000087b00000| Untracked 
| 124|0x0000000087c00000, 0x0000000087c00000, 0x0000000087d00000|  0%| F|  |TAMS 0x0000000087c00000, 0x0000000087c00000| Untracked 
| 125|0x0000000087d00000, 0x0000000087d00000, 0x0000000087e00000|  0%| F|  |TAMS 0x0000000087d00000, 0x0000000087d00000| Untracked 
| 126|0x0000000087e00000, 0x0000000087e00000, 0x0000000087f00000|  0%| F|  |TAMS 0x0000000087e00000, 0x0000000087e00000| Untracked 
| 127|0x0000000087f00000, 0x0000000087f00000, 0x0000000088000000|  0%| F|  |TAMS 0x0000000087f00000, 0x0000000087f00000| Untracked 
| 128|0x0000000088000000, 0x0000000088000000, 0x0000000088100000|  0%| F|  |TAMS 0x0000000088000000, 0x0000000088000000| Untracked 
| 129|0x0000000088100000, 0x0000000088100000, 0x0000000088200000|  0%| F|  |TAMS 0x0000000088100000, 0x0000000088100000| Untracked 
| 130|0x0000000088200000, 0x0000000088200000, 0x0000000088300000|  0%| F|  |TAMS 0x0000000088200000, 0x0000000088200000| Untracked 
| 131|0x0000000088300000, 0x0000000088300000, 0x0000000088400000|  0%| F|  |TAMS 0x0000000088300000, 0x0000000088300000| Untracked 
| 132|0x0000000088400000, 0x0000000088400000, 0x0000000088500000|  0%| F|  |TAMS 0x0000000088400000, 0x0000000088400000| Untracked 
| 133|0x0000000088500000, 0x0000000088500000, 0x0000000088600000|  0%| F|  |TAMS 0x0000000088500000, 0x0000000088500000| Untracked 

Card table byte_map: [0x000002eb187d0000,0x000002eb18bd0000] _byte_map_base: 0x000002eb183d0000

Marking Bits (Prev, Next): (CMBitMap*) 0x000002eb03d19410, (CMBitMap*) 0x000002eb03d19450
 Prev Bits: [0x000002eb18fd0000, 0x000002eb1afd0000)
 Next Bits: [0x000002eb1afd0000, 0x000002eb1cfd0000)

Polling page: 0x000002eb03d70000

Metaspace:

Usage:
  Non-class:     53.93 MB used.
      Class:      8.99 MB used.
       Both:     62.92 MB used.

Virtual space:
  Non-class space:       64.00 MB reserved,      54.25 MB ( 85%) committed,  1 nodes.
      Class space:        1.00 GB reserved,       9.25 MB ( <1%) committed,  1 nodes.
             Both:        1.06 GB reserved,      63.50 MB (  6%) committed. 

Chunk freelists:
   Non-Class:  9.19 MB
       Class:  6.77 MB
        Both:  15.95 MB

MaxMetaspaceSize: unlimited
CompressedClassSpaceSize: 1.00 GB
Initial GC threshold: 21.00 MB
Current GC threshold: 98.06 MB
CDS: off
MetaspaceReclaimPolicy: balanced
 - commit_granule_bytes: 65536.
 - commit_granule_words: 8192.
 - virtual_space_node_default_size: 8388608.
 - enlarge_chunks_in_place: 1.
 - new_chunks_are_fully_committed: 0.
 - uncommit_free_chunks: 1.
 - use_allocation_guard: 0.
 - handle_deallocations: 1.


Internal statistics:

num_allocs_failed_limit: 3.
num_arena_births: 736.
num_arena_deaths: 0.
num_vsnodes_births: 2.
num_vsnodes_deaths: 0.
num_space_committed: 1016.
num_space_uncommitted: 0.
num_chunks_returned_to_freelist: 3.
num_chunks_taken_from_freelist: 3012.
num_chunk_merges: 3.
num_chunk_splits: 1963.
num_chunks_enlarged: 1318.
num_inconsistent_stats: 0.

CodeHeap 'non-profiled nmethods': size=120000Kb used=3059Kb max_used=3245Kb free=116940Kb
 bounds [0x000002eb10440000, 0x000002eb10770000, 0x000002eb17970000]
CodeHeap 'profiled nmethods': size=120000Kb used=11422Kb max_used=11422Kb free=108577Kb
 bounds [0x000002eb08970000, 0x000002eb094a0000, 0x000002eb0fea0000]
CodeHeap 'non-nmethods': size=5760Kb used=2338Kb max_used=2395Kb free=3422Kb
 bounds [0x000002eb0fea0000, 0x000002eb10110000, 0x000002eb10440000]
 total_blobs=7008 nmethods=6164 adapters=756
 compilation: enabled
              stopped_count=0, restarted_count=0
 full_count=0

Compilation events (20 events):
Event: 8.294 Thread 0x000002eb1fc73bb0 6930       1       org.jetbrains.kotlin.lexer._JetLexer::yybegin (6 bytes)
Event: 8.294 Thread 0x000002eb1fc73bb0 nmethod 6930 0x000002eb105a2510 code [0x000002eb105a26a0, 0x000002eb105a2778]
Event: 8.300 Thread 0x000002eb1fc73bb0 6931       3       java.util.Collections$UnmodifiableList::get (11 bytes)
Event: 8.300 Thread 0x000002eb1fc73bb0 nmethod 6931 0x000002eb09499010 code [0x000002eb094991c0, 0x000002eb09499388]
Event: 8.300 Thread 0x000002eb1fc73bb0 6932       3       java.util.Collections$UnmodifiableCollection::isEmpty (10 bytes)
Event: 8.301 Thread 0x000002eb1fc73bb0 nmethod 6932 0x000002eb09499490 code [0x000002eb09499640, 0x000002eb09499808]
Event: 8.301 Thread 0x000002eb1fc73bb0 6933       3       kotlin.collections.CollectionsKt___CollectionsKt::first (33 bytes)
Event: 8.301 Thread 0x000002eb1fc73bb0 nmethod 6933 0x000002eb09499910 code [0x000002eb09499b60, 0x000002eb0949a368]
Event: 8.324 Thread 0x000002eb1fc73100 6934       4       kotlin.jvm.internal.Intrinsics::checkNotNullParameter (9 bytes)
Event: 8.325 Thread 0x000002eb1fc73100 nmethod 6934 0x000002eb105a2210 code [0x000002eb105a2380, 0x000002eb105a23f8]
Event: 8.329 Thread 0x000002eb1fc73100 6935       4       org.gradle.internal.logging.events.ProgressCompleteEvent::getLogLevel (4 bytes)
Event: 8.329 Thread 0x000002eb1fc73100 nmethod 6935 0x000002eb105a1f10 code [0x000002eb105a2080, 0x000002eb105a20f8]
Event: 8.334 Thread 0x000002eb1fc73bb0 6936       3       sun.nio.cs.StreamDecoder::<init> (52 bytes)
Event: 8.334 Thread 0x000002eb1fc73bb0 nmethod 6936 0x000002eb0949a690 code [0x000002eb0949a880, 0x000002eb0949aea8]
Event: 8.334 Thread 0x000002eb1fc73100 6937       4       jdk.internal.loader.URLClassPath$JarLoader::findResource (18 bytes)
Event: 8.336 Thread 0x000002eb1ffef3b0 6938       4       jdk.internal.org.objectweb.asm.Attribute::putAttributes (78 bytes)
Event: 8.337 Thread 0x000002eb1ffef3b0 nmethod 6938 0x000002eb105a1c10 code [0x000002eb105a1d80, 0x000002eb105a1e58]
Event: 8.338 Thread 0x000002eb1ffef3b0 6939       4       jdk.internal.org.objectweb.asm.AnnotationWriter::computeAnnotationsSize (66 bytes)
Event: 8.339 Thread 0x000002eb1ffef3b0 nmethod 6939 0x000002eb1059dc10 code [0x000002eb1059dda0, 0x000002eb1059df28]
Event: 8.347 Thread 0x000002eb1fc73100 nmethod 6937 0x000002eb1059c910 code [0x000002eb1059cba0, 0x000002eb1059d4f0]

GC Heap History (20 events):
Event: 5.738 GC heap after
{Heap after GC invocations=19 (full 0):
 garbage-first heap   total 96256K, used 50658K [0x0000000080000000, 0x0000000100000000)
  region size 1024K, 1 young (1024K), 1 survivors (1024K)
 Metaspace       used 48280K, committed 48704K, reserved 1114112K
  class space    used 6474K, committed 6656K, reserved 1048576K
}
Event: 6.017 GC heap before
{Heap before GC invocations=19 (full 0):
 garbage-first heap   total 96256K, used 69090K [0x0000000080000000, 0x0000000100000000)
  region size 1024K, 21 young (21504K), 1 survivors (1024K)
 Metaspace       used 50127K, committed 50624K, reserved 1114112K
  class space    used 6781K, committed 6976K, reserved 1048576K
}
Event: 6.020 GC heap after
{Heap after GC invocations=20 (full 0):
 garbage-first heap   total 96256K, used 52653K [0x0000000080000000, 0x0000000100000000)
  region size 1024K, 3 young (3072K), 3 survivors (3072K)
 Metaspace       used 50127K, committed 50624K, reserved 1114112K
  class space    used 6781K, committed 6976K, reserved 1048576K
}
Event: 6.335 GC heap before
{Heap before GC invocations=21 (full 0):
 garbage-first heap   total 107520K, used 90541K [0x0000000080000000, 0x0000000100000000)
  region size 1024K, 26 young (26624K), 3 survivors (3072K)
 Metaspace       used 52475K, committed 52992K, reserved 1114112K
  class space    used 7004K, committed 7232K, reserved 1048576K
}
Event: 6.339 GC heap after
{Heap after GC invocations=22 (full 0):
 garbage-first heap   total 107520K, used 70061K [0x0000000080000000, 0x0000000100000000)
  region size 1024K, 4 young (4096K), 4 survivors (4096K)
 Metaspace       used 52475K, committed 52992K, reserved 1114112K
  class space    used 7004K, committed 7232K, reserved 1048576K
}
Event: 6.360 GC heap before
{Heap before GC invocations=22 (full 0):
 garbage-first heap   total 107520K, used 71085K [0x0000000080000000, 0x0000000100000000)
  region size 1024K, 5 young (5120K), 4 survivors (4096K)
 Metaspace       used 52604K, committed 53184K, reserved 1114112K
  class space    used 7032K, committed 7296K, reserved 1048576K
}
Event: 6.363 GC heap after
{Heap after GC invocations=23 (full 0):
 garbage-first heap   total 131072K, used 69424K [0x0000000080000000, 0x0000000100000000)
  region size 1024K, 1 young (1024K), 1 survivors (1024K)
 Metaspace       used 52604K, committed 53184K, reserved 1114112K
  class space    used 7032K, committed 7296K, reserved 1048576K
}
Event: 6.713 GC heap before
{Heap before GC invocations=23 (full 0):
 garbage-first heap   total 131072K, used 99120K [0x0000000080000000, 0x0000000100000000)
  region size 1024K, 30 young (30720K), 1 survivors (1024K)
 Metaspace       used 54649K, committed 55296K, reserved 1114112K
  class space    used 7374K, committed 7680K, reserved 1048576K
}
Event: 6.715 GC heap after
{Heap after GC invocations=24 (full 0):
 garbage-first heap   total 131072K, used 70442K [0x0000000080000000, 0x0000000100000000)
  region size 1024K, 2 young (2048K), 2 survivors (2048K)
 Metaspace       used 54649K, committed 55296K, reserved 1114112K
  class space    used 7374K, committed 7680K, reserved 1048576K
}
Event: 7.195 GC heap before
{Heap before GC invocations=25 (full 0):
 garbage-first heap   total 131072K, used 101162K [0x0000000080000000, 0x0000000100000000)
  region size 1024K, 32 young (32768K), 2 survivors (2048K)
 Metaspace       used 57519K, committed 58176K, reserved 1114112K
  class space    used 7878K, committed 8192K, reserved 1048576K
}
Event: 7.198 GC heap after
{Heap after GC invocations=26 (full 0):
 garbage-first heap   total 131072K, used 72597K [0x0000000080000000, 0x0000000100000000)
  region size 1024K, 4 young (4096K), 4 survivors (4096K)
 Metaspace       used 57519K, committed 58176K, reserved 1114112K
  class space    used 7878K, committed 8192K, reserved 1048576K
}
Event: 7.224 GC heap before
{Heap before GC invocations=26 (full 0):
 garbage-first heap   total 131072K, used 74645K [0x0000000080000000, 0x0000000100000000)
  region size 1024K, 6 young (6144K), 4 survivors (4096K)
 Metaspace       used 57714K, committed 58368K, reserved 1114112K
  class space    used 7911K, committed 8192K, reserved 1048576K
}
Event: 7.229 GC heap after
{Heap after GC invocations=27 (full 0):
 garbage-first heap   total 131072K, used 72523K [0x0000000080000000, 0x0000000100000000)
  region size 1024K, 1 young (1024K), 1 survivors (1024K)
 Metaspace       used 57714K, committed 58368K, reserved 1114112K
  class space    used 7911K, committed 8192K, reserved 1048576K
}
Event: 7.684 GC heap before
{Heap before GC invocations=27 (full 0):
 garbage-first heap   total 131072K, used 103243K [0x0000000080000000, 0x0000000100000000)
  region size 1024K, 31 young (31744K), 1 survivors (1024K)
 Metaspace       used 59504K, committed 60160K, reserved 1114112K
  class space    used 8138K, committed 8448K, reserved 1048576K
}
Event: 7.689 GC heap after
{Heap after GC invocations=28 (full 0):
 garbage-first heap   total 131072K, used 76291K [0x0000000080000000, 0x0000000100000000)
  region size 1024K, 4 young (4096K), 4 survivors (4096K)
 Metaspace       used 59504K, committed 60160K, reserved 1114112K
  class space    used 8138K, committed 8448K, reserved 1048576K
}
Event: 7.927 GC heap before
{Heap before GC invocations=29 (full 0):
 garbage-first heap   total 137216K, used 103939K [0x0000000080000000, 0x0000000100000000)
  region size 1024K, 32 young (32768K), 4 survivors (4096K)
 Metaspace       used 59723K, committed 60416K, reserved 1114112K
  class space    used 8138K, committed 8448K, reserved 1048576K
}
Event: 7.933 GC heap after
{Heap after GC invocations=30 (full 0):
 garbage-first heap   total 137216K, used 79053K [0x0000000080000000, 0x0000000100000000)
  region size 1024K, 4 young (4096K), 4 survivors (4096K)
 Metaspace       used 59723K, committed 60416K, reserved 1114112K
  class space    used 8138K, committed 8448K, reserved 1048576K
}
Event: 7.950 GC heap before
{Heap before GC invocations=30 (full 0):
 garbage-first heap   total 137216K, used 81101K [0x0000000080000000, 0x0000000100000000)
  region size 1024K, 6 young (6144K), 4 survivors (4096K)
 Metaspace       used 59744K, committed 60416K, reserved 1114112K
  class space    used 8138K, committed 8448K, reserved 1048576K
}
Event: 7.953 GC heap after
{Heap after GC invocations=31 (full 0):
 garbage-first heap   total 137216K, used 79024K [0x0000000080000000, 0x0000000100000000)
  region size 1024K, 1 young (1024K), 1 survivors (1024K)
 Metaspace       used 59744K, committed 60416K, reserved 1114112K
  class space    used 8138K, committed 8448K, reserved 1048576K
}
Event: 8.352 GC heap before
{Heap before GC invocations=31 (full 0):
 garbage-first heap   total 137216K, used 108720K [0x0000000080000000, 0x0000000100000000)
  region size 1024K, 31 young (31744K), 1 survivors (1024K)
 Metaspace       used 64430K, committed 65024K, reserved 1114112K
  class space    used 9202K, committed 9472K, reserved 1048576K
}

Dll operation events (3 events):
Event: 0.013 Loaded shared library C:\Program Files\Android\Android Studio\jbr\bin\java.dll
Event: 0.198 Loaded shared library C:\Program Files\Android\Android Studio\jbr\bin\zip.dll
Event: 0.974 Loaded shared library C:\Program Files\Android\Android Studio\jbr\bin\verify.dll

Deoptimization events (20 events):
Event: 8.015 Thread 0x000002eb26324930 Uncommon trap: trap_request=0xffffffc6 fr.pc=0x000002eb105dc75c relative=0x0000000000000ffc
Event: 8.015 Thread 0x000002eb26324930 Uncommon trap: reason=bimorphic_or_optimized_type_check action=maybe_recompile pc=0x000002eb105dc75c method=org.gradle.internal.snapshot.ChildMap$Entry.handleAncestorDescendantOrExactMatch(Lorg/gradle/internal/snapshot/VfsRelativePath;Lorg/gradle/internal
Event: 8.015 Thread 0x000002eb26324930 DEOPT PACKING pc=0x000002eb105dc75c sp=0x000000f3a87f7b00
Event: 8.015 Thread 0x000002eb26324930 DEOPT UNPACKING pc=0x000002eb0fefa1a3 sp=0x000000f3a87f7ae0 mode 2
Event: 8.016 Thread 0x000002eb26324930 Uncommon trap: trap_request=0xffffffc6 fr.pc=0x000002eb105dc75c relative=0x0000000000000ffc
Event: 8.016 Thread 0x000002eb26324930 Uncommon trap: reason=bimorphic_or_optimized_type_check action=maybe_recompile pc=0x000002eb105dc75c method=org.gradle.internal.snapshot.ChildMap$Entry.handleAncestorDescendantOrExactMatch(Lorg/gradle/internal/snapshot/VfsRelativePath;Lorg/gradle/internal
Event: 8.016 Thread 0x000002eb26324930 DEOPT PACKING pc=0x000002eb105dc75c sp=0x000000f3a87f76c0
Event: 8.016 Thread 0x000002eb26324930 DEOPT UNPACKING pc=0x000002eb0fefa1a3 sp=0x000000f3a87f76a0 mode 2
Event: 8.016 Thread 0x000002eb26324930 Uncommon trap: trap_request=0xffffffc6 fr.pc=0x000002eb105dc75c relative=0x0000000000000ffc
Event: 8.016 Thread 0x000002eb26324930 Uncommon trap: reason=bimorphic_or_optimized_type_check action=maybe_recompile pc=0x000002eb105dc75c method=org.gradle.internal.snapshot.ChildMap$Entry.handleAncestorDescendantOrExactMatch(Lorg/gradle/internal/snapshot/VfsRelativePath;Lorg/gradle/internal
Event: 8.016 Thread 0x000002eb26324930 DEOPT PACKING pc=0x000002eb105dc75c sp=0x000000f3a87f7280
Event: 8.016 Thread 0x000002eb26324930 DEOPT UNPACKING pc=0x000002eb0fefa1a3 sp=0x000000f3a87f7260 mode 2
Event: 8.016 Thread 0x000002eb26324930 Uncommon trap: trap_request=0xffffffc6 fr.pc=0x000002eb105dc75c relative=0x0000000000000ffc
Event: 8.016 Thread 0x000002eb26324930 Uncommon trap: reason=bimorphic_or_optimized_type_check action=maybe_recompile pc=0x000002eb105dc75c method=org.gradle.internal.snapshot.ChildMap$Entry.handleAncestorDescendantOrExactMatch(Lorg/gradle/internal/snapshot/VfsRelativePath;Lorg/gradle/internal
Event: 8.016 Thread 0x000002eb26324930 DEOPT PACKING pc=0x000002eb105dc75c sp=0x000000f3a87f6e40
Event: 8.016 Thread 0x000002eb26324930 DEOPT UNPACKING pc=0x000002eb0fefa1a3 sp=0x000000f3a87f6e20 mode 2
Event: 8.262 Thread 0x000002eb26324930 Uncommon trap: trap_request=0xffffff45 fr.pc=0x000002eb10505384 relative=0x0000000000000084
Event: 8.262 Thread 0x000002eb26324930 Uncommon trap: reason=unstable_if action=reinterpret pc=0x000002eb10505384 method=java.lang.CharacterDataLatin1.isWhitespace(I)Z @ 14 c2
Event: 8.263 Thread 0x000002eb26324930 DEOPT PACKING pc=0x000002eb10505384 sp=0x000000f3a87f6460
Event: 8.263 Thread 0x000002eb26324930 DEOPT UNPACKING pc=0x000002eb0fefa1a3 sp=0x000000f3a87f63d0 mode 2

Classes unloaded (0 events):
No events

Classes redefined (0 events):
No events

Internal exceptions (20 events):
Event: 6.866 Thread 0x000002eb26324930 Exception <a 'java/lang/ClassNotFoundException'{0x000000008750e040}: org/gradle/api/internal/project/DefaultProjectCustomizer> (0x000000008750e040) 
thrown [s\src\hotspot\share\classfile\systemDictionary.cpp, line 256]
Event: 6.872 Thread 0x000002eb26324930 Exception <a 'java/lang/ClassNotFoundException'{0x00000000875b9610}: org/gradle/api/internal/project/DefaultProject_DecoratedCustomizer> (0x00000000875b9610) 
thrown [s\src\hotspot\share\classfile\systemDictionary.cpp, line 256]
Event: 7.021 Thread 0x000002eb26324930 Exception <a 'java/lang/NoSuchMethodError'{0x0000000086c53470}: 'long java.lang.invoke.DirectMethodHandle$Holder.invokeStatic(java.lang.Object, long)'> (0x0000000086c53470) 
thrown [s\src\hotspot\share\interpreter\linkResolver.cpp, line 771]
Event: 7.116 Thread 0x000002eb26324930 Exception <a 'java/lang/NoSuchMethodError'{0x000000008663ef68}: 'void java.lang.invoke.DirectMethodHandle$Holder.invokeStatic(java.lang.Object, java.lang.Object, java.lang.Object, java.lang.Object, java.lang.Object, java.lang.Object)'> (0x000000008663ef68) 
thrown [s\src\hotspot\share\interpreter\linkResolver.cpp, line 771]
Event: 7.130 Thread 0x000002eb26324930 Exception <a 'java/lang/NoSuchMethodError'{0x00000000866c02c8}: 'java.lang.Object java.lang.invoke.DirectMethodHandle$Holder.invokeSpecial(java.lang.Object, java.lang.Object, java.lang.Object, java.lang.Object, java.lang.Object, java.lang.Object, java.lang.Object, java.lang.Object, java.lang.Object, java.lang.Object, java.lang.Object, java.lang.Object, java.lang.Object, java.lang.Object, java.lang.Object, java.lang.Object, java.lang.Object, java.lang.Object, java.lang.Object, java.lang.Object, java.lang.Ob
Event: 7.131 Thread 0x000002eb26324930 Exception <a 'java/lang/NoSuchMethodError'{0x00000000866c67d8}: 'java.lang.Object java.lang.invoke.DelegatingMethodHandle$Holder.reinvoke_L(java.lang.Object, java.lang.Object, java.lang.Object, java.lang.Object, java.lang.Object, java.lang.Object, java.lang.Object, java.lang.Object, java.lang.Object, java.lang.Object, java.lang.Object, java.lang.Object, java.lang.Object, java.lang.Object, java.lang.Object, java.lang.Object, java.lang.Object, java.lang.Object, java.lang.Object, java.lang.Object, java.lang.O
Event: 7.131 Thread 0x000002eb26324930 Exception <a 'java/lang/NoSuchMethodError'{0x00000000866d2220}: 'java.lang.Object java.lang.invoke.Invokers$Holder.invoker(java.lang.Object, java.lang.Object, java.lang.Object, java.lang.Object, java.lang.Object, java.lang.Object, java.lang.Object, java.lang.Object, java.lang.Object, java.lang.Object, java.lang.Object, java.lang.Object, java.lang.Object, java.lang.Object, java.lang.Object, java.lang.Object, java.lang.Object, java.lang.Object, java.lang.Object, java.lang.Object, java.lang.Object, java.lang.
Event: 7.131 Thread 0x000002eb26324930 Exception <a 'java/lang/NoSuchMethodError'{0x00000000866d8e20}: 'java.lang.Object java.lang.invoke.DelegatingMethodHandle$Holder.delegate(java.lang.Object, java.lang.Object, java.lang.Object, java.lang.Object, java.lang.Object, java.lang.Object, java.lang.Object, java.lang.Object, java.lang.Object, java.lang.Object, java.lang.Object, java.lang.Object, java.lang.Object, java.lang.Object, java.lang.Object, java.lang.Object, java.lang.Object, java.lang.Object, java.lang.Object, java.lang.Object, java.lang.Obj
Event: 7.139 Thread 0x000002eb26324930 Exception <a 'java/lang/NoSuchMethodError'{0x00000000865ab310}: 'java.lang.Object java.lang.invoke.DirectMethodHandle$Holder.invokeStatic(java.lang.Object, java.lang.Object, java.lang.Object, java.lang.Object, java.lang.Object, java.lang.Object, java.lang.Object, java.lang.Object, java.lang.Object, java.lang.Object, java.lang.Object, java.lang.Object, java.lang.Object, java.lang.Object, java.lang.Object, java.lang.Object, java.lang.Object, java.lang.Object, java.lang.Object, java.lang.Object, java.lang.Obj
Event: 7.275 Thread 0x000002eb26324930 Exception <a 'java/lang/NoSuchMethodError'{0x0000000087bc45c8}: 'int java.lang.invoke.DirectMethodHandle$Holder.invokeSpecialIFC(java.lang.Object, java.lang.Object, java.lang.Object)'> (0x0000000087bc45c8) 
thrown [s\src\hotspot\share\interpreter\linkResolver.cpp, line 771]
Event: 7.318 Thread 0x000002eb26324930 Exception <a 'java/lang/NoSuchMethodError'{0x0000000087784fa8}: 'java.lang.Object java.lang.invoke.DirectMethodHandle$Holder.newInvokeSpecial(java.lang.Object, java.lang.Object, java.lang.Object, java.lang.Object, java.lang.Object, int)'> (0x0000000087784fa8) 
thrown [s\src\hotspot\share\interpreter\linkResolver.cpp, line 771]
Event: 7.318 Thread 0x000002eb26324930 Exception <a 'java/lang/NoSuchMethodError'{0x000000008778a6a8}: 'java.lang.Object java.lang.invoke.DirectMethodHandle$Holder.invokeSpecial(java.lang.Object, java.lang.Object, java.lang.Object, java.lang.Object, java.lang.Object, java.lang.Object, int)'> (0x000000008778a6a8) 
thrown [s\src\hotspot\share\interpreter\linkResolver.cpp, line 771]
Event: 7.318 Thread 0x000002eb26324930 Exception <a 'java/lang/NoSuchMethodError'{0x000000008778f730}: 'java.lang.Object java.lang.invoke.Invokers$Holder.linkToTargetMethod(java.lang.Object, java.lang.Object, java.lang.Object, java.lang.Object, int, java.lang.Object)'> (0x000000008778f730) 
thrown [s\src\hotspot\share\interpreter\linkResolver.cpp, line 771]
Event: 7.322 Thread 0x000002eb26324930 Exception <a 'java/lang/NoSuchMethodError'{0x00000000877c2010}: 'java.lang.Object java.lang.invoke.DirectMethodHandle$Holder.invokeSpecial(java.lang.Object, java.lang.Object, java.lang.Object, java.lang.Object, java.lang.Object, long)'> (0x00000000877c2010) 
thrown [s\src\hotspot\share\interpreter\linkResolver.cpp, line 771]
Event: 7.323 Thread 0x000002eb26324930 Exception <a 'java/lang/NoSuchMethodError'{0x00000000877e55a0}: 'void java.lang.invoke.DirectMethodHandle$Holder.invokeStatic(java.lang.Object, java.lang.Object, java.lang.Object, int, java.lang.Object)'> (0x00000000877e55a0) 
thrown [s\src\hotspot\share\interpreter\linkResolver.cpp, line 771]
Event: 8.019 Thread 0x000002eb26324930 Exception <a 'java/lang/IncompatibleClassChangeError'{0x0000000087ff8c50}: Found class java.lang.Object, but interface was expected> (0x0000000087ff8c50) 
thrown [s\src\hotspot\share\interpreter\linkResolver.cpp, line 838]
Event: 8.032 Thread 0x000002eb26324930 Exception <a 'java/lang/NoSuchMethodError'{0x0000000087ec8b58}: 'void java.lang.invoke.DirectMethodHandle$Holder.invokeVirtual(java.lang.Object, java.lang.Object)'> (0x0000000087ec8b58) 
thrown [s\src\hotspot\share\interpreter\linkResolver.cpp, line 771]
Event: 8.066 Thread 0x000002eb26324930 Exception <a 'java/lang/NoSuchMethodError'{0x0000000087cab588}: 'java.lang.Object java.lang.invoke.DirectMethodHandle$Holder.invokeStaticInit(java.lang.Object, int)'> (0x0000000087cab588) 
thrown [s\src\hotspot\share\interpreter\linkResolver.cpp, line 771]
Event: 8.342 Thread 0x000002eb26324930 Exception <a 'sun/nio/fs/WindowsException'{0x0000000086777420}> (0x0000000086777420) 
thrown [s\src\hotspot\share\prims\jni.cpp, line 517]
Event: 8.342 Thread 0x000002eb26324930 Exception <a 'sun/nio/fs/WindowsException'{0x0000000086778fa0}> (0x0000000086778fa0) 
thrown [s\src\hotspot\share\prims\jni.cpp, line 517]

VM Operations (20 events):
Event: 7.745 Executing VM operation: G1PauseRemark done
Event: 7.772 Executing VM operation: G1PauseCleanup
Event: 7.772 Executing VM operation: G1PauseCleanup done
Event: 7.927 Executing VM operation: G1CollectForAllocation
Event: 7.934 Executing VM operation: G1CollectForAllocation done
Event: 7.950 Executing VM operation: G1CollectForAllocation
Event: 7.953 Executing VM operation: G1CollectForAllocation done
Event: 8.012 Executing VM operation: HandshakeAllThreads
Event: 8.012 Executing VM operation: HandshakeAllThreads done
Event: 8.017 Executing VM operation: HandshakeAllThreads
Event: 8.017 Executing VM operation: HandshakeAllThreads done
Event: 8.057 Executing VM operation: HandshakeAllThreads
Event: 8.058 Executing VM operation: HandshakeAllThreads done
Event: 8.064 Executing VM operation: HandshakeAllThreads
Event: 8.064 Executing VM operation: HandshakeAllThreads done
Event: 8.119 Executing VM operation: HandshakeAllThreads
Event: 8.120 Executing VM operation: HandshakeAllThreads done
Event: 8.121 Executing VM operation: HandshakeAllThreads
Event: 8.121 Executing VM operation: HandshakeAllThreads done
Event: 8.352 Executing VM operation: G1CollectForAllocation

Events (20 events):
Event: 7.618 Thread 0x000002eb284ee6e0 Thread added: 0x000002eb284ee6e0
Event: 7.618 Thread 0x000002eb284e81a0 Thread added: 0x000002eb284e81a0
Event: 7.618 Thread 0x000002eb284e8bc0 Thread added: 0x000002eb284e8bc0
Event: 7.673 Thread 0x000002eb284eb440 Thread added: 0x000002eb284eb440
Event: 7.674 Thread 0x000002eb284ea510 Thread added: 0x000002eb284ea510
Event: 7.676 Thread 0x000002eb284e7780 Thread added: 0x000002eb284e7780
Event: 7.677 Thread 0x000002eb284eebf0 Thread added: 0x000002eb284eebf0
Event: 7.679 Thread 0x000002eb284ebe60 Thread added: 0x000002eb284ebe60
Event: 7.681 Thread 0x000002eb284e9af0 Thread added: 0x000002eb284e9af0
Event: 7.683 Thread 0x000002eb284ef100 Thread added: 0x000002eb284ef100
Event: 8.058 loading class java/util/EmptyStackException
Event: 8.058 loading class java/util/EmptyStackException done
Event: 8.296 loading class java/io/NotSerializableException
Event: 8.296 loading class java/io/NotSerializableException done
Event: 8.324 loading class java/lang/Byte$ByteCache
Event: 8.324 loading class java/lang/Byte$ByteCache done
Event: 8.349 loading class java/nio/channels/Channels$1
Event: 8.349 loading class java/nio/channels/Channels$1 done
Event: 8.349 loading class java/nio/charset/UnsupportedCharsetException
Event: 8.349 loading class java/nio/charset/UnsupportedCharsetException done


Dynamic libraries:
0x00007ff6dc390000 - 0x00007ff6dc39a000 	C:\Program Files\Android\Android Studio\jbr\bin\java.exe
0x00007ff846950000 - 0x00007ff846b67000 	C:\WINDOWS\SYSTEM32\ntdll.dll
0x00007ff845b80000 - 0x00007ff845c44000 	C:\WINDOWS\System32\KERNEL32.DLL
0x00007ff843c80000 - 0x00007ff84402c000 	C:\WINDOWS\System32\KERNELBASE.dll
0x00007ff844290000 - 0x00007ff8443a1000 	C:\WINDOWS\System32\ucrtbase.dll
0x00007fffd1750000 - 0x00007fffd1767000 	C:\Program Files\Android\Android Studio\jbr\bin\jli.dll
0x00007ff83a3a0000 - 0x00007ff83a3bb000 	C:\Program Files\Android\Android Studio\jbr\bin\VCRUNTIME140.dll
0x00007ff845c50000 - 0x00007ff845dfe000 	C:\WINDOWS\System32\USER32.dll
0x00007ff8444f0000 - 0x00007ff844516000 	C:\WINDOWS\System32\win32u.dll
0x00007ff844f50000 - 0x00007ff844f79000 	C:\WINDOWS\System32\GDI32.dll
0x00007ff827d90000 - 0x00007ff828023000 	C:\WINDOWS\WinSxS\amd64_microsoft.windows.common-controls_6595b64144ccf1df_6.0.22621.3672_none_2713b9d173822955\COMCTL32.dll
0x00007ff844100000 - 0x00007ff844219000 	C:\WINDOWS\System32\gdi32full.dll
0x00007ff846690000 - 0x00007ff846737000 	C:\WINDOWS\System32\msvcrt.dll
0x00007ff844030000 - 0x00007ff8440ca000 	C:\WINDOWS\System32\msvcp_win.dll
0x00007ff845b40000 - 0x00007ff845b71000 	C:\WINDOWS\System32\IMM32.DLL
0x00007ff83c040000 - 0x00007ff83c04c000 	C:\Program Files\Android\Android Studio\jbr\bin\vcruntime140_1.dll
0x00007ff819e70000 - 0x00007ff819efd000 	C:\Program Files\Android\Android Studio\jbr\bin\msvcp140.dll
0x00007fffcf0b0000 - 0x00007fffcfd33000 	C:\Program Files\Android\Android Studio\jbr\bin\server\jvm.dll
0x00007ff846770000 - 0x00007ff846822000 	C:\WINDOWS\System32\ADVAPI32.dll
0x00007ff844e90000 - 0x00007ff844f3a000 	C:\WINDOWS\System32\sechost.dll
0x00007ff8440d0000 - 0x00007ff8440f8000 	C:\WINDOWS\System32\bcrypt.dll
0x00007ff845110000 - 0x00007ff845225000 	C:\WINDOWS\System32\RPCRT4.dll
0x00007ff843b40000 - 0x00007ff843b8d000 	C:\WINDOWS\SYSTEM32\POWRPROF.dll
0x00007ff83c000000 - 0x00007ff83c009000 	C:\WINDOWS\SYSTEM32\WSOCK32.dll
0x00007ff83bf00000 - 0x00007ff83bf34000 	C:\WINDOWS\SYSTEM32\WINMM.dll
0x00007ff83bef0000 - 0x00007ff83befa000 	C:\WINDOWS\SYSTEM32\VERSION.dll
0x00007ff846830000 - 0x00007ff8468a1000 	C:\WINDOWS\System32\WS2_32.dll
0x00007ff843b20000 - 0x00007ff843b33000 	C:\WINDOWS\SYSTEM32\UMPDC.dll
0x00007ff842cb0000 - 0x00007ff842cc8000 	C:\WINDOWS\SYSTEM32\kernel.appcore.dll
0x00007ff804d20000 - 0x00007ff804d2a000 	C:\Program Files\Android\Android Studio\jbr\bin\jimage.dll
0x00007ff83d780000 - 0x00007ff83d9b2000 	C:\WINDOWS\SYSTEM32\DBGHELP.DLL
0x00007ff846200000 - 0x00007ff846588000 	C:\WINDOWS\System32\combase.dll
0x00007ff844bf0000 - 0x00007ff844cc7000 	C:\WINDOWS\System32\OLEAUT32.dll
0x00007ff820710000 - 0x00007ff820742000 	C:\WINDOWS\SYSTEM32\dbgcore.DLL
0x00007ff8443b0000 - 0x00007ff84442b000 	C:\WINDOWS\System32\bcryptPrimitives.dll
0x00007fffdbef0000 - 0x00007fffdbefe000 	C:\Program Files\Android\Android Studio\jbr\bin\instrument.dll
0x00007ff804be0000 - 0x00007ff804c05000 	C:\Program Files\Android\Android Studio\jbr\bin\java.dll
0x00007ff804bc0000 - 0x00007ff804bd8000 	C:\Program Files\Android\Android Studio\jbr\bin\zip.dll
0x00007ff8452e0000 - 0x00007ff845b3c000 	C:\WINDOWS\System32\SHELL32.dll
0x00007ff841bd0000 - 0x00007ff8424c7000 	C:\WINDOWS\SYSTEM32\windows.storage.dll
0x00007ff841a90000 - 0x00007ff841bcf000 	C:\WINDOWS\SYSTEM32\wintypes.dll
0x00007ff844f80000 - 0x00007ff845074000 	C:\WINDOWS\System32\SHCORE.dll
0x00007ff8468b0000 - 0x00007ff84690e000 	C:\WINDOWS\System32\shlwapi.dll
0x00007ff843bb0000 - 0x00007ff843bd1000 	C:\WINDOWS\SYSTEM32\profapi.dll
0x00007ff804ba0000 - 0x00007ff804bb9000 	C:\Program Files\Android\Android Studio\jbr\bin\net.dll
0x00007ff83cd70000 - 0x00007ff83cea6000 	C:\WINDOWS\SYSTEM32\WINHTTP.dll
0x00007ff843120000 - 0x00007ff843189000 	C:\WINDOWS\system32\mswsock.dll
0x00007fffdcaf0000 - 0x00007fffdcb06000 	C:\Program Files\Android\Android Studio\jbr\bin\nio.dll
0x00007fffdc7e0000 - 0x00007fffdc7f0000 	C:\Program Files\Android\Android Studio\jbr\bin\verify.dll
0x00007ff83cf50000 - 0x00007ff83cf77000 	C:\Users\HP\.gradle\native\c067742578af261105cb4f569cf0c3c89f3d7b1fecec35dd04571415982c5e48\windows-amd64\native-platform.dll
0x00007ff819d20000 - 0x00007ff819e64000 	C:\Users\HP\.gradle\native\38dada09dfb8b06ba9b0570ebf7e218e3eb74d4ef43ca46872605cf95ebc2f47\windows-amd64\native-platform-file-events.dll
0x00007fffdc880000 - 0x00007fffdc889000 	C:\Program Files\Android\Android Studio\jbr\bin\management.dll
0x00007fffdc870000 - 0x00007fffdc87b000 	C:\Program Files\Android\Android Studio\jbr\bin\management_ext.dll
0x00007ff844f40000 - 0x00007ff844f48000 	C:\WINDOWS\System32\PSAPI.DLL
0x00007ff843380000 - 0x00007ff84339b000 	C:\WINDOWS\SYSTEM32\CRYPTSP.dll
0x00007ff842c10000 - 0x00007ff842c45000 	C:\WINDOWS\system32\rsaenh.dll
0x00007ff843220000 - 0x00007ff843248000 	C:\WINDOWS\SYSTEM32\USERENV.dll
0x00007ff8433a0000 - 0x00007ff8433ac000 	C:\WINDOWS\SYSTEM32\CRYPTBASE.dll
0x00007ff842730000 - 0x00007ff84275d000 	C:\WINDOWS\SYSTEM32\IPHLPAPI.DLL
0x00007ff845f60000 - 0x00007ff845f69000 	C:\WINDOWS\System32\NSI.dll
0x00007ff83d030000 - 0x00007ff83d049000 	C:\WINDOWS\SYSTEM32\dhcpcsvc6.DLL
0x00007ff83cf20000 - 0x00007ff83cf3f000 	C:\WINDOWS\SYSTEM32\dhcpcsvc.DLL
0x00007ff8427a0000 - 0x00007ff842898000 	C:\WINDOWS\SYSTEM32\DNSAPI.dll
0x00007fffdcae0000 - 0x00007fffdcae9000 	C:\Program Files\Android\Android Studio\jbr\bin\extnet.dll
0x00007ffff8360000 - 0x00007ffff8368000 	C:\WINDOWS\system32\wshunix.dll

dbghelp: loaded successfully - version: 4.0.5 - missing functions: none
symbol engine: initialized successfully - sym options: 0x614 - pdb path: .;C:\Program Files\Android\Android Studio\jbr\bin;C:\WINDOWS\SYSTEM32;C:\WINDOWS\WinSxS\amd64_microsoft.windows.common-controls_6595b64144ccf1df_6.0.22621.3672_none_2713b9d173822955;C:\Program Files\Android\Android Studio\jbr\bin\server;C:\Users\HP\.gradle\native\c067742578af261105cb4f569cf0c3c89f3d7b1fecec35dd04571415982c5e48\windows-amd64;C:\Users\HP\.gradle\native\38dada09dfb8b06ba9b0570ebf7e218e3eb74d4ef43ca46872605cf95ebc2f47\windows-amd64

VM Arguments:
jvm_args: --add-opens=java.base/java.util=ALL-UNNAMED --add-opens=java.base/java.lang=ALL-UNNAMED --add-opens=java.base/java.lang.invoke=ALL-UNNAMED --add-opens=java.prefs/java.util.prefs=ALL-UNNAMED --add-opens=java.base/java.nio.charset=ALL-UNNAMED --add-opens=java.base/java.net=ALL-UNNAMED --add-opens=java.base/java.util.concurrent.atomic=ALL-UNNAMED -Xmx2048m -Dfile.encoding=UTF-8 -Duser.country=US -Duser.language=en -Duser.variant -javaagent:C:\Users\HP\.gradle\wrapper\dists\gradle-8.7-bin\bhs2wmbdwecv87pi65oeuq5iu\gradle-8.7\lib\agents\gradle-instrumentation-agent-8.7.jar 
java_command: org.gradle.launcher.daemon.bootstrap.GradleDaemon 8.7
java_class_path (initial): C:\Users\HP\.gradle\wrapper\dists\gradle-8.7-bin\bhs2wmbdwecv87pi65oeuq5iu\gradle-8.7\lib\gradle-launcher-8.7.jar
Launcher Type: SUN_STANDARD

[Global flags]
     intx CICompilerCount                          = 4                                         {product} {ergonomic}
     uint ConcGCThreads                            = 2                                         {product} {ergonomic}
     uint G1ConcRefinementThreads                  = 8                                         {product} {ergonomic}
   size_t G1HeapRegionSize                         = 1048576                                   {product} {ergonomic}
    uintx GCDrainStackTargetSize                   = 64                                        {product} {ergonomic}
   size_t InitialHeapSize                          = 132120576                                 {product} {ergonomic}
   size_t MarkStackSize                            = 4194304                                   {product} {ergonomic}
   size_t MaxHeapSize                              = 2147483648                                {product} {command line}
   size_t MaxNewSize                               = 1287651328                                {product} {ergonomic}
   size_t MinHeapDeltaBytes                        = 1048576                                   {product} {ergonomic}
   size_t MinHeapSize                              = 8388608                                   {product} {ergonomic}
    uintx NonNMethodCodeHeapSize                   = 5839372                                {pd product} {ergonomic}
    uintx NonProfiledCodeHeapSize                  = 122909434                              {pd product} {ergonomic}
    uintx ProfiledCodeHeapSize                     = 122909434                              {pd product} {ergonomic}
    uintx ReservedCodeCacheSize                    = 251658240                              {pd product} {ergonomic}
     bool SegmentedCodeCache                       = true                                      {product} {ergonomic}
   size_t SoftMaxHeapSize                          = 2147483648                             {manageable} {ergonomic}
     bool UseCompressedClassPointers               = true                           {product lp64_product} {ergonomic}
     bool UseCompressedOops                        = true                           {product lp64_product} {ergonomic}
     bool UseG1GC                                  = true                                      {product} {ergonomic}
     bool UseLargePagesIndividualAllocation        = false                                  {pd product} {ergonomic}

Logging:
Log output configuration:
 #0: stdout all=warning uptime,level,tags
 #1: stderr all=off uptime,level,tags

Environment Variables:
PATH=C:\Program Files\Common Files\Oracle\Java\javapath;C:\WINDOWS\system32;C:\WINDOWS;C:\WINDOWS\System32\Wbem;C:\WINDOWS\System32\WindowsPowerShell\v1.0\;C:\WINDOWS\System32\OpenSSH\;C:\Program Files\Java\jdk-21\bin;C:\Program Files\Git\cmd;C:\Program Files (x86)\Microsoft Visual Studio\Common\Tools\WinNT;C:\Program Files (x86)\Microsoft Visual Studio\Common\MSDev98\Bin;C:\Program Files (x86)\Microsoft Visual Studio\Common\Tools;C:\Program Files (x86)\Microsoft Visual Studio\VC98\bin;C:\Users\HP\AppData\Local\Microsoft\WindowsApps;C:\Users\HP\AppData\Local\Programs\Microsoft VS Code\bin;C:\Program Files\Java\jdk-21\bin;
USERNAME=HP
OS=Windows_NT
PROCESSOR_IDENTIFIER=Intel64 Family 6 Model 126 Stepping 5, GenuineIntel
TMP=C:\Users\HP\AppData\Local\Temp
TEMP=C:\Users\HP\AppData\Local\Temp



Periodic native trim disabled

JNI global refs:
JNI global refs: 25, weak refs: 0

JNI global refs memory usage: 843, weak refs: 841

OOME stack traces (most recent first):
Classloader memory used:
Loader org.gradle.internal.classloader.VisitableURLClassLoader                         : 4150K
Loader bootstrap                                                                       : 2475K
Loader org.gradle.initialization.MixInLegacyTypesClassLoader                           : 1093K
Loader org.gradle.internal.classloader.VisitableURLClassLoader                         : 108K
Loader org.gradle.internal.classloader.VisitableURLClassLoader$InstrumentingVisitableURLClassLoader: 91476B
Loader jdk.internal.loader.ClassLoaders$PlatformClassLoader                            : 65688B
Loader jdk.internal.loader.ClassLoaders$AppClassLoader                                 : 28747B
Loader jdk.internal.reflect.DelegatingClassLoader                                      : 28414B
Loader org.gradle.groovy.scripts.internal.DefaultScriptCompilationHandler$ScriptClassLoader: 11007B
Loader org.codehaus.groovy.runtime.callsite.CallSiteClassLoader                        : 5853B

Classes loaded by more than one classloader:
Class org.gradle.internal.Cast                                                        : loaded 3 times (x 69B)
Class Program                                                                         : loaded 3 times (x 70B)
Class org.gradle.api.GradleException                                                  : loaded 3 times (x 80B)
Class org.gradle.internal.classpath.ClassPath                                         : loaded 2 times (x 68B)
Class org.gradle.api.internal.classpath.DefaultModuleRegistry                         : loaded 2 times (x 84B)
Class org.gradle.internal.exceptions.NonGradleCauseExceptionsHolder                   : loaded 2 times (x 68B)
Class Settings_gradle$1$1                                                             : loaded 2 times (x 73B)
Class org.gradle.api.Action                                                           : loaded 2 times (x 68B)
Class org.jetbrains.kotlin.idea.gradleTooling.model.samWithReceiver.SamWithReceiverModel: loaded 2 times (x 68B)
Class org.jetbrains.plugins.gradle.model.ExternalProject                              : loaded 2 times (x 68B)
Class org.jetbrains.plugins.gradle.model.IntelliJSettings                             : loaded 2 times (x 68B)
Class org.jetbrains.kotlin.idea.gradleTooling.KotlinMPPGradleModel                    : loaded 2 times (x 68B)
Class org.gradle.api.internal.DefaultClassPathProvider                                : loaded 2 times (x 74B)
Class org.gradle.internal.installation.GradleInstallation$1                           : loaded 2 times (x 73B)
Class org.gradle.internal.exceptions.DefaultMultiCauseException                       : loaded 2 times (x 93B)
Class org.gradle.tooling.model.UnsupportedMethodException                             : loaded 2 times (x 80B)
Class org.gradle.internal.time.MonotonicClock                                         : loaded 2 times (x 75B)
Class org.gradle.internal.classloader.FilteringClassLoader                            : loaded 2 times (x 103B)
Class org.gradle.tooling.model.Model                                                  : loaded 2 times (x 68B)
Class org.gradle.internal.classpath.DefaultClassPath$ImmutableUniqueList$Builder      : loaded 2 times (x 73B)
Class org.jetbrains.kotlin.idea.gradleTooling.KotlinSourceSetContainer                : loaded 2 times (x 68B)
Class org.gradle.internal.classloader.ClassLoaderVisitor                              : loaded 2 times (x 74B)
Class org.gradle.internal.time.DefaultCountdownTimer                                  : loaded 2 times (x 86B)
Class sync_studio_tooling4_dk1aqe0qdg6d408slsyrubu04$_run_closure1                    : loaded 2 times (x 137B)
Class org.gradle.internal.service.DefaultServiceLocator                               : loaded 2 times (x 81B)
Class org.jetbrains.plugins.gradle.model.jar.JarTaskManifestConfiguration             : loaded 2 times (x 68B)
Class org.gradle.internal.service.UnknownServiceException                             : loaded 2 times (x 81B)
Class org.jetbrains.plugins.gradle.model.DependencyAccessorsModel                     : loaded 2 times (x 68B)
Class org.gradle.internal.classloader.DefaultClassLoaderFactory                       : loaded 2 times (x 80B)
Class org.jetbrains.plugins.gradle.model.GradleExtensions                             : loaded 2 times (x 68B)
Class org.jetbrains.plugins.gradle.model.VersionCatalogsModel                         : loaded 2 times (x 68B)
Class org.gradle.internal.classloader.VisitableURLClassLoader$Spec                    : loaded 2 times (x 72B)
Class org.gradle.tooling.model.ProjectModel                                           : loaded 2 times (x 68B)
Class org.jetbrains.plugins.gradle.model.MavenRepositoryModel                         : loaded 2 times (x 68B)
Class org.gradle.tooling.internal.gradle.DefaultProjectIdentifier                     : loaded 2 times (x 84B)
Class org.gradle.util.GradleVersion                                                   : loaded 2 times (x 81B)
Class org.jetbrains.plugins.gradle.model.RepositoriesModel                            : loaded 2 times (x 68B)
Class kotlin.jvm.internal.markers.KMappedMarker                                       : loaded 2 times (x 68B)
Class org.gradle.api.internal.ClassPathProvider                                       : loaded 2 times (x 68B)
Class org.gradle.internal.classloader.ClasspathUtil$1                                 : loaded 2 times (x 74B)
Class org.gradle.internal.classloader.ClassLoaderFactory                              : loaded 2 times (x 68B)
Class org.gradle.api.internal.classpath.ManifestUtil                                  : loaded 2 times (x 69B)
Class org.gradle.api.specs.Spec                                                       : loaded 2 times (x 68B)
Class org.gradle.tooling.internal.gradle.GradleBuildIdentity                          : loaded 2 times (x 68B)
Class org.gradle.internal.IoActions                                                   : loaded 2 times (x 69B)
Class org.gradle.api.internal.classpath.EffectiveClassPath                            : loaded 2 times (x 88B)
Class kotlin.jvm.internal.DefaultConstructorMarker                                    : loaded 2 times (x 69B)
Class ijInit3_49kws2w7hi7xo06z8ywwhr3x5                                               : loaded 2 times (x 177B)
Class org.gradle.internal.exceptions.ResolutionProvider                               : loaded 2 times (x 68B)
Class org.jetbrains.kotlin.idea.gradleTooling.model.annotation.AnnotationBasedPluginModel: loaded 2 times (x 68B)
Class org.jetbrains.kotlin.idea.gradleTooling.model.assignment.AssignmentModel        : loaded 2 times (x 68B)
Class org.gradle.internal.installation.CurrentGradleInstallation                      : loaded 2 times (x 71B)
Class org.gradle.internal.agents.InstrumentingClassLoader                             : loaded 2 times (x 68B)
Class org.gradle.internal.installation.CurrentGradleInstallationLocator               : loaded 2 times (x 69B)
Class org.gradle.api.internal.classpath.Module                                        : loaded 2 times (x 68B)
Class org.gradle.internal.service.CachingServiceLocator                               : loaded 2 times (x 80B)
Class org.gradle.internal.time.Timer                                                  : loaded 2 times (x 68B)
Class org.jetbrains.plugins.gradle.model.tests.ExternalTestsModel                     : loaded 2 times (x 68B)
Class org.jetbrains.kotlin.idea.gradleTooling.KotlinDslScriptAdditionalTask           : loaded 2 times (x 68B)
Class org.gradle.internal.classpath.DefaultClassPath                                  : loaded 2 times (x 88B)
Class com.intellij.openapi.externalSystem.model.project.dependencies.ProjectDependencies: loaded 2 times (x 68B)
Class org.jetbrains.kotlin.idea.gradleTooling.PrepareKotlinIdeImportTaskModel         : loaded 2 times (x 68B)
Class sync_studio_tooling4_dk1aqe0qdg6d408slsyrubu04                                  : loaded 2 times (x 177B)
Class org.gradle.internal.impldep.com.google.common.base.Preconditions                : loaded 2 times (x 69B)
Class kotlin.jvm.functions.Function1                                                  : loaded 2 times (x 68B)
Class org.gradle.internal.time.Time                                                   : loaded 2 times (x 69B)
Class org.gradle.internal.time.TimeSource$1                                           : loaded 2 times (x 75B)
Class org.gradle.internal.classloader.SystemClassLoaderSpec                           : loaded 2 times (x 69B)
Class kotlin.Function                                                                 : loaded 2 times (x 68B)
Class org.gradle.api.UncheckedIOException                                             : loaded 2 times (x 80B)
Class org.gradle.api.internal.classpath.ModuleRegistry                                : loaded 2 times (x 68B)
Class org.gradle.tooling.internal.gradle.GradleProjectIdentity                        : loaded 2 times (x 68B)
Class org.gradle.internal.time.CountdownTimer                                         : loaded 2 times (x 68B)
Class org.gradle.internal.time.Clock                                                  : loaded 2 times (x 68B)
Class org.gradle.internal.classloader.ClasspathUtil                                   : loaded 2 times (x 69B)
Class org.gradle.tooling.model.BuildIdentifier                                        : loaded 2 times (x 68B)
Class org.gradle.api.internal.DefaultClassPathRegistry                                : loaded 2 times (x 74B)
Class org.gradle.api.internal.classpath.DefaultModuleRegistry$DefaultModule           : loaded 2 times (x 84B)
Class org.gradle.internal.time.TimeSource                                             : loaded 2 times (x 68B)
Class org.jetbrains.kotlin.android.synthetic.idea.AndroidExtensionsGradleModel        : loaded 2 times (x 68B)
Class org.gradle.api.internal.classpath.UnknownModuleException                        : loaded 2 times (x 80B)
Class org.jetbrains.plugins.gradle.model.IntelliJProjectSettings                      : loaded 2 times (x 68B)
Class org.gradle.internal.service.ServiceLookupException                              : loaded 2 times (x 80B)
Class org.gradle.cache.GlobalCache                                                    : loaded 2 times (x 68B)
Class org.jetbrains.kotlin.idea.gradleTooling.model.lombok.LombokModel                : loaded 2 times (x 68B)
Class org.gradle.tooling.model.ProjectIdentifier                                      : loaded 2 times (x 68B)
Class [Lorg.gradle.api.internal.ClassPathProvider;                                    : loaded 2 times (x 67B)
Class org.gradle.internal.operations.MultipleBuildOperationFailures                   : loaded 2 times (x 93B)
Class org.gradle.util.internal.GUtil                                                  : loaded 2 times (x 69B)
Class org.jetbrains.plugins.gradle.model.AnnotationProcessingModel                    : loaded 2 times (x 68B)
Class org.gradle.internal.classloader.ClassLoaderSpec                                 : loaded 2 times (x 69B)
Class org.gradle.internal.classloader.VisitableURLClassLoader                         : loaded 2 times (x 115B)
Class org.gradle.internal.installation.GradleInstallation                             : loaded 2 times (x 73B)
Class org.gradle.api.internal.ClassPathRegistry                                       : loaded 2 times (x 68B)
Class org.gradle.internal.classloader.VisitableURLClassLoader$InstrumentingVisitableURLClassLoader: loaded 2 times (x 121B)
Class org.gradle.internal.classloader.ClassLoaderHierarchy                            : loaded 2 times (x 68B)
Class org.gradle.internal.exceptions.MultiCauseException                              : loaded 2 times (x 68B)
Class org.jetbrains.kotlin.idea.gradleTooling.model.parcelize.ParcelizeGradleModel    : loaded 2 times (x 68B)
Class org.gradle.internal.InternalTransformer                                         : loaded 2 times (x 68B)
Class org.jetbrains.kotlin.idea.gradleTooling.model.noarg.NoArgModel                  : loaded 2 times (x 68B)
Class org.jetbrains.kotlin.idea.gradleTooling.KotlinGradleModel                       : loaded 2 times (x 68B)
Class org.gradle.tooling.internal.gradle.DefaultBuildIdentifier                       : loaded 2 times (x 77B)
Class org.gradle.internal.service.ServiceLocator                                      : loaded 2 times (x 68B)
Class Settings_gradle$1                                                               : loaded 2 times (x 73B)
Class org.jetbrains.kotlin.idea.gradleTooling.model.allopen.AllOpenModel              : loaded 2 times (x 68B)
Class org.gradle.internal.classpath.DefaultClassPath$ImmutableUniqueList              : loaded 2 times (x 159B)
Class org.gradle.internal.time.DefaultTimer                                           : loaded 2 times (x 78B)
Class org.gradle.internal.classpath.TransformedClassPath                              : loaded 2 times (x 94B)
Class Settings_gradle                                                                 : loaded 2 times (x 126B)


---------------  S Y S T E M  ---------------

OS:
 Windows 11 , 64 bit Build 22621 (10.0.22621.3672)
OS uptime: 0 days 0:34 hours

CPU: total 8 (initial active 8) (4 cores per cpu, 2 threads per core) family 6 model 126 stepping 5 microcode 0xa6, cx8, cmov, fxsr, ht, mmx, 3dnowpref, sse, sse2, sse3, ssse3, sse4.1, sse4.2, popcnt, lzcnt, tsc, tscinvbit, avx, avx2, aes, erms, clmul, bmi1, bmi2, adx, avx512f, avx512dq, avx512cd, avx512bw, avx512vl, sha, fma, vzeroupper, avx512_vpopcntdq, avx512_vpclmulqdq, avx512_vaes, avx512_vnni, clflush, clflushopt, avx512_vbmi2, avx512_vbmi
Processor Information for all 8 processors :
  Max Mhz: 1190, Current Mhz: 991, Mhz Limit: 987

Memory: 4k page, system-wide physical 7973M (436M free)
TotalPageFile size 10021M (AvailPageFile size 126M)
current process WorkingSet (physical memory assigned to process): 323M, peak: 323M
current process commit charge ("private bytes"): 356M, peak: 491M

vm_info: OpenJDK 64-Bit Server VM (17.0.10+0--11609105) for windows-amd64 JRE (17.0.10+0--11609105), built on Mar 21 2024 19:10:56 by "androidbuild" with MS VC++ 16.10 / 16.11 (VS2019)

END.
