#
# There is insufficient memory for the Java Runtime Environment to continue.
# Native memory allocation (mmap) failed to map 33554432 bytes for G1 virtual space
# Possible reasons:
#   The system is out of physical RAM or swap space
#   The process is running with CompressedOops enabled, and the Java Heap may be blocking the growth of the native heap
# Possible solutions:
#   Reduce memory load on the system
#   Increase physical memory or swap space
#   Check if swap backing store is full
#   Decrease Java heap size (-Xmx/-Xms)
#   Decrease number of Java threads
#   Decrease Java thread stack sizes (-Xss)
#   Set larger code cache with -XX:ReservedCodeCacheSize=
#   JVM is running with Unscaled Compressed Oops mode in which the Java heap is
#     placed in the first 4GB address space. The Java Heap base address is the
#     maximum limit for the native heap growth. Please use -XX:HeapBaseMinAddress
#     to set the Java Heap base and to place the Java Heap above 4GB virtual address.
# This output file may be truncated or incomplete.
#
#  Out of Memory Error (os_windows.cpp:3600), pid=12400, tid=6104
#
# JRE version: Java(TM) SE Runtime Environment (21.0.1+12) (build 21.0.1+12-LTS-29)
# Java VM: Java HotSpot(TM) 64-Bit Server VM (21.0.1+12-LTS-29, mixed mode, sharing, tiered, compressed oops, compressed class ptrs, g1 gc, windows-amd64)
# No core dump will be written. Minidumps are not enabled by default on client versions of Windows
#

---------------  S U M M A R Y ------------

Command Line: --add-opens=java.base/java.util=ALL-UNNAMED --add-opens=java.base/java.lang=ALL-UNNAMED --add-opens=java.base/java.lang.invoke=ALL-UNNAMED --add-opens=java.prefs/java.util.prefs=ALL-UNNAMED --add-opens=java.base/java.nio.charset=ALL-UNNAMED --add-opens=java.base/java.net=ALL-UNNAMED --add-opens=java.base/java.util.concurrent.atomic=ALL-UNNAMED -Xmx2048m -Dfile.encoding=UTF-8 -Duser.country=US -Duser.language=en -Duser.variant -javaagent:C:\Users\HP\.gradle\wrapper\dists\gradle-8.4-bin\1w5dpkrfk8irigvoxmyhowfim\gradle-8.4\lib\agents\gradle-instrumentation-agent-8.4.jar org.gradle.launcher.daemon.bootstrap.GradleDaemon 8.4

Host: Intel(R) Core(TM) i5-1035G1 CPU @ 1.00GHz, 8 cores, 7G,  Windows 11 , 64 bit Build 22621 (10.0.22621.3527)
Time: Thu May 30 11:51:09 2024 Pakistan Standard Time elapsed time: 14.968230 seconds (0d 0h 0m 14s)

---------------  T H R E A D  ---------------

Current thread (0x00000238bfc5f220):  VMThread "VM Thread"          [id=6104, stack(0x000000b5d9300000,0x000000b5d9400000) (1024K)]

Stack: [0x000000b5d9300000,0x000000b5d9400000]
Native frames: (J=compiled Java code, j=interpreted, Vv=VM code, C=native code)
V  [jvm.dll+0x6c9029]
V  [jvm.dll+0x854b81]
V  [jvm.dll+0x856e5e]
V  [jvm.dll+0x857543]
V  [jvm.dll+0x280c06]
V  [jvm.dll+0x6c5715]
V  [jvm.dll+0x6ba10a]
V  [jvm.dll+0x3557ea]
V  [jvm.dll+0x35d436]
V  [jvm.dll+0x3ae1be]
V  [jvm.dll+0x3ae468]
V  [jvm.dll+0x3291fc]
V  [jvm.dll+0x32baa6]
V  [jvm.dll+0x3359fe]
V  [jvm.dll+0x36bc65]
V  [jvm.dll+0x85d048]
V  [jvm.dll+0x85e144]
V  [jvm.dll+0x85e680]
V  [jvm.dll+0x85e923]
V  [jvm.dll+0x7fd728]
V  [jvm.dll+0x6c777d]
C  [ucrtbase.dll+0x29333]
C  [KERNEL32.DLL+0x1257d]
C  [ntdll.dll+0x5aa48]

VM_Operation (0x000000b5d8eff520): G1PauseRemark, mode: safepoint, requested by thread 0x00000238a330f730


---------------  P R O C E S S  ---------------

Threads class SMR info:
_java_thread_list=0x00000239199bed50, length=51, elements={
0x00000238a1061620, 0x00000238bfc80100, 0x00000238bfc81110, 0x00000238bfc85110,
0x00000238bfc87ea0, 0x00000238bfc89b30, 0x00000238bfc8c7c0, 0x00000238bfc8d250,
0x00000238bfc97a60, 0x00000239050d5a20, 0x00000239052ac360, 0x0000023906692810,
0x0000023905c94730, 0x0000023906805eb0, 0x0000023906d92430, 0x0000023906670c00,
0x000002390665a670, 0x0000023906e260e0, 0x0000023906e26e00, 0x0000023906e28ed0,
0x0000023906e29560, 0x0000023906e26770, 0x0000023906e27b20, 0x0000023906e281b0,
0x0000023906e28840, 0x000002390728c8a0, 0x000002390728b4f0, 0x0000023907288700,
0x0000023907288d90, 0x000002390728cf30, 0x0000023907285fa0, 0x000002390728d5c0,
0x0000023907287350, 0x000002390b1d3f20, 0x000002390b1d24e0, 0x0000023907afc700,
0x0000023907afb350, 0x0000023907afcd90, 0x0000023907af9fa0, 0x000002390b1d17c0,
0x000002390b1d3890, 0x0000023908e6cb30, 0x0000023908e69d40, 0x0000023908e6be10,
0x0000023908e6ec00, 0x0000023908e6e570, 0x0000023908e6d1c0, 0x0000023908e6c4a0,
0x0000023908e6a3d0, 0x0000023908e6d850, 0x0000023908e696b0
}

Java Threads: ( => current thread )
  0x00000238a1061620 JavaThread "main"                              [_thread_blocked, id=5948, stack(0x000000b5d8c00000,0x000000b5d8d00000) (1024K)]
  0x00000238bfc80100 JavaThread "Reference Handler"          daemon [_thread_blocked, id=8512, stack(0x000000b5d9400000,0x000000b5d9500000) (1024K)]
  0x00000238bfc81110 JavaThread "Finalizer"                  daemon [_thread_blocked, id=1048, stack(0x000000b5d9500000,0x000000b5d9600000) (1024K)]
  0x00000238bfc85110 JavaThread "Signal Dispatcher"          daemon [_thread_blocked, id=6488, stack(0x000000b5d9600000,0x000000b5d9700000) (1024K)]
  0x00000238bfc87ea0 JavaThread "Attach Listener"            daemon [_thread_blocked, id=5368, stack(0x000000b5d9700000,0x000000b5d9800000) (1024K)]
  0x00000238bfc89b30 JavaThread "Service Thread"             daemon [_thread_blocked, id=10520, stack(0x000000b5d9800000,0x000000b5d9900000) (1024K)]
  0x00000238bfc8c7c0 JavaThread "Monitor Deflation Thread"   daemon [_thread_blocked, id=13860, stack(0x000000b5d9900000,0x000000b5d9a00000) (1024K)]
  0x00000238bfc8d250 JavaThread "C2 CompilerThread0"         daemon [_thread_blocked, id=6168, stack(0x000000b5d9a00000,0x000000b5d9b00000) (1024K)]
  0x00000238bfc97a60 JavaThread "C1 CompilerThread0"         daemon [_thread_blocked, id=14588, stack(0x000000b5d9b00000,0x000000b5d9c00000) (1024K)]
  0x00000239050d5a20 JavaThread "Common-Cleaner"             daemon [_thread_blocked, id=14200, stack(0x000000b5d9c00000,0x000000b5d9d00000) (1024K)]
  0x00000239052ac360 JavaThread "Notification Thread"        daemon [_thread_blocked, id=2524, stack(0x000000b5d9d00000,0x000000b5d9e00000) (1024K)]
  0x0000023906692810 JavaThread "Daemon health stats"               [_thread_blocked, id=6288, stack(0x000000b5da300000,0x000000b5da400000) (1024K)]
  0x0000023905c94730 JavaThread "Incoming local TCP Connector on port 50922"        [_thread_in_native, id=13844, stack(0x000000b5da400000,0x000000b5da500000) (1024K)]
  0x0000023906805eb0 JavaThread "Daemon periodic checks"            [_thread_blocked, id=8984, stack(0x000000b5da500000,0x000000b5da600000) (1024K)]
  0x0000023906d92430 JavaThread "Daemon"                            [_thread_blocked, id=2216, stack(0x000000b5da600000,0x000000b5da700000) (1024K)]
  0x0000023906670c00 JavaThread "Handler for socket connection from /127.0.0.1:50922 to /127.0.0.1:50923"        [_thread_in_native, id=6916, stack(0x000000b5da700000,0x000000b5da800000) (1024K)]
  0x000002390665a670 JavaThread "Cancel handler"                    [_thread_blocked, id=9360, stack(0x000000b5da800000,0x000000b5da900000) (1024K)]
  0x0000023906e260e0 JavaThread "Daemon worker"                     [_thread_blocked, id=2684, stack(0x000000b5da900000,0x000000b5daa00000) (1024K)]
  0x0000023906e26e00 JavaThread "Asynchronous log dispatcher for DefaultDaemonConnection: socket connection from /127.0.0.1:50922 to /127.0.0.1:50923"        [_thread_blocked, id=6232, stack(0x000000b5daa00000,0x000000b5dab00000) (1024K)]
  0x0000023906e28ed0 JavaThread "Stdin handler"                     [_thread_blocked, id=13260, stack(0x000000b5dab00000,0x000000b5dac00000) (1024K)]
  0x0000023906e29560 JavaThread "Daemon client event forwarder"        [_thread_blocked, id=10256, stack(0x000000b5dac00000,0x000000b5dad00000) (1024K)]
  0x0000023906e26770 JavaThread "Cache worker for journal cache (C:\Users\HP\.gradle\caches\journal-1)"        [_thread_blocked, id=2732, stack(0x000000b5dad00000,0x000000b5dae00000) (1024K)]
  0x0000023906e27b20 JavaThread "File lock request listener"        [_thread_in_native, id=7364, stack(0x000000b5dae00000,0x000000b5daf00000) (1024K)]
  0x0000023906e281b0 JavaThread "Cache worker for file hash cache (C:\Users\HP\.gradle\caches\8.4\fileHashes)"        [_thread_blocked, id=15060, stack(0x000000b5d9e00000,0x000000b5d9f00000) (1024K)]
  0x0000023906e28840 JavaThread "File watcher server"        daemon [_thread_in_native, id=14140, stack(0x000000b5db400000,0x000000b5db500000) (1024K)]
  0x000002390728c8a0 JavaThread "File watcher consumer"      daemon [_thread_blocked, id=1532, stack(0x000000b5db500000,0x000000b5db600000) (1024K)]
  0x000002390728b4f0 JavaThread "Cache worker for checksums cache (C:\Users\HP\AndroidStudioProjects\QuranMentor\.gradle\8.4\checksums)"        [_thread_blocked, id=10760, stack(0x000000b5db600000,0x000000b5db700000) (1024K)]
  0x0000023907288700 JavaThread "Cache worker for file hash cache (C:\Users\HP\AndroidStudioProjects\QuranMentor\.gradle\8.4\fileHashes)"        [_thread_blocked, id=8720, stack(0x000000b5db700000,0x000000b5db800000) (1024K)]
  0x0000023907288d90 JavaThread "Cache worker for cache directory md-supplier (C:\Users\HP\.gradle\caches\8.4\md-supplier)"        [_thread_blocked, id=1832, stack(0x000000b5db800000,0x000000b5db900000) (1024K)]
  0x000002390728cf30 JavaThread "Cache worker for file content cache (C:\Users\HP\.gradle\caches\8.4\fileContent)"        [_thread_blocked, id=14044, stack(0x000000b5db900000,0x000000b5dba00000) (1024K)]
  0x0000023907285fa0 JavaThread "Cache worker for cache directory md-rule (C:\Users\HP\.gradle\caches\8.4\md-rule)"        [_thread_blocked, id=12956, stack(0x000000b5dba00000,0x000000b5dbb00000) (1024K)]
  0x000002390728d5c0 JavaThread "Cache worker for execution history cache (C:\Users\HP\.gradle\caches\8.4\executionHistory)"        [_thread_blocked, id=6672, stack(0x000000b5dbb00000,0x000000b5dbc00000) (1024K)]
  0x0000023907287350 JavaThread "Cache worker for kotlin-dsl (C:\Users\HP\.gradle\caches\8.4\kotlin-dsl)"        [_thread_blocked, id=3404, stack(0x000000b5dbc00000,0x000000b5dbd00000) (1024K)]
  0x000002390b1d3f20 JavaThread "jar transforms"                    [_thread_blocked, id=4160, stack(0x000000b5daf00000,0x000000b5db000000) (1024K)]
  0x000002390b1d24e0 JavaThread "jar transforms Thread 2"           [_thread_blocked, id=15116, stack(0x000000b5dbd00000,0x000000b5dbe00000) (1024K)]
  0x0000023907afc700 JavaThread "jar transforms Thread 3"           [_thread_blocked, id=7640, stack(0x000000b5dbe00000,0x000000b5dbf00000) (1024K)]
  0x0000023907afb350 JavaThread "jar transforms Thread 4"           [_thread_blocked, id=12032, stack(0x000000b5dbf00000,0x000000b5dc000000) (1024K)]
  0x0000023907afcd90 JavaThread "Cache worker for dependencies-accessors (C:\Users\HP\AndroidStudioProjects\QuranMentor\.gradle\8.4\dependencies-accessors)"        [_thread_blocked, id=2756, stack(0x000000b5dc000000,0x000000b5dc100000) (1024K)]
  0x0000023907af9fa0 JavaThread "Cache worker for Build Output Cleanup Cache (C:\Users\HP\AndroidStudioProjects\QuranMentor\.gradle\buildOutputCleanup)"        [_thread_blocked, id=14220, stack(0x000000b5dc100000,0x000000b5dc200000) (1024K)]
  0x000002390b1d17c0 JavaThread "jar transforms Thread 5"           [_thread_blocked, id=5016, stack(0x000000b5dc200000,0x000000b5dc300000) (1024K)]
  0x000002390b1d3890 JavaThread "jar transforms Thread 6"           [_thread_blocked, id=8500, stack(0x000000b5dc300000,0x000000b5dc400000) (1024K)]
  0x0000023908e6cb30 JavaThread "Unconstrained build operations"        [_thread_blocked, id=11320, stack(0x000000b5dc400000,0x000000b5dc500000) (1024K)]
  0x0000023908e69d40 JavaThread "Unconstrained build operations Thread 2"        [_thread_blocked, id=5460, stack(0x000000b5dc500000,0x000000b5dc600000) (1024K)]
  0x0000023908e6be10 JavaThread "Unconstrained build operations Thread 3"        [_thread_blocked, id=15076, stack(0x000000b5dc600000,0x000000b5dc700000) (1024K)]
  0x0000023908e6ec00 JavaThread "Unconstrained build operations Thread 4"        [_thread_blocked, id=8920, stack(0x000000b5dc700000,0x000000b5dc800000) (1024K)]
  0x0000023908e6e570 JavaThread "Unconstrained build operations Thread 5"        [_thread_blocked, id=908, stack(0x000000b5dc800000,0x000000b5dc900000) (1024K)]
  0x0000023908e6d1c0 JavaThread "Unconstrained build operations Thread 6"        [_thread_blocked, id=3908, stack(0x000000b5dc900000,0x000000b5dca00000) (1024K)]
  0x0000023908e6c4a0 JavaThread "Unconstrained build operations Thread 7"        [_thread_blocked, id=1752, stack(0x000000b5dca00000,0x000000b5dcb00000) (1024K)]
  0x0000023908e6a3d0 JavaThread "jar transforms Thread 7"           [_thread_blocked, id=5720, stack(0x000000b5dcb00000,0x000000b5dcc00000) (1024K)]
  0x0000023908e6d850 JavaThread "jar transforms Thread 8"           [_thread_blocked, id=5984, stack(0x000000b5dcc00000,0x000000b5dcd00000) (1024K)]
  0x0000023908e696b0 JavaThread "Memory manager"                    [_thread_blocked, id=13284, stack(0x000000b5dcd00000,0x000000b5dce00000) (1024K)]
Total: 51

Other Threads:
=>0x00000238bfc5f220 VMThread "VM Thread"                           [id=6104, stack(0x000000b5d9300000,0x000000b5d9400000) (1024K)]
  0x00000238bfc47b00 WatcherThread "VM Periodic Task Thread"        [id=10844, stack(0x000000b5d9200000,0x000000b5d9300000) (1024K)]
  0x00000238a32fe5a0 WorkerThread "GC Thread#0"                     [id=10124, stack(0x000000b5d8d00000,0x000000b5d8e00000) (1024K)]
  0x0000023905abacf0 WorkerThread "GC Thread#1"                     [id=8932, stack(0x000000b5d9f00000,0x000000b5da000000) (1024K)]
  0x0000023905abb4a0 WorkerThread "GC Thread#2"                     [id=12812, stack(0x000000b5da000000,0x000000b5da100000) (1024K)]
  0x0000023905df3200 WorkerThread "GC Thread#3"                     [id=12660, stack(0x000000b5da100000,0x000000b5da200000) (1024K)]
  0x0000023905df55b0 WorkerThread "GC Thread#4"                     [id=11012, stack(0x000000b5da200000,0x000000b5da300000) (1024K)]
  0x000002390735baf0 WorkerThread "GC Thread#5"                     [id=8684, stack(0x000000b5db000000,0x000000b5db100000) (1024K)]
  0x000002390745b710 WorkerThread "GC Thread#6"                     [id=12972, stack(0x000000b5db100000,0x000000b5db200000) (1024K)]
  0x000002390745bab0 WorkerThread "GC Thread#7"                     [id=7832, stack(0x000000b5db200000,0x000000b5db300000) (1024K)]
  0x00000238a330f730 ConcurrentGCThread "G1 Main Marker"            [id=6436, stack(0x000000b5d8e00000,0x000000b5d8f00000) (1024K)]
  0x00000238a3310230 WorkerThread "G1 Conc#0"                       [id=15000, stack(0x000000b5d8f00000,0x000000b5d9000000) (1024K)]
  0x000002390745be50 WorkerThread "G1 Conc#1"                       [id=7132, stack(0x000000b5db300000,0x000000b5db400000) (1024K)]
  0x00000238bfb1c3b0 ConcurrentGCThread "G1 Refine#0"               [id=14696, stack(0x000000b5d9000000,0x000000b5d9100000) (1024K)]
  0x00000238bfb1cf20 ConcurrentGCThread "G1 Service"                [id=11232, stack(0x000000b5d9100000,0x000000b5d9200000) (1024K)]
Total: 15

Threads with active compile tasks:
C2 CompilerThread0    14987 11524 %     4       sun.security.provider.SHA::implCompress0 @ 27 (478 bytes)
Total: 1

VM state: at safepoint (normal execution)

VM Mutex/Monitor currently owned by a thread:  ([mutex/lock_event])
[0x00007ffa1efda5f8] Threads_lock - owner thread: 0x00000238bfc5f220
[0x00007ffa1efda6f8] Heap_lock - owner thread: 0x00000238a330f730

Heap address: 0x0000000080000000, size: 2048 MB, Compressed Oops mode: 32-bit

CDS archive(s) mapped at: [0x00000238c0000000-0x00000238c0c90000-0x00000238c0c90000), size 13172736, SharedBaseAddress: 0x00000238c0000000, ArchiveRelocationMode: 1.
Compressed class space mapped at: 0x00000238c1000000-0x0000023901000000, reserved size: 1073741824
Narrow klass base: 0x00000238c0000000, Narrow klass shift: 0, Narrow klass range: 0x100000000

GC Precious Log:
 CardTable entry size: 512
 Card Set container configuration: InlinePtr #cards 5 size 8 Array Of Cards #cards 12 size 40 Howl #buckets 4 coarsen threshold 1843 Howl Bitmap #cards 512 size 80 coarsen threshold 460 Card regions per heap region 1 cards per card region 2048
 CPUs: 8 total, 8 available
 Memory: 7973M
 Large Page Support: Disabled
 NUMA Support: Disabled
 Compressed Oops: Enabled (32-bit)
 Heap Region Size: 1M
 Heap Min Capacity: 8M
 Heap Initial Capacity: 126M
 Heap Max Capacity: 2G
 Pre-touch: Disabled
 Parallel Workers: 8
 Concurrent Workers: 2
 Concurrent Refinement Workers: 8
 Periodic GC: Disabled

Heap:
 garbage-first heap   total 186368K, used 129848K [0x0000000080000000, 0x0000000100000000)
  region size 1024K, 16 young (16384K), 5 survivors (5120K)
 Metaspace       used 118896K, committed 121152K, reserved 1179648K
  class space    used 15353K, committed 16512K, reserved 1048576K

Heap Regions: E=young(eden), S=young(survivor), O=old, HS=humongous(starts), HC=humongous(continues), CS=collection set, F=free, TAMS=top-at-mark-start, PB=parsable bottom
|   0|0x0000000080000000, 0x0000000080100000, 0x0000000080100000|100%|HS|  |TAMS 0x0000000080100000| PB 0x0000000080000000| Complete 
|   1|0x0000000080100000, 0x0000000080200000, 0x0000000080200000|100%|HC|  |TAMS 0x0000000080200000| PB 0x0000000080100000| Complete 
|   2|0x0000000080200000, 0x0000000080300000, 0x0000000080300000|100%|HC|  |TAMS 0x0000000080300000| PB 0x0000000080200000| Complete 
|   3|0x0000000080300000, 0x0000000080400000, 0x0000000080400000|100%|HC|  |TAMS 0x0000000080400000| PB 0x0000000080300000| Complete 
|   4|0x0000000080400000, 0x0000000080500000, 0x0000000080500000|100%| O|  |TAMS 0x0000000080500000| PB 0x0000000080500000| Untracked 
|   5|0x0000000080500000, 0x0000000080600000, 0x0000000080600000|100%| O|  |TAMS 0x0000000080600000| PB 0x0000000080600000| Updating 
|   6|0x0000000080600000, 0x0000000080700000, 0x0000000080700000|100%| O|  |TAMS 0x0000000080700000| PB 0x0000000080700000| Untracked 
|   7|0x0000000080700000, 0x0000000080800000, 0x0000000080800000|100%| O|  |TAMS 0x0000000080800000| PB 0x0000000080800000| Updating 
|   8|0x0000000080800000, 0x0000000080900000, 0x0000000080900000|100%| O|  |TAMS 0x0000000080900000| PB 0x0000000080900000| Untracked 
|   9|0x0000000080900000, 0x0000000080a00000, 0x0000000080a00000|100%| O|  |TAMS 0x0000000080a00000| PB 0x0000000080a00000| Untracked 
|  10|0x0000000080a00000, 0x0000000080b00000, 0x0000000080b00000|100%| O|  |TAMS 0x0000000080b00000| PB 0x0000000080b00000| Untracked 
|  11|0x0000000080b00000, 0x0000000080c00000, 0x0000000080c00000|100%| O|  |TAMS 0x0000000080c00000| PB 0x0000000080c00000| Updating 
|  12|0x0000000080c00000, 0x0000000080d00000, 0x0000000080d00000|100%| O|  |TAMS 0x0000000080d00000| PB 0x0000000080d00000| Untracked 
|  13|0x0000000080d00000, 0x0000000080e00000, 0x0000000080e00000|100%| O|  |TAMS 0x0000000080e00000| PB 0x0000000080e00000| Untracked 
|  14|0x0000000080e00000, 0x0000000080f00000, 0x0000000080f00000|100%| O|  |TAMS 0x0000000080f00000| PB 0x0000000080f00000| Untracked 
|  15|0x0000000080f00000, 0x0000000081000000, 0x0000000081000000|100%| O|  |TAMS 0x0000000081000000| PB 0x0000000081000000| Untracked 
|  16|0x0000000081000000, 0x0000000081100000, 0x0000000081100000|100%| O|  |TAMS 0x0000000081100000| PB 0x0000000081100000| Untracked 
|  17|0x0000000081100000, 0x0000000081200000, 0x0000000081200000|100%| O|  |TAMS 0x0000000081200000| PB 0x0000000081200000| Untracked 
|  18|0x0000000081200000, 0x0000000081300000, 0x0000000081300000|100%| O|  |TAMS 0x0000000081300000| PB 0x0000000081300000| Untracked 
|  19|0x0000000081300000, 0x0000000081400000, 0x0000000081400000|100%| O|  |TAMS 0x0000000081400000| PB 0x0000000081400000| Untracked 
|  20|0x0000000081400000, 0x0000000081500000, 0x0000000081500000|100%| O|  |TAMS 0x0000000081500000| PB 0x0000000081500000| Updating 
|  21|0x0000000081500000, 0x0000000081600000, 0x0000000081600000|100%| O|  |TAMS 0x0000000081600000| PB 0x0000000081600000| Untracked 
|  22|0x0000000081600000, 0x0000000081700000, 0x0000000081700000|100%| O|  |TAMS 0x0000000081700000| PB 0x0000000081700000| Updating 
|  23|0x0000000081700000, 0x0000000081800000, 0x0000000081800000|100%|HS|  |TAMS 0x0000000081800000| PB 0x0000000081700000| Complete 
|  24|0x0000000081800000, 0x0000000081900000, 0x0000000081900000|100%| O|  |TAMS 0x0000000081900000| PB 0x0000000081900000| Updating 
|  25|0x0000000081900000, 0x0000000081a00000, 0x0000000081a00000|100%| O|  |TAMS 0x0000000081a00000| PB 0x0000000081a00000| Untracked 
|  26|0x0000000081a00000, 0x0000000081b00000, 0x0000000081b00000|100%| O|  |TAMS 0x0000000081b00000| PB 0x0000000081b00000| Untracked 
|  27|0x0000000081b00000, 0x0000000081c00000, 0x0000000081c00000|100%| O|  |TAMS 0x0000000081c00000| PB 0x0000000081c00000| Untracked 
|  28|0x0000000081c00000, 0x0000000081d00000, 0x0000000081d00000|100%| O|  |TAMS 0x0000000081d00000| PB 0x0000000081d00000| Untracked 
|  29|0x0000000081d00000, 0x0000000081e00000, 0x0000000081e00000|100%| O|  |TAMS 0x0000000081e00000| PB 0x0000000081e00000| Untracked 
|  30|0x0000000081e00000, 0x0000000081f00000, 0x0000000081f00000|100%| O|  |TAMS 0x0000000081f00000| PB 0x0000000081f00000| Untracked 
|  31|0x0000000081f00000, 0x0000000082000000, 0x0000000082000000|100%| O|  |TAMS 0x0000000082000000| PB 0x0000000082000000| Untracked 
|  32|0x0000000082000000, 0x0000000082100000, 0x0000000082100000|100%| O|  |TAMS 0x0000000082100000| PB 0x0000000082100000| Updating 
|  33|0x0000000082100000, 0x0000000082200000, 0x0000000082200000|100%| O|  |TAMS 0x0000000082200000| PB 0x0000000082200000| Untracked 
|  34|0x0000000082200000, 0x0000000082300000, 0x0000000082300000|100%| O|  |TAMS 0x0000000082300000| PB 0x0000000082300000| Untracked 
|  35|0x0000000082300000, 0x0000000082400000, 0x0000000082400000|100%| O|  |TAMS 0x0000000082400000| PB 0x0000000082400000| Untracked 
|  36|0x0000000082400000, 0x0000000082500000, 0x0000000082500000|100%| O|  |TAMS 0x0000000082500000| PB 0x0000000082500000| Untracked 
|  37|0x0000000082500000, 0x0000000082600000, 0x0000000082600000|100%| O|  |TAMS 0x0000000082600000| PB 0x0000000082600000| Untracked 
|  38|0x0000000082600000, 0x0000000082700000, 0x0000000082700000|100%| O|  |TAMS 0x0000000082700000| PB 0x0000000082700000| Untracked 
|  39|0x0000000082700000, 0x0000000082800000, 0x0000000082800000|100%| O|  |TAMS 0x0000000082800000| PB 0x0000000082800000| Updating 
|  40|0x0000000082800000, 0x0000000082900000, 0x0000000082900000|100%| O|  |TAMS 0x0000000082900000| PB 0x0000000082900000| Updating 
|  41|0x0000000082900000, 0x0000000082a00000, 0x0000000082a00000|100%| O|  |TAMS 0x0000000082a00000| PB 0x0000000082a00000| Untracked 
|  42|0x0000000082a00000, 0x0000000082b00000, 0x0000000082b00000|100%|HS|  |TAMS 0x0000000082b00000| PB 0x0000000082a00000| Complete 
|  43|0x0000000082b00000, 0x0000000082c00000, 0x0000000082c00000|100%|HC|  |TAMS 0x0000000082c00000| PB 0x0000000082b00000| Complete 
|  44|0x0000000082c00000, 0x0000000082d00000, 0x0000000082d00000|100%|HC|  |TAMS 0x0000000082d00000| PB 0x0000000082c00000| Complete 
|  45|0x0000000082d00000, 0x0000000082e00000, 0x0000000082e00000|100%|HC|  |TAMS 0x0000000082e00000| PB 0x0000000082d00000| Complete 
|  46|0x0000000082e00000, 0x0000000082f00000, 0x0000000082f00000|100%|HC|  |TAMS 0x0000000082f00000| PB 0x0000000082e00000| Complete 
|  47|0x0000000082f00000, 0x0000000083000000, 0x0000000083000000|100%|HC|  |TAMS 0x0000000083000000| PB 0x0000000082f00000| Complete 
|  48|0x0000000083000000, 0x0000000083100000, 0x0000000083100000|100%| O|  |TAMS 0x0000000083100000| PB 0x0000000083100000| Updating 
|  49|0x0000000083100000, 0x0000000083200000, 0x0000000083200000|100%| O|  |TAMS 0x0000000083200000| PB 0x0000000083200000| Updating 
|  50|0x0000000083200000, 0x0000000083300000, 0x0000000083300000|100%| O|  |TAMS 0x0000000083300000| PB 0x0000000083300000| Untracked 
|  51|0x0000000083300000, 0x0000000083400000, 0x0000000083400000|100%| O|  |TAMS 0x0000000083400000| PB 0x0000000083400000| Untracked 
|  52|0x0000000083400000, 0x0000000083500000, 0x0000000083500000|100%| O|  |TAMS 0x0000000083500000| PB 0x0000000083500000| Untracked 
|  53|0x0000000083500000, 0x0000000083600000, 0x0000000083600000|100%|HS|  |TAMS 0x0000000083500000| PB 0x0000000083500000| Complete 
|  54|0x0000000083600000, 0x0000000083700000, 0x0000000083700000|100%| O|  |TAMS 0x0000000083700000| PB 0x0000000083700000| Updating 
|  55|0x0000000083700000, 0x0000000083800000, 0x0000000083800000|100%| O|  |TAMS 0x0000000083800000| PB 0x0000000083800000| Updating 
|  56|0x0000000083800000, 0x0000000083900000, 0x0000000083900000|100%|HS|  |TAMS 0x0000000083800000| PB 0x0000000083800000| Complete 
|  57|0x0000000083900000, 0x0000000083a00000, 0x0000000083a00000|100%| O|  |TAMS 0x0000000083a00000| PB 0x0000000083a00000| Updating 
|  58|0x0000000083a00000, 0x0000000083b00000, 0x0000000083b00000|100%|HS|  |TAMS 0x0000000083a00000| PB 0x0000000083a00000| Complete 
|  59|0x0000000083b00000, 0x0000000083c00000, 0x0000000083c00000|100%|HS|  |TAMS 0x0000000083b00000| PB 0x0000000083b00000| Complete 
|  60|0x0000000083c00000, 0x0000000083d00000, 0x0000000083d00000|100%| O|  |TAMS 0x0000000083d00000| PB 0x0000000083d00000| Updating 
|  61|0x0000000083d00000, 0x0000000083e00000, 0x0000000083e00000|100%|HS|  |TAMS 0x0000000083d00000| PB 0x0000000083d00000| Complete 
|  62|0x0000000083e00000, 0x0000000083f00000, 0x0000000083f00000|100%|HS|  |TAMS 0x0000000083e00000| PB 0x0000000083e00000| Complete 
|  63|0x0000000083f00000, 0x0000000083f00000, 0x0000000084000000|  0%| F|  |TAMS 0x0000000083f00000| PB 0x0000000083f00000| Untracked 
|  64|0x0000000084000000, 0x0000000084000000, 0x0000000084100000|  0%| F|  |TAMS 0x0000000084000000| PB 0x0000000084000000| Untracked 
|  65|0x0000000084100000, 0x0000000084100000, 0x0000000084200000|  0%| F|  |TAMS 0x0000000084100000| PB 0x0000000084100000| Untracked 
|  66|0x0000000084200000, 0x0000000084300000, 0x0000000084300000|100%| O|  |TAMS 0x0000000084300000| PB 0x0000000084300000| Updating 
|  67|0x0000000084300000, 0x0000000084400000, 0x0000000084400000|100%| O|  |TAMS 0x0000000084400000| PB 0x0000000084400000| Updating 
|  68|0x0000000084400000, 0x0000000084500000, 0x0000000084500000|100%| O|  |TAMS 0x0000000084500000| PB 0x0000000084500000| Updating 
|  69|0x0000000084500000, 0x0000000084600000, 0x0000000084600000|100%| O|  |TAMS 0x0000000084600000| PB 0x0000000084600000| Updating 
|  70|0x0000000084600000, 0x0000000084700000, 0x0000000084700000|100%| O|  |TAMS 0x0000000084700000| PB 0x0000000084700000| Updating 
|  71|0x0000000084700000, 0x0000000084700000, 0x0000000084800000|  0%| F|  |TAMS 0x0000000084700000| PB 0x0000000084700000| Untracked 
|  72|0x0000000084800000, 0x0000000084900000, 0x0000000084900000|100%| O|  |TAMS 0x0000000084900000| PB 0x0000000084900000| Updating 
|  73|0x0000000084900000, 0x0000000084a00000, 0x0000000084a00000|100%| O|  |TAMS 0x0000000084a00000| PB 0x0000000084a00000| Updating 
|  74|0x0000000084a00000, 0x0000000084b00000, 0x0000000084b00000|100%| O|  |TAMS 0x0000000084b00000| PB 0x0000000084b00000| Updating 
|  75|0x0000000084b00000, 0x0000000084c00000, 0x0000000084c00000|100%| O|  |TAMS 0x0000000084c00000| PB 0x0000000084c00000| Updating 
|  76|0x0000000084c00000, 0x0000000084d00000, 0x0000000084d00000|100%| O|  |TAMS 0x0000000084d00000| PB 0x0000000084d00000| Updating 
|  77|0x0000000084d00000, 0x0000000084e00000, 0x0000000084e00000|100%| O|  |TAMS 0x0000000084e00000| PB 0x0000000084e00000| Updating 
|  78|0x0000000084e00000, 0x0000000084f00000, 0x0000000084f00000|100%| O|  |TAMS 0x0000000084f00000| PB 0x0000000084f00000| Updating 
|  79|0x0000000084f00000, 0x0000000085000000, 0x0000000085000000|100%| O|  |TAMS 0x0000000085000000| PB 0x0000000085000000| Updating 
|  80|0x0000000085000000, 0x0000000085100000, 0x0000000085100000|100%| O|  |TAMS 0x0000000085100000| PB 0x0000000085100000| Updating 
|  81|0x0000000085100000, 0x0000000085200000, 0x0000000085200000|100%| O|  |TAMS 0x0000000085200000| PB 0x0000000085200000| Updating 
|  82|0x0000000085200000, 0x0000000085300000, 0x0000000085300000|100%| O|  |TAMS 0x0000000085300000| PB 0x0000000085300000| Updating 
|  83|0x0000000085300000, 0x0000000085300000, 0x0000000085400000|  0%| F|  |TAMS 0x0000000085300000| PB 0x0000000085300000| Untracked 
|  84|0x0000000085400000, 0x0000000085400000, 0x0000000085500000|  0%| F|  |TAMS 0x0000000085400000| PB 0x0000000085400000| Untracked 
|  85|0x0000000085500000, 0x0000000085600000, 0x0000000085600000|100%| O|  |TAMS 0x0000000085600000| PB 0x0000000085600000| Updating 
|  86|0x0000000085600000, 0x0000000085700000, 0x0000000085700000|100%| O|  |TAMS 0x0000000085700000| PB 0x0000000085700000| Updating 
|  87|0x0000000085700000, 0x0000000085700000, 0x0000000085800000|  0%| F|  |TAMS 0x0000000085700000| PB 0x0000000085700000| Untracked 
|  88|0x0000000085800000, 0x0000000085900000, 0x0000000085900000|100%| O|  |TAMS 0x0000000085900000| PB 0x0000000085900000| Updating 
|  89|0x0000000085900000, 0x0000000085a00000, 0x0000000085a00000|100%| O|  |TAMS 0x0000000085a00000| PB 0x0000000085a00000| Updating 
|  90|0x0000000085a00000, 0x0000000085b00000, 0x0000000085b00000|100%| O|  |TAMS 0x0000000085b00000| PB 0x0000000085b00000| Updating 
|  91|0x0000000085b00000, 0x0000000085c00000, 0x0000000085c00000|100%|HS|  |TAMS 0x0000000085c00000| PB 0x0000000085b00000| Complete 
|  92|0x0000000085c00000, 0x0000000085d00000, 0x0000000085d00000|100%|HS|  |TAMS 0x0000000085d00000| PB 0x0000000085c00000| Complete 
|  93|0x0000000085d00000, 0x0000000085e00000, 0x0000000085e00000|100%|HS|  |TAMS 0x0000000085e00000| PB 0x0000000085d00000| Complete 
|  94|0x0000000085e00000, 0x0000000085f00000, 0x0000000085f00000|100%|HS|  |TAMS 0x0000000085f00000| PB 0x0000000085e00000| Complete 
|  95|0x0000000085f00000, 0x0000000086000000, 0x0000000086000000|100%|HS|  |TAMS 0x0000000086000000| PB 0x0000000085f00000| Complete 
|  96|0x0000000086000000, 0x0000000086100000, 0x0000000086100000|100%| O|  |TAMS 0x0000000086100000| PB 0x0000000086100000| Updating 
|  97|0x0000000086100000, 0x0000000086200000, 0x0000000086200000|100%| O|  |TAMS 0x0000000086200000| PB 0x0000000086200000| Updating 
|  98|0x0000000086200000, 0x0000000086300000, 0x0000000086300000|100%| O|  |TAMS 0x0000000086300000| PB 0x0000000086300000| Updating 
|  99|0x0000000086300000, 0x0000000086400000, 0x0000000086400000|100%| O|  |TAMS 0x0000000086400000| PB 0x0000000086400000| Updating 
| 100|0x0000000086400000, 0x0000000086500000, 0x0000000086500000|100%| O|  |TAMS 0x0000000086500000| PB 0x0000000086500000| Updating 
| 101|0x0000000086500000, 0x0000000086600000, 0x0000000086600000|100%| O|  |TAMS 0x0000000086600000| PB 0x0000000086600000| Updating 
| 102|0x0000000086600000, 0x0000000086700000, 0x0000000086700000|100%| O|  |TAMS 0x0000000086700000| PB 0x0000000086700000| Updating 
| 103|0x0000000086700000, 0x0000000086800000, 0x0000000086800000|100%| O|  |TAMS 0x0000000086800000| PB 0x0000000086800000| Untracked 
| 104|0x0000000086800000, 0x0000000086900000, 0x0000000086900000|100%| O|  |TAMS 0x0000000086900000| PB 0x0000000086900000| Untracked 
| 105|0x0000000086900000, 0x0000000086a00000, 0x0000000086a00000|100%| O|  |TAMS 0x0000000086a00000| PB 0x0000000086a00000| Untracked 
| 106|0x0000000086a00000, 0x0000000086b00000, 0x0000000086b00000|100%| O|  |TAMS 0x0000000086b00000| PB 0x0000000086b00000| Untracked 
| 107|0x0000000086b00000, 0x0000000086c00000, 0x0000000086c00000|100%| O|  |TAMS 0x0000000086c00000| PB 0x0000000086c00000| Updating 
| 108|0x0000000086c00000, 0x0000000086d00000, 0x0000000086d00000|100%| O|  |TAMS 0x0000000086d00000| PB 0x0000000086d00000| Updating 
| 109|0x0000000086d00000, 0x0000000086d00000, 0x0000000086e00000|  0%| F|  |TAMS 0x0000000086d00000| PB 0x0000000086d00000| Untracked 
| 110|0x0000000086e00000, 0x0000000086e00000, 0x0000000086f00000|  0%| F|  |TAMS 0x0000000086e00000| PB 0x0000000086e00000| Untracked 
| 111|0x0000000086f00000, 0x0000000086f00000, 0x0000000087000000|  0%| F|  |TAMS 0x0000000086f00000| PB 0x0000000086f00000| Untracked 
| 112|0x0000000087000000, 0x0000000087000000, 0x0000000087100000|  0%| F|  |TAMS 0x0000000087000000| PB 0x0000000087000000| Untracked 
| 113|0x0000000087100000, 0x0000000087100000, 0x0000000087200000|  0%| F|  |TAMS 0x0000000087100000| PB 0x0000000087100000| Untracked 
| 114|0x0000000087200000, 0x0000000087200000, 0x0000000087300000|  0%| F|  |TAMS 0x0000000087200000| PB 0x0000000087200000| Untracked 
| 115|0x0000000087300000, 0x0000000087300000, 0x0000000087400000|  0%| F|  |TAMS 0x0000000087300000| PB 0x0000000087300000| Untracked 
| 116|0x0000000087400000, 0x00000000874ce288, 0x0000000087500000| 80%| S|CS|TAMS 0x0000000087400000| PB 0x0000000087400000| Complete 
| 117|0x0000000087500000, 0x0000000087600000, 0x0000000087600000|100%| S|CS|TAMS 0x0000000087500000| PB 0x0000000087500000| Complete 
| 118|0x0000000087600000, 0x0000000087700000, 0x0000000087700000|100%| O|  |TAMS 0x0000000087700000| PB 0x0000000087700000| Untracked 
| 119|0x0000000087700000, 0x0000000087800000, 0x0000000087800000|100%| O|  |TAMS 0x0000000087800000| PB 0x0000000087800000| Untracked 
| 120|0x0000000087800000, 0x0000000087900000, 0x0000000087900000|100%| O|  |TAMS 0x0000000087900000| PB 0x0000000087900000| Updating 
| 121|0x0000000087900000, 0x0000000087a00000, 0x0000000087a00000|100%| O|  |TAMS 0x0000000087a00000| PB 0x0000000087a00000| Untracked 
| 122|0x0000000087a00000, 0x0000000087b00000, 0x0000000087b00000|100%| O|  |TAMS 0x0000000087b00000| PB 0x0000000087b00000| Updating 
| 123|0x0000000087b00000, 0x0000000087c00000, 0x0000000087c00000|100%| O|  |TAMS 0x0000000087c00000| PB 0x0000000087c00000| Updating 
| 124|0x0000000087c00000, 0x0000000087d00000, 0x0000000087d00000|100%| S|CS|TAMS 0x0000000087c00000| PB 0x0000000087c00000| Complete 
| 125|0x0000000087d00000, 0x0000000087e00000, 0x0000000087e00000|100%| S|CS|TAMS 0x0000000087d00000| PB 0x0000000087d00000| Complete 
| 126|0x0000000087e00000, 0x0000000087f00000, 0x0000000087f00000|100%| S|CS|TAMS 0x0000000087e00000| PB 0x0000000087e00000| Complete 
| 127|0x0000000087f00000, 0x0000000087f00000, 0x0000000088000000|  0%| F|  |TAMS 0x0000000087f00000| PB 0x0000000087f00000| Untracked 
| 128|0x0000000088000000, 0x0000000088000000, 0x0000000088100000|  0%| F|  |TAMS 0x0000000088000000| PB 0x0000000088000000| Untracked 
| 129|0x0000000088100000, 0x0000000088100000, 0x0000000088200000|  0%| F|  |TAMS 0x0000000088100000| PB 0x0000000088100000| Untracked 
| 130|0x0000000088200000, 0x0000000088200000, 0x0000000088300000|  0%| F|  |TAMS 0x0000000088200000| PB 0x0000000088200000| Untracked 
| 131|0x0000000088300000, 0x0000000088300000, 0x0000000088400000|  0%| F|  |TAMS 0x0000000088300000| PB 0x0000000088300000| Untracked 
| 132|0x0000000088400000, 0x0000000088400000, 0x0000000088500000|  0%| F|  |TAMS 0x0000000088400000| PB 0x0000000088400000| Untracked 
| 133|0x0000000088500000, 0x0000000088500000, 0x0000000088600000|  0%| F|  |TAMS 0x0000000088500000| PB 0x0000000088500000| Untracked 
| 134|0x0000000088600000, 0x0000000088600000, 0x0000000088700000|  0%| F|  |TAMS 0x0000000088600000| PB 0x0000000088600000| Untracked 
| 135|0x0000000088700000, 0x0000000088700000, 0x0000000088800000|  0%| F|  |TAMS 0x0000000088700000| PB 0x0000000088700000| Untracked 
| 136|0x0000000088800000, 0x0000000088800000, 0x0000000088900000|  0%| F|  |TAMS 0x0000000088800000| PB 0x0000000088800000| Untracked 
| 137|0x0000000088900000, 0x0000000088900000, 0x0000000088a00000|  0%| F|  |TAMS 0x0000000088900000| PB 0x0000000088900000| Untracked 
| 138|0x0000000088a00000, 0x0000000088a00000, 0x0000000088b00000|  0%| F|  |TAMS 0x0000000088a00000| PB 0x0000000088a00000| Untracked 
| 139|0x0000000088b00000, 0x0000000088b00000, 0x0000000088c00000|  0%| F|  |TAMS 0x0000000088b00000| PB 0x0000000088b00000| Untracked 
| 140|0x0000000088c00000, 0x0000000088c00000, 0x0000000088d00000|  0%| F|  |TAMS 0x0000000088c00000| PB 0x0000000088c00000| Untracked 
| 141|0x0000000088d00000, 0x0000000088d00000, 0x0000000088e00000|  0%| F|  |TAMS 0x0000000088d00000| PB 0x0000000088d00000| Untracked 
| 142|0x0000000088e00000, 0x0000000088e00000, 0x0000000088f00000|  0%| F|  |TAMS 0x0000000088e00000| PB 0x0000000088e00000| Untracked 
| 143|0x0000000088f00000, 0x0000000088f00000, 0x0000000089000000|  0%| F|  |TAMS 0x0000000088f00000| PB 0x0000000088f00000| Untracked 
| 144|0x0000000089000000, 0x0000000089000000, 0x0000000089100000|  0%| F|  |TAMS 0x0000000089000000| PB 0x0000000089000000| Untracked 
| 145|0x0000000089100000, 0x0000000089100000, 0x0000000089200000|  0%| F|  |TAMS 0x0000000089100000| PB 0x0000000089100000| Untracked 
| 146|0x0000000089200000, 0x0000000089200000, 0x0000000089300000|  0%| F|  |TAMS 0x0000000089200000| PB 0x0000000089200000| Untracked 
| 147|0x0000000089300000, 0x0000000089300000, 0x0000000089400000|  0%| F|  |TAMS 0x0000000089300000| PB 0x0000000089300000| Untracked 
| 148|0x0000000089400000, 0x0000000089400000, 0x0000000089500000|  0%| F|  |TAMS 0x0000000089400000| PB 0x0000000089400000| Untracked 
| 149|0x0000000089500000, 0x0000000089500000, 0x0000000089600000|  0%| F|  |TAMS 0x0000000089500000| PB 0x0000000089500000| Untracked 
| 150|0x0000000089600000, 0x0000000089600000, 0x0000000089700000|  0%| F|  |TAMS 0x0000000089600000| PB 0x0000000089600000| Untracked 
| 151|0x0000000089700000, 0x0000000089700000, 0x0000000089800000|  0%| F|  |TAMS 0x0000000089700000| PB 0x0000000089700000| Untracked 
| 152|0x0000000089800000, 0x0000000089800000, 0x0000000089900000|  0%| F|  |TAMS 0x0000000089800000| PB 0x0000000089800000| Untracked 
| 153|0x0000000089900000, 0x0000000089900000, 0x0000000089a00000|  0%| F|  |TAMS 0x0000000089900000| PB 0x0000000089900000| Untracked 
| 154|0x0000000089a00000, 0x0000000089a00000, 0x0000000089b00000|  0%| F|  |TAMS 0x0000000089a00000| PB 0x0000000089a00000| Untracked 
| 155|0x0000000089b00000, 0x0000000089b00000, 0x0000000089c00000|  0%| F|  |TAMS 0x0000000089b00000| PB 0x0000000089b00000| Untracked 
| 156|0x0000000089c00000, 0x0000000089c00000, 0x0000000089d00000|  0%| F|  |TAMS 0x0000000089c00000| PB 0x0000000089c00000| Untracked 
| 157|0x0000000089d00000, 0x0000000089d00000, 0x0000000089e00000|  0%| F|  |TAMS 0x0000000089d00000| PB 0x0000000089d00000| Untracked 
| 158|0x0000000089e00000, 0x0000000089e00000, 0x0000000089f00000|  0%| F|  |TAMS 0x0000000089e00000| PB 0x0000000089e00000| Untracked 
| 159|0x0000000089f00000, 0x0000000089f00000, 0x000000008a000000|  0%| F|  |TAMS 0x0000000089f00000| PB 0x0000000089f00000| Untracked 
| 160|0x000000008a000000, 0x000000008a000000, 0x000000008a100000|  0%| F|  |TAMS 0x000000008a000000| PB 0x000000008a000000| Untracked 
| 161|0x000000008a100000, 0x000000008a100000, 0x000000008a200000|  0%| F|  |TAMS 0x000000008a100000| PB 0x000000008a100000| Untracked 
| 162|0x000000008a200000, 0x000000008a200000, 0x000000008a300000|  0%| F|  |TAMS 0x000000008a200000| PB 0x000000008a200000| Untracked 
| 163|0x000000008a300000, 0x000000008a300000, 0x000000008a400000|  0%| F|  |TAMS 0x000000008a300000| PB 0x000000008a300000| Untracked 
| 164|0x000000008a400000, 0x000000008a400000, 0x000000008a500000|  0%| F|  |TAMS 0x000000008a400000| PB 0x000000008a400000| Untracked 
| 165|0x000000008a500000, 0x000000008a500000, 0x000000008a600000|  0%| F|  |TAMS 0x000000008a500000| PB 0x000000008a500000| Untracked 
| 166|0x000000008a600000, 0x000000008a600000, 0x000000008a700000|  0%| F|  |TAMS 0x000000008a600000| PB 0x000000008a600000| Untracked 
| 167|0x000000008a700000, 0x000000008a780800, 0x000000008a800000| 50%| E|  |TAMS 0x000000008a700000| PB 0x000000008a700000| Complete 
| 168|0x000000008a800000, 0x000000008a900000, 0x000000008a900000|100%| E|CS|TAMS 0x000000008a800000| PB 0x000000008a800000| Complete 
| 169|0x000000008a900000, 0x000000008aa00000, 0x000000008aa00000|100%| E|CS|TAMS 0x000000008a900000| PB 0x000000008a900000| Complete 
| 170|0x000000008aa00000, 0x000000008ab00000, 0x000000008ab00000|100%| E|CS|TAMS 0x000000008aa00000| PB 0x000000008aa00000| Complete 
| 171|0x000000008ab00000, 0x000000008ac00000, 0x000000008ac00000|100%| E|CS|TAMS 0x000000008ab00000| PB 0x000000008ab00000| Complete 
| 172|0x000000008ac00000, 0x000000008ad00000, 0x000000008ad00000|100%| E|CS|TAMS 0x000000008ac00000| PB 0x000000008ac00000| Complete 
| 173|0x000000008ad00000, 0x000000008ae00000, 0x000000008ae00000|100%| E|CS|TAMS 0x000000008ad00000| PB 0x000000008ad00000| Complete 
| 174|0x000000008ae00000, 0x000000008af00000, 0x000000008af00000|100%| E|CS|TAMS 0x000000008ae00000| PB 0x000000008ae00000| Complete 
| 175|0x000000008af00000, 0x000000008b000000, 0x000000008b000000|100%| E|CS|TAMS 0x000000008af00000| PB 0x000000008af00000| Complete 
| 176|0x000000008b000000, 0x000000008b100000, 0x000000008b100000|100%| E|CS|TAMS 0x000000008b000000| PB 0x000000008b000000| Complete 
| 177|0x000000008b100000, 0x000000008b200000, 0x000000008b200000|100%| E|CS|TAMS 0x000000008b100000| PB 0x000000008b100000| Complete 
|2044|0x00000000ffc00000, 0x00000000ffd00000, 0x00000000ffd00000|100%| O|  |TAMS 0x00000000ffd00000| PB 0x00000000ffd00000| Updating 
|2045|0x00000000ffd00000, 0x00000000ffe00000, 0x00000000ffe00000|100%| O|  |TAMS 0x00000000ffe00000| PB 0x00000000ffe00000| Updating 
|2046|0x00000000ffe00000, 0x00000000fff00000, 0x00000000fff00000|100%| O|  |TAMS 0x00000000fff00000| PB 0x00000000fff00000| Updating 
|2047|0x00000000fff00000, 0x0000000100000000, 0x0000000100000000|100%| O|  |TAMS 0x0000000100000000| PB 0x0000000100000000| Untracked 

Card table byte_map: [0x00000238bae30000,0x00000238bb230000] _byte_map_base: 0x00000238baa30000

Marking Bits: (CMBitMap*) 0x00000238a32feca0
 Bits: [0x00000238bb230000, 0x00000238bd230000)

Polling page: 0x00000238a2a70000

Metaspace:

Usage:
  Non-class:    101.12 MB used.
      Class:     14.99 MB used.
       Both:    116.11 MB used.

Virtual space:
  Non-class space:      128.00 MB reserved,     102.19 MB ( 80%) committed,  2 nodes.
      Class space:        1.00 GB reserved,      16.12 MB (  2%) committed,  1 nodes.
             Both:        1.12 GB reserved,     118.31 MB ( 10%) committed. 

Chunk freelists:
   Non-Class:  9.00 MB
       Class:  15.72 MB
        Both:  24.72 MB

MaxMetaspaceSize: unlimited
CompressedClassSpaceSize: 1.00 GB
Initial GC threshold: 21.00 MB
Current GC threshold: 173.44 MB
CDS: on
 - commit_granule_bytes: 65536.
 - commit_granule_words: 8192.
 - virtual_space_node_default_size: 8388608.
 - enlarge_chunks_in_place: 1.
 - use_allocation_guard: 0.


Internal statistics:

num_allocs_failed_limit: 9.
num_arena_births: 4064.
num_arena_deaths: 0.
num_vsnodes_births: 3.
num_vsnodes_deaths: 0.
num_space_committed: 1891.
num_space_uncommitted: 0.
num_chunks_returned_to_freelist: 9.
num_chunks_taken_from_freelist: 8891.
num_chunk_merges: 9.
num_chunk_splits: 6363.
num_chunks_enlarged: 4494.
num_inconsistent_stats: 0.

CodeHeap 'non-profiled nmethods': size=120000Kb used=4900Kb max_used=5144Kb free=115099Kb
 bounds [0x00000238b31d0000, 0x00000238b36e0000, 0x00000238ba700000]
CodeHeap 'profiled nmethods': size=120000Kb used=21000Kb max_used=21351Kb free=98999Kb
 bounds [0x00000238ab700000, 0x00000238acbe0000, 0x00000238b2c30000]
CodeHeap 'non-nmethods': size=5760Kb used=2594Kb max_used=2625Kb free=3165Kb
 bounds [0x00000238b2c30000, 0x00000238b2ed0000, 0x00000238b31d0000]
 total_blobs=11106 nmethods=10121 adapters=887
 compilation: enabled
              stopped_count=0, restarted_count=0
 full_count=0

Compilation events (20 events):
Event: 14.933 Thread 0x00000238bfc97a60 11582       3       sun.security.util.DerValue::getOID (76 bytes)
Event: 14.934 Thread 0x00000238bfc97a60 nmethod 11582 0x00000238acbd4890 code [0x00000238acbd4c00, 0x00000238acbd5f98]
Event: 14.934 Thread 0x00000238bfc97a60 11583       3       sun.security.util.ObjectIdentifier::<init> (34 bytes)
Event: 14.934 Thread 0x00000238bfc97a60 nmethod 11583 0x00000238acbd6710 code [0x00000238acbd68e0, 0x00000238acbd6b68]
Event: 14.935 Thread 0x00000238bfc8d250 nmethod 11557% 0x00000238b36d5210 code [0x00000238b36d53c0, 0x00000238b36d5948]
Event: 14.935 Thread 0x00000238bfc8d250 11520       4       java.math.BigInteger::implMulAdd (81 bytes)
Event: 14.939 Thread 0x00000238bfc8d250 nmethod 11520 0x00000238b36d5c10 code [0x00000238b36d5da0, 0x00000238b36d6008]
Event: 14.939 Thread 0x00000238bfc8d250 11524 %     4       sun.security.provider.SHA::implCompress0 @ 27 (478 bytes)
Event: 14.946 Thread 0x00000238bfc97a60 11585       3       java.math.MutableBigInteger::add (346 bytes)
Event: 14.947 Thread 0x00000238bfc97a60 nmethod 11585 0x00000238acbd6c90 code [0x00000238acbd6ea0, 0x00000238acbd78d0]
Event: 14.948 Thread 0x00000238bfc97a60 11587       3       java.math.BigInteger::multiplyToLen (20 bytes)
Event: 14.949 Thread 0x00000238bfc97a60 nmethod 11587 0x00000238acbd7c90 code [0x00000238acbd7ec0, 0x00000238acbd8648]
Event: 14.949 Thread 0x00000238bfc97a60 11588       3       java.math.BigInteger::montgomeryMultiply (54 bytes)
Event: 14.949 Thread 0x00000238bfc97a60 nmethod 11588 0x00000238acbd8990 code [0x00000238acbd8b80, 0x00000238acbd8fb8]
Event: 14.949 Thread 0x00000238bfc97a60 11589       3       java.math.BigInteger::implMontgomeryMultiply (22 bytes)
Event: 14.949 Thread 0x00000238bfc97a60 nmethod 11589 0x00000238acbd9190 code [0x00000238acbd9340, 0x00000238acbd94c0]
Event: 14.949 Thread 0x00000238bfc97a60 11591       3       java.math.MutableBigInteger::<init> (21 bytes)
Event: 14.949 Thread 0x00000238bfc97a60 nmethod 11591 0x00000238acbd9590 code [0x00000238acbd9740, 0x00000238acbd9918]
Event: 14.950 Thread 0x00000238bfc97a60 11592       3       java.lang.Math::abs (11 bytes)
Event: 14.950 Thread 0x00000238bfc97a60 nmethod 11592 0x00000238acbd9a10 code [0x00000238acbd9bc0, 0x00000238acbd9d28]

GC Heap History (20 events):
Event: 9.811 GC heap before
{Heap before GC invocations=21 (full 0):
 garbage-first heap   total 144384K, used 127927K [0x0000000080000000, 0x0000000100000000)
  region size 1024K, 65 young (66560K), 6 survivors (6144K)
 Metaspace       used 84089K, committed 85760K, reserved 1179648K
  class space    used 11191K, committed 12032K, reserved 1048576K
}
Event: 9.818 GC heap after
{Heap after GC invocations=22 (full 0):
 garbage-first heap   total 144384K, used 72119K [0x0000000080000000, 0x0000000100000000)
  region size 1024K, 8 young (8192K), 8 survivors (8192K)
 Metaspace       used 84089K, committed 85760K, reserved 1179648K
  class space    used 11191K, committed 12032K, reserved 1048576K
}
Event: 10.444 GC heap before
{Heap before GC invocations=23 (full 0):
 garbage-first heap   total 144384K, used 126391K [0x0000000080000000, 0x0000000100000000)
  region size 1024K, 62 young (63488K), 8 survivors (8192K)
 Metaspace       used 92626K, committed 94336K, reserved 1179648K
  class space    used 12047K, committed 12864K, reserved 1048576K
}
Event: 10.449 GC heap after
{Heap after GC invocations=24 (full 0):
 garbage-first heap   total 144384K, used 73945K [0x0000000080000000, 0x0000000100000000)
  region size 1024K, 2 young (2048K), 2 survivors (2048K)
 Metaspace       used 92626K, committed 94336K, reserved 1179648K
  class space    used 12047K, committed 12864K, reserved 1048576K
}
Event: 11.022 GC heap before
{Heap before GC invocations=24 (full 0):
 garbage-first heap   total 144384K, used 131289K [0x0000000080000000, 0x0000000100000000)
  region size 1024K, 57 young (58368K), 2 survivors (2048K)
 Metaspace       used 96721K, committed 98560K, reserved 1179648K
  class space    used 12630K, committed 13568K, reserved 1048576K
}
Event: 11.029 GC heap after
{Heap after GC invocations=25 (full 0):
 garbage-first heap   total 144384K, used 81325K [0x0000000080000000, 0x0000000100000000)
  region size 1024K, 8 young (8192K), 8 survivors (8192K)
 Metaspace       used 96721K, committed 98560K, reserved 1179648K
  class space    used 12630K, committed 13568K, reserved 1048576K
}
Event: 11.370 GC heap before
{Heap before GC invocations=25 (full 0):
 garbage-first heap   total 144384K, used 126381K [0x0000000080000000, 0x0000000100000000)
  region size 1024K, 53 young (54272K), 8 survivors (8192K)
 Metaspace       used 97808K, committed 99648K, reserved 1179648K
  class space    used 12703K, committed 13632K, reserved 1048576K
}
Event: 11.377 GC heap after
{Heap after GC invocations=26 (full 0):
 garbage-first heap   total 144384K, used 87162K [0x0000000080000000, 0x0000000100000000)
  region size 1024K, 6 young (6144K), 6 survivors (6144K)
 Metaspace       used 97808K, committed 99648K, reserved 1179648K
  class space    used 12703K, committed 13632K, reserved 1048576K
}
Event: 12.056 GC heap before
{Heap before GC invocations=27 (full 0):
 garbage-first heap   total 153600K, used 129146K [0x0000000080000000, 0x0000000100000000)
  region size 1024K, 47 young (48128K), 6 survivors (6144K)
 Metaspace       used 101940K, committed 104000K, reserved 1179648K
  class space    used 13362K, committed 14400K, reserved 1048576K
}
Event: 12.064 GC heap after
{Heap after GC invocations=28 (full 0):
 garbage-first heap   total 153600K, used 91089K [0x0000000080000000, 0x0000000100000000)
  region size 1024K, 4 young (4096K), 4 survivors (4096K)
 Metaspace       used 101940K, committed 104000K, reserved 1179648K
  class space    used 13362K, committed 14400K, reserved 1048576K
}
Event: 12.315 GC heap before
{Heap before GC invocations=28 (full 0):
 garbage-first heap   total 153600K, used 139217K [0x0000000080000000, 0x0000000100000000)
  region size 1024K, 50 young (51200K), 4 survivors (4096K)
 Metaspace       used 102603K, committed 104640K, reserved 1179648K
  class space    used 13431K, committed 14464K, reserved 1048576K
}
Event: 12.323 GC heap after
{Heap after GC invocations=29 (full 0):
 garbage-first heap   total 153600K, used 96027K [0x0000000080000000, 0x0000000100000000)
  region size 1024K, 7 young (7168K), 7 survivors (7168K)
 Metaspace       used 102603K, committed 104640K, reserved 1179648K
  class space    used 13431K, committed 14464K, reserved 1048576K
}
Event: 12.666 GC heap before
{Heap before GC invocations=29 (full 0):
 garbage-first heap   total 153600K, used 138011K [0x0000000080000000, 0x0000000100000000)
  region size 1024K, 48 young (49152K), 7 survivors (7168K)
 Metaspace       used 104056K, committed 106048K, reserved 1179648K
  class space    used 13524K, committed 14528K, reserved 1048576K
}
Event: 12.675 GC heap after
{Heap after GC invocations=30 (full 0):
 garbage-first heap   total 184320K, used 102577K [0x0000000080000000, 0x0000000100000000)
  region size 1024K, 6 young (6144K), 6 survivors (6144K)
 Metaspace       used 104056K, committed 106048K, reserved 1179648K
  class space    used 13524K, committed 14528K, reserved 1048576K
}
Event: 13.723 GC heap before
{Heap before GC invocations=31 (full 0):
 garbage-first heap   total 184320K, used 168113K [0x0000000080000000, 0x0000000100000000)
  region size 1024K, 66 young (67584K), 6 survivors (6144K)
 Metaspace       used 108256K, committed 110336K, reserved 1179648K
  class space    used 14059K, committed 15104K, reserved 1048576K
}
Event: 13.731 GC heap after
{Heap after GC invocations=32 (full 0):
 garbage-first heap   total 186368K, used 117198K [0x0000000080000000, 0x0000000100000000)
  region size 1024K, 9 young (9216K), 9 survivors (9216K)
 Metaspace       used 108256K, committed 110336K, reserved 1179648K
  class space    used 14059K, committed 15104K, reserved 1048576K
}
Event: 14.270 GC heap before
{Heap before GC invocations=32 (full 0):
 garbage-first heap   total 186368K, used 165326K [0x0000000080000000, 0x0000000100000000)
  region size 1024K, 56 young (57344K), 9 survivors (9216K)
 Metaspace       used 112881K, committed 115008K, reserved 1179648K
  class space    used 14609K, committed 15680K, reserved 1048576K
}
Event: 14.279 GC heap after
{Heap after GC invocations=33 (full 0):
 garbage-first heap   total 186368K, used 111026K [0x0000000080000000, 0x0000000100000000)
  region size 1024K, 3 young (3072K), 3 survivors (3072K)
 Metaspace       used 112881K, committed 115008K, reserved 1179648K
  class space    used 14609K, committed 15680K, reserved 1048576K
}
Event: 14.904 GC heap before
{Heap before GC invocations=33 (full 0):
 garbage-first heap   total 186368K, used 159154K [0x0000000080000000, 0x0000000100000000)
  region size 1024K, 51 young (52224K), 3 survivors (3072K)
 Metaspace       used 118891K, committed 121152K, reserved 1179648K
  class space    used 15353K, committed 16512K, reserved 1048576K
}
Event: 14.908 GC heap after
{Heap after GC invocations=34 (full 0):
 garbage-first heap   total 186368K, used 113464K [0x0000000080000000, 0x0000000100000000)
  region size 1024K, 5 young (5120K), 5 survivors (5120K)
 Metaspace       used 118891K, committed 121152K, reserved 1179648K
  class space    used 15353K, committed 16512K, reserved 1048576K
}

Dll operation events (15 events):
Event: 0.009 Loaded shared library C:\Program Files\Java\jdk-21\bin\java.dll
Event: 0.038 Loaded shared library C:\Program Files\Java\jdk-21\bin\jsvml.dll
Event: 0.074 Loaded shared library C:\Program Files\Java\jdk-21\bin\zip.dll
Event: 0.077 Loaded shared library C:\Program Files\Java\jdk-21\bin\instrument.dll
Event: 0.080 Loaded shared library C:\Program Files\Java\jdk-21\bin\net.dll
Event: 0.082 Loaded shared library C:\Program Files\Java\jdk-21\bin\nio.dll
Event: 0.087 Loaded shared library C:\Program Files\Java\jdk-21\bin\zip.dll
Event: 0.306 Loaded shared library C:\Program Files\Java\jdk-21\bin\jimage.dll
Event: 0.378 Loaded shared library C:\Program Files\Java\jdk-21\bin\verify.dll
Event: 0.513 Loaded shared library C:\Users\HP\.gradle\native\c067742578af261105cb4f569cf0c3c89f3d7b1fecec35dd04571415982c5e48\windows-amd64\native-platform.dll
Event: 0.517 Loaded shared library C:\Users\HP\.gradle\native\38dada09dfb8b06ba9b0570ebf7e218e3eb74d4ef43ca46872605cf95ebc2f47\windows-amd64\native-platform-file-events.dll
Event: 1.407 Loaded shared library C:\Program Files\Java\jdk-21\bin\management.dll
Event: 1.409 Loaded shared library C:\Program Files\Java\jdk-21\bin\management_ext.dll
Event: 1.613 Loaded shared library C:\Program Files\Java\jdk-21\bin\extnet.dll
Event: 1.748 Loaded shared library C:\Program Files\Java\jdk-21\bin\sunmscapi.dll

Deoptimization events (20 events):
Event: 14.946 Thread 0x0000023906e260e0 DEOPT PACKING pc=0x00000238acbbda50 sp=0x000000b5da9f1e80
Event: 14.946 Thread 0x0000023906e260e0 DEOPT UNPACKING pc=0x00000238b2c888e2 sp=0x000000b5da9f1300 mode 0
Event: 14.947 Thread 0x0000023906e260e0 DEOPT PACKING pc=0x00000238acbbda50 sp=0x000000b5da9f1e90
Event: 14.947 Thread 0x0000023906e260e0 DEOPT UNPACKING pc=0x00000238b2c888e2 sp=0x000000b5da9f1310 mode 0
Event: 14.947 Thread 0x0000023906e260e0 DEOPT PACKING pc=0x00000238acbbda50 sp=0x000000b5da9f1e90
Event: 14.947 Thread 0x0000023906e260e0 DEOPT UNPACKING pc=0x00000238b2c888e2 sp=0x000000b5da9f1310 mode 0
Event: 14.947 Thread 0x0000023906e260e0 DEOPT PACKING pc=0x00000238acbbda50 sp=0x000000b5da9f1e90
Event: 14.947 Thread 0x0000023906e260e0 DEOPT UNPACKING pc=0x00000238b2c888e2 sp=0x000000b5da9f1310 mode 0
Event: 14.947 Thread 0x0000023906e260e0 DEOPT PACKING pc=0x00000238acbbda50 sp=0x000000b5da9f1e90
Event: 14.947 Thread 0x0000023906e260e0 DEOPT UNPACKING pc=0x00000238b2c888e2 sp=0x000000b5da9f1310 mode 0
Event: 14.948 Thread 0x0000023906e260e0 DEOPT PACKING pc=0x00000238acbbda50 sp=0x000000b5da9f1e80
Event: 14.948 Thread 0x0000023906e260e0 DEOPT UNPACKING pc=0x00000238b2c888e2 sp=0x000000b5da9f1300 mode 0
Event: 14.948 Thread 0x0000023906e260e0 DEOPT PACKING pc=0x00000238acbbda50 sp=0x000000b5da9f1e90
Event: 14.948 Thread 0x0000023906e260e0 DEOPT UNPACKING pc=0x00000238b2c888e2 sp=0x000000b5da9f1310 mode 0
Event: 14.948 Thread 0x0000023906e260e0 DEOPT PACKING pc=0x00000238acbbda50 sp=0x000000b5da9f1e90
Event: 14.948 Thread 0x0000023906e260e0 DEOPT UNPACKING pc=0x00000238b2c888e2 sp=0x000000b5da9f1310 mode 0
Event: 14.949 Thread 0x0000023906e260e0 DEOPT PACKING pc=0x00000238acbbda50 sp=0x000000b5da9f1e40
Event: 14.949 Thread 0x0000023906e260e0 DEOPT UNPACKING pc=0x00000238b2c888e2 sp=0x000000b5da9f1298 mode 0
Event: 14.949 Thread 0x0000023906e260e0 DEOPT PACKING pc=0x00000238acbbda50 sp=0x000000b5da9f1e40
Event: 14.949 Thread 0x0000023906e260e0 DEOPT UNPACKING pc=0x00000238b2c888e2 sp=0x000000b5da9f1298 mode 0

Classes loaded (20 events):
Event: 14.865 Loading class java/security/cert/CertPathValidatorException$BasicReason
Event: 14.865 Loading class java/security/cert/CertPathValidatorException$Reason
Event: 14.865 Loading class java/security/cert/CertPathValidatorException$Reason done
Event: 14.865 Loading class java/security/cert/CertPathValidatorException$BasicReason done
Event: 14.865 Loading class java/security/SignatureException
Event: 14.865 Loading class java/security/SignatureException done
Event: 14.869 Loading class sun/security/rsa/RSASignature$SHA256withRSA
Event: 14.869 Loading class sun/security/rsa/RSASignature$SHA256withRSA done
Event: 14.870 Loading class sun/security/provider/DSA$SHA256withDSA
Event: 14.870 Loading class sun/security/provider/DSA$SHA256withDSA done
Event: 14.894 Loading class java/util/Base64
Event: 14.894 Loading class java/util/Base64 done
Event: 14.894 Loading class java/util/Base64$Decoder
Event: 14.895 Loading class java/util/Base64$Decoder done
Event: 14.895 Loading class java/util/Base64$Encoder
Event: 14.895 Loading class java/util/Base64$Encoder done
Event: 14.896 Loading class java/util/jar/JarVerifier$VerifierStream
Event: 14.896 Loading class java/util/jar/JarVerifier$VerifierStream done
Event: 14.897 Loading class sun/security/util/ManifestEntryVerifier$SunProviderHolder
Event: 14.897 Loading class sun/security/util/ManifestEntryVerifier$SunProviderHolder done

Classes unloaded (0 events):
No events

Classes redefined (0 events):
No events

Internal exceptions (20 events):
Event: 12.014 Thread 0x0000023906e260e0 Exception <a 'java/lang/NoSuchMethodError'{0x0000000086eca248}: 'java.lang.Object java.lang.invoke.DirectMethodHandle$Holder.invokeSpecial(java.lang.Object, java.lang.Object, java.lang.Object, java.lang.Object, java.lang.Object, java.lang.Object, java.lang.Object, java.lang.Object, java.lang.Object, java.lang.Object, java.lang.Object, java.lang.Object, java.lang.Object, java.lang.Object, java.lang.Object, java.lang.Object, java.lang.Object, java.lang.Object)'> (0x0000000086eca248) 
thrown [s\open\src\hotsp
Event: 12.015 Thread 0x0000023906e260e0 Exception <a 'java/lang/NoSuchMethodError'{0x0000000086ecf758}: 'java.lang.Object java.lang.invoke.DelegatingMethodHandle$Holder.reinvoke_L(java.lang.Object, java.lang.Object, java.lang.Object, java.lang.Object, java.lang.Object, java.lang.Object, java.lang.Object, java.lang.Object, java.lang.Object, java.lang.Object, java.lang.Object, java.lang.Object, java.lang.Object, java.lang.Object, java.lang.Object, java.lang.Object, java.lang.Object)'> (0x0000000086ecf758) 
thrown [s\open\src\hotspot\share\interpre
Event: 12.094 Thread 0x0000023906e260e0 Exception <a 'java/lang/NoSuchMethodError'{0x00000000892f9df8}: 'int java.lang.invoke.DirectMethodHandle$Holder.invokeStaticInit(java.lang.Object, java.lang.Object, java.lang.Object, java.lang.Object, java.lang.Object)'> (0x00000000892f9df8) 
thrown [s\open\src\hotspot\share\interpreter\linkResolver.cpp, line 773]
Event: 12.113 Thread 0x0000023906e260e0 Exception <a 'sun/nio/fs/WindowsException'{0x00000000891ebd18}> (0x00000000891ebd18) 
thrown [s\open\src\hotspot\share\prims\jni.cpp, line 520]
Event: 12.114 Thread 0x0000023906e260e0 Exception <a 'sun/nio/fs/WindowsException'{0x00000000891edac8}> (0x00000000891edac8) 
thrown [s\open\src\hotspot\share\prims\jni.cpp, line 520]
Event: 12.777 Thread 0x000002390b1d3890 Exception <a 'sun/nio/fs/WindowsException'{0x000000008aef9970}> (0x000000008aef9970) 
thrown [s\open\src\hotspot\share\prims\jni.cpp, line 520]
Event: 12.785 Thread 0x000002390b1d3890 Exception <a 'sun/nio/fs/WindowsException'{0x000000008ad3c030}> (0x000000008ad3c030) 
thrown [s\open\src\hotspot\share\prims\jni.cpp, line 520]
Event: 12.786 Thread 0x000002390b1d3890 Exception <a 'sun/nio/fs/WindowsException'{0x000000008ad3c198}> (0x000000008ad3c198) 
thrown [s\open\src\hotspot\share\prims\jni.cpp, line 520]
Event: 12.991 Thread 0x0000023906e260e0 Exception <a 'java/lang/NoSuchMethodError'{0x000000008a10ff98}: 'int java.lang.invoke.DirectMethodHandle$Holder.invokeSpecialIFC(java.lang.Object, java.lang.Object, java.lang.Object)'> (0x000000008a10ff98) 
thrown [s\open\src\hotspot\share\interpreter\linkResolver.cpp, line 773]
Event: 13.041 Thread 0x0000023906e260e0 Exception <a 'java/lang/NoSuchMethodError'{0x0000000089e13760}: 'int java.lang.invoke.DirectMethodHandle$Holder.invokeStaticInit(java.lang.Object)'> (0x0000000089e13760) 
thrown [s\open\src\hotspot\share\interpreter\linkResolver.cpp, line 773]
Event: 13.052 Thread 0x0000023906e260e0 Exception <a 'java/lang/NoSuchMethodError'{0x0000000089e9e648}: 'java.lang.Object java.lang.invoke.DirectMethodHandle$Holder.newInvokeSpecial(java.lang.Object, java.lang.Object, java.lang.Object, java.lang.Object, java.lang.Object, int)'> (0x0000000089e9e648) 
thrown [s\open\src\hotspot\share\interpreter\linkResolver.cpp, line 773]
Event: 13.052 Thread 0x0000023906e260e0 Exception <a 'java/lang/NoSuchMethodError'{0x0000000089ea3798}: 'java.lang.Object java.lang.invoke.DirectMethodHandle$Holder.invokeSpecial(java.lang.Object, java.lang.Object, java.lang.Object, java.lang.Object, java.lang.Object, java.lang.Object, int)'> (0x0000000089ea3798) 
thrown [s\open\src\hotspot\share\interpreter\linkResolver.cpp, line 773]
Event: 13.058 Thread 0x0000023906e260e0 Exception <a 'java/lang/NoSuchMethodError'{0x0000000089eec428}: 'java.lang.Object java.lang.invoke.DirectMethodHandle$Holder.invokeSpecial(java.lang.Object, java.lang.Object, java.lang.Object, java.lang.Object, java.lang.Object, long)'> (0x0000000089eec428) 
thrown [s\open\src\hotspot\share\interpreter\linkResolver.cpp, line 773]
Event: 13.060 Thread 0x0000023906e260e0 Exception <a 'java/lang/NoSuchMethodError'{0x0000000089d18508}: 'void java.lang.invoke.DirectMethodHandle$Holder.invokeStatic(java.lang.Object, java.lang.Object, java.lang.Object, int, java.lang.Object)'> (0x0000000089d18508) 
thrown [s\open\src\hotspot\share\interpreter\linkResolver.cpp, line 773]
Event: 13.502 Thread 0x0000023906e260e0 Exception <a 'java/lang/NoSuchMethodError'{0x000000008849a260}: 'void java.lang.invoke.DirectMethodHandle$Holder.invokeInterface(java.lang.Object, java.lang.Object, java.lang.Object, java.lang.Object)'> (0x000000008849a260) 
thrown [s\open\src\hotspot\share\interpreter\linkResolver.cpp, line 773]
Event: 13.591 Thread 0x0000023906e260e0 Exception <a 'java/lang/NoSuchMethodError'{0x0000000087e40a28}: 'void java.lang.invoke.Invokers$Holder.invoke_MT(java.lang.Object, java.lang.Object, java.lang.Object, java.lang.Object)'> (0x0000000087e40a28) 
thrown [s\open\src\hotspot\share\interpreter\linkResolver.cpp, line 773]
Event: 13.691 Thread 0x0000023906e260e0 Exception <a 'java/lang/ClassNotFoundException'{0x00000000878c3588}: sun/misc/SharedSecrets> (0x00000000878c3588) 
thrown [s\open\src\hotspot\share\classfile\systemDictionary.cpp, line 312]
Event: 13.691 Thread 0x0000023906e260e0 Exception <a 'java/lang/ClassNotFoundException'{0x00000000878c4ba0}: org/gradle/api/internal/plugins/DefaultObjectConfigurationActionBeanInfo> (0x00000000878c4ba0) 
thrown [s\open\src\hotspot\share\classfile\systemDictionary.cpp, line 312]
Event: 13.692 Thread 0x0000023906e260e0 Exception <a 'java/lang/ClassNotFoundException'{0x00000000878d7180}: org/gradle/api/internal/plugins/DefaultObjectConfigurationActionCustomizer> (0x00000000878d7180) 
thrown [s\open\src\hotspot\share\classfile\systemDictionary.cpp, line 312]
Event: 14.080 Thread 0x0000023906e260e0 Exception <a 'java/lang/NoSuchMethodError'{0x0000000089213f70}: 'int java.lang.invoke.DirectMethodHandle$Holder.invokeInterface(java.lang.Object, java.lang.Object, java.lang.Object, java.lang.Object)'> (0x0000000089213f70) 
thrown [s\open\src\hotspot\share\interpreter\linkResolver.cpp, line 773]

ZGC Phase Switch (0 events):
No events

VM Operations (20 events):
Event: 13.009 Executing VM operation: HandshakeAllThreads (Deoptimize) done
Event: 13.307 Executing VM operation: ICBufferFull
Event: 13.307 Executing VM operation: ICBufferFull done
Event: 13.323 Executing VM operation: HandshakeAllThreads (Deoptimize)
Event: 13.323 Executing VM operation: HandshakeAllThreads (Deoptimize) done
Event: 13.570 Executing VM operation: ICBufferFull
Event: 13.571 Executing VM operation: ICBufferFull done
Event: 13.723 Executing VM operation: G1CollectForAllocation (G1 Evacuation Pause)
Event: 13.731 Executing VM operation: G1CollectForAllocation (G1 Evacuation Pause) done
Event: 14.071 Executing VM operation: HandshakeAllThreads (Deoptimize)
Event: 14.071 Executing VM operation: HandshakeAllThreads (Deoptimize) done
Event: 14.079 Executing VM operation: HandshakeAllThreads (Deoptimize)
Event: 14.079 Executing VM operation: HandshakeAllThreads (Deoptimize) done
Event: 14.270 Executing VM operation: G1CollectForAllocation (G1 Evacuation Pause)
Event: 14.279 Executing VM operation: G1CollectForAllocation (G1 Evacuation Pause) done
Event: 14.801 Executing VM operation: HandshakeAllThreads (Deoptimize)
Event: 14.801 Executing VM operation: HandshakeAllThreads (Deoptimize) done
Event: 14.904 Executing VM operation: G1TryInitiateConcMark (G1 Humongous Allocation)
Event: 14.908 Executing VM operation: G1TryInitiateConcMark (G1 Humongous Allocation) done
Event: 14.957 Executing VM operation: G1PauseRemark

Events (20 events):
Event: 14.964 Thread 0x00000238bfc5f220 flushing nmethod 0x00000238b35af790
Event: 14.964 Thread 0x00000238bfc5f220 flushing nmethod 0x00000238b35a1b90
Event: 14.964 Thread 0x00000238bfc5f220 flushing nmethod 0x00000238b3585590
Event: 14.964 Thread 0x00000238bfc5f220 flushing nmethod 0x00000238b3564f10
Event: 14.964 Thread 0x00000238bfc5f220 flushing nmethod 0x00000238b355cc90
Event: 14.964 Thread 0x00000238bfc5f220 flushing nmethod 0x00000238b34f3010
Event: 14.964 Thread 0x00000238bfc5f220 flushing nmethod 0x00000238b34a8290
Event: 14.964 Thread 0x00000238bfc5f220 flushing nmethod 0x00000238b34adc90
Event: 14.964 Thread 0x00000238bfc5f220 flushing nmethod 0x00000238b33f3610
Event: 14.964 Thread 0x00000238bfc5f220 flushing nmethod 0x00000238b33e7810
Event: 14.964 Thread 0x00000238bfc5f220 flushing nmethod 0x00000238b33e3010
Event: 14.964 Thread 0x00000238bfc5f220 flushing nmethod 0x00000238b33c9310
Event: 14.964 Thread 0x00000238bfc5f220 flushing nmethod 0x00000238b33be910
Event: 14.964 Thread 0x00000238bfc5f220 flushing nmethod 0x00000238b33b7f90
Event: 14.964 Thread 0x00000238bfc5f220 flushing nmethod 0x00000238b339d010
Event: 14.964 Thread 0x00000238bfc5f220 flushing nmethod 0x00000238b337c690
Event: 14.964 Thread 0x00000238bfc5f220 flushing nmethod 0x00000238b337ff90
Event: 14.964 Thread 0x00000238bfc5f220 flushing nmethod 0x00000238b32bfd10
Event: 14.964 Thread 0x00000238bfc5f220 flushing nmethod 0x00000238b3280490
Event: 14.964 Thread 0x00000238bfc5f220 flushing nmethod 0x00000238b323fa10


Dynamic libraries:
0x00007ff61fdf0000 - 0x00007ff61fe00000 	C:\Program Files\Java\jdk-21\bin\java.exe
0x00007ffa89610000 - 0x00007ffa89827000 	C:\WINDOWS\SYSTEM32\ntdll.dll
0x00007ffa87fa0000 - 0x00007ffa88064000 	C:\WINDOWS\System32\KERNEL32.DLL
0x00007ffa86e30000 - 0x00007ffa871d7000 	C:\WINDOWS\System32\KERNELBASE.dll
0x00007ffa86930000 - 0x00007ffa86a41000 	C:\WINDOWS\System32\ucrtbase.dll
0x00007ffa791b0000 - 0x00007ffa791cb000 	C:\Program Files\Java\jdk-21\bin\VCRUNTIME140.dll
0x00007ffa7d750000 - 0x00007ffa7d769000 	C:\Program Files\Java\jdk-21\bin\jli.dll
0x00007ffa87e80000 - 0x00007ffa87f32000 	C:\WINDOWS\System32\ADVAPI32.dll
0x00007ffa88260000 - 0x00007ffa88307000 	C:\WINDOWS\System32\msvcrt.dll
0x00007ffa88440000 - 0x00007ffa884e8000 	C:\WINDOWS\System32\sechost.dll
0x00007ffa86d90000 - 0x00007ffa86db8000 	C:\WINDOWS\System32\bcrypt.dll
0x00007ffa884f0000 - 0x00007ffa88605000 	C:\WINDOWS\System32\RPCRT4.dll
0x00007ffa87340000 - 0x00007ffa874ee000 	C:\WINDOWS\System32\USER32.dll
0x00007ffa86ad0000 - 0x00007ffa86af6000 	C:\WINDOWS\System32\win32u.dll
0x00007ffa6ac50000 - 0x00007ffa6aee3000 	C:\WINDOWS\WinSxS\amd64_microsoft.windows.common-controls_6595b64144ccf1df_6.0.22621.3527_none_270e469b73872a76\COMCTL32.dll
0x00007ffa879e0000 - 0x00007ffa87a09000 	C:\WINDOWS\System32\GDI32.dll
0x00007ffa86c70000 - 0x00007ffa86d89000 	C:\WINDOWS\System32\gdi32full.dll
0x00007ffa871e0000 - 0x00007ffa8727a000 	C:\WINDOWS\System32\msvcp_win.dll
0x00007ffa7cdb0000 - 0x00007ffa7cdba000 	C:\WINDOWS\SYSTEM32\VERSION.dll
0x00007ffa88070000 - 0x00007ffa880a1000 	C:\WINDOWS\System32\IMM32.DLL
0x00007ffa7ea40000 - 0x00007ffa7ea4c000 	C:\Program Files\Java\jdk-21\bin\vcruntime140_1.dll
0x00007ffa66770000 - 0x00007ffa667fe000 	C:\Program Files\Java\jdk-21\bin\msvcp140.dll
0x00007ffa1e3a0000 - 0x00007ffa1f0b5000 	C:\Program Files\Java\jdk-21\bin\server\jvm.dll
0x00007ffa883c0000 - 0x00007ffa88431000 	C:\WINDOWS\System32\WS2_32.dll
0x00007ffa867f0000 - 0x00007ffa8683d000 	C:\WINDOWS\SYSTEM32\POWRPROF.dll
0x00007ffa7b680000 - 0x00007ffa7b6b4000 	C:\WINDOWS\SYSTEM32\WINMM.dll
0x00007ffa867d0000 - 0x00007ffa867e3000 	C:\WINDOWS\SYSTEM32\UMPDC.dll
0x00007ffa85950000 - 0x00007ffa85968000 	C:\WINDOWS\SYSTEM32\kernel.appcore.dll
0x00007ffa7e520000 - 0x00007ffa7e52a000 	C:\Program Files\Java\jdk-21\bin\jimage.dll
0x00007ffa805c0000 - 0x00007ffa807f2000 	C:\WINDOWS\SYSTEM32\DBGHELP.DLL
0x00007ffa890e0000 - 0x00007ffa89468000 	C:\WINDOWS\System32\combase.dll
0x00007ffa87ac0000 - 0x00007ffa87b97000 	C:\WINDOWS\System32\OLEAUT32.dll
0x00007ffa658b0000 - 0x00007ffa658e2000 	C:\WINDOWS\SYSTEM32\dbgcore.DLL
0x00007ffa86a50000 - 0x00007ffa86ac9000 	C:\WINDOWS\System32\bcryptPrimitives.dll
0x00007ffa6b710000 - 0x00007ffa6b71f000 	C:\Program Files\Java\jdk-21\bin\instrument.dll
0x00007ffa73190000 - 0x00007ffa731af000 	C:\Program Files\Java\jdk-21\bin\java.dll
0x00007ffa88880000 - 0x00007ffa890dc000 	C:\WINDOWS\System32\SHELL32.dll
0x00007ffa84870000 - 0x00007ffa85166000 	C:\WINDOWS\SYSTEM32\windows.storage.dll
0x00007ffa84730000 - 0x00007ffa8486e000 	C:\WINDOWS\SYSTEM32\wintypes.dll
0x00007ffa87c00000 - 0x00007ffa87cf5000 	C:\WINDOWS\System32\SHCORE.dll
0x00007ffa87e10000 - 0x00007ffa87e6e000 	C:\WINDOWS\System32\shlwapi.dll
0x00007ffa86860000 - 0x00007ffa86881000 	C:\WINDOWS\SYSTEM32\profapi.dll
0x00007ffa56e20000 - 0x00007ffa56ef7000 	C:\Program Files\Java\jdk-21\bin\jsvml.dll
0x00007ffa69f30000 - 0x00007ffa69f48000 	C:\Program Files\Java\jdk-21\bin\zip.dll
0x00007ffa7dda0000 - 0x00007ffa7ddb0000 	C:\Program Files\Java\jdk-21\bin\net.dll
0x00007ffa7c8d0000 - 0x00007ffa7ca06000 	C:\WINDOWS\SYSTEM32\WINHTTP.dll
0x00007ffa85dc0000 - 0x00007ffa85e29000 	C:\WINDOWS\system32\mswsock.dll
0x00007ffa6b0d0000 - 0x00007ffa6b0e6000 	C:\Program Files\Java\jdk-21\bin\nio.dll
0x00007ffa7d540000 - 0x00007ffa7d550000 	C:\Program Files\Java\jdk-21\bin\verify.dll
0x00007ffa7e990000 - 0x00007ffa7e9b7000 	C:\Users\HP\.gradle\native\c067742578af261105cb4f569cf0c3c89f3d7b1fecec35dd04571415982c5e48\windows-amd64\native-platform.dll
0x00007ffa731b0000 - 0x00007ffa732f4000 	C:\Users\HP\.gradle\native\38dada09dfb8b06ba9b0570ebf7e218e3eb74d4ef43ca46872605cf95ebc2f47\windows-amd64\native-platform-file-events.dll
0x00007ffa791a0000 - 0x00007ffa791aa000 	C:\Program Files\Java\jdk-21\bin\management.dll
0x00007ffa78e20000 - 0x00007ffa78e2b000 	C:\Program Files\Java\jdk-21\bin\management_ext.dll
0x00007ffa87e70000 - 0x00007ffa87e78000 	C:\WINDOWS\System32\PSAPI.DLL
0x00007ffa86020000 - 0x00007ffa8603b000 	C:\WINDOWS\SYSTEM32\CRYPTSP.dll
0x00007ffa858b0000 - 0x00007ffa858e5000 	C:\WINDOWS\system32\rsaenh.dll
0x00007ffa85ec0000 - 0x00007ffa85ee8000 	C:\WINDOWS\SYSTEM32\USERENV.dll
0x00007ffa86040000 - 0x00007ffa8604c000 	C:\WINDOWS\SYSTEM32\CRYPTBASE.dll
0x00007ffa853d0000 - 0x00007ffa853fd000 	C:\WINDOWS\SYSTEM32\IPHLPAPI.DLL
0x00007ffa87a10000 - 0x00007ffa87a19000 	C:\WINDOWS\System32\NSI.dll
0x00007ffa73170000 - 0x00007ffa73177000 	C:\Program Files\Java\jdk-21\bin\extnet.dll
0x00007ffa6aa60000 - 0x00007ffa6aa6e000 	C:\Program Files\Java\jdk-21\bin\sunmscapi.dll
0x00007ffa86b00000 - 0x00007ffa86c68000 	C:\WINDOWS\System32\CRYPT32.dll
0x00007ffa861e0000 - 0x00007ffa8620e000 	C:\WINDOWS\SYSTEM32\ncrypt.dll
0x00007ffa861a0000 - 0x00007ffa861d7000 	C:\WINDOWS\SYSTEM32\NTASN1.dll
0x00007ffa457f0000 - 0x00007ffa457f8000 	C:\WINDOWS\system32\wshunix.dll

dbghelp: loaded successfully - version: 4.0.5 - missing functions: none
symbol engine: initialized successfully - sym options: 0x614 - pdb path: .;C:\Program Files\Java\jdk-21\bin;C:\WINDOWS\SYSTEM32;C:\WINDOWS\WinSxS\amd64_microsoft.windows.common-controls_6595b64144ccf1df_6.0.22621.3527_none_270e469b73872a76;C:\Program Files\Java\jdk-21\bin\server;C:\Users\HP\.gradle\native\c067742578af261105cb4f569cf0c3c89f3d7b1fecec35dd04571415982c5e48\windows-amd64;C:\Users\HP\.gradle\native\38dada09dfb8b06ba9b0570ebf7e218e3eb74d4ef43ca46872605cf95ebc2f47\windows-amd64

VM Arguments:
jvm_args: --add-opens=java.base/java.util=ALL-UNNAMED --add-opens=java.base/java.lang=ALL-UNNAMED --add-opens=java.base/java.lang.invoke=ALL-UNNAMED --add-opens=java.prefs/java.util.prefs=ALL-UNNAMED --add-opens=java.base/java.nio.charset=ALL-UNNAMED --add-opens=java.base/java.net=ALL-UNNAMED --add-opens=java.base/java.util.concurrent.atomic=ALL-UNNAMED -Xmx2048m -Dfile.encoding=UTF-8 -Duser.country=US -Duser.language=en -Duser.variant -javaagent:C:\Users\HP\.gradle\wrapper\dists\gradle-8.4-bin\1w5dpkrfk8irigvoxmyhowfim\gradle-8.4\lib\agents\gradle-instrumentation-agent-8.4.jar 
java_command: org.gradle.launcher.daemon.bootstrap.GradleDaemon 8.4
java_class_path (initial): C:\Users\HP\.gradle\wrapper\dists\gradle-8.4-bin\1w5dpkrfk8irigvoxmyhowfim\gradle-8.4\lib\gradle-launcher-8.4.jar
Launcher Type: SUN_STANDARD

[Global flags]
     intx CICompilerCount                          = 4                                         {product} {ergonomic}
     uint ConcGCThreads                            = 2                                         {product} {ergonomic}
     uint G1ConcRefinementThreads                  = 8                                         {product} {ergonomic}
   size_t G1HeapRegionSize                         = 1048576                                   {product} {ergonomic}
    uintx GCDrainStackTargetSize                   = 64                                        {product} {ergonomic}
   size_t InitialHeapSize                          = 132120576                                 {product} {ergonomic}
   size_t MarkStackSize                            = 4194304                                   {product} {ergonomic}
   size_t MaxHeapSize                              = 2147483648                                {product} {command line}
   size_t MaxNewSize                               = 1287651328                                {product} {ergonomic}
   size_t MinHeapDeltaBytes                        = 1048576                                   {product} {ergonomic}
   size_t MinHeapSize                              = 8388608                                   {product} {ergonomic}
    uintx NonNMethodCodeHeapSize                   = 5839372                                {pd product} {ergonomic}
    uintx NonProfiledCodeHeapSize                  = 122909434                              {pd product} {ergonomic}
    uintx ProfiledCodeHeapSize                     = 122909434                              {pd product} {ergonomic}
    uintx ReservedCodeCacheSize                    = 251658240                              {pd product} {ergonomic}
     bool SegmentedCodeCache                       = true                                      {product} {ergonomic}
   size_t SoftMaxHeapSize                          = 2147483648                             {manageable} {ergonomic}
     bool UseCompressedOops                        = true                           {product lp64_product} {ergonomic}
     bool UseG1GC                                  = true                                      {product} {ergonomic}
     bool UseLargePagesIndividualAllocation        = false                                  {pd product} {ergonomic}

Logging:
Log output configuration:
 #0: stdout all=warning uptime,level,tags foldmultilines=false
 #1: stderr all=off uptime,level,tags foldmultilines=false

Environment Variables:
CLASSPATH=C:\Users\HP\AndroidStudioProjects\QuranMentor\\gradle\wrapper\gradle-wrapper.jar
PATH=C:\Program Files\Common Files\Oracle\Java\javapath;C:\WINDOWS\system32;C:\WINDOWS;C:\WINDOWS\System32\Wbem;C:\WINDOWS\System32\WindowsPowerShell\v1.0\;C:\WINDOWS\System32\OpenSSH\;C:\Program Files\Java\jdk-21\bin;C:\Program Files\Git\cmd;C:\Program Files (x86)\Microsoft Visual Studio\Common\Tools\WinNT;C:\Program Files (x86)\Microsoft Visual Studio\Common\MSDev98\Bin;C:\Program Files (x86)\Microsoft Visual Studio\Common\Tools;C:\Program Files (x86)\Microsoft Visual Studio\VC98\bin;C:\Users\HP\AppData\Local\Microsoft\WindowsApps;C:\Users\HP\AppData\Local\Programs\Microsoft VS Code\bin;C:\Program Files\Java\jdk-21\bin;
USERNAME=HP
OS=Windows_NT
PROCESSOR_IDENTIFIER=Intel64 Family 6 Model 126 Stepping 5, GenuineIntel
TMP=C:\Users\HP\AppData\Local\Temp
TEMP=C:\Users\HP\AppData\Local\Temp




Periodic native trim disabled

---------------  S Y S T E M  ---------------

OS:
 Windows 11 , 64 bit Build 22621 (10.0.22621.3527)
OS uptime: 0 days 0:47 hours

CPU: total 8 (initial active 8) (4 cores per cpu, 2 threads per core) family 6 model 126 stepping 5 microcode 0xa6, cx8, cmov, fxsr, ht, mmx, 3dnowpref, sse, sse2, sse3, ssse3, sse4.1, sse4.2, popcnt, lzcnt, tsc, tscinvbit, avx, avx2, aes, erms, clmul, bmi1, bmi2, adx, avx512f, avx512dq, avx512cd, avx512bw, avx512vl, sha, fma, vzeroupper, avx512_vpopcntdq, avx512_vpclmulqdq, avx512_vaes, avx512_vnni, clflush, clflushopt, avx512_vbmi2, avx512_vbmi, rdtscp, rdpid, fsrm, gfni, avx512_bitalg, f16c, pku, avx512_ifma
Processor Information for all 8 processors :
  Max Mhz: 1190, Current Mhz: 991, Mhz Limit: 987

Memory: 4k page, system-wide physical 7973M (285M free)
TotalPageFile size 10021M (AvailPageFile size 11M)
current process WorkingSet (physical memory assigned to process): 487M, peak: 487M
current process commit charge ("private bytes"): 526M, peak: 558M

vm_info: Java HotSpot(TM) 64-Bit Server VM (21.0.1+12-LTS-29) for windows-amd64 JRE (21.0.1+12-LTS-29), built on 2023-10-05T13:27:09Z by "mach5one" with MS VC++ 17.1 (VS2022)

END.
