#
# There is insufficient memory for the Java Runtime Environment to continue.
# Native memory allocation (malloc) failed to allocate 816976 bytes for Chunk::new
# Possible reasons:
#   The system is out of physical RAM or swap space
#   The process is running with CompressedOops enabled, and the Java Heap may be blocking the growth of the native heap
# Possible solutions:
#   Reduce memory load on the system
#   Increase physical memory or swap space
#   Check if swap backing store is full
#   Decrease Java heap size (-Xmx/-Xms)
#   Decrease number of Java threads
#   Decrease Java thread stack sizes (-Xss)
#   Set larger code cache with -XX:ReservedCodeCacheSize=
#   JVM is running with Unscaled Compressed Oops mode in which the Java heap is
#     placed in the first 4GB address space. The Java Heap base address is the
#     maximum limit for the native heap growth. Please use -XX:HeapBaseMinAddress
#     to set the Java Heap base and to place the Java Heap above 4GB virtual address.
# This output file may be truncated or incomplete.
#
#  Out of Memory Error (arena.cpp:191), pid=14612, tid=10408
#
# JRE version: OpenJDK Runtime Environment (17.0.9) (build 17.0.9+0--11185874)
# Java VM: OpenJDK 64-Bit Server VM (17.0.9+0--11185874, mixed mode, tiered, compressed oops, compressed class ptrs, g1 gc, windows-amd64)
# No core dump will be written. Minidumps are not enabled by default on client versions of Windows
#

---------------  S U M M A R Y ------------

Command Line: --add-opens=java.base/java.util=ALL-UNNAMED --add-opens=java.base/java.lang=ALL-UNNAMED --add-opens=java.base/java.lang.invoke=ALL-UNNAMED --add-opens=java.prefs/java.util.prefs=ALL-UNNAMED --add-opens=java.base/java.nio.charset=ALL-UNNAMED --add-opens=java.base/java.net=ALL-UNNAMED --add-opens=java.base/java.util.concurrent.atomic=ALL-UNNAMED -Xmx2048m -Dfile.encoding=UTF-8 -Duser.country=US -Duser.language=en -Duser.variant -javaagent:C:\Users\HP\.gradle\wrapper\dists\gradle-8.4-bin\1w5dpkrfk8irigvoxmyhowfim\gradle-8.4\lib\agents\gradle-instrumentation-agent-8.4.jar org.gradle.launcher.daemon.bootstrap.GradleDaemon 8.4

Host: Intel(R) Core(TM) i5-1035G1 CPU @ 1.00GHz, 8 cores, 7G,  Windows 11 , 64 bit Build 22621 (10.0.22621.3374)
Time: Thu Apr 25 20:41:55 2024 Pakistan Standard Time elapsed time: 3.645914 seconds (0d 0h 0m 3s)

---------------  T H R E A D  ---------------

Current thread (0x00000186624f0e90):  JavaThread "C2 CompilerThread0" daemon [_thread_in_native, id=10408, stack(0x0000001af3e00000,0x0000001af3f00000)]


Current CompileTask:
C2:   3646 2252   !   4       java.lang.ClassLoader::loadClass (121 bytes)

Stack: [0x0000001af3e00000,0x0000001af3f00000]
Native frames: (J=compiled Java code, j=interpreted, Vv=VM code, C=native code)
V  [jvm.dll+0x6886e9]
V  [jvm.dll+0x841e4a]
V  [jvm.dll+0x843a8e]
V  [jvm.dll+0x8440f3]
V  [jvm.dll+0x24c14f]
V  [jvm.dll+0xac44c]
V  [jvm.dll+0xaca9c]
V  [jvm.dll+0x2b376f]
V  [jvm.dll+0x590767]
V  [jvm.dll+0x226762]
V  [jvm.dll+0x226b4f]
V  [jvm.dll+0x21fc76]
V  [jvm.dll+0x21d0c1]
V  [jvm.dll+0x1a674d]
V  [jvm.dll+0x22d088]
V  [jvm.dll+0x22b1c0]
V  [jvm.dll+0x7f62f7]
V  [jvm.dll+0x7f06aa]
V  [jvm.dll+0x687565]
C  [ucrtbase.dll+0x29333]
C  [KERNEL32.DLL+0x1257d]
C  [ntdll.dll+0x5aa48]


---------------  P R O C E S S  ---------------

Threads class SMR info:
_java_thread_list=0x0000018667fa7bc0, length=25, elements={
0x00000186484fc110, 0x0000018662371590, 0x0000018662375f70, 0x000001866237dbd0,
0x000001866237e5a0, 0x000001866237afd0, 0x00000186624f0290, 0x00000186624f0e90,
0x00000186624fccb0, 0x00000186624fd5c0, 0x00000186625e2d60, 0x0000018662802460,
0x0000018669780350, 0x00000186685eb7a0, 0x000001866868fd90, 0x0000018668f06fb0,
0x0000018668f4c4d0, 0x0000018667729290, 0x000001866915a450, 0x00000186680ae990,
0x00000186680af8c0, 0x00000186680ac110, 0x00000186680ac620, 0x00000186680ae480,
0x00000186680af3b0
}

Java Threads: ( => current thread )
  0x00000186484fc110 JavaThread "main" [_thread_blocked, id=5752, stack(0x0000001af3100000,0x0000001af3200000)]
  0x0000018662371590 JavaThread "Reference Handler" daemon [_thread_blocked, id=964, stack(0x0000001af3800000,0x0000001af3900000)]
  0x0000018662375f70 JavaThread "Finalizer" daemon [_thread_blocked, id=6352, stack(0x0000001af3900000,0x0000001af3a00000)]
  0x000001866237dbd0 JavaThread "Signal Dispatcher" daemon [_thread_blocked, id=12620, stack(0x0000001af3a00000,0x0000001af3b00000)]
  0x000001866237e5a0 JavaThread "Attach Listener" daemon [_thread_blocked, id=3964, stack(0x0000001af3b00000,0x0000001af3c00000)]
  0x000001866237afd0 JavaThread "Service Thread" daemon [_thread_blocked, id=12500, stack(0x0000001af3c00000,0x0000001af3d00000)]
  0x00000186624f0290 JavaThread "Monitor Deflation Thread" daemon [_thread_blocked, id=6288, stack(0x0000001af3d00000,0x0000001af3e00000)]
=>0x00000186624f0e90 JavaThread "C2 CompilerThread0" daemon [_thread_in_native, id=10408, stack(0x0000001af3e00000,0x0000001af3f00000)]
  0x00000186624fccb0 JavaThread "C1 CompilerThread0" daemon [_thread_blocked, id=2856, stack(0x0000001af3f00000,0x0000001af4000000)]
  0x00000186624fd5c0 JavaThread "Sweeper thread" daemon [_thread_blocked, id=14348, stack(0x0000001af4000000,0x0000001af4100000)]
  0x00000186625e2d60 JavaThread "Common-Cleaner" daemon [_thread_blocked, id=16368, stack(0x0000001af4100000,0x0000001af4200000)]
  0x0000018662802460 JavaThread "Notification Thread" daemon [_thread_blocked, id=10304, stack(0x0000001af4200000,0x0000001af4300000)]
  0x0000018669780350 JavaThread "Daemon health stats" [_thread_blocked, id=12820, stack(0x0000001af4900000,0x0000001af4a00000)]
  0x00000186685eb7a0 JavaThread "Incoming local TCP Connector on port 50730" [_thread_in_native, id=15760, stack(0x0000001af4a00000,0x0000001af4b00000)]
  0x000001866868fd90 JavaThread "Daemon periodic checks" [_thread_blocked, id=14652, stack(0x0000001af4400000,0x0000001af4500000)]
  0x0000018668f06fb0 JavaThread "Daemon" [_thread_blocked, id=9324, stack(0x0000001af4b00000,0x0000001af4c00000)]
  0x0000018668f4c4d0 JavaThread "Handler for socket connection from /127.0.0.1:50730 to /127.0.0.1:50731" [_thread_in_native, id=15824, stack(0x0000001af4c00000,0x0000001af4d00000)]
  0x0000018667729290 JavaThread "Cancel handler" [_thread_blocked, id=2584, stack(0x0000001af4d00000,0x0000001af4e00000)]
  0x000001866915a450 JavaThread "Daemon worker" [_thread_in_native, id=4072, stack(0x0000001af4e00000,0x0000001af4f00000)]
  0x00000186680ae990 JavaThread "Asynchronous log dispatcher for DefaultDaemonConnection: socket connection from /127.0.0.1:50730 to /127.0.0.1:50731" [_thread_blocked, id=9664, stack(0x0000001af4f00000,0x0000001af5000000)]
  0x00000186680af8c0 JavaThread "Stdin handler" [_thread_blocked, id=2168, stack(0x0000001af5000000,0x0000001af5100000)]
  0x00000186680ac110 JavaThread "Daemon client event forwarder" [_thread_blocked, id=9432, stack(0x0000001af5100000,0x0000001af5200000)]
  0x00000186680ac620 JavaThread "Cache worker for journal cache (C:\Users\HP\.gradle\caches\journal-1)" [_thread_blocked, id=9604, stack(0x0000001af5600000,0x0000001af5700000)]
  0x00000186680ae480 JavaThread "File lock request listener" [_thread_in_native, id=8076, stack(0x0000001af5700000,0x0000001af5800000)]
  0x00000186680af3b0 JavaThread "Cache worker for file hash cache (C:\Users\HP\.gradle\caches\8.4\fileHashes)" [_thread_blocked, id=8228, stack(0x0000001af5800000,0x0000001af5900000)]

Other Threads:
  0x0000018662370050 VMThread "VM Thread" [stack: 0x0000001af3700000,0x0000001af3800000] [id=3880]
  0x00000186484fdeb0 WatcherThread [stack: 0x0000001af4300000,0x0000001af4400000] [id=1552]
  0x0000018648558250 GCTaskThread "GC Thread#0" [stack: 0x0000001af3200000,0x0000001af3300000] [id=10116]
  0x00000186678ae530 GCTaskThread "GC Thread#1" [stack: 0x0000001af4500000,0x0000001af4600000] [id=13916]
  0x0000018667b33e20 GCTaskThread "GC Thread#2" [stack: 0x0000001af4600000,0x0000001af4700000] [id=10544]
  0x0000018667833880 GCTaskThread "GC Thread#3" [stack: 0x0000001af4700000,0x0000001af4800000] [id=2932]
  0x0000018667ae0640 GCTaskThread "GC Thread#4" [stack: 0x0000001af4800000,0x0000001af4900000] [id=13532]
  0x0000018667b2cc00 GCTaskThread "GC Thread#5" [stack: 0x0000001af5200000,0x0000001af5300000] [id=6796]
  0x0000018667b2df40 GCTaskThread "GC Thread#6" [stack: 0x0000001af5300000,0x0000001af5400000] [id=15576]
  0x0000018667b2d180 GCTaskThread "GC Thread#7" [stack: 0x0000001af5400000,0x0000001af5500000] [id=9132]
  0x00000186485690b0 ConcurrentGCThread "G1 Main Marker" [stack: 0x0000001af3300000,0x0000001af3400000] [id=15584]
  0x00000186485699e0 ConcurrentGCThread "G1 Conc#0" [stack: 0x0000001af3400000,0x0000001af3500000] [id=6524]
  0x0000018667b2e200 ConcurrentGCThread "G1 Conc#1" [stack: 0x0000001af5500000,0x0000001af5600000] [id=6772]
  0x00000186485ad680 ConcurrentGCThread "G1 Refine#0" [stack: 0x0000001af3500000,0x0000001af3600000] [id=6220]
  0x00000186485adfc0 ConcurrentGCThread "G1 Service" [stack: 0x0000001af3600000,0x0000001af3700000] [id=8800]

Threads with active compile tasks:
C2 CompilerThread0     3674 2252   !   4       java.lang.ClassLoader::loadClass (121 bytes)

VM state: not at safepoint (normal execution)

VM Mutex/Monitor currently owned by a thread: None

Heap address: 0x0000000080000000, size: 2048 MB, Compressed Oops mode: 32-bit

CDS archive(s) not mapped
Compressed class space mapped at: 0x0000000100000000-0x0000000140000000, reserved size: 1073741824
Narrow klass base: 0x0000000000000000, Narrow klass shift: 3, Narrow klass range: 0x140000000

GC Precious Log:
 CPUs: 8 total, 8 available
 Memory: 7973M
 Large Page Support: Disabled
 NUMA Support: Disabled
 Compressed Oops: Enabled (32-bit)
 Heap Region Size: 1M
 Heap Min Capacity: 8M
 Heap Initial Capacity: 126M
 Heap Max Capacity: 2G
 Pre-touch: Disabled
 Parallel Workers: 8
 Concurrent Workers: 2
 Concurrent Refinement Workers: 8
 Periodic GC: Disabled

Heap:
 garbage-first heap   total 71680K, used 46737K [0x0000000080000000, 0x0000000100000000)
  region size 1024K, 38 young (38912K), 9 survivors (9216K)
 Metaspace       used 25875K, committed 26112K, reserved 1114112K
  class space    used 3304K, committed 3392K, reserved 1048576K

Heap Regions: E=young(eden), S=young(survivor), O=old, HS=humongous(starts), HC=humongous(continues), CS=collection set, F=free, OA=open archive, CA=closed archive, TAMS=top-at-mark-start (previous, next)
|   0|0x0000000080000000, 0x0000000080100000, 0x0000000080100000|100%|HS|  |TAMS 0x0000000080100000, 0x0000000080000000| Complete 
|   1|0x0000000080100000, 0x0000000080200000, 0x0000000080200000|100%|HC|  |TAMS 0x0000000080200000, 0x0000000080100000| Complete 
|   2|0x0000000080200000, 0x0000000080300000, 0x0000000080300000|100%|HC|  |TAMS 0x0000000080300000, 0x0000000080200000| Complete 
|   3|0x0000000080300000, 0x0000000080400000, 0x0000000080400000|100%|HC|  |TAMS 0x0000000080400000, 0x0000000080300000| Complete 
|   4|0x0000000080400000, 0x0000000080500000, 0x0000000080500000|100%| O|  |TAMS 0x0000000080500000, 0x0000000080400000| Untracked 
|   5|0x0000000080500000, 0x0000000080600000, 0x0000000080600000|100%| O|  |TAMS 0x0000000080600000, 0x0000000080500000| Untracked 
|   6|0x0000000080600000, 0x0000000080700000, 0x0000000080700000|100%| O|  |TAMS 0x0000000080700000, 0x0000000080600000| Untracked 
|   7|0x0000000080700000, 0x0000000080800000, 0x0000000080800000|100%| O|  |TAMS 0x0000000080800000, 0x0000000080700000| Untracked 
|   8|0x0000000080800000, 0x0000000080800000, 0x0000000080900000|  0%| F|  |TAMS 0x0000000080800000, 0x0000000080800000| Untracked 
|   9|0x0000000080900000, 0x0000000080a00000, 0x0000000080a00000|100%| O|  |TAMS 0x0000000080a00000, 0x0000000080900000| Untracked 
|  10|0x0000000080a00000, 0x0000000080b00000, 0x0000000080b00000|100%| O|  |TAMS 0x0000000080b00000, 0x0000000080a00000| Untracked 
|  11|0x0000000080b00000, 0x0000000080b46000, 0x0000000080c00000| 27%| O|  |TAMS 0x0000000080b46000, 0x0000000080b00000| Complete 
|  12|0x0000000080c00000, 0x0000000080c00000, 0x0000000080d00000|  0%| F|  |TAMS 0x0000000080c00000, 0x0000000080c00000| Untracked 
|  13|0x0000000080d00000, 0x0000000080d00000, 0x0000000080e00000|  0%| F|  |TAMS 0x0000000080d00000, 0x0000000080d00000| Untracked 
|  14|0x0000000080e00000, 0x0000000080e00000, 0x0000000080f00000|  0%| F|  |TAMS 0x0000000080e00000, 0x0000000080e00000| Untracked 
|  15|0x0000000080f00000, 0x0000000080f00000, 0x0000000081000000|  0%| F|  |TAMS 0x0000000080f00000, 0x0000000080f00000| Untracked 
|  16|0x0000000081000000, 0x0000000081000000, 0x0000000081100000|  0%| F|  |TAMS 0x0000000081000000, 0x0000000081000000| Untracked 
|  17|0x0000000081100000, 0x0000000081100000, 0x0000000081200000|  0%| F|  |TAMS 0x0000000081100000, 0x0000000081100000| Untracked 
|  18|0x0000000081200000, 0x0000000081200000, 0x0000000081300000|  0%| F|  |TAMS 0x0000000081200000, 0x0000000081200000| Untracked 
|  19|0x0000000081300000, 0x0000000081300000, 0x0000000081400000|  0%| F|  |TAMS 0x0000000081300000, 0x0000000081300000| Untracked 
|  20|0x0000000081400000, 0x0000000081400000, 0x0000000081500000|  0%| F|  |TAMS 0x0000000081400000, 0x0000000081400000| Untracked 
|  21|0x0000000081500000, 0x0000000081500000, 0x0000000081600000|  0%| F|  |TAMS 0x0000000081500000, 0x0000000081500000| Untracked 
|  22|0x0000000081600000, 0x0000000081600000, 0x0000000081700000|  0%| F|  |TAMS 0x0000000081600000, 0x0000000081600000| Untracked 
|  23|0x0000000081700000, 0x0000000081700000, 0x0000000081800000|  0%| F|  |TAMS 0x0000000081700000, 0x0000000081700000| Untracked 
|  24|0x0000000081800000, 0x0000000081800000, 0x0000000081900000|  0%| F|  |TAMS 0x0000000081800000, 0x0000000081800000| Untracked 
|  25|0x0000000081900000, 0x0000000081900000, 0x0000000081a00000|  0%| F|  |TAMS 0x0000000081900000, 0x0000000081900000| Untracked 
|  26|0x0000000081a00000, 0x0000000081a00000, 0x0000000081b00000|  0%| F|  |TAMS 0x0000000081a00000, 0x0000000081a00000| Untracked 
|  27|0x0000000081b00000, 0x0000000081b00000, 0x0000000081c00000|  0%| F|  |TAMS 0x0000000081b00000, 0x0000000081b00000| Untracked 
|  28|0x0000000081c00000, 0x0000000081c00000, 0x0000000081d00000|  0%| F|  |TAMS 0x0000000081c00000, 0x0000000081c00000| Untracked 
|  29|0x0000000081d00000, 0x0000000081d00000, 0x0000000081e00000|  0%| F|  |TAMS 0x0000000081d00000, 0x0000000081d00000| Untracked 
|  30|0x0000000081e00000, 0x0000000081e00000, 0x0000000081f00000|  0%| F|  |TAMS 0x0000000081e00000, 0x0000000081e00000| Untracked 
|  31|0x0000000081f00000, 0x0000000081f00000, 0x0000000082000000|  0%| F|  |TAMS 0x0000000081f00000, 0x0000000081f00000| Untracked 
|  32|0x0000000082000000, 0x00000000820d5dd8, 0x0000000082100000| 83%| E|  |TAMS 0x0000000082000000, 0x0000000082000000| Complete 
|  33|0x0000000082100000, 0x0000000082200000, 0x0000000082200000|100%| E|CS|TAMS 0x0000000082100000, 0x0000000082100000| Complete 
|  34|0x0000000082200000, 0x0000000082300000, 0x0000000082300000|100%| E|CS|TAMS 0x0000000082200000, 0x0000000082200000| Complete 
|  35|0x0000000082300000, 0x0000000082400000, 0x0000000082400000|100%| E|CS|TAMS 0x0000000082300000, 0x0000000082300000| Complete 
|  36|0x0000000082400000, 0x0000000082500000, 0x0000000082500000|100%| E|CS|TAMS 0x0000000082400000, 0x0000000082400000| Complete 
|  37|0x0000000082500000, 0x0000000082600000, 0x0000000082600000|100%| E|CS|TAMS 0x0000000082500000, 0x0000000082500000| Complete 
|  38|0x0000000082600000, 0x0000000082700000, 0x0000000082700000|100%| E|CS|TAMS 0x0000000082600000, 0x0000000082600000| Complete 
|  39|0x0000000082700000, 0x0000000082800000, 0x0000000082800000|100%| E|CS|TAMS 0x0000000082700000, 0x0000000082700000| Complete 
|  40|0x0000000082800000, 0x0000000082900000, 0x0000000082900000|100%| E|CS|TAMS 0x0000000082800000, 0x0000000082800000| Complete 
|  41|0x0000000082900000, 0x0000000082a00000, 0x0000000082a00000|100%| E|CS|TAMS 0x0000000082900000, 0x0000000082900000| Complete 
|  42|0x0000000082a00000, 0x0000000082b00000, 0x0000000082b00000|100%| E|CS|TAMS 0x0000000082a00000, 0x0000000082a00000| Complete 
|  43|0x0000000082b00000, 0x0000000082c00000, 0x0000000082c00000|100%| E|CS|TAMS 0x0000000082b00000, 0x0000000082b00000| Complete 
|  44|0x0000000082c00000, 0x0000000082d00000, 0x0000000082d00000|100%| E|CS|TAMS 0x0000000082c00000, 0x0000000082c00000| Complete 
|  45|0x0000000082d00000, 0x0000000082e00000, 0x0000000082e00000|100%| E|CS|TAMS 0x0000000082d00000, 0x0000000082d00000| Complete 
|  46|0x0000000082e00000, 0x0000000082f00000, 0x0000000082f00000|100%| E|CS|TAMS 0x0000000082e00000, 0x0000000082e00000| Complete 
|  47|0x0000000082f00000, 0x0000000083000000, 0x0000000083000000|100%| E|CS|TAMS 0x0000000082f00000, 0x0000000082f00000| Complete 
|  48|0x0000000083000000, 0x0000000083100000, 0x0000000083100000|100%| E|  |TAMS 0x0000000083000000, 0x0000000083000000| Complete 
|  49|0x0000000083100000, 0x0000000083200000, 0x0000000083200000|100%| E|CS|TAMS 0x0000000083100000, 0x0000000083100000| Complete 
|  50|0x0000000083200000, 0x0000000083300000, 0x0000000083300000|100%| E|CS|TAMS 0x0000000083200000, 0x0000000083200000| Complete 
|  51|0x0000000083300000, 0x0000000083400000, 0x0000000083400000|100%| E|CS|TAMS 0x0000000083300000, 0x0000000083300000| Complete 
|  52|0x0000000083400000, 0x0000000083500000, 0x0000000083500000|100%| E|CS|TAMS 0x0000000083400000, 0x0000000083400000| Complete 
|  53|0x0000000083500000, 0x0000000083600000, 0x0000000083600000|100%| E|CS|TAMS 0x0000000083500000, 0x0000000083500000| Complete 
|  54|0x0000000083600000, 0x0000000083700000, 0x0000000083700000|100%| E|CS|TAMS 0x0000000083600000, 0x0000000083600000| Complete 
|  55|0x0000000083700000, 0x0000000083800000, 0x0000000083800000|100%| E|CS|TAMS 0x0000000083700000, 0x0000000083700000| Complete 
|  56|0x0000000083800000, 0x0000000083900000, 0x0000000083900000|100%| E|CS|TAMS 0x0000000083800000, 0x0000000083800000| Complete 
|  57|0x0000000083900000, 0x0000000083a00000, 0x0000000083a00000|100%| E|CS|TAMS 0x0000000083900000, 0x0000000083900000| Complete 
|  58|0x0000000083a00000, 0x0000000083b00000, 0x0000000083b00000|100%| E|CS|TAMS 0x0000000083a00000, 0x0000000083a00000| Complete 
|  59|0x0000000083b00000, 0x0000000083c00000, 0x0000000083c00000|100%| E|CS|TAMS 0x0000000083b00000, 0x0000000083b00000| Complete 
|  71|0x0000000084700000, 0x000000008475e410, 0x0000000084800000| 36%| S|CS|TAMS 0x0000000084700000, 0x0000000084700000| Complete 
|  72|0x0000000084800000, 0x0000000084900000, 0x0000000084900000|100%| S|CS|TAMS 0x0000000084800000, 0x0000000084800000| Complete 
|  73|0x0000000084900000, 0x0000000084a00000, 0x0000000084a00000|100%| S|CS|TAMS 0x0000000084900000, 0x0000000084900000| Complete 
|  74|0x0000000084a00000, 0x0000000084b00000, 0x0000000084b00000|100%| S|CS|TAMS 0x0000000084a00000, 0x0000000084a00000| Complete 
|  75|0x0000000084b00000, 0x0000000084c00000, 0x0000000084c00000|100%| S|CS|TAMS 0x0000000084b00000, 0x0000000084b00000| Complete 
|  76|0x0000000084c00000, 0x0000000084d00000, 0x0000000084d00000|100%| S|CS|TAMS 0x0000000084c00000, 0x0000000084c00000| Complete 
|  77|0x0000000084d00000, 0x0000000084e00000, 0x0000000084e00000|100%| S|CS|TAMS 0x0000000084d00000, 0x0000000084d00000| Complete 
|  78|0x0000000084e00000, 0x0000000084f00000, 0x0000000084f00000|100%| S|CS|TAMS 0x0000000084e00000, 0x0000000084e00000| Complete 
|  79|0x0000000084f00000, 0x0000000085000000, 0x0000000085000000|100%| S|CS|TAMS 0x0000000084f00000, 0x0000000084f00000| Complete 
| 125|0x0000000087d00000, 0x0000000087e00000, 0x0000000087e00000|100%| E|CS|TAMS 0x0000000087d00000, 0x0000000087d00000| Complete 

Card table byte_map: [0x000001865b100000,0x000001865b500000] _byte_map_base: 0x000001865ad00000

Marking Bits (Prev, Next): (CMBitMap*) 0x00000186485587c0, (CMBitMap*) 0x0000018648558780
 Prev Bits: [0x000001865d900000, 0x000001865f900000)
 Next Bits: [0x000001865b900000, 0x000001865d900000)

Polling page: 0x0000018647cb0000

Metaspace:

Usage:
  Non-class:     22.05 MB used.
      Class:      3.23 MB used.
       Both:     25.28 MB used.

Virtual space:
  Non-class space:       64.00 MB reserved,      22.19 MB ( 35%) committed,  1 nodes.
      Class space:        1.00 GB reserved,       3.31 MB ( <1%) committed,  1 nodes.
             Both:        1.06 GB reserved,      25.50 MB (  2%) committed. 

Chunk freelists:
   Non-Class:  9.84 MB
       Class:  12.62 MB
        Both:  22.47 MB

MaxMetaspaceSize: unlimited
CompressedClassSpaceSize: 1.00 GB
Initial GC threshold: 21.00 MB
Current GC threshold: 35.12 MB
CDS: off
MetaspaceReclaimPolicy: balanced
 - commit_granule_bytes: 65536.
 - commit_granule_words: 8192.
 - virtual_space_node_default_size: 8388608.
 - enlarge_chunks_in_place: 1.
 - new_chunks_are_fully_committed: 0.
 - uncommit_free_chunks: 1.
 - use_allocation_guard: 0.
 - handle_deallocations: 1.


Internal statistics:

num_allocs_failed_limit: 3.
num_arena_births: 200.
num_arena_deaths: 0.
num_vsnodes_births: 2.
num_vsnodes_deaths: 0.
num_space_committed: 408.
num_space_uncommitted: 0.
num_chunks_returned_to_freelist: 3.
num_chunks_taken_from_freelist: 760.
num_chunk_merges: 3.
num_chunk_splits: 509.
num_chunks_enlarged: 379.
num_inconsistent_stats: 0.

CodeHeap 'non-profiled nmethods': size=120000Kb used=1131Kb max_used=1131Kb free=118868Kb
 bounds [0x00000186534a0000, 0x0000018653710000, 0x000001865a9d0000]
CodeHeap 'profiled nmethods': size=120000Kb used=4621Kb max_used=4621Kb free=115378Kb
 bounds [0x000001864b9d0000, 0x000001864be60000, 0x0000018652f00000]
CodeHeap 'non-nmethods': size=5760Kb used=1239Kb max_used=1275Kb free=4521Kb
 bounds [0x0000018652f00000, 0x0000018653170000, 0x00000186534a0000]
 total_blobs=2836 nmethods=2298 adapters=451
 compilation: enabled
              stopped_count=0, restarted_count=0
 full_count=0

Compilation events (20 events):
Event: 3.605 Thread 0x00000186624fccb0 2276       1       java.util.Collections$SingletonList::size (2 bytes)
Event: 3.605 Thread 0x00000186624fccb0 nmethod 2276 0x00000186535ba590 code [0x00000186535ba720, 0x00000186535ba7f8]
Event: 3.605 Thread 0x00000186624fccb0 2266       3       jdk.internal.loader.AbstractClassLoaderValue::extractValue (17 bytes)
Event: 3.605 Thread 0x00000186624fccb0 nmethod 2266 0x000001864be42890 code [0x000001864be42a40, 0x000001864be42dc8]
Event: 3.606 Thread 0x00000186624fccb0 2278       3       org.gradle.internal.service.DefaultServiceRegistry::find (142 bytes)
Event: 3.608 Thread 0x00000186624fccb0 nmethod 2278 0x000001864be42e90 code [0x000001864be43240, 0x000001864be44dd8]
Event: 3.608 Thread 0x00000186624fccb0 2282       3       org.gradle.internal.service.DefaultServiceRegistry$CompositeServiceProvider::getService (49 bytes)
Event: 3.608 Thread 0x00000186624fccb0 nmethod 2282 0x000001864be45610 code [0x000001864be457c0, 0x000001864be45ae8]
Event: 3.608 Thread 0x00000186624fccb0 2281       3       org.gradle.internal.service.DefaultServiceRegistry$OwnServices::getService (309 bytes)
Event: 3.611 Thread 0x00000186624fccb0 nmethod 2281 0x000001864be45c10 code [0x000001864be46140, 0x000001864be48e48]
Event: 3.611 Thread 0x00000186624fccb0 2283       3       java.util.regex.Pattern$GroupTail::match (111 bytes)
Event: 3.611 Thread 0x00000186624fccb0 nmethod 2283 0x000001864be49b90 code [0x000001864be49d60, 0x000001864be4a108]
Event: 3.611 Thread 0x00000186624fccb0 2279       3       org.gradle.internal.service.DefaultServiceRegistry$SingletonService::getService (18 bytes)
Event: 3.611 Thread 0x00000186624fccb0 nmethod 2279 0x000001864be4a310 code [0x000001864be4a4e0, 0x000001864be4a718]
Event: 3.611 Thread 0x00000186624fccb0 2280       3       org.gradle.internal.service.DefaultServiceRegistry::access$1300 (6 bytes)
Event: 3.611 Thread 0x00000186624fccb0 nmethod 2280 0x000001864be4a810 code [0x000001864be4a9a0, 0x000001864be4aaa8]
Event: 3.622 Thread 0x00000186624fccb0 2284       3       jdk.internal.misc.Unsafe::putIntUnaligned (14 bytes)
Event: 3.622 Thread 0x00000186624fccb0 nmethod 2284 0x000001864be4ab90 code [0x000001864be4ad40, 0x000001864be4af98]
Event: 3.624 Thread 0x00000186624fccb0 2285       3       java.lang.reflect.Constructor::getRoot (5 bytes)
Event: 3.624 Thread 0x00000186624fccb0 nmethod 2285 0x000001864be4b090 code [0x000001864be4b220, 0x000001864be4b338]

GC Heap History (6 events):
Event: 0.985 GC heap before
{Heap before GC invocations=0 (full 0):
 garbage-first heap   total 129024K, used 26624K [0x0000000080000000, 0x0000000100000000)
  region size 1024K, 23 young (23552K), 0 survivors (0K)
 Metaspace       used 10501K, committed 10624K, reserved 1114112K
  class space    used 1091K, committed 1152K, reserved 1048576K
}
Event: 0.989 GC heap after
{Heap after GC invocations=1 (full 0):
 garbage-first heap   total 129024K, used 10645K [0x0000000080000000, 0x0000000100000000)
  region size 1024K, 3 young (3072K), 3 survivors (3072K)
 Metaspace       used 10501K, committed 10624K, reserved 1114112K
  class space    used 1091K, committed 1152K, reserved 1048576K
}
Event: 1.497 GC heap before
{Heap before GC invocations=1 (full 0):
 garbage-first heap   total 129024K, used 40341K [0x0000000080000000, 0x0000000100000000)
  region size 1024K, 31 young (31744K), 3 survivors (3072K)
 Metaspace       used 11464K, committed 11648K, reserved 1114112K
  class space    used 1198K, committed 1280K, reserved 1048576K
}
Event: 1.503 GC heap after
{Heap after GC invocations=2 (full 0):
 garbage-first heap   total 129024K, used 12733K [0x0000000080000000, 0x0000000100000000)
  region size 1024K, 3 young (3072K), 3 survivors (3072K)
 Metaspace       used 11464K, committed 11648K, reserved 1114112K
  class space    used 1198K, committed 1280K, reserved 1048576K
}
Event: 2.931 GC heap before
{Heap before GC invocations=2 (full 0):
 garbage-first heap   total 129024K, used 55741K [0x0000000080000000, 0x0000000100000000)
  region size 1024K, 46 young (47104K), 3 survivors (3072K)
 Metaspace       used 21268K, committed 21504K, reserved 1114112K
  class space    used 2514K, committed 2624K, reserved 1048576K
}
Event: 2.938 GC heap after
{Heap after GC invocations=3 (full 0):
 garbage-first heap   total 129024K, used 19089K [0x0000000080000000, 0x0000000100000000)
  region size 1024K, 9 young (9216K), 9 survivors (9216K)
 Metaspace       used 21268K, committed 21504K, reserved 1114112K
  class space    used 2514K, committed 2624K, reserved 1048576K
}

Dll operation events (3 events):
Event: 0.008 Loaded shared library C:\Program Files\Android\Android Studio1\jbr\bin\java.dll
Event: 0.217 Loaded shared library C:\Program Files\Android\Android Studio1\jbr\bin\zip.dll
Event: 0.606 Loaded shared library C:\Program Files\Android\Android Studio1\jbr\bin\verify.dll

Deoptimization events (20 events):
Event: 2.922 Thread 0x000001866915a450 Uncommon trap: trap_request=0xffffff45 fr.pc=0x0000018653584dec relative=0x00000000000003ac
Event: 2.922 Thread 0x000001866915a450 Uncommon trap: reason=unstable_if action=reinterpret pc=0x0000018653584dec method=java.util.concurrent.ConcurrentHashMap.get(Ljava/lang/Object;)Ljava/lang/Object; @ 76 c2
Event: 2.922 Thread 0x000001866915a450 DEOPT PACKING pc=0x0000018653584dec sp=0x0000001af4efbbd0
Event: 2.922 Thread 0x000001866915a450 DEOPT UNPACKING pc=0x0000018652f5a1a3 sp=0x0000001af4efbb58 mode 2
Event: 3.025 Thread 0x000001866915a450 Uncommon trap: trap_request=0xffffff45 fr.pc=0x000001865356ed38 relative=0x0000000000000198
Event: 3.025 Thread 0x000001866915a450 Uncommon trap: reason=unstable_if action=reinterpret pc=0x000001865356ed38 method=java.util.WeakHashMap.expungeStaleEntries()V @ 9 c2
Event: 3.025 Thread 0x000001866915a450 DEOPT PACKING pc=0x000001865356ed38 sp=0x0000001af4efb4b0
Event: 3.025 Thread 0x000001866915a450 DEOPT UNPACKING pc=0x0000018652f5a1a3 sp=0x0000001af4efb448 mode 2
Event: 3.267 Thread 0x000001866915a450 Uncommon trap: trap_request=0xffffff45 fr.pc=0x00000186534bc9b8 relative=0x0000000000000198
Event: 3.267 Thread 0x000001866915a450 Uncommon trap: reason=unstable_if action=reinterpret pc=0x00000186534bc9b8 method=java.util.regex.Matcher.reset()Ljava/util/regex/Matcher; @ 47 c2
Event: 3.267 Thread 0x000001866915a450 DEOPT PACKING pc=0x00000186534bc9b8 sp=0x0000001af4efb1b0
Event: 3.267 Thread 0x000001866915a450 DEOPT UNPACKING pc=0x0000018652f5a1a3 sp=0x0000001af4efb140 mode 2
Event: 3.338 Thread 0x000001866915a450 Uncommon trap: trap_request=0xffffff45 fr.pc=0x00000186534c2094 relative=0x0000000000000b94
Event: 3.338 Thread 0x000001866915a450 Uncommon trap: reason=unstable_if action=reinterpret pc=0x00000186534c2094 method=java.io.WinNTFileSystem.resolve(Ljava/lang/String;Ljava/lang/String;)Ljava/lang/String; @ 19 c2
Event: 3.339 Thread 0x000001866915a450 DEOPT PACKING pc=0x00000186534c2094 sp=0x0000001af4efd1d0
Event: 3.339 Thread 0x000001866915a450 DEOPT UNPACKING pc=0x0000018652f5a1a3 sp=0x0000001af4efd178 mode 2
Event: 3.340 Thread 0x000001866915a450 Uncommon trap: trap_request=0xffffff45 fr.pc=0x0000018653513f1c relative=0x00000000000005fc
Event: 3.340 Thread 0x000001866915a450 Uncommon trap: reason=unstable_if action=reinterpret pc=0x0000018653513f1c method=java.io.File.getName()Ljava/lang/String; @ 16 c2
Event: 3.340 Thread 0x000001866915a450 DEOPT PACKING pc=0x0000018653513f1c sp=0x0000001af4efd170
Event: 3.340 Thread 0x000001866915a450 DEOPT UNPACKING pc=0x0000018652f5a1a3 sp=0x0000001af4efd140 mode 2

Classes unloaded (0 events):
No events

Classes redefined (0 events):
No events

Internal exceptions (20 events):
Event: 2.141 Thread 0x00000186484fc110 Exception <a 'java/lang/NoSuchMethodError'{0x0000000086bd7298}: 'java.lang.Object java.lang.invoke.DirectMethodHandle$Holder.invokeInterface(java.lang.Object, java.lang.Object)'> (0x0000000086bd7298) 
thrown [s\src\hotspot\share\interpreter\linkResolver.cpp, line 771]
Event: 2.351 Thread 0x00000186484fc110 Exception <a 'java/lang/NoSuchMethodError'{0x000000008641fb18}: 'java.lang.Object java.lang.invoke.DirectMethodHandle$Holder.invokeStaticInit(java.lang.Object, int, int, int, int)'> (0x000000008641fb18) 
thrown [s\src\hotspot\share\interpreter\linkResolver.cpp, line 771]
Event: 2.420 Thread 0x00000186484fc110 Exception <a 'java/lang/NoSuchMethodError'{0x0000000086490bd8}: 'java.lang.Object java.lang.invoke.DirectMethodHandle$Holder.invokeStaticInit(java.lang.Object, java.lang.Object, int, int, int, int)'> (0x0000000086490bd8) 
thrown [s\src\hotspot\share\interpreter\linkResolver.cpp, line 771]
Event: 2.621 Thread 0x00000186484fc110 Exception <a 'java/lang/NoSuchMethodError'{0x000000008611f5c0}: 'void java.lang.invoke.DirectMethodHandle$Holder.invokeStatic(java.lang.Object, java.lang.Object, java.lang.Object)'> (0x000000008611f5c0) 
thrown [s\src\hotspot\share\interpreter\linkResolver.cpp, line 771]
Event: 2.645 Thread 0x00000186484fc110 Exception <a 'java/io/IOException'{0x00000000861db380}> (0x00000000861db380) 
thrown [s\src\hotspot\share\prims\jni.cpp, line 517]
Event: 2.818 Thread 0x000001866915a450 Exception <a 'java/lang/NoSuchMethodError'{0x0000000085692bd0}: 'long java.lang.invoke.DirectMethodHandle$Holder.invokeInterface(java.lang.Object, java.lang.Object)'> (0x0000000085692bd0) 
thrown [s\src\hotspot\share\interpreter\linkResolver.cpp, line 771]
Event: 2.824 Thread 0x000001866915a450 Exception <a 'java/lang/NoSuchMethodError'{0x00000000856ca8a8}: 'java.lang.Object java.lang.invoke.DirectMethodHandle$Holder.invokeVirtual(java.lang.Object, java.lang.Object, java.lang.Object)'> (0x00000000856ca8a8) 
thrown [s\src\hotspot\share\interpreter\linkResolver.cpp, line 771]
Event: 2.886 Thread 0x000001866915a450 Exception <a 'java/lang/NoSuchMethodError'{0x0000000085279468}: 'void java.lang.invoke.DirectMethodHandle$Holder.invokeStatic(java.lang.Object, java.lang.Object)'> (0x0000000085279468) 
thrown [s\src\hotspot\share\interpreter\linkResolver.cpp, line 771]
Event: 2.991 Thread 0x000001866915a450 Exception <a 'java/lang/NoSuchMethodError'{0x0000000083a44a78}: 'java.lang.Object java.lang.invoke.DirectMethodHandle$Holder.newInvokeSpecial(java.lang.Object, java.lang.Object, java.lang.Object, java.lang.Object, java.lang.Object, java.lang.Object)'> (0x0000000083a44a78) 
thrown [s\src\hotspot\share\interpreter\linkResolver.cpp, line 771]
Event: 2.993 Thread 0x000001866915a450 Exception <a 'java/lang/NoSuchMethodError'{0x0000000083a5c7a8}: 'void java.lang.invoke.DirectMethodHandle$Holder.invokeSpecial(java.lang.Object, java.lang.Object, java.lang.Object, java.lang.Object, java.lang.Object)'> (0x0000000083a5c7a8) 
thrown [s\src\hotspot\share\interpreter\linkResolver.cpp, line 771]
Event: 2.994 Thread 0x000001866915a450 Exception <a 'java/lang/NoSuchMethodError'{0x0000000083a70630}: 'void java.lang.invoke.DirectMethodHandle$Holder.invokeStaticInit(java.lang.Object, java.lang.Object)'> (0x0000000083a70630) 
thrown [s\src\hotspot\share\interpreter\linkResolver.cpp, line 771]
Event: 3.028 Thread 0x000001866915a450 Exception <a 'java/lang/NoSuchMethodError'{0x0000000083977478}: 'java.lang.Object java.lang.invoke.DirectMethodHandle$Holder.newInvokeSpecial(java.lang.Object, java.lang.Object, java.lang.Object, int, java.lang.Object, java.lang.Object)'> (0x0000000083977478) 
thrown [s\src\hotspot\share\interpreter\linkResolver.cpp, line 771]
Event: 3.061 Thread 0x000001866915a450 Exception <a 'java/lang/NoSuchMethodError'{0x00000000837355e8}: 'void java.lang.invoke.DelegatingMethodHandle$Holder.reinvoke_L(java.lang.Object, java.lang.Object, java.lang.Object, java.lang.Object, java.lang.Object, java.lang.Object, java.lang.Object, java.lang.Object, java.lang.Object, java.lang.Object)'> (0x00000000837355e8) 
thrown [s\src\hotspot\share\interpreter\linkResolver.cpp, line 771]
Event: 3.061 Thread 0x000001866915a450 Exception <a 'java/lang/NoSuchMethodError'{0x000000008373db98}: 'java.lang.Object java.lang.invoke.DirectMethodHandle$Holder.invokeSpecial(java.lang.Object, java.lang.Object, java.lang.Object, java.lang.Object, java.lang.Object, java.lang.Object, java.lang.Object, java.lang.Object, java.lang.Object, java.lang.Object)'> (0x000000008373db98) 
thrown [s\src\hotspot\share\interpreter\linkResolver.cpp, line 771]
Event: 3.061 Thread 0x000001866915a450 Exception <a 'java/lang/NoSuchMethodError'{0x0000000083742468}: 'java.lang.Object java.lang.invoke.Invokers$Holder.invoker(java.lang.Object, java.lang.Object, java.lang.Object, java.lang.Object, java.lang.Object, java.lang.Object, java.lang.Object, java.lang.Object, java.lang.Object, java.lang.Object)'> (0x0000000083742468) 
thrown [s\src\hotspot\share\interpreter\linkResolver.cpp, line 771]
Event: 3.062 Thread 0x000001866915a450 Exception <a 'java/lang/NoSuchMethodError'{0x00000000837482b8}: 'java.lang.Object java.lang.invoke.DirectMethodHandle$Holder.invokeSpecial(java.lang.Object, java.lang.Object, java.lang.Object, java.lang.Object, java.lang.Object, java.lang.Object, java.lang.Object, java.lang.Object, java.lang.Object, java.lang.Object, java.lang.Object)'> (0x00000000837482b8) 
thrown [s\src\hotspot\share\interpreter\linkResolver.cpp, line 771]
Event: 3.210 Thread 0x000001866915a450 Exception <a 'java/lang/NoSuchMethodError'{0x0000000083156700}: 'void java.lang.invoke.DirectMethodHandle$Holder.invokeStaticInit(java.lang.Object)'> (0x0000000083156700) 
thrown [s\src\hotspot\share\interpreter\linkResolver.cpp, line 771]
Event: 3.233 Thread 0x000001866915a450 Exception <a 'java/lang/NoSuchMethodError'{0x0000000083007870}: 'java.lang.Object java.lang.invoke.DirectMethodHandle$Holder.newInvokeSpecial(java.lang.Object, java.lang.Object, java.lang.Object, int)'> (0x0000000083007870) 
thrown [s\src\hotspot\share\interpreter\linkResolver.cpp, line 771]
Event: 3.234 Thread 0x000001866915a450 Exception <a 'java/lang/NoSuchMethodError'{0x000000008300c1a0}: 'java.lang.Object java.lang.invoke.DirectMethodHandle$Holder.invokeSpecial(java.lang.Object, java.lang.Object, java.lang.Object, java.lang.Object, int)'> (0x000000008300c1a0) 
thrown [s\src\hotspot\share\interpreter\linkResolver.cpp, line 771]
Event: 3.234 Thread 0x000001866915a450 Exception <a 'java/lang/NoSuchMethodError'{0x00000000830102b8}: 'java.lang.Object java.lang.invoke.Invokers$Holder.linkToTargetMethod(java.lang.Object, java.lang.Object, int, java.lang.Object)'> (0x00000000830102b8) 
thrown [s\src\hotspot\share\interpreter\linkResolver.cpp, line 771]

VM Operations (20 events):
Event: 2.416 Executing VM operation: HandshakeAllThreads
Event: 2.416 Executing VM operation: HandshakeAllThreads done
Event: 2.619 Executing VM operation: HandshakeAllThreads
Event: 2.619 Executing VM operation: HandshakeAllThreads done
Event: 2.619 Executing VM operation: Cleanup
Event: 2.620 Executing VM operation: Cleanup done
Event: 2.681 Executing VM operation: HandshakeAllThreads
Event: 2.682 Executing VM operation: HandshakeAllThreads done
Event: 2.931 Executing VM operation: CollectForMetadataAllocation
Event: 2.938 Executing VM operation: CollectForMetadataAllocation done
Event: 2.944 Executing VM operation: G1PauseRemark
Event: 2.946 Executing VM operation: G1PauseRemark done
Event: 2.947 Executing VM operation: G1PauseCleanup
Event: 2.952 Executing VM operation: G1PauseCleanup done
Event: 3.039 Executing VM operation: HandshakeAllThreads
Event: 3.039 Executing VM operation: HandshakeAllThreads done
Event: 3.382 Executing VM operation: HandshakeAllThreads
Event: 3.382 Executing VM operation: HandshakeAllThreads done
Event: 3.383 Executing VM operation: HandshakeAllThreads
Event: 3.383 Executing VM operation: HandshakeAllThreads done

Events (20 events):
Event: 3.358 loading class java/nio/file/FileVisitor done
Event: 3.359 loading class java/util/zip/CheckedInputStream
Event: 3.359 loading class java/util/zip/CheckedInputStream done
Event: 3.510 loading class java/util/function/LongFunction
Event: 3.510 loading class java/util/function/LongFunction done
Event: 3.538 loading class java/security/InvalidKeyException
Event: 3.538 loading class java/security/KeyException
Event: 3.538 loading class java/security/KeyException done
Event: 3.538 loading class java/security/InvalidKeyException done
Event: 3.610 Thread 0x00000186680af3b0 Thread added: 0x00000186680af3b0
Event: 3.618 loading class sun/security/provider/MD5
Event: 3.618 loading class sun/security/provider/MD5 done
Event: 3.619 loading class sun/security/provider/SHA5$SHA512
Event: 3.619 loading class sun/security/provider/SHA5
Event: 3.619 loading class sun/security/provider/SHA5 done
Event: 3.619 loading class sun/security/provider/SHA5$SHA512 done
Event: 3.621 loading class sun/security/provider/ByteArrayAccess$LE
Event: 3.621 loading class sun/security/provider/ByteArrayAccess$LE done
Event: 3.643 loading class java/util/concurrent/Semaphore
Event: 3.643 loading class java/util/concurrent/Semaphore done


Dynamic libraries:
0x00007ff6091c0000 - 0x00007ff6091ca000 	C:\Program Files\Android\Android Studio1\jbr\bin\java.exe
0x00007ffefced0000 - 0x00007ffefd0e6000 	C:\WINDOWS\SYSTEM32\ntdll.dll
0x00007ffefba90000 - 0x00007ffefbb54000 	C:\WINDOWS\System32\KERNEL32.DLL
0x00007ffefa4a0000 - 0x00007ffefa847000 	C:\WINDOWS\System32\KERNELBASE.dll
0x00007ffefaae0000 - 0x00007ffefabf1000 	C:\WINDOWS\System32\ucrtbase.dll
0x00007ffebffd0000 - 0x00007ffebffe7000 	C:\Program Files\Android\Android Studio1\jbr\bin\jli.dll
0x00007ffef0f10000 - 0x00007ffef0f2b000 	C:\Program Files\Android\Android Studio1\jbr\bin\VCRUNTIME140.dll
0x00007ffefb310000 - 0x00007ffefb4be000 	C:\WINDOWS\System32\USER32.dll
0x00007ffefa440000 - 0x00007ffefa466000 	C:\WINDOWS\System32\win32u.dll
0x00007ffede860000 - 0x00007ffedeaf3000 	C:\WINDOWS\WinSxS\amd64_microsoft.windows.common-controls_6595b64144ccf1df_6.0.22621.3235_none_270f74e173860f98\COMCTL32.dll
0x00007ffefcd60000 - 0x00007ffefcd89000 	C:\WINDOWS\System32\GDI32.dll
0x00007ffefa850000 - 0x00007ffefa969000 	C:\WINDOWS\System32\gdi32full.dll
0x00007ffefb9e0000 - 0x00007ffefba87000 	C:\WINDOWS\System32\msvcrt.dll
0x00007ffefa270000 - 0x00007ffefa30a000 	C:\WINDOWS\System32\msvcp_win.dll
0x00007ffefaf80000 - 0x00007ffefafb1000 	C:\WINDOWS\System32\IMM32.DLL
0x00007ffef1f60000 - 0x00007ffef1f6c000 	C:\Program Files\Android\Android Studio1\jbr\bin\vcruntime140_1.dll
0x00007ffedc430000 - 0x00007ffedc4bd000 	C:\Program Files\Android\Android Studio1\jbr\bin\msvcp140.dll
0x00007ffe6b9c0000 - 0x00007ffe6c643000 	C:\Program Files\Android\Android Studio1\jbr\bin\server\jvm.dll
0x00007ffefadc0000 - 0x00007ffefae72000 	C:\WINDOWS\System32\ADVAPI32.dll
0x00007ffefb180000 - 0x00007ffefb228000 	C:\WINDOWS\System32\sechost.dll
0x00007ffefa470000 - 0x00007ffefa498000 	C:\WINDOWS\System32\bcrypt.dll
0x00007ffefb050000 - 0x00007ffefb165000 	C:\WINDOWS\System32\RPCRT4.dll
0x00007ffefa0c0000 - 0x00007ffefa10d000 	C:\WINDOWS\SYSTEM32\POWRPROF.dll
0x00007ffe8a8f0000 - 0x00007ffe8a8f9000 	C:\WINDOWS\SYSTEM32\WSOCK32.dll
0x00007ffeef000000 - 0x00007ffeef034000 	C:\WINDOWS\SYSTEM32\WINMM.dll
0x00007ffefae90000 - 0x00007ffefaf01000 	C:\WINDOWS\System32\WS2_32.dll
0x00007ffeeeff0000 - 0x00007ffeeeffa000 	C:\WINDOWS\SYSTEM32\VERSION.dll
0x00007ffefa0a0000 - 0x00007ffefa0b3000 	C:\WINDOWS\SYSTEM32\UMPDC.dll
0x00007ffef9230000 - 0x00007ffef9248000 	C:\WINDOWS\SYSTEM32\kernel.appcore.dll
0x00007ffedba60000 - 0x00007ffedba6a000 	C:\Program Files\Android\Android Studio1\jbr\bin\jimage.dll
0x00007ffef3b60000 - 0x00007ffef3d93000 	C:\WINDOWS\SYSTEM32\DBGHELP.DLL
0x00007ffefb5d0000 - 0x00007ffefb958000 	C:\WINDOWS\System32\combase.dll
0x00007ffefb230000 - 0x00007ffefb307000 	C:\WINDOWS\System32\OLEAUT32.dll
0x00007ffed9360000 - 0x00007ffed9392000 	C:\WINDOWS\SYSTEM32\dbgcore.DLL
0x00007ffefa1f0000 - 0x00007ffefa269000 	C:\WINDOWS\System32\bcryptPrimitives.dll
0x00007ffec8210000 - 0x00007ffec821e000 	C:\Program Files\Android\Android Studio1\jbr\bin\instrument.dll
0x00007ffed6520000 - 0x00007ffed6545000 	C:\Program Files\Android\Android Studio1\jbr\bin\java.dll
0x00007ffec64c0000 - 0x00007ffec64d8000 	C:\Program Files\Android\Android Studio1\jbr\bin\zip.dll
0x00007ffefbe30000 - 0x00007ffefc68c000 	C:\WINDOWS\System32\SHELL32.dll
0x00007ffef8150000 - 0x00007ffef8a49000 	C:\WINDOWS\SYSTEM32\windows.storage.dll
0x00007ffef8010000 - 0x00007ffef814e000 	C:\WINDOWS\SYSTEM32\wintypes.dll
0x00007ffefbd30000 - 0x00007ffefbe23000 	C:\WINDOWS\System32\SHCORE.dll
0x00007ffefafd0000 - 0x00007ffefb02e000 	C:\WINDOWS\System32\shlwapi.dll
0x00007ffefa120000 - 0x00007ffefa141000 	C:\WINDOWS\SYSTEM32\profapi.dll
0x00007ffec00e0000 - 0x00007ffec00f9000 	C:\Program Files\Android\Android Studio1\jbr\bin\net.dll
0x00007ffef0b40000 - 0x00007ffef0c76000 	C:\WINDOWS\SYSTEM32\WINHTTP.dll
0x00007ffef96a0000 - 0x00007ffef9709000 	C:\WINDOWS\system32\mswsock.dll
0x00007ffec00c0000 - 0x00007ffec00d6000 	C:\Program Files\Android\Android Studio1\jbr\bin\nio.dll
0x00007ffed6510000 - 0x00007ffed6520000 	C:\Program Files\Android\Android Studio1\jbr\bin\verify.dll
0x00007ffef1d00000 - 0x00007ffef1d27000 	C:\Users\HP\.gradle\native\c067742578af261105cb4f569cf0c3c89f3d7b1fecec35dd04571415982c5e48\windows-amd64\native-platform.dll
0x00007ffec6840000 - 0x00007ffec6984000 	C:\Users\HP\.gradle\native\38dada09dfb8b06ba9b0570ebf7e218e3eb74d4ef43ca46872605cf95ebc2f47\windows-amd64\native-platform-file-events.dll
0x00007ffedba50000 - 0x00007ffedba59000 	C:\Program Files\Android\Android Studio1\jbr\bin\management.dll
0x00007ffedb8b0000 - 0x00007ffedb8bb000 	C:\Program Files\Android\Android Studio1\jbr\bin\management_ext.dll
0x00007ffefc840000 - 0x00007ffefc848000 	C:\WINDOWS\System32\PSAPI.DLL
0x00007ffef9900000 - 0x00007ffef991b000 	C:\WINDOWS\SYSTEM32\CRYPTSP.dll
0x00007ffef9190000 - 0x00007ffef91c5000 	C:\WINDOWS\system32\rsaenh.dll
0x00007ffef97a0000 - 0x00007ffef97c8000 	C:\WINDOWS\SYSTEM32\USERENV.dll
0x00007ffef9920000 - 0x00007ffef992c000 	C:\WINDOWS\SYSTEM32\CRYPTBASE.dll
0x00007ffef8cb0000 - 0x00007ffef8cdd000 	C:\WINDOWS\SYSTEM32\IPHLPAPI.DLL
0x00007ffefb170000 - 0x00007ffefb179000 	C:\WINDOWS\System32\NSI.dll
0x00007ffef0d10000 - 0x00007ffef0d29000 	C:\WINDOWS\SYSTEM32\dhcpcsvc6.DLL
0x00007ffef0510000 - 0x00007ffef052f000 	C:\WINDOWS\SYSTEM32\dhcpcsvc.DLL
0x00007ffef8d20000 - 0x00007ffef8e19000 	C:\WINDOWS\SYSTEM32\DNSAPI.dll
0x00007ffec1690000 - 0x00007ffec1698000 	C:\WINDOWS\system32\wshunix.dll

dbghelp: loaded successfully - version: 4.0.5 - missing functions: none
symbol engine: initialized successfully - sym options: 0x614 - pdb path: .;C:\Program Files\Android\Android Studio1\jbr\bin;C:\WINDOWS\SYSTEM32;C:\WINDOWS\WinSxS\amd64_microsoft.windows.common-controls_6595b64144ccf1df_6.0.22621.3235_none_270f74e173860f98;C:\Program Files\Android\Android Studio1\jbr\bin\server;C:\Users\HP\.gradle\native\c067742578af261105cb4f569cf0c3c89f3d7b1fecec35dd04571415982c5e48\windows-amd64;C:\Users\HP\.gradle\native\38dada09dfb8b06ba9b0570ebf7e218e3eb74d4ef43ca46872605cf95ebc2f47\windows-amd64

VM Arguments:
jvm_args: --add-opens=java.base/java.util=ALL-UNNAMED --add-opens=java.base/java.lang=ALL-UNNAMED --add-opens=java.base/java.lang.invoke=ALL-UNNAMED --add-opens=java.prefs/java.util.prefs=ALL-UNNAMED --add-opens=java.base/java.nio.charset=ALL-UNNAMED --add-opens=java.base/java.net=ALL-UNNAMED --add-opens=java.base/java.util.concurrent.atomic=ALL-UNNAMED -Xmx2048m -Dfile.encoding=UTF-8 -Duser.country=US -Duser.language=en -Duser.variant -javaagent:C:\Users\HP\.gradle\wrapper\dists\gradle-8.4-bin\1w5dpkrfk8irigvoxmyhowfim\gradle-8.4\lib\agents\gradle-instrumentation-agent-8.4.jar 
java_command: org.gradle.launcher.daemon.bootstrap.GradleDaemon 8.4
java_class_path (initial): C:\Users\HP\.gradle\wrapper\dists\gradle-8.4-bin\1w5dpkrfk8irigvoxmyhowfim\gradle-8.4\lib\gradle-launcher-8.4.jar
Launcher Type: SUN_STANDARD

[Global flags]
     intx CICompilerCount                          = 4                                         {product} {ergonomic}
     uint ConcGCThreads                            = 2                                         {product} {ergonomic}
     uint G1ConcRefinementThreads                  = 8                                         {product} {ergonomic}
   size_t G1HeapRegionSize                         = 1048576                                   {product} {ergonomic}
    uintx GCDrainStackTargetSize                   = 64                                        {product} {ergonomic}
   size_t InitialHeapSize                          = 132120576                                 {product} {ergonomic}
   size_t MarkStackSize                            = 4194304                                   {product} {ergonomic}
   size_t MaxHeapSize                              = 2147483648                                {product} {command line}
   size_t MaxNewSize                               = 1287651328                                {product} {ergonomic}
   size_t MinHeapDeltaBytes                        = 1048576                                   {product} {ergonomic}
   size_t MinHeapSize                              = 8388608                                   {product} {ergonomic}
    uintx NonNMethodCodeHeapSize                   = 5839372                                {pd product} {ergonomic}
    uintx NonProfiledCodeHeapSize                  = 122909434                              {pd product} {ergonomic}
    uintx ProfiledCodeHeapSize                     = 122909434                              {pd product} {ergonomic}
    uintx ReservedCodeCacheSize                    = 251658240                              {pd product} {ergonomic}
     bool SegmentedCodeCache                       = true                                      {product} {ergonomic}
   size_t SoftMaxHeapSize                          = 2147483648                             {manageable} {ergonomic}
     bool UseCompressedClassPointers               = true                           {product lp64_product} {ergonomic}
     bool UseCompressedOops                        = true                           {product lp64_product} {ergonomic}
     bool UseG1GC                                  = true                                      {product} {ergonomic}
     bool UseLargePagesIndividualAllocation        = false                                  {pd product} {ergonomic}

Logging:
Log output configuration:
 #0: stdout all=warning uptime,level,tags
 #1: stderr all=off uptime,level,tags

Environment Variables:
PATH=C:\Program Files\Common Files\Oracle\Java\javapath;C:\WINDOWS\system32;C:\WINDOWS;C:\WINDOWS\System32\Wbem;C:\WINDOWS\System32\WindowsPowerShell\v1.0\;C:\WINDOWS\System32\OpenSSH\;C:\Program Files\Java\jdk-21\bin;C:\Program Files\Git\cmd;C:\Program Files (x86)\Microsoft Visual Studio\Common\Tools\WinNT;C:\Program Files (x86)\Microsoft Visual Studio\Common\MSDev98\Bin;C:\Program Files (x86)\Microsoft Visual Studio\Common\Tools;C:\Program Files (x86)\Microsoft Visual Studio\VC98\bin;C:\Users\HP\AppData\Local\Microsoft\WindowsApps;C:\Users\HP\AppData\Local\Programs\Microsoft VS Code\bin;C:\Program Files\Java\jdk-21\bin;
USERNAME=HP
OS=Windows_NT
PROCESSOR_IDENTIFIER=Intel64 Family 6 Model 126 Stepping 5, GenuineIntel
TMP=C:\Users\HP\AppData\Local\Temp
TEMP=C:\Users\HP\AppData\Local\Temp



Periodic native trim disabled

JNI global refs:
JNI global refs: 23, weak refs: 0

JNI global refs memory usage: 843, weak refs: 841

OOME stack traces (most recent first):
Classloader memory used:
Loader bootstrap                                                                       : 1877K
Loader org.gradle.internal.classloader.VisitableURLClassLoader                         : 1198K
Loader org.gradle.initialization.MixInLegacyTypesClassLoader                           : 126K
Loader jdk.internal.loader.ClassLoaders$AppClassLoader                                 : 28453B
Loader jdk.internal.loader.ClassLoaders$PlatformClassLoader                            : 14830B
Loader jdk.internal.reflect.DelegatingClassLoader                                      : 2231B

Classes loaded by more than one classloader:
Class org.gradle.internal.installation.GradleInstallation                             : loaded 2 times (x 73B)
Class org.gradle.internal.classpath.ClassPath                                         : loaded 2 times (x 68B)
Class org.gradle.api.internal.classpath.DefaultModuleRegistry                         : loaded 2 times (x 84B)
Class org.gradle.api.Action                                                           : loaded 2 times (x 68B)
Class org.gradle.api.internal.DefaultClassPathProvider                                : loaded 2 times (x 74B)
Class org.gradle.internal.installation.GradleInstallation$1                           : loaded 2 times (x 73B)
Class org.gradle.internal.classloader.FilteringClassLoader                            : loaded 2 times (x 103B)
Class org.gradle.internal.classpath.DefaultClassPath$ImmutableUniqueList$Builder      : loaded 2 times (x 73B)
Class org.gradle.internal.classloader.ClassLoaderVisitor                              : loaded 2 times (x 74B)
Class org.gradle.internal.service.DefaultServiceLocator                               : loaded 2 times (x 81B)
Class org.gradle.internal.service.UnknownServiceException                             : loaded 2 times (x 81B)
Class org.gradle.internal.classloader.VisitableURLClassLoader$Spec                    : loaded 2 times (x 72B)
Class org.gradle.api.GradleException                                                  : loaded 2 times (x 80B)
Class org.gradle.api.internal.classpath.ModuleRegistry                                : loaded 2 times (x 68B)
Class org.gradle.api.internal.ClassPathProvider                                       : loaded 2 times (x 68B)
Class org.gradle.internal.classloader.ClasspathUtil$1                                 : loaded 2 times (x 74B)
Class org.gradle.internal.classloader.ClassLoaderFactory                              : loaded 2 times (x 68B)
Class org.gradle.api.internal.classpath.ManifestUtil                                  : loaded 2 times (x 69B)
Class org.gradle.api.specs.Spec                                                       : loaded 2 times (x 68B)
Class org.gradle.internal.IoActions                                                   : loaded 2 times (x 69B)
Class org.gradle.api.internal.classpath.EffectiveClassPath                            : loaded 2 times (x 88B)
Class org.gradle.internal.installation.CurrentGradleInstallation                      : loaded 2 times (x 71B)
Class org.gradle.internal.agents.InstrumentingClassLoader                             : loaded 2 times (x 68B)
Class org.gradle.internal.installation.CurrentGradleInstallationLocator               : loaded 2 times (x 69B)
Class org.gradle.api.internal.classpath.Module                                        : loaded 2 times (x 68B)
Class org.gradle.internal.service.CachingServiceLocator                               : loaded 2 times (x 80B)
Class org.gradle.internal.classpath.DefaultClassPath                                  : loaded 2 times (x 88B)
Class org.gradle.internal.classloader.SystemClassLoaderSpec                           : loaded 2 times (x 69B)
Class org.gradle.api.UncheckedIOException                                             : loaded 2 times (x 80B)
Class org.gradle.internal.classloader.ClasspathUtil                                   : loaded 2 times (x 69B)
Class org.gradle.api.internal.DefaultClassPathRegistry                                : loaded 2 times (x 74B)
Class org.gradle.api.internal.classpath.DefaultModuleRegistry$DefaultModule           : loaded 2 times (x 84B)
Class org.gradle.api.internal.classpath.UnknownModuleException                        : loaded 2 times (x 80B)
Class org.gradle.internal.service.ServiceLookupException                              : loaded 2 times (x 80B)
Class org.gradle.cache.GlobalCache                                                    : loaded 2 times (x 68B)
Class [Lorg.gradle.api.internal.ClassPathProvider;                                    : loaded 2 times (x 67B)
Class org.gradle.util.internal.GUtil                                                  : loaded 2 times (x 69B)
Class org.gradle.internal.classloader.ClassLoaderSpec                                 : loaded 2 times (x 69B)
Class org.gradle.internal.classloader.VisitableURLClassLoader                         : loaded 2 times (x 115B)
Class org.gradle.internal.Cast                                                        : loaded 2 times (x 69B)
Class org.gradle.api.internal.ClassPathRegistry                                       : loaded 2 times (x 68B)
Class org.gradle.internal.classloader.VisitableURLClassLoader$InstrumentingVisitableURLClassLoader: loaded 2 times (x 121B)
Class org.gradle.internal.classloader.ClassLoaderHierarchy                            : loaded 2 times (x 68B)
Class org.gradle.internal.InternalTransformer                                         : loaded 2 times (x 68B)
Class org.gradle.internal.service.ServiceLocator                                      : loaded 2 times (x 68B)
Class org.gradle.internal.classpath.DefaultClassPath$ImmutableUniqueList              : loaded 2 times (x 159B)
Class org.gradle.internal.classpath.TransformedClassPath                              : loaded 2 times (x 94B)


---------------  S Y S T E M  ---------------

OS:
 Windows 11 , 64 bit Build 22621 (10.0.22621.3374)
OS uptime: 0 days 0:14 hours

CPU: total 8 (initial active 8) (4 cores per cpu, 2 threads per core) family 6 model 126 stepping 5 microcode 0xa6, cx8, cmov, fxsr, ht, mmx, 3dnowpref, sse, sse2, sse3, ssse3, sse4.1, sse4.2, popcnt, lzcnt, tsc, tscinvbit, avx, avx2, aes, erms, clmul, bmi1, bmi2, adx, avx512f, avx512dq, avx512cd, avx512bw, avx512vl, sha, fma, vzeroupper, avx512_vpopcntdq, avx512_vpclmulqdq, avx512_vaes, avx512_vnni, clflush, clflushopt, avx512_vbmi2, avx512_vbmi
Processor Information for all 8 processors :
  Max Mhz: 1190, Current Mhz: 991, Mhz Limit: 987

Memory: 4k page, system-wide physical 7973M (291M free)
TotalPageFile size 10021M (AvailPageFile size 14M)
current process WorkingSet (physical memory assigned to process): 154M, peak: 158M
current process commit charge ("private bytes"): 212M, peak: 263M

vm_info: OpenJDK 64-Bit Server VM (17.0.9+0--11185874) for windows-amd64 JRE (17.0.9+0--11185874), built on Dec  6 2023 18:57:44 by "androidbuild" with MS VC++ 16.10 / 16.11 (VS2019)

END.
